[2024-01-11T01:48:02.484+0000] {taskinstance.py:1083} INFO - Dependencies all met for <TaskInstance: dagcomplexa.tsk6 manual__2024-01-11T01:47:40.650086+00:00 [queued]>
[2024-01-11T01:48:02.489+0000] {taskinstance.py:1083} INFO - Dependencies all met for <TaskInstance: dagcomplexa.tsk6 manual__2024-01-11T01:47:40.650086+00:00 [queued]>
[2024-01-11T01:48:02.489+0000] {taskinstance.py:1279} INFO - 
--------------------------------------------------------------------------------
[2024-01-11T01:48:02.490+0000] {taskinstance.py:1280} INFO - Starting attempt 1 of 1
[2024-01-11T01:48:02.490+0000] {taskinstance.py:1281} INFO - 
--------------------------------------------------------------------------------
[2024-01-11T01:48:02.496+0000] {taskinstance.py:1300} INFO - Executing <Task(BashOperator): tsk6> on 2024-01-11 01:47:40.650086+00:00
[2024-01-11T01:48:02.499+0000] {standard_task_runner.py:55} INFO - Started process 56343 to run task
[2024-01-11T01:48:02.501+0000] {standard_task_runner.py:82} INFO - Running: ['***', 'tasks', 'run', 'dagcomplexa', 'tsk6', 'manual__2024-01-11T01:47:40.650086+00:00', '--job-id', '36', '--raw', '--subdir', 'DAGS_FOLDER/8-dag-complexa.py', '--cfg-path', '/tmp/tmpx39d8jjk']
[2024-01-11T01:48:02.501+0000] {standard_task_runner.py:83} INFO - Job 36: Subtask tsk6
[2024-01-11T01:48:02.530+0000] {task_command.py:388} INFO - Running <TaskInstance: dagcomplexa.tsk6 manual__2024-01-11T01:47:40.650086+00:00 [running]> on host 8c81727a976c
[2024-01-11T01:48:02.562+0000] {taskinstance.py:1509} INFO - Exporting the following env vars:
AIRFLOW_CTX_DAG_OWNER=***
AIRFLOW_CTX_DAG_ID=dagcomplexa
AIRFLOW_CTX_TASK_ID=tsk6
AIRFLOW_CTX_EXECUTION_DATE=2024-01-11T01:47:40.650086+00:00
AIRFLOW_CTX_TRY_NUMBER=1
AIRFLOW_CTX_DAG_RUN_ID=manual__2024-01-11T01:47:40.650086+00:00
[2024-01-11T01:48:02.562+0000] {subprocess.py:63} INFO - Tmp dir root location: 
 /tmp
[2024-01-11T01:48:02.563+0000] {subprocess.py:75} INFO - Running command: ['/bin/bash', '-c', 'sleep 5']
[2024-01-11T01:48:02.569+0000] {subprocess.py:86} INFO - Output:
[2024-01-11T01:48:07.574+0000] {subprocess.py:97} INFO - Command exited with return code 0
[2024-01-11T01:48:07.624+0000] {taskinstance.py:1323} INFO - Marking task as SUCCESS. dag_id=dagcomplexa, task_id=tsk6, execution_date=20240111T014740, start_date=20240111T014802, end_date=20240111T014807
[2024-01-11T01:48:07.666+0000] {local_task_job.py:208} INFO - Task exited with return code 0
[2024-01-11T01:48:07.683+0000] {taskinstance.py:2578} INFO - 2 downstream tasks scheduled from follow-on schedule check
