[2024-01-20T02:23:52.295+0000] {taskinstance.py:1083} INFO - Dependencies all met for <TaskInstance: bancodedados.query_data manual__2024-01-20T02:23:48.546800+00:00 [queued]>
[2024-01-20T02:23:52.310+0000] {taskinstance.py:1083} INFO - Dependencies all met for <TaskInstance: bancodedados.query_data manual__2024-01-20T02:23:48.546800+00:00 [queued]>
[2024-01-20T02:23:52.311+0000] {taskinstance.py:1279} INFO - 
--------------------------------------------------------------------------------
[2024-01-20T02:23:52.312+0000] {taskinstance.py:1280} INFO - Starting attempt 1 of 1
[2024-01-20T02:23:52.312+0000] {taskinstance.py:1281} INFO - 
--------------------------------------------------------------------------------
[2024-01-20T02:23:52.328+0000] {taskinstance.py:1300} INFO - Executing <Task(PostgresOperator): query_data> on 2024-01-20 02:23:48.546800+00:00
[2024-01-20T02:23:52.334+0000] {standard_task_runner.py:55} INFO - Started process 49806 to run task
[2024-01-20T02:23:52.338+0000] {standard_task_runner.py:82} INFO - Running: ['***', 'tasks', 'run', 'bancodedados', 'query_data', 'manual__2024-01-20T02:23:48.546800+00:00', '--job-id', '135', '--raw', '--subdir', 'DAGS_FOLDER/23-bancodedados.py', '--cfg-path', '/tmp/tmpwn0mue4k']
[2024-01-20T02:23:52.339+0000] {standard_task_runner.py:83} INFO - Job 135: Subtask query_data
[2024-01-20T02:23:52.440+0000] {task_command.py:388} INFO - Running <TaskInstance: bancodedados.query_data manual__2024-01-20T02:23:48.546800+00:00 [running]> on host cb9489d15b76
[2024-01-20T02:23:52.510+0000] {taskinstance.py:1509} INFO - Exporting the following env vars:
AIRFLOW_CTX_DAG_OWNER=***
AIRFLOW_CTX_DAG_ID=bancodedados
AIRFLOW_CTX_TASK_ID=query_data
AIRFLOW_CTX_EXECUTION_DATE=2024-01-20T02:23:48.546800+00:00
AIRFLOW_CTX_TRY_NUMBER=1
AIRFLOW_CTX_DAG_RUN_ID=manual__2024-01-20T02:23:48.546800+00:00
[2024-01-20T02:23:52.511+0000] {sql.py:254} INFO - Executing: select * from teste;
[2024-01-20T02:23:52.517+0000] {base.py:73} INFO - Using connection ID 'postgres' for task execution.
[2024-01-20T02:23:52.631+0000] {base.py:73} INFO - Using connection ID 'postgres' for task execution.
[2024-01-20T02:23:52.633+0000] {sql.py:375} INFO - Running statement: select * from teste;, parameters: None
[2024-01-20T02:23:52.634+0000] {sql.py:384} INFO - Rows affected: 3
[2024-01-20T02:23:52.646+0000] {taskinstance.py:1323} INFO - Marking task as SUCCESS. dag_id=bancodedados, task_id=query_data, execution_date=20240120T022348, start_date=20240120T022352, end_date=20240120T022352
[2024-01-20T02:23:52.672+0000] {local_task_job.py:208} INFO - Task exited with return code 0
[2024-01-20T02:23:52.687+0000] {taskinstance.py:2578} INFO - 1 downstream tasks scheduled from follow-on schedule check
