[2023-12-20T00:50:01.632+0000] {taskinstance.py:1083} INFO - Dependencies all met for <TaskInstance: example_bash_operator.runme_1 scheduled__2023-12-19T00:00:00+00:00 [queued]>
[2023-12-20T00:50:01.645+0000] {taskinstance.py:1083} INFO - Dependencies all met for <TaskInstance: example_bash_operator.runme_1 scheduled__2023-12-19T00:00:00+00:00 [queued]>
[2023-12-20T00:50:01.646+0000] {taskinstance.py:1279} INFO - 
--------------------------------------------------------------------------------
[2023-12-20T00:50:01.646+0000] {taskinstance.py:1280} INFO - Starting attempt 1 of 1
[2023-12-20T00:50:01.647+0000] {taskinstance.py:1281} INFO - 
--------------------------------------------------------------------------------
[2023-12-20T00:50:01.659+0000] {taskinstance.py:1300} INFO - Executing <Task(BashOperator): runme_1> on 2023-12-19 00:00:00+00:00
[2023-12-20T00:50:01.663+0000] {standard_task_runner.py:55} INFO - Started process 1741 to run task
[2023-12-20T00:50:01.668+0000] {standard_task_runner.py:82} INFO - Running: ['***', 'tasks', 'run', 'example_bash_operator', 'runme_1', 'scheduled__2023-12-19T00:00:00+00:00', '--job-id', '3', '--raw', '--subdir', '/home/***/.local/lib/python3.7/site-packages/***/example_dags/example_bash_operator.py', '--cfg-path', '/tmp/tmp88yi8mjk']
[2023-12-20T00:50:01.668+0000] {standard_task_runner.py:83} INFO - Job 3: Subtask runme_1
[2023-12-20T00:50:01.716+0000] {task_command.py:388} INFO - Running <TaskInstance: example_bash_operator.runme_1 scheduled__2023-12-19T00:00:00+00:00 [running]> on host dda05874a773
[2023-12-20T00:50:01.773+0000] {taskinstance.py:1509} INFO - Exporting the following env vars:
AIRFLOW_CTX_DAG_OWNER=***
AIRFLOW_CTX_DAG_ID=example_bash_operator
AIRFLOW_CTX_TASK_ID=runme_1
AIRFLOW_CTX_EXECUTION_DATE=2023-12-19T00:00:00+00:00
AIRFLOW_CTX_TRY_NUMBER=1
AIRFLOW_CTX_DAG_RUN_ID=scheduled__2023-12-19T00:00:00+00:00
[2023-12-20T00:50:01.777+0000] {subprocess.py:63} INFO - Tmp dir root location: 
 /tmp
[2023-12-20T00:50:01.777+0000] {subprocess.py:75} INFO - Running command: ['/bin/bash', '-c', 'echo "example_bash_operator__runme_1__20231219" && sleep 1']
[2023-12-20T00:50:01.786+0000] {subprocess.py:86} INFO - Output:
[2023-12-20T00:50:01.792+0000] {subprocess.py:93} INFO - example_bash_operator__runme_1__20231219
[2023-12-20T00:50:02.797+0000] {subprocess.py:97} INFO - Command exited with return code 0
[2023-12-20T00:50:02.897+0000] {taskinstance.py:1323} INFO - Marking task as SUCCESS. dag_id=example_bash_operator, task_id=runme_1, execution_date=20231219T000000, start_date=20231220T005001, end_date=20231220T005002
[2023-12-20T00:50:02.929+0000] {local_task_job.py:208} INFO - Task exited with return code 0
[2023-12-20T00:50:03.294+0000] {taskinstance.py:2578} INFO - 0 downstream tasks scheduled from follow-on schedule check
