[2024-01-12T12:31:27.017+0000] {taskinstance.py:1083} INFO - Dependencies all met for <TaskInstance: dagtaskgroup.tsk_group.tsk8 manual__2024-01-12T12:31:01.926087+00:00 [queued]>
[2024-01-12T12:31:27.022+0000] {taskinstance.py:1083} INFO - Dependencies all met for <TaskInstance: dagtaskgroup.tsk_group.tsk8 manual__2024-01-12T12:31:01.926087+00:00 [queued]>
[2024-01-12T12:31:27.022+0000] {taskinstance.py:1279} INFO - 
--------------------------------------------------------------------------------
[2024-01-12T12:31:27.023+0000] {taskinstance.py:1280} INFO - Starting attempt 1 of 1
[2024-01-12T12:31:27.023+0000] {taskinstance.py:1281} INFO - 
--------------------------------------------------------------------------------
[2024-01-12T12:31:27.029+0000] {taskinstance.py:1300} INFO - Executing <Task(BashOperator): tsk_group.tsk8> on 2024-01-12 12:31:01.926087+00:00
[2024-01-12T12:31:27.032+0000] {standard_task_runner.py:55} INFO - Started process 429 to run task
[2024-01-12T12:31:27.034+0000] {standard_task_runner.py:82} INFO - Running: ['***', 'tasks', 'run', 'dagtaskgroup', 'tsk_group.tsk8', 'manual__2024-01-12T12:31:01.926087+00:00', '--job-id', '47', '--raw', '--subdir', 'DAGS_FOLDER/9-dag-taskgroup.py', '--cfg-path', '/tmp/tmpunej6xdj']
[2024-01-12T12:31:27.035+0000] {standard_task_runner.py:83} INFO - Job 47: Subtask tsk_group.tsk8
[2024-01-12T12:31:27.094+0000] {task_command.py:388} INFO - Running <TaskInstance: dagtaskgroup.tsk_group.tsk8 manual__2024-01-12T12:31:01.926087+00:00 [running]> on host 8c81727a976c
[2024-01-12T12:31:27.141+0000] {taskinstance.py:1509} INFO - Exporting the following env vars:
AIRFLOW_CTX_DAG_OWNER=***
AIRFLOW_CTX_DAG_ID=dagtaskgroup
AIRFLOW_CTX_TASK_ID=tsk_group.tsk8
AIRFLOW_CTX_EXECUTION_DATE=2024-01-12T12:31:01.926087+00:00
AIRFLOW_CTX_TRY_NUMBER=1
AIRFLOW_CTX_DAG_RUN_ID=manual__2024-01-12T12:31:01.926087+00:00
[2024-01-12T12:31:27.142+0000] {subprocess.py:63} INFO - Tmp dir root location: 
 /tmp
[2024-01-12T12:31:27.142+0000] {subprocess.py:75} INFO - Running command: ['/bin/bash', '-c', 'sleep 5']
[2024-01-12T12:31:27.148+0000] {subprocess.py:86} INFO - Output:
[2024-01-12T12:31:32.160+0000] {subprocess.py:97} INFO - Command exited with return code 0
[2024-01-12T12:31:32.202+0000] {taskinstance.py:1323} INFO - Marking task as SUCCESS. dag_id=dagtaskgroup, task_id=tsk_group.tsk8, execution_date=20240112T123101, start_date=20240112T123127, end_date=20240112T123132
[2024-01-12T12:31:32.255+0000] {local_task_job.py:208} INFO - Task exited with return code 0
[2024-01-12T12:31:32.275+0000] {taskinstance.py:2578} INFO - 0 downstream tasks scheduled from follow-on schedule check
