[2024-01-12T12:31:08.759+0000] {taskinstance.py:1083} INFO - Dependencies all met for <TaskInstance: dagtaskgroup.tsk4 manual__2024-01-12T12:31:01.926087+00:00 [queued]>
[2024-01-12T12:31:08.771+0000] {taskinstance.py:1083} INFO - Dependencies all met for <TaskInstance: dagtaskgroup.tsk4 manual__2024-01-12T12:31:01.926087+00:00 [queued]>
[2024-01-12T12:31:08.771+0000] {taskinstance.py:1279} INFO - 
--------------------------------------------------------------------------------
[2024-01-12T12:31:08.772+0000] {taskinstance.py:1280} INFO - Starting attempt 1 of 1
[2024-01-12T12:31:08.772+0000] {taskinstance.py:1281} INFO - 
--------------------------------------------------------------------------------
[2024-01-12T12:31:08.781+0000] {taskinstance.py:1300} INFO - Executing <Task(BashOperator): tsk4> on 2024-01-12 12:31:01.926087+00:00
[2024-01-12T12:31:08.786+0000] {standard_task_runner.py:55} INFO - Started process 384 to run task
[2024-01-12T12:31:08.789+0000] {standard_task_runner.py:82} INFO - Running: ['***', 'tasks', 'run', 'dagtaskgroup', 'tsk4', 'manual__2024-01-12T12:31:01.926087+00:00', '--job-id', '43', '--raw', '--subdir', 'DAGS_FOLDER/9-dag-taskgroup.py', '--cfg-path', '/tmp/tmp64lybt92']
[2024-01-12T12:31:08.790+0000] {standard_task_runner.py:83} INFO - Job 43: Subtask tsk4
[2024-01-12T12:31:08.869+0000] {task_command.py:388} INFO - Running <TaskInstance: dagtaskgroup.tsk4 manual__2024-01-12T12:31:01.926087+00:00 [running]> on host 8c81727a976c
[2024-01-12T12:31:08.944+0000] {taskinstance.py:1509} INFO - Exporting the following env vars:
AIRFLOW_CTX_DAG_OWNER=***
AIRFLOW_CTX_DAG_ID=dagtaskgroup
AIRFLOW_CTX_TASK_ID=tsk4
AIRFLOW_CTX_EXECUTION_DATE=2024-01-12T12:31:01.926087+00:00
AIRFLOW_CTX_TRY_NUMBER=1
AIRFLOW_CTX_DAG_RUN_ID=manual__2024-01-12T12:31:01.926087+00:00
[2024-01-12T12:31:08.945+0000] {subprocess.py:63} INFO - Tmp dir root location: 
 /tmp
[2024-01-12T12:31:08.947+0000] {subprocess.py:75} INFO - Running command: ['/bin/bash', '-c', 'sleep 5']
[2024-01-12T12:31:08.954+0000] {subprocess.py:86} INFO - Output:
[2024-01-12T12:31:13.958+0000] {subprocess.py:97} INFO - Command exited with return code 0
[2024-01-12T12:31:13.982+0000] {taskinstance.py:1323} INFO - Marking task as SUCCESS. dag_id=dagtaskgroup, task_id=tsk4, execution_date=20240112T123101, start_date=20240112T123108, end_date=20240112T123113
[2024-01-12T12:31:14.039+0000] {local_task_job.py:208} INFO - Task exited with return code 0
[2024-01-12T12:31:14.055+0000] {taskinstance.py:2578} INFO - 0 downstream tasks scheduled from follow-on schedule check
