[2024-01-12T12:31:03.065+0000] {taskinstance.py:1083} INFO - Dependencies all met for <TaskInstance: dagtaskgroup.tsk3 manual__2024-01-12T12:31:01.926087+00:00 [queued]>
[2024-01-12T12:31:03.071+0000] {taskinstance.py:1083} INFO - Dependencies all met for <TaskInstance: dagtaskgroup.tsk3 manual__2024-01-12T12:31:01.926087+00:00 [queued]>
[2024-01-12T12:31:03.071+0000] {taskinstance.py:1279} INFO - 
--------------------------------------------------------------------------------
[2024-01-12T12:31:03.071+0000] {taskinstance.py:1280} INFO - Starting attempt 1 of 1
[2024-01-12T12:31:03.071+0000] {taskinstance.py:1281} INFO - 
--------------------------------------------------------------------------------
[2024-01-12T12:31:03.078+0000] {taskinstance.py:1300} INFO - Executing <Task(BashOperator): tsk3> on 2024-01-12 12:31:01.926087+00:00
[2024-01-12T12:31:03.082+0000] {standard_task_runner.py:55} INFO - Started process 379 to run task
[2024-01-12T12:31:03.085+0000] {standard_task_runner.py:82} INFO - Running: ['***', 'tasks', 'run', 'dagtaskgroup', 'tsk3', 'manual__2024-01-12T12:31:01.926087+00:00', '--job-id', '41', '--raw', '--subdir', 'DAGS_FOLDER/9-dag-taskgroup.py', '--cfg-path', '/tmp/tmptsjhpr98']
[2024-01-12T12:31:03.086+0000] {standard_task_runner.py:83} INFO - Job 41: Subtask tsk3
[2024-01-12T12:31:03.118+0000] {task_command.py:388} INFO - Running <TaskInstance: dagtaskgroup.tsk3 manual__2024-01-12T12:31:01.926087+00:00 [running]> on host 8c81727a976c
[2024-01-12T12:31:03.160+0000] {taskinstance.py:1509} INFO - Exporting the following env vars:
AIRFLOW_CTX_DAG_OWNER=***
AIRFLOW_CTX_DAG_ID=dagtaskgroup
AIRFLOW_CTX_TASK_ID=tsk3
AIRFLOW_CTX_EXECUTION_DATE=2024-01-12T12:31:01.926087+00:00
AIRFLOW_CTX_TRY_NUMBER=1
AIRFLOW_CTX_DAG_RUN_ID=manual__2024-01-12T12:31:01.926087+00:00
[2024-01-12T12:31:03.165+0000] {subprocess.py:63} INFO - Tmp dir root location: 
 /tmp
[2024-01-12T12:31:03.165+0000] {subprocess.py:75} INFO - Running command: ['/bin/bash', '-c', 'sleep 5']
[2024-01-12T12:31:03.172+0000] {subprocess.py:86} INFO - Output:
[2024-01-12T12:31:08.181+0000] {subprocess.py:97} INFO - Command exited with return code 0
[2024-01-12T12:31:08.262+0000] {taskinstance.py:1323} INFO - Marking task as SUCCESS. dag_id=dagtaskgroup, task_id=tsk3, execution_date=20240112T123101, start_date=20240112T123103, end_date=20240112T123108
[2024-01-12T12:31:08.303+0000] {local_task_job.py:208} INFO - Task exited with return code 0
[2024-01-12T12:31:08.344+0000] {taskinstance.py:2578} INFO - 1 downstream tasks scheduled from follow-on schedule check
