[2024-01-20T02:56:11.775+0000] {taskinstance.py:1083} INFO - Dependencies all met for <TaskInstance: hook.select_data_task manual__2024-01-20T02:55:51.738434+00:00 [queued]>
[2024-01-20T02:56:11.793+0000] {taskinstance.py:1083} INFO - Dependencies all met for <TaskInstance: hook.select_data_task manual__2024-01-20T02:55:51.738434+00:00 [queued]>
[2024-01-20T02:56:11.793+0000] {taskinstance.py:1279} INFO - 
--------------------------------------------------------------------------------
[2024-01-20T02:56:11.793+0000] {taskinstance.py:1280} INFO - Starting attempt 1 of 1
[2024-01-20T02:56:11.794+0000] {taskinstance.py:1281} INFO - 
--------------------------------------------------------------------------------
[2024-01-20T02:56:11.806+0000] {taskinstance.py:1300} INFO - Executing <Task(PythonOperator): select_data_task> on 2024-01-20 02:55:51.738434+00:00
[2024-01-20T02:56:11.810+0000] {standard_task_runner.py:55} INFO - Started process 52530 to run task
[2024-01-20T02:56:11.813+0000] {standard_task_runner.py:82} INFO - Running: ['***', 'tasks', 'run', 'hook', 'select_data_task', 'manual__2024-01-20T02:55:51.738434+00:00', '--job-id', '150', '--raw', '--subdir', 'DAGS_FOLDER/24-hooks.py', '--cfg-path', '/tmp/tmppb57g_z3']
[2024-01-20T02:56:11.813+0000] {standard_task_runner.py:83} INFO - Job 150: Subtask select_data_task
[2024-01-20T02:56:11.854+0000] {task_command.py:388} INFO - Running <TaskInstance: hook.select_data_task manual__2024-01-20T02:55:51.738434+00:00 [running]> on host cb9489d15b76
[2024-01-20T02:56:11.910+0000] {taskinstance.py:1509} INFO - Exporting the following env vars:
AIRFLOW_CTX_DAG_OWNER=***
AIRFLOW_CTX_DAG_ID=hook
AIRFLOW_CTX_TASK_ID=select_data_task
AIRFLOW_CTX_EXECUTION_DATE=2024-01-20T02:55:51.738434+00:00
AIRFLOW_CTX_TRY_NUMBER=1
AIRFLOW_CTX_DAG_RUN_ID=manual__2024-01-20T02:55:51.738434+00:00
[2024-01-20T02:56:11.917+0000] {base.py:73} INFO - Using connection ID 'postgres' for task execution.
[2024-01-20T02:56:11.920+0000] {sql.py:375} INFO - Running statement: select * from teste2;, parameters: None
[2024-01-20T02:56:11.920+0000] {sql.py:384} INFO - Rows affected: 4
[2024-01-20T02:56:11.928+0000] {python.py:177} INFO - Done. Returned value was: None
[2024-01-20T02:56:11.935+0000] {taskinstance.py:1323} INFO - Marking task as SUCCESS. dag_id=hook, task_id=select_data_task, execution_date=20240120T025551, start_date=20240120T025611, end_date=20240120T025611
[2024-01-20T02:56:11.947+0000] {local_task_job.py:208} INFO - Task exited with return code 0
[2024-01-20T02:56:11.969+0000] {taskinstance.py:2578} INFO - 1 downstream tasks scheduled from follow-on schedule check
