[2024-01-13T00:23:33.802+0000] {processor.py:153} INFO - Started process (PID=21224) to work on /opt/airflow/dags/10-dag-run-dag.py
[2024-01-13T00:23:33.804+0000] {processor.py:743} INFO - Processing file /opt/airflow/dags/10-dag-run-dag.py for tasks to queue
[2024-01-13T00:23:33.806+0000] {logging_mixin.py:137} INFO - [2024-01-13T00:23:33.806+0000] {dagbag.py:538} INFO - Filling up the DagBag from /opt/airflow/dags/10-dag-run-dag.py
[2024-01-13T00:23:33.830+0000] {processor.py:753} INFO - DAG(s) dict_keys(['dagtaskgroup']) retrieved from /opt/airflow/dags/10-dag-run-dag.py
[2024-01-13T00:23:33.908+0000] {logging_mixin.py:137} INFO - [2024-01-13T00:23:33.908+0000] {dag.py:2690} INFO - Sync 1 DAGs
[2024-01-13T00:23:33.920+0000] {logging_mixin.py:137} INFO - [2024-01-13T00:23:33.920+0000] {dag.py:3441} INFO - Setting next_dagrun for dagtaskgroup to None, run_after=None
[2024-01-13T00:23:33.943+0000] {processor.py:175} INFO - Processing /opt/airflow/dags/10-dag-run-dag.py took 0.154 seconds
[2024-01-13T00:23:35.287+0000] {processor.py:153} INFO - Started process (PID=21234) to work on /opt/airflow/dags/10-dag-run-dag.py
[2024-01-13T00:23:35.288+0000] {processor.py:743} INFO - Processing file /opt/airflow/dags/10-dag-run-dag.py for tasks to queue
[2024-01-13T00:23:35.290+0000] {logging_mixin.py:137} INFO - [2024-01-13T00:23:35.289+0000] {dagbag.py:538} INFO - Filling up the DagBag from /opt/airflow/dags/10-dag-run-dag.py
[2024-01-13T00:23:35.314+0000] {logging_mixin.py:137} INFO - [2024-01-13T00:23:35.306+0000] {dagbag.py:343} ERROR - Failed to import: /opt/airflow/dags/10-dag-run-dag.py
Traceback (most recent call last):
  File "/home/airflow/.local/lib/python3.7/site-packages/airflow/models/dagbag.py", line 339, in parse
    loader.exec_module(new_module)
  File "<frozen importlib._bootstrap_external>", line 728, in exec_module
  File "<frozen importlib._bootstrap>", line 219, in _call_with_frames_removed
  File "/opt/airflow/dags/10-dag-run-dag.py", line 16, in <module>
    tsk_group = TaskGroup("tsk_group", dag=dag)
NameError: name 'TaskGroup' is not defined
[2024-01-13T00:23:35.314+0000] {processor.py:755} WARNING - No viable dags retrieved from /opt/airflow/dags/10-dag-run-dag.py
[2024-01-13T00:23:35.330+0000] {processor.py:175} INFO - Processing /opt/airflow/dags/10-dag-run-dag.py took 0.050 seconds
[2024-01-13T00:23:40.696+0000] {processor.py:153} INFO - Started process (PID=21244) to work on /opt/airflow/dags/10-dag-run-dag.py
[2024-01-13T00:23:40.697+0000] {processor.py:743} INFO - Processing file /opt/airflow/dags/10-dag-run-dag.py for tasks to queue
[2024-01-13T00:23:40.698+0000] {logging_mixin.py:137} INFO - [2024-01-13T00:23:40.698+0000] {dagbag.py:538} INFO - Filling up the DagBag from /opt/airflow/dags/10-dag-run-dag.py
[2024-01-13T00:23:40.711+0000] {logging_mixin.py:137} INFO - [2024-01-13T00:23:40.710+0000] {dagbag.py:343} ERROR - Failed to import: /opt/airflow/dags/10-dag-run-dag.py
Traceback (most recent call last):
  File "/home/airflow/.local/lib/python3.7/site-packages/airflow/models/dagbag.py", line 339, in parse
    loader.exec_module(new_module)
  File "<frozen importlib._bootstrap_external>", line 728, in exec_module
  File "<frozen importlib._bootstrap>", line 219, in _call_with_frames_removed
  File "/opt/airflow/dags/10-dag-run-dag.py", line 13, in <module>
    task3 >> task4
NameError: name 'task3' is not defined
[2024-01-13T00:23:40.711+0000] {processor.py:755} WARNING - No viable dags retrieved from /opt/airflow/dags/10-dag-run-dag.py
[2024-01-13T00:23:40.728+0000] {processor.py:175} INFO - Processing /opt/airflow/dags/10-dag-run-dag.py took 0.036 seconds
[2024-01-13T00:23:44.819+0000] {processor.py:153} INFO - Started process (PID=21261) to work on /opt/airflow/dags/10-dag-run-dag.py
[2024-01-13T00:23:44.823+0000] {processor.py:743} INFO - Processing file /opt/airflow/dags/10-dag-run-dag.py for tasks to queue
[2024-01-13T00:23:44.826+0000] {logging_mixin.py:137} INFO - [2024-01-13T00:23:44.825+0000] {dagbag.py:538} INFO - Filling up the DagBag from /opt/airflow/dags/10-dag-run-dag.py
[2024-01-13T00:23:44.856+0000] {processor.py:753} INFO - DAG(s) dict_keys(['dagtaskgroup']) retrieved from /opt/airflow/dags/10-dag-run-dag.py
[2024-01-13T00:23:44.883+0000] {logging_mixin.py:137} INFO - [2024-01-13T00:23:44.883+0000] {dag.py:2690} INFO - Sync 1 DAGs
[2024-01-13T00:23:44.912+0000] {logging_mixin.py:137} INFO - [2024-01-13T00:23:44.912+0000] {dag.py:3441} INFO - Setting next_dagrun for dagtaskgroup to None, run_after=None
[2024-01-13T00:23:44.937+0000] {processor.py:175} INFO - Processing /opt/airflow/dags/10-dag-run-dag.py took 0.132 seconds
[2024-01-13T00:23:50.409+0000] {processor.py:153} INFO - Started process (PID=21271) to work on /opt/airflow/dags/10-dag-run-dag.py
[2024-01-13T00:23:50.410+0000] {processor.py:743} INFO - Processing file /opt/airflow/dags/10-dag-run-dag.py for tasks to queue
[2024-01-13T00:23:50.411+0000] {logging_mixin.py:137} INFO - [2024-01-13T00:23:50.411+0000] {dagbag.py:538} INFO - Filling up the DagBag from /opt/airflow/dags/10-dag-run-dag.py
[2024-01-13T00:23:50.469+0000] {processor.py:753} INFO - DAG(s) dict_keys(['dagtaskgroup']) retrieved from /opt/airflow/dags/10-dag-run-dag.py
[2024-01-13T00:23:50.498+0000] {logging_mixin.py:137} INFO - [2024-01-13T00:23:50.497+0000] {dag.py:2690} INFO - Sync 1 DAGs
[2024-01-13T00:23:50.553+0000] {logging_mixin.py:137} INFO - [2024-01-13T00:23:50.553+0000] {dag.py:3441} INFO - Setting next_dagrun for dagtaskgroup to None, run_after=None
[2024-01-13T00:23:50.565+0000] {processor.py:175} INFO - Processing /opt/airflow/dags/10-dag-run-dag.py took 0.164 seconds
[2024-01-13T00:23:56.070+0000] {processor.py:153} INFO - Started process (PID=21297) to work on /opt/airflow/dags/10-dag-run-dag.py
[2024-01-13T00:23:56.072+0000] {processor.py:743} INFO - Processing file /opt/airflow/dags/10-dag-run-dag.py for tasks to queue
[2024-01-13T00:23:56.073+0000] {logging_mixin.py:137} INFO - [2024-01-13T00:23:56.073+0000] {dagbag.py:538} INFO - Filling up the DagBag from /opt/airflow/dags/10-dag-run-dag.py
[2024-01-13T00:23:56.119+0000] {processor.py:753} INFO - DAG(s) dict_keys(['dagrundag2']) retrieved from /opt/airflow/dags/10-dag-run-dag.py
[2024-01-13T00:23:56.356+0000] {logging_mixin.py:137} INFO - [2024-01-13T00:23:56.356+0000] {manager.py:504} INFO - Created Permission View: can delete on DAG:dagrundag2
[2024-01-13T00:23:56.362+0000] {logging_mixin.py:137} INFO - [2024-01-13T00:23:56.361+0000] {manager.py:504} INFO - Created Permission View: can edit on DAG:dagrundag2
[2024-01-13T00:23:56.366+0000] {logging_mixin.py:137} INFO - [2024-01-13T00:23:56.366+0000] {manager.py:504} INFO - Created Permission View: can read on DAG:dagrundag2
[2024-01-13T00:23:56.367+0000] {logging_mixin.py:137} INFO - [2024-01-13T00:23:56.367+0000] {dag.py:2690} INFO - Sync 1 DAGs
[2024-01-13T00:23:56.387+0000] {logging_mixin.py:137} INFO - [2024-01-13T00:23:56.387+0000] {dag.py:2711} INFO - Creating ORM DAG for dagrundag2
[2024-01-13T00:23:56.396+0000] {logging_mixin.py:137} INFO - [2024-01-13T00:23:56.396+0000] {dag.py:3441} INFO - Setting next_dagrun for dagrundag2 to None, run_after=None
[2024-01-13T00:23:58.534+0000] {processor.py:175} INFO - Processing /opt/airflow/dags/10-dag-run-dag.py took 2.488 seconds
[2024-01-13T00:24:04.246+0000] {processor.py:153} INFO - Started process (PID=21316) to work on /opt/airflow/dags/10-dag-run-dag.py
[2024-01-13T00:24:04.250+0000] {processor.py:743} INFO - Processing file /opt/airflow/dags/10-dag-run-dag.py for tasks to queue
[2024-01-13T00:24:04.253+0000] {logging_mixin.py:137} INFO - [2024-01-13T00:24:04.253+0000] {dagbag.py:538} INFO - Filling up the DagBag from /opt/airflow/dags/10-dag-run-dag.py
[2024-01-13T00:24:04.293+0000] {processor.py:753} INFO - DAG(s) dict_keys(['dagrundag2']) retrieved from /opt/airflow/dags/10-dag-run-dag.py
[2024-01-13T00:24:04.307+0000] {logging_mixin.py:137} INFO - [2024-01-13T00:24:04.307+0000] {dag.py:2690} INFO - Sync 1 DAGs
[2024-01-13T00:24:04.323+0000] {logging_mixin.py:137} INFO - [2024-01-13T00:24:04.323+0000] {dag.py:3441} INFO - Setting next_dagrun for dagrundag2 to None, run_after=None
[2024-01-13T00:24:04.332+0000] {processor.py:175} INFO - Processing /opt/airflow/dags/10-dag-run-dag.py took 0.099 seconds
[2024-01-13T00:24:05.292+0000] {processor.py:153} INFO - Started process (PID=21317) to work on /opt/airflow/dags/10-dag-run-dag.py
[2024-01-13T00:24:05.294+0000] {processor.py:743} INFO - Processing file /opt/airflow/dags/10-dag-run-dag.py for tasks to queue
[2024-01-13T00:24:05.295+0000] {logging_mixin.py:137} INFO - [2024-01-13T00:24:05.295+0000] {dagbag.py:538} INFO - Filling up the DagBag from /opt/airflow/dags/10-dag-run-dag.py
[2024-01-13T00:24:05.322+0000] {processor.py:753} INFO - DAG(s) dict_keys(['dagrundag2']) retrieved from /opt/airflow/dags/10-dag-run-dag.py
[2024-01-13T00:24:05.339+0000] {logging_mixin.py:137} INFO - [2024-01-13T00:24:05.338+0000] {dag.py:2690} INFO - Sync 1 DAGs
[2024-01-13T00:24:05.354+0000] {logging_mixin.py:137} INFO - [2024-01-13T00:24:05.353+0000] {dag.py:3441} INFO - Setting next_dagrun for dagrundag2 to None, run_after=None
[2024-01-13T00:24:05.363+0000] {processor.py:175} INFO - Processing /opt/airflow/dags/10-dag-run-dag.py took 0.079 seconds
[2024-01-13T00:24:06.401+0000] {processor.py:153} INFO - Started process (PID=21318) to work on /opt/airflow/dags/10-dag-run-dag.py
[2024-01-13T00:24:06.403+0000] {processor.py:743} INFO - Processing file /opt/airflow/dags/10-dag-run-dag.py for tasks to queue
[2024-01-13T00:24:06.404+0000] {logging_mixin.py:137} INFO - [2024-01-13T00:24:06.404+0000] {dagbag.py:538} INFO - Filling up the DagBag from /opt/airflow/dags/10-dag-run-dag.py
[2024-01-13T00:24:06.434+0000] {processor.py:753} INFO - DAG(s) dict_keys(['dagrundag2']) retrieved from /opt/airflow/dags/10-dag-run-dag.py
[2024-01-13T00:24:06.448+0000] {logging_mixin.py:137} INFO - [2024-01-13T00:24:06.448+0000] {dag.py:2690} INFO - Sync 1 DAGs
[2024-01-13T00:24:06.464+0000] {logging_mixin.py:137} INFO - [2024-01-13T00:24:06.464+0000] {dag.py:3441} INFO - Setting next_dagrun for dagrundag2 to None, run_after=None
[2024-01-13T00:24:06.473+0000] {processor.py:175} INFO - Processing /opt/airflow/dags/10-dag-run-dag.py took 0.080 seconds
[2024-01-13T00:24:11.958+0000] {processor.py:153} INFO - Started process (PID=21344) to work on /opt/airflow/dags/10-dag-run-dag.py
[2024-01-13T00:24:11.959+0000] {processor.py:743} INFO - Processing file /opt/airflow/dags/10-dag-run-dag.py for tasks to queue
[2024-01-13T00:24:11.961+0000] {logging_mixin.py:137} INFO - [2024-01-13T00:24:11.961+0000] {dagbag.py:538} INFO - Filling up the DagBag from /opt/airflow/dags/10-dag-run-dag.py
[2024-01-13T00:24:12.002+0000] {processor.py:753} INFO - DAG(s) dict_keys(['dagrundag2']) retrieved from /opt/airflow/dags/10-dag-run-dag.py
[2024-01-13T00:24:12.013+0000] {logging_mixin.py:137} INFO - [2024-01-13T00:24:12.013+0000] {dag.py:2690} INFO - Sync 1 DAGs
[2024-01-13T00:24:12.029+0000] {logging_mixin.py:137} INFO - [2024-01-13T00:24:12.029+0000] {dag.py:3441} INFO - Setting next_dagrun for dagrundag2 to None, run_after=None
[2024-01-13T00:24:12.038+0000] {processor.py:175} INFO - Processing /opt/airflow/dags/10-dag-run-dag.py took 0.089 seconds
[2024-01-13T00:24:17.351+0000] {processor.py:153} INFO - Started process (PID=21354) to work on /opt/airflow/dags/10-dag-run-dag.py
[2024-01-13T00:24:17.356+0000] {processor.py:743} INFO - Processing file /opt/airflow/dags/10-dag-run-dag.py for tasks to queue
[2024-01-13T00:24:17.358+0000] {logging_mixin.py:137} INFO - [2024-01-13T00:24:17.357+0000] {dagbag.py:538} INFO - Filling up the DagBag from /opt/airflow/dags/10-dag-run-dag.py
[2024-01-13T00:24:17.391+0000] {processor.py:753} INFO - DAG(s) dict_keys(['dagrundag2']) retrieved from /opt/airflow/dags/10-dag-run-dag.py
[2024-01-13T00:24:17.407+0000] {logging_mixin.py:137} INFO - [2024-01-13T00:24:17.407+0000] {dag.py:2690} INFO - Sync 1 DAGs
[2024-01-13T00:24:17.425+0000] {logging_mixin.py:137} INFO - [2024-01-13T00:24:17.425+0000] {dag.py:3441} INFO - Setting next_dagrun for dagrundag2 to None, run_after=None
[2024-01-13T00:24:17.435+0000] {processor.py:175} INFO - Processing /opt/airflow/dags/10-dag-run-dag.py took 0.111 seconds
