[2024-01-20T02:23:40.382+0000] {taskinstance.py:1083} INFO - Dependencies all met for <TaskInstance: bancodedados.create_table manual__2024-01-20T02:23:39.464380+00:00 [queued]>
[2024-01-20T02:23:40.392+0000] {taskinstance.py:1083} INFO - Dependencies all met for <TaskInstance: bancodedados.create_table manual__2024-01-20T02:23:39.464380+00:00 [queued]>
[2024-01-20T02:23:40.393+0000] {taskinstance.py:1279} INFO - 
--------------------------------------------------------------------------------
[2024-01-20T02:23:40.393+0000] {taskinstance.py:1280} INFO - Starting attempt 1 of 1
[2024-01-20T02:23:40.394+0000] {taskinstance.py:1281} INFO - 
--------------------------------------------------------------------------------
[2024-01-20T02:23:40.424+0000] {taskinstance.py:1300} INFO - Executing <Task(PostgresOperator): create_table> on 2024-01-20 02:23:39.464380+00:00
[2024-01-20T02:23:40.434+0000] {standard_task_runner.py:55} INFO - Started process 49778 to run task
[2024-01-20T02:23:40.439+0000] {standard_task_runner.py:82} INFO - Running: ['***', 'tasks', 'run', 'bancodedados', 'create_table', 'manual__2024-01-20T02:23:39.464380+00:00', '--job-id', '129', '--raw', '--subdir', 'DAGS_FOLDER/23-bancodedados.py', '--cfg-path', '/tmp/tmpy3bmwg57']
[2024-01-20T02:23:40.440+0000] {standard_task_runner.py:83} INFO - Job 129: Subtask create_table
[2024-01-20T02:23:40.535+0000] {task_command.py:388} INFO - Running <TaskInstance: bancodedados.create_table manual__2024-01-20T02:23:39.464380+00:00 [running]> on host cb9489d15b76
[2024-01-20T02:23:40.606+0000] {taskinstance.py:1509} INFO - Exporting the following env vars:
AIRFLOW_CTX_DAG_OWNER=***
AIRFLOW_CTX_DAG_ID=bancodedados
AIRFLOW_CTX_TASK_ID=create_table
AIRFLOW_CTX_EXECUTION_DATE=2024-01-20T02:23:39.464380+00:00
AIRFLOW_CTX_TRY_NUMBER=1
AIRFLOW_CTX_DAG_RUN_ID=manual__2024-01-20T02:23:39.464380+00:00
[2024-01-20T02:23:40.608+0000] {sql.py:254} INFO - Executing: create table if not exists teste(id int);
[2024-01-20T02:23:40.614+0000] {base.py:73} INFO - Using connection ID 'postgres' for task execution.
[2024-01-20T02:23:40.783+0000] {base.py:73} INFO - Using connection ID 'postgres' for task execution.
[2024-01-20T02:23:40.794+0000] {sql.py:375} INFO - Running statement: create table if not exists teste(id int);, parameters: None
[2024-01-20T02:23:40.805+0000] {taskinstance.py:1323} INFO - Marking task as SUCCESS. dag_id=bancodedados, task_id=create_table, execution_date=20240120T022339, start_date=20240120T022340, end_date=20240120T022340
[2024-01-20T02:23:40.820+0000] {local_task_job.py:208} INFO - Task exited with return code 0
[2024-01-20T02:23:40.843+0000] {taskinstance.py:2578} INFO - 1 downstream tasks scheduled from follow-on schedule check
