[2024-01-08T13:40:23.075+0000] {taskinstance.py:1083} INFO - Dependencies all met for <TaskInstance: primeira_dag.tsk1 manual__2024-01-08T13:40:21.948995+00:00 [queued]>
[2024-01-08T13:40:23.084+0000] {taskinstance.py:1083} INFO - Dependencies all met for <TaskInstance: primeira_dag.tsk1 manual__2024-01-08T13:40:21.948995+00:00 [queued]>
[2024-01-08T13:40:23.084+0000] {taskinstance.py:1279} INFO - 
--------------------------------------------------------------------------------
[2024-01-08T13:40:23.084+0000] {taskinstance.py:1280} INFO - Starting attempt 1 of 1
[2024-01-08T13:40:23.084+0000] {taskinstance.py:1281} INFO - 
--------------------------------------------------------------------------------
[2024-01-08T13:40:23.092+0000] {taskinstance.py:1300} INFO - Executing <Task(BashOperator): tsk1> on 2024-01-08 13:40:21.948995+00:00
[2024-01-08T13:40:23.096+0000] {standard_task_runner.py:55} INFO - Started process 3772 to run task
[2024-01-08T13:40:23.098+0000] {standard_task_runner.py:82} INFO - Running: ['***', 'tasks', 'run', 'primeira_dag', 'tsk1', 'manual__2024-01-08T13:40:21.948995+00:00', '--job-id', '18', '--raw', '--subdir', 'DAGS_FOLDER/primeira-dag.py', '--cfg-path', '/tmp/tmp8_dqsavk']
[2024-01-08T13:40:23.098+0000] {standard_task_runner.py:83} INFO - Job 18: Subtask tsk1
[2024-01-08T13:40:23.131+0000] {task_command.py:388} INFO - Running <TaskInstance: primeira_dag.tsk1 manual__2024-01-08T13:40:21.948995+00:00 [running]> on host 8c81727a976c
[2024-01-08T13:40:23.167+0000] {taskinstance.py:1509} INFO - Exporting the following env vars:
AIRFLOW_CTX_DAG_OWNER=***
AIRFLOW_CTX_DAG_ID=primeira_dag
AIRFLOW_CTX_TASK_ID=tsk1
AIRFLOW_CTX_EXECUTION_DATE=2024-01-08T13:40:21.948995+00:00
AIRFLOW_CTX_TRY_NUMBER=1
AIRFLOW_CTX_DAG_RUN_ID=manual__2024-01-08T13:40:21.948995+00:00
[2024-01-08T13:40:23.169+0000] {subprocess.py:63} INFO - Tmp dir root location: 
 /tmp
[2024-01-08T13:40:23.170+0000] {subprocess.py:75} INFO - Running command: ['/bin/bash', '-c', 'sleep 5']
[2024-01-08T13:40:23.178+0000] {subprocess.py:86} INFO - Output:
[2024-01-08T13:40:28.185+0000] {subprocess.py:97} INFO - Command exited with return code 0
[2024-01-08T13:40:28.231+0000] {taskinstance.py:1323} INFO - Marking task as SUCCESS. dag_id=primeira_dag, task_id=tsk1, execution_date=20240108T134021, start_date=20240108T134023, end_date=20240108T134028
[2024-01-08T13:40:28.277+0000] {local_task_job.py:208} INFO - Task exited with return code 0
[2024-01-08T13:40:28.294+0000] {taskinstance.py:2578} INFO - 1 downstream tasks scheduled from follow-on schedule check
