[2024-01-13T00:29:21.066+0000] {taskinstance.py:1083} INFO - Dependencies all met for <TaskInstance: dagrundag1.tsk2 manual__2024-01-13T00:29:11.246413+00:00 [queued]>
[2024-01-13T00:29:21.071+0000] {taskinstance.py:1083} INFO - Dependencies all met for <TaskInstance: dagrundag1.tsk2 manual__2024-01-13T00:29:11.246413+00:00 [queued]>
[2024-01-13T00:29:21.071+0000] {taskinstance.py:1279} INFO - 
--------------------------------------------------------------------------------
[2024-01-13T00:29:21.072+0000] {taskinstance.py:1280} INFO - Starting attempt 1 of 1
[2024-01-13T00:29:21.072+0000] {taskinstance.py:1281} INFO - 
--------------------------------------------------------------------------------
[2024-01-13T00:29:21.079+0000] {taskinstance.py:1300} INFO - Executing <Task(TriggerDagRunOperator): tsk2> on 2024-01-13 00:29:11.246413+00:00
[2024-01-13T00:29:21.082+0000] {standard_task_runner.py:55} INFO - Started process 10422 to run task
[2024-01-13T00:29:21.085+0000] {standard_task_runner.py:82} INFO - Running: ['***', 'tasks', 'run', 'dagrundag1', 'tsk2', 'manual__2024-01-13T00:29:11.246413+00:00', '--job-id', '50', '--raw', '--subdir', 'DAGS_FOLDER/11-dag-run-dag1.py', '--cfg-path', '/tmp/tmpfeb22c92']
[2024-01-13T00:29:21.085+0000] {standard_task_runner.py:83} INFO - Job 50: Subtask tsk2
[2024-01-13T00:29:21.117+0000] {task_command.py:388} INFO - Running <TaskInstance: dagrundag1.tsk2 manual__2024-01-13T00:29:11.246413+00:00 [running]> on host 8c81727a976c
[2024-01-13T00:29:21.152+0000] {taskinstance.py:1509} INFO - Exporting the following env vars:
AIRFLOW_CTX_DAG_OWNER=***
AIRFLOW_CTX_DAG_ID=dagrundag1
AIRFLOW_CTX_TASK_ID=tsk2
AIRFLOW_CTX_EXECUTION_DATE=2024-01-13T00:29:11.246413+00:00
AIRFLOW_CTX_TRY_NUMBER=1
AIRFLOW_CTX_DAG_RUN_ID=manual__2024-01-13T00:29:11.246413+00:00
[2024-01-13T00:29:21.198+0000] {taskinstance.py:1323} INFO - Marking task as SUCCESS. dag_id=dagrundag1, task_id=tsk2, execution_date=20240113T002911, start_date=20240113T002921, end_date=20240113T002921
[2024-01-13T00:29:21.218+0000] {local_task_job.py:208} INFO - Task exited with return code 0
[2024-01-13T00:29:21.227+0000] {taskinstance.py:2578} INFO - 0 downstream tasks scheduled from follow-on schedule check
