[2024-01-08T13:40:28.596+0000] {taskinstance.py:1083} INFO - Dependencies all met for <TaskInstance: primeira_dag.tsk2 manual__2024-01-08T13:40:21.948995+00:00 [queued]>
[2024-01-08T13:40:28.600+0000] {taskinstance.py:1083} INFO - Dependencies all met for <TaskInstance: primeira_dag.tsk2 manual__2024-01-08T13:40:21.948995+00:00 [queued]>
[2024-01-08T13:40:28.600+0000] {taskinstance.py:1279} INFO - 
--------------------------------------------------------------------------------
[2024-01-08T13:40:28.601+0000] {taskinstance.py:1280} INFO - Starting attempt 1 of 1
[2024-01-08T13:40:28.601+0000] {taskinstance.py:1281} INFO - 
--------------------------------------------------------------------------------
[2024-01-08T13:40:28.606+0000] {taskinstance.py:1300} INFO - Executing <Task(BashOperator): tsk2> on 2024-01-08 13:40:21.948995+00:00
[2024-01-08T13:40:28.609+0000] {standard_task_runner.py:55} INFO - Started process 3775 to run task
[2024-01-08T13:40:28.611+0000] {standard_task_runner.py:82} INFO - Running: ['***', 'tasks', 'run', 'primeira_dag', 'tsk2', 'manual__2024-01-08T13:40:21.948995+00:00', '--job-id', '19', '--raw', '--subdir', 'DAGS_FOLDER/primeira-dag.py', '--cfg-path', '/tmp/tmpvcmcjg_8']
[2024-01-08T13:40:28.611+0000] {standard_task_runner.py:83} INFO - Job 19: Subtask tsk2
[2024-01-08T13:40:28.638+0000] {task_command.py:388} INFO - Running <TaskInstance: primeira_dag.tsk2 manual__2024-01-08T13:40:21.948995+00:00 [running]> on host 8c81727a976c
[2024-01-08T13:40:28.696+0000] {taskinstance.py:1509} INFO - Exporting the following env vars:
AIRFLOW_CTX_DAG_OWNER=***
AIRFLOW_CTX_DAG_ID=primeira_dag
AIRFLOW_CTX_TASK_ID=tsk2
AIRFLOW_CTX_EXECUTION_DATE=2024-01-08T13:40:21.948995+00:00
AIRFLOW_CTX_TRY_NUMBER=1
AIRFLOW_CTX_DAG_RUN_ID=manual__2024-01-08T13:40:21.948995+00:00
[2024-01-08T13:40:28.697+0000] {subprocess.py:63} INFO - Tmp dir root location: 
 /tmp
[2024-01-08T13:40:28.697+0000] {subprocess.py:75} INFO - Running command: ['/bin/bash', '-c', 'sleep 5']
[2024-01-08T13:40:28.703+0000] {subprocess.py:86} INFO - Output:
[2024-01-08T13:40:33.706+0000] {subprocess.py:97} INFO - Command exited with return code 0
[2024-01-08T13:40:33.726+0000] {taskinstance.py:1323} INFO - Marking task as SUCCESS. dag_id=primeira_dag, task_id=tsk2, execution_date=20240108T134021, start_date=20240108T134028, end_date=20240108T134033
[2024-01-08T13:40:33.753+0000] {local_task_job.py:208} INFO - Task exited with return code 0
[2024-01-08T13:40:33.764+0000] {taskinstance.py:2578} INFO - 1 downstream tasks scheduled from follow-on schedule check
