[2024-01-16T00:19:39.189+0000] {taskinstance.py:1083} INFO - Dependencies all met for <TaskInstance: defaultargs.tsk_1 scheduled__2024-01-15T23:00:00+00:00 [queued]>
[2024-01-16T00:19:39.203+0000] {taskinstance.py:1083} INFO - Dependencies all met for <TaskInstance: defaultargs.tsk_1 scheduled__2024-01-15T23:00:00+00:00 [queued]>
[2024-01-16T00:19:39.204+0000] {taskinstance.py:1279} INFO - 
--------------------------------------------------------------------------------
[2024-01-16T00:19:39.204+0000] {taskinstance.py:1280} INFO - Starting attempt 1 of 4
[2024-01-16T00:19:39.204+0000] {taskinstance.py:1281} INFO - 
--------------------------------------------------------------------------------
[2024-01-16T00:19:39.214+0000] {taskinstance.py:1300} INFO - Executing <Task(BashOperator): tsk_1> on 2024-01-15 23:00:00+00:00
[2024-01-16T00:19:39.219+0000] {standard_task_runner.py:55} INFO - Started process 28698 to run task
[2024-01-16T00:19:39.221+0000] {standard_task_runner.py:82} INFO - Running: ['***', 'tasks', 'run', 'defaultargs', 'tsk_1', 'scheduled__2024-01-15T23:00:00+00:00', '--job-id', '56', '--raw', '--subdir', 'DAGS_FOLDER/12-dag-default-args.py', '--cfg-path', '/tmp/tmpwghlglky']
[2024-01-16T00:19:39.222+0000] {standard_task_runner.py:83} INFO - Job 56: Subtask tsk_1
[2024-01-16T00:19:39.252+0000] {task_command.py:388} INFO - Running <TaskInstance: defaultargs.tsk_1 scheduled__2024-01-15T23:00:00+00:00 [running]> on host caea8df2df0c
[2024-01-16T00:19:39.297+0000] {taskinstance.py:1509} INFO - Exporting the following env vars:
AIRFLOW_CTX_DAG_EMAIL=gabrielyuto2016@gmail.com
AIRFLOW_CTX_DAG_OWNER=***
AIRFLOW_CTX_DAG_ID=defaultargs
AIRFLOW_CTX_TASK_ID=tsk_1
AIRFLOW_CTX_EXECUTION_DATE=2024-01-15T23:00:00+00:00
AIRFLOW_CTX_TRY_NUMBER=1
AIRFLOW_CTX_DAG_RUN_ID=scheduled__2024-01-15T23:00:00+00:00
[2024-01-16T00:19:39.303+0000] {subprocess.py:63} INFO - Tmp dir root location: 
 /tmp
[2024-01-16T00:19:39.304+0000] {subprocess.py:75} INFO - Running command: ['/bin/bash', '-c', 'sleep 5']
[2024-01-16T00:19:39.319+0000] {subprocess.py:86} INFO - Output:
[2024-01-16T00:19:44.336+0000] {subprocess.py:97} INFO - Command exited with return code 0
[2024-01-16T00:19:44.365+0000] {taskinstance.py:1323} INFO - Marking task as SUCCESS. dag_id=defaultargs, task_id=tsk_1, execution_date=20240115T230000, start_date=20240116T001939, end_date=20240116T001944
[2024-01-16T00:19:44.428+0000] {local_task_job.py:208} INFO - Task exited with return code 0
[2024-01-16T00:19:44.447+0000] {taskinstance.py:2578} INFO - 1 downstream tasks scheduled from follow-on schedule check
