[2024-01-18T00:19:04.857+0000] {taskinstance.py:1083} INFO - Dependencies all met for <TaskInstance: pool.tsk_3 manual__2024-01-18T00:18:47.150020+00:00 [queued]>
[2024-01-18T00:19:04.876+0000] {taskinstance.py:1083} INFO - Dependencies all met for <TaskInstance: pool.tsk_3 manual__2024-01-18T00:18:47.150020+00:00 [queued]>
[2024-01-18T00:19:04.876+0000] {taskinstance.py:1279} INFO - 
--------------------------------------------------------------------------------
[2024-01-18T00:19:04.876+0000] {taskinstance.py:1280} INFO - Starting attempt 1 of 1
[2024-01-18T00:19:04.876+0000] {taskinstance.py:1281} INFO - 
--------------------------------------------------------------------------------
[2024-01-18T00:19:04.884+0000] {taskinstance.py:1300} INFO - Executing <Task(BashOperator): tsk_3> on 2024-01-18 00:18:47.150020+00:00
[2024-01-18T00:19:04.889+0000] {standard_task_runner.py:55} INFO - Started process 14166 to run task
[2024-01-18T00:19:04.892+0000] {standard_task_runner.py:82} INFO - Running: ['***', 'tasks', 'run', 'pool', 'tsk_3', 'manual__2024-01-18T00:18:47.150020+00:00', '--job-id', '76', '--raw', '--subdir', 'DAGS_FOLDER/17-pools.py', '--cfg-path', '/tmp/tmp9u7f96wn']
[2024-01-18T00:19:04.893+0000] {standard_task_runner.py:83} INFO - Job 76: Subtask tsk_3
[2024-01-18T00:19:04.929+0000] {task_command.py:388} INFO - Running <TaskInstance: pool.tsk_3 manual__2024-01-18T00:18:47.150020+00:00 [running]> on host 718831e78672
[2024-01-18T00:19:04.971+0000] {taskinstance.py:1509} INFO - Exporting the following env vars:
AIRFLOW_CTX_DAG_OWNER=***
AIRFLOW_CTX_DAG_ID=pool
AIRFLOW_CTX_TASK_ID=tsk_3
AIRFLOW_CTX_EXECUTION_DATE=2024-01-18T00:18:47.150020+00:00
AIRFLOW_CTX_TRY_NUMBER=1
AIRFLOW_CTX_DAG_RUN_ID=manual__2024-01-18T00:18:47.150020+00:00
[2024-01-18T00:19:04.973+0000] {subprocess.py:63} INFO - Tmp dir root location: 
 /tmp
[2024-01-18T00:19:04.973+0000] {subprocess.py:75} INFO - Running command: ['/bin/bash', '-c', 'sleep 5']
[2024-01-18T00:19:04.982+0000] {subprocess.py:86} INFO - Output:
[2024-01-18T00:19:09.990+0000] {subprocess.py:97} INFO - Command exited with return code 0
[2024-01-18T00:19:10.046+0000] {taskinstance.py:1323} INFO - Marking task as SUCCESS. dag_id=pool, task_id=tsk_3, execution_date=20240118T001847, start_date=20240118T001904, end_date=20240118T001910
[2024-01-18T00:19:10.089+0000] {local_task_job.py:208} INFO - Task exited with return code 0
[2024-01-18T00:19:10.123+0000] {taskinstance.py:2578} INFO - 0 downstream tasks scheduled from follow-on schedule check
