[2024-01-18T00:18:06.003+0000] {taskinstance.py:1083} INFO - Dependencies all met for <TaskInstance: pool.tsk_3 manual__2024-01-18T00:18:03.835285+00:00 [queued]>
[2024-01-18T00:18:06.012+0000] {taskinstance.py:1083} INFO - Dependencies all met for <TaskInstance: pool.tsk_3 manual__2024-01-18T00:18:03.835285+00:00 [queued]>
[2024-01-18T00:18:06.013+0000] {taskinstance.py:1279} INFO - 
--------------------------------------------------------------------------------
[2024-01-18T00:18:06.013+0000] {taskinstance.py:1280} INFO - Starting attempt 1 of 1
[2024-01-18T00:18:06.013+0000] {taskinstance.py:1281} INFO - 
--------------------------------------------------------------------------------
[2024-01-18T00:18:06.032+0000] {taskinstance.py:1300} INFO - Executing <Task(BashOperator): tsk_3> on 2024-01-18 00:18:03.835285+00:00
[2024-01-18T00:18:06.037+0000] {standard_task_runner.py:55} INFO - Started process 14062 to run task
[2024-01-18T00:18:06.040+0000] {standard_task_runner.py:82} INFO - Running: ['***', 'tasks', 'run', 'pool', 'tsk_3', 'manual__2024-01-18T00:18:03.835285+00:00', '--job-id', '71', '--raw', '--subdir', 'DAGS_FOLDER/17-pools.py', '--cfg-path', '/tmp/tmpxl7x79gw']
[2024-01-18T00:18:06.040+0000] {standard_task_runner.py:83} INFO - Job 71: Subtask tsk_3
[2024-01-18T00:18:06.085+0000] {task_command.py:388} INFO - Running <TaskInstance: pool.tsk_3 manual__2024-01-18T00:18:03.835285+00:00 [running]> on host 718831e78672
[2024-01-18T00:18:06.146+0000] {taskinstance.py:1509} INFO - Exporting the following env vars:
AIRFLOW_CTX_DAG_OWNER=***
AIRFLOW_CTX_DAG_ID=pool
AIRFLOW_CTX_TASK_ID=tsk_3
AIRFLOW_CTX_EXECUTION_DATE=2024-01-18T00:18:03.835285+00:00
AIRFLOW_CTX_TRY_NUMBER=1
AIRFLOW_CTX_DAG_RUN_ID=manual__2024-01-18T00:18:03.835285+00:00
[2024-01-18T00:18:06.148+0000] {subprocess.py:63} INFO - Tmp dir root location: 
 /tmp
[2024-01-18T00:18:06.149+0000] {subprocess.py:75} INFO - Running command: ['/bin/bash', '-c', 'sleep 5']
[2024-01-18T00:18:06.158+0000] {subprocess.py:86} INFO - Output:
[2024-01-18T00:18:11.167+0000] {subprocess.py:97} INFO - Command exited with return code 0
[2024-01-18T00:18:11.255+0000] {taskinstance.py:1323} INFO - Marking task as SUCCESS. dag_id=pool, task_id=tsk_3, execution_date=20240118T001803, start_date=20240118T001806, end_date=20240118T001811
[2024-01-18T00:18:11.347+0000] {local_task_job.py:208} INFO - Task exited with return code 0
[2024-01-18T00:18:11.407+0000] {taskinstance.py:2578} INFO - 0 downstream tasks scheduled from follow-on schedule check
