[2024-01-13T00:29:28.698+0000] {taskinstance.py:1083} INFO - Dependencies all met for <TaskInstance: dagrundag2.tsk2 manual__2024-01-13T00:29:21.152792+00:00 [queued]>
[2024-01-13T00:29:28.704+0000] {taskinstance.py:1083} INFO - Dependencies all met for <TaskInstance: dagrundag2.tsk2 manual__2024-01-13T00:29:21.152792+00:00 [queued]>
[2024-01-13T00:29:28.704+0000] {taskinstance.py:1279} INFO - 
--------------------------------------------------------------------------------
[2024-01-13T00:29:28.704+0000] {taskinstance.py:1280} INFO - Starting attempt 1 of 1
[2024-01-13T00:29:28.704+0000] {taskinstance.py:1281} INFO - 
--------------------------------------------------------------------------------
[2024-01-13T00:29:28.713+0000] {taskinstance.py:1300} INFO - Executing <Task(BashOperator): tsk2> on 2024-01-13 00:29:21.152792+00:00
[2024-01-13T00:29:28.717+0000] {standard_task_runner.py:55} INFO - Started process 10436 to run task
[2024-01-13T00:29:28.720+0000] {standard_task_runner.py:82} INFO - Running: ['***', 'tasks', 'run', 'dagrundag2', 'tsk2', 'manual__2024-01-13T00:29:21.152792+00:00', '--job-id', '52', '--raw', '--subdir', 'DAGS_FOLDER/10-dag-run-dag2.py', '--cfg-path', '/tmp/tmpxabb3yyr']
[2024-01-13T00:29:28.720+0000] {standard_task_runner.py:83} INFO - Job 52: Subtask tsk2
[2024-01-13T00:29:28.760+0000] {task_command.py:388} INFO - Running <TaskInstance: dagrundag2.tsk2 manual__2024-01-13T00:29:21.152792+00:00 [running]> on host 8c81727a976c
[2024-01-13T00:29:28.792+0000] {taskinstance.py:1509} INFO - Exporting the following env vars:
AIRFLOW_CTX_DAG_OWNER=***
AIRFLOW_CTX_DAG_ID=dagrundag2
AIRFLOW_CTX_TASK_ID=tsk2
AIRFLOW_CTX_EXECUTION_DATE=2024-01-13T00:29:21.152792+00:00
AIRFLOW_CTX_TRY_NUMBER=1
AIRFLOW_CTX_DAG_RUN_ID=manual__2024-01-13T00:29:21.152792+00:00
[2024-01-13T00:29:28.793+0000] {subprocess.py:63} INFO - Tmp dir root location: 
 /tmp
[2024-01-13T00:29:28.794+0000] {subprocess.py:75} INFO - Running command: ['/bin/bash', '-c', 'sleep 5']
[2024-01-13T00:29:28.800+0000] {subprocess.py:86} INFO - Output:
[2024-01-13T00:29:33.809+0000] {subprocess.py:97} INFO - Command exited with return code 0
[2024-01-13T00:29:33.835+0000] {taskinstance.py:1323} INFO - Marking task as SUCCESS. dag_id=dagrundag2, task_id=tsk2, execution_date=20240113T002921, start_date=20240113T002928, end_date=20240113T002933
[2024-01-13T00:29:33.866+0000] {local_task_job.py:208} INFO - Task exited with return code 0
[2024-01-13T00:29:33.882+0000] {taskinstance.py:2578} INFO - 0 downstream tasks scheduled from follow-on schedule check
