[2023-12-25T01:00:21.658+0000] {processor.py:153} INFO - Started process (PID=25969) to work on /opt/airflow/dags/primeira-dag.py
[2023-12-25T01:00:21.659+0000] {processor.py:743} INFO - Processing file /opt/airflow/dags/primeira-dag.py for tasks to queue
[2023-12-25T01:00:21.659+0000] {logging_mixin.py:137} INFO - [2023-12-25T01:00:21.659+0000] {dagbag.py:538} INFO - Filling up the DagBag from /opt/airflow/dags/primeira-dag.py
[2023-12-25T01:00:21.693+0000] {processor.py:753} INFO - DAG(s) dict_keys(['primeira_dag']) retrieved from /opt/airflow/dags/primeira-dag.py
[2023-12-25T01:00:21.711+0000] {logging_mixin.py:137} INFO - [2023-12-25T01:00:21.711+0000] {dag.py:2690} INFO - Sync 1 DAGs
[2023-12-25T01:00:21.725+0000] {logging_mixin.py:137} INFO - [2023-12-25T01:00:21.725+0000] {dag.py:3441} INFO - Setting next_dagrun for primeira_dag to None, run_after=None
[2023-12-25T01:00:21.733+0000] {processor.py:175} INFO - Processing /opt/airflow/dags/primeira-dag.py took 0.077 seconds
[2023-12-25T01:00:26.845+0000] {processor.py:153} INFO - Started process (PID=25970) to work on /opt/airflow/dags/primeira-dag.py
[2023-12-25T01:00:26.848+0000] {processor.py:743} INFO - Processing file /opt/airflow/dags/primeira-dag.py for tasks to queue
[2023-12-25T01:00:26.849+0000] {logging_mixin.py:137} INFO - [2023-12-25T01:00:26.849+0000] {dagbag.py:538} INFO - Filling up the DagBag from /opt/airflow/dags/primeira-dag.py
[2023-12-25T01:00:26.928+0000] {processor.py:753} INFO - DAG(s) dict_keys(['primeira_dag']) retrieved from /opt/airflow/dags/primeira-dag.py
[2023-12-25T01:00:26.978+0000] {logging_mixin.py:137} INFO - [2023-12-25T01:00:26.978+0000] {dag.py:2690} INFO - Sync 1 DAGs
[2023-12-25T01:00:26.997+0000] {logging_mixin.py:137} INFO - [2023-12-25T01:00:26.997+0000] {dag.py:3441} INFO - Setting next_dagrun for primeira_dag to None, run_after=None
[2023-12-25T01:00:27.007+0000] {processor.py:175} INFO - Processing /opt/airflow/dags/primeira-dag.py took 0.190 seconds
[2023-12-25T01:00:32.420+0000] {processor.py:153} INFO - Started process (PID=25987) to work on /opt/airflow/dags/primeira-dag.py
[2023-12-25T01:00:32.421+0000] {processor.py:743} INFO - Processing file /opt/airflow/dags/primeira-dag.py for tasks to queue
[2023-12-25T01:00:32.426+0000] {logging_mixin.py:137} INFO - [2023-12-25T01:00:32.426+0000] {dagbag.py:538} INFO - Filling up the DagBag from /opt/airflow/dags/primeira-dag.py
[2023-12-25T01:00:32.489+0000] {processor.py:753} INFO - DAG(s) dict_keys(['primeira_dag']) retrieved from /opt/airflow/dags/primeira-dag.py
[2023-12-25T01:00:32.529+0000] {logging_mixin.py:137} INFO - [2023-12-25T01:00:32.529+0000] {dag.py:2690} INFO - Sync 1 DAGs
[2023-12-25T01:00:32.548+0000] {logging_mixin.py:137} INFO - [2023-12-25T01:00:32.548+0000] {dag.py:3441} INFO - Setting next_dagrun for primeira_dag to None, run_after=None
[2023-12-25T01:00:32.556+0000] {processor.py:175} INFO - Processing /opt/airflow/dags/primeira-dag.py took 0.143 seconds
[2023-12-25T01:00:37.617+0000] {processor.py:153} INFO - Started process (PID=25988) to work on /opt/airflow/dags/primeira-dag.py
[2023-12-25T01:00:37.618+0000] {processor.py:743} INFO - Processing file /opt/airflow/dags/primeira-dag.py for tasks to queue
[2023-12-25T01:00:37.618+0000] {logging_mixin.py:137} INFO - [2023-12-25T01:00:37.618+0000] {dagbag.py:538} INFO - Filling up the DagBag from /opt/airflow/dags/primeira-dag.py
[2023-12-25T01:00:37.637+0000] {processor.py:753} INFO - DAG(s) dict_keys(['primeira_dag']) retrieved from /opt/airflow/dags/primeira-dag.py
[2023-12-25T01:00:37.665+0000] {logging_mixin.py:137} INFO - [2023-12-25T01:00:37.665+0000] {dag.py:2690} INFO - Sync 1 DAGs
[2023-12-25T01:00:37.680+0000] {logging_mixin.py:137} INFO - [2023-12-25T01:00:37.680+0000] {dag.py:3441} INFO - Setting next_dagrun for primeira_dag to None, run_after=None
[2023-12-25T01:00:37.688+0000] {processor.py:175} INFO - Processing /opt/airflow/dags/primeira-dag.py took 0.076 seconds
[2023-12-25T01:00:42.909+0000] {processor.py:153} INFO - Started process (PID=26005) to work on /opt/airflow/dags/primeira-dag.py
[2023-12-25T01:00:42.910+0000] {processor.py:743} INFO - Processing file /opt/airflow/dags/primeira-dag.py for tasks to queue
[2023-12-25T01:00:42.911+0000] {logging_mixin.py:137} INFO - [2023-12-25T01:00:42.911+0000] {dagbag.py:538} INFO - Filling up the DagBag from /opt/airflow/dags/primeira-dag.py
[2023-12-25T01:00:42.931+0000] {processor.py:753} INFO - DAG(s) dict_keys(['primeira_dag']) retrieved from /opt/airflow/dags/primeira-dag.py
[2023-12-25T01:00:42.955+0000] {logging_mixin.py:137} INFO - [2023-12-25T01:00:42.955+0000] {dag.py:2690} INFO - Sync 1 DAGs
[2023-12-25T01:00:42.979+0000] {logging_mixin.py:137} INFO - [2023-12-25T01:00:42.979+0000] {dag.py:3441} INFO - Setting next_dagrun for primeira_dag to None, run_after=None
[2023-12-25T01:00:42.989+0000] {processor.py:175} INFO - Processing /opt/airflow/dags/primeira-dag.py took 0.084 seconds
[2023-12-25T01:00:48.108+0000] {processor.py:153} INFO - Started process (PID=26006) to work on /opt/airflow/dags/primeira-dag.py
[2023-12-25T01:00:48.123+0000] {processor.py:743} INFO - Processing file /opt/airflow/dags/primeira-dag.py for tasks to queue
[2023-12-25T01:00:48.126+0000] {logging_mixin.py:137} INFO - [2023-12-25T01:00:48.125+0000] {dagbag.py:538} INFO - Filling up the DagBag from /opt/airflow/dags/primeira-dag.py
[2023-12-25T01:00:48.161+0000] {processor.py:753} INFO - DAG(s) dict_keys(['primeira_dag']) retrieved from /opt/airflow/dags/primeira-dag.py
[2023-12-25T01:00:48.182+0000] {logging_mixin.py:137} INFO - [2023-12-25T01:00:48.182+0000] {dag.py:2690} INFO - Sync 1 DAGs
[2023-12-25T01:00:48.218+0000] {logging_mixin.py:137} INFO - [2023-12-25T01:00:48.218+0000] {dag.py:3441} INFO - Setting next_dagrun for primeira_dag to None, run_after=None
[2023-12-25T01:00:48.277+0000] {processor.py:175} INFO - Processing /opt/airflow/dags/primeira-dag.py took 0.183 seconds
[2023-12-25T02:22:38.976+0000] {processor.py:153} INFO - Started process (PID=26023) to work on /opt/airflow/dags/primeira-dag.py
[2023-12-25T02:22:38.981+0000] {processor.py:743} INFO - Processing file /opt/airflow/dags/primeira-dag.py for tasks to queue
[2023-12-25T02:22:38.984+0000] {logging_mixin.py:137} INFO - [2023-12-25T02:22:38.984+0000] {dagbag.py:538} INFO - Filling up the DagBag from /opt/airflow/dags/primeira-dag.py
[2023-12-25T02:22:39.014+0000] {processor.py:753} INFO - DAG(s) dict_keys(['primeira_dag']) retrieved from /opt/airflow/dags/primeira-dag.py
[2023-12-25T02:22:39.049+0000] {logging_mixin.py:137} INFO - [2023-12-25T02:22:39.049+0000] {dag.py:2690} INFO - Sync 1 DAGs
[2023-12-25T02:22:39.082+0000] {logging_mixin.py:137} INFO - [2023-12-25T02:22:39.082+0000] {dag.py:3441} INFO - Setting next_dagrun for primeira_dag to None, run_after=None
[2023-12-25T02:22:39.118+0000] {processor.py:175} INFO - Processing /opt/airflow/dags/primeira-dag.py took 0.153 seconds
[2023-12-25T02:22:44.358+0000] {processor.py:153} INFO - Started process (PID=26024) to work on /opt/airflow/dags/primeira-dag.py
[2023-12-25T02:22:44.360+0000] {processor.py:743} INFO - Processing file /opt/airflow/dags/primeira-dag.py for tasks to queue
[2023-12-25T02:22:44.361+0000] {logging_mixin.py:137} INFO - [2023-12-25T02:22:44.361+0000] {dagbag.py:538} INFO - Filling up the DagBag from /opt/airflow/dags/primeira-dag.py
[2023-12-25T02:22:44.401+0000] {processor.py:753} INFO - DAG(s) dict_keys(['primeira_dag']) retrieved from /opt/airflow/dags/primeira-dag.py
[2023-12-25T02:22:44.445+0000] {logging_mixin.py:137} INFO - [2023-12-25T02:22:44.445+0000] {dag.py:2690} INFO - Sync 1 DAGs
[2023-12-25T02:22:44.471+0000] {logging_mixin.py:137} INFO - [2023-12-25T02:22:44.470+0000] {dag.py:3441} INFO - Setting next_dagrun for primeira_dag to None, run_after=None
[2023-12-25T02:22:44.486+0000] {processor.py:175} INFO - Processing /opt/airflow/dags/primeira-dag.py took 0.145 seconds
[2023-12-25T02:22:49.594+0000] {processor.py:153} INFO - Started process (PID=26025) to work on /opt/airflow/dags/primeira-dag.py
[2023-12-25T02:22:49.596+0000] {processor.py:743} INFO - Processing file /opt/airflow/dags/primeira-dag.py for tasks to queue
[2023-12-25T02:22:49.599+0000] {logging_mixin.py:137} INFO - [2023-12-25T02:22:49.598+0000] {dagbag.py:538} INFO - Filling up the DagBag from /opt/airflow/dags/primeira-dag.py
[2023-12-25T02:22:49.635+0000] {processor.py:753} INFO - DAG(s) dict_keys(['primeira_dag']) retrieved from /opt/airflow/dags/primeira-dag.py
[2023-12-25T02:22:49.669+0000] {logging_mixin.py:137} INFO - [2023-12-25T02:22:49.669+0000] {dag.py:2690} INFO - Sync 1 DAGs
[2023-12-25T02:22:49.692+0000] {logging_mixin.py:137} INFO - [2023-12-25T02:22:49.691+0000] {dag.py:3441} INFO - Setting next_dagrun for primeira_dag to None, run_after=None
[2023-12-25T02:22:49.701+0000] {processor.py:175} INFO - Processing /opt/airflow/dags/primeira-dag.py took 0.117 seconds
[2023-12-25T02:22:54.819+0000] {processor.py:153} INFO - Started process (PID=26042) to work on /opt/airflow/dags/primeira-dag.py
[2023-12-25T02:22:54.820+0000] {processor.py:743} INFO - Processing file /opt/airflow/dags/primeira-dag.py for tasks to queue
[2023-12-25T02:22:54.821+0000] {logging_mixin.py:137} INFO - [2023-12-25T02:22:54.821+0000] {dagbag.py:538} INFO - Filling up the DagBag from /opt/airflow/dags/primeira-dag.py
[2023-12-25T02:22:54.853+0000] {processor.py:753} INFO - DAG(s) dict_keys(['primeira_dag']) retrieved from /opt/airflow/dags/primeira-dag.py
[2023-12-25T02:22:54.888+0000] {logging_mixin.py:137} INFO - [2023-12-25T02:22:54.888+0000] {dag.py:2690} INFO - Sync 1 DAGs
[2023-12-25T02:22:54.903+0000] {logging_mixin.py:137} INFO - [2023-12-25T02:22:54.903+0000] {dag.py:3441} INFO - Setting next_dagrun for primeira_dag to None, run_after=None
[2023-12-25T02:22:54.912+0000] {processor.py:175} INFO - Processing /opt/airflow/dags/primeira-dag.py took 0.100 seconds
[2023-12-25T02:22:59.989+0000] {processor.py:153} INFO - Started process (PID=26043) to work on /opt/airflow/dags/primeira-dag.py
[2023-12-25T02:22:59.991+0000] {processor.py:743} INFO - Processing file /opt/airflow/dags/primeira-dag.py for tasks to queue
[2023-12-25T02:22:59.998+0000] {logging_mixin.py:137} INFO - [2023-12-25T02:22:59.995+0000] {dagbag.py:538} INFO - Filling up the DagBag from /opt/airflow/dags/primeira-dag.py
[2023-12-25T02:23:00.039+0000] {processor.py:753} INFO - DAG(s) dict_keys(['primeira_dag']) retrieved from /opt/airflow/dags/primeira-dag.py
[2023-12-25T02:23:00.070+0000] {logging_mixin.py:137} INFO - [2023-12-25T02:23:00.070+0000] {dag.py:2690} INFO - Sync 1 DAGs
[2023-12-25T02:23:00.088+0000] {logging_mixin.py:137} INFO - [2023-12-25T02:23:00.088+0000] {dag.py:3441} INFO - Setting next_dagrun for primeira_dag to None, run_after=None
[2023-12-25T02:23:00.097+0000] {processor.py:175} INFO - Processing /opt/airflow/dags/primeira-dag.py took 0.118 seconds
[2023-12-25T02:23:05.348+0000] {processor.py:153} INFO - Started process (PID=26060) to work on /opt/airflow/dags/primeira-dag.py
[2023-12-25T02:23:05.349+0000] {processor.py:743} INFO - Processing file /opt/airflow/dags/primeira-dag.py for tasks to queue
[2023-12-25T02:23:05.350+0000] {logging_mixin.py:137} INFO - [2023-12-25T02:23:05.350+0000] {dagbag.py:538} INFO - Filling up the DagBag from /opt/airflow/dags/primeira-dag.py
[2023-12-25T02:23:05.366+0000] {processor.py:753} INFO - DAG(s) dict_keys(['primeira_dag']) retrieved from /opt/airflow/dags/primeira-dag.py
[2023-12-25T02:23:05.382+0000] {logging_mixin.py:137} INFO - [2023-12-25T02:23:05.382+0000] {dag.py:2690} INFO - Sync 1 DAGs
[2023-12-25T02:23:05.395+0000] {logging_mixin.py:137} INFO - [2023-12-25T02:23:05.395+0000] {dag.py:3441} INFO - Setting next_dagrun for primeira_dag to None, run_after=None
[2023-12-25T02:23:05.403+0000] {processor.py:175} INFO - Processing /opt/airflow/dags/primeira-dag.py took 0.058 seconds
[2023-12-25T03:45:35.607+0000] {processor.py:153} INFO - Started process (PID=26061) to work on /opt/airflow/dags/primeira-dag.py
[2023-12-25T03:45:35.613+0000] {processor.py:743} INFO - Processing file /opt/airflow/dags/primeira-dag.py for tasks to queue
[2023-12-25T03:45:35.615+0000] {logging_mixin.py:137} INFO - [2023-12-25T03:45:35.615+0000] {dagbag.py:538} INFO - Filling up the DagBag from /opt/airflow/dags/primeira-dag.py
[2023-12-25T03:45:35.678+0000] {processor.py:753} INFO - DAG(s) dict_keys(['primeira_dag']) retrieved from /opt/airflow/dags/primeira-dag.py
[2023-12-25T03:45:35.781+0000] {logging_mixin.py:137} INFO - [2023-12-25T03:45:35.781+0000] {dag.py:2690} INFO - Sync 1 DAGs
[2023-12-25T03:45:35.800+0000] {logging_mixin.py:137} INFO - [2023-12-25T03:45:35.800+0000] {dag.py:3441} INFO - Setting next_dagrun for primeira_dag to None, run_after=None
[2023-12-25T03:45:35.821+0000] {processor.py:175} INFO - Processing /opt/airflow/dags/primeira-dag.py took 0.241 seconds
[2023-12-25T03:45:40.940+0000] {processor.py:153} INFO - Started process (PID=26078) to work on /opt/airflow/dags/primeira-dag.py
[2023-12-25T03:45:40.942+0000] {processor.py:743} INFO - Processing file /opt/airflow/dags/primeira-dag.py for tasks to queue
[2023-12-25T03:45:40.943+0000] {logging_mixin.py:137} INFO - [2023-12-25T03:45:40.943+0000] {dagbag.py:538} INFO - Filling up the DagBag from /opt/airflow/dags/primeira-dag.py
[2023-12-25T03:45:40.978+0000] {processor.py:753} INFO - DAG(s) dict_keys(['primeira_dag']) retrieved from /opt/airflow/dags/primeira-dag.py
[2023-12-25T03:45:41.012+0000] {logging_mixin.py:137} INFO - [2023-12-25T03:45:41.012+0000] {dag.py:2690} INFO - Sync 1 DAGs
[2023-12-25T03:45:41.039+0000] {logging_mixin.py:137} INFO - [2023-12-25T03:45:41.039+0000] {dag.py:3441} INFO - Setting next_dagrun for primeira_dag to None, run_after=None
[2023-12-25T03:45:41.050+0000] {processor.py:175} INFO - Processing /opt/airflow/dags/primeira-dag.py took 0.118 seconds
[2023-12-25T03:45:46.185+0000] {processor.py:153} INFO - Started process (PID=26079) to work on /opt/airflow/dags/primeira-dag.py
[2023-12-25T03:45:46.186+0000] {processor.py:743} INFO - Processing file /opt/airflow/dags/primeira-dag.py for tasks to queue
[2023-12-25T03:45:46.187+0000] {logging_mixin.py:137} INFO - [2023-12-25T03:45:46.187+0000] {dagbag.py:538} INFO - Filling up the DagBag from /opt/airflow/dags/primeira-dag.py
[2023-12-25T03:45:46.212+0000] {processor.py:753} INFO - DAG(s) dict_keys(['primeira_dag']) retrieved from /opt/airflow/dags/primeira-dag.py
[2023-12-25T03:45:46.252+0000] {logging_mixin.py:137} INFO - [2023-12-25T03:45:46.252+0000] {dag.py:2690} INFO - Sync 1 DAGs
[2023-12-25T03:45:46.270+0000] {logging_mixin.py:137} INFO - [2023-12-25T03:45:46.270+0000] {dag.py:3441} INFO - Setting next_dagrun for primeira_dag to None, run_after=None
[2023-12-25T03:45:46.281+0000] {processor.py:175} INFO - Processing /opt/airflow/dags/primeira-dag.py took 0.103 seconds
[2023-12-25T03:45:51.397+0000] {processor.py:153} INFO - Started process (PID=26080) to work on /opt/airflow/dags/primeira-dag.py
[2023-12-25T03:45:51.399+0000] {processor.py:743} INFO - Processing file /opt/airflow/dags/primeira-dag.py for tasks to queue
[2023-12-25T03:45:51.400+0000] {logging_mixin.py:137} INFO - [2023-12-25T03:45:51.400+0000] {dagbag.py:538} INFO - Filling up the DagBag from /opt/airflow/dags/primeira-dag.py
[2023-12-25T03:45:51.428+0000] {processor.py:753} INFO - DAG(s) dict_keys(['primeira_dag']) retrieved from /opt/airflow/dags/primeira-dag.py
[2023-12-25T03:45:51.469+0000] {logging_mixin.py:137} INFO - [2023-12-25T03:45:51.469+0000] {dag.py:2690} INFO - Sync 1 DAGs
[2023-12-25T03:45:51.487+0000] {logging_mixin.py:137} INFO - [2023-12-25T03:45:51.487+0000] {dag.py:3441} INFO - Setting next_dagrun for primeira_dag to None, run_after=None
[2023-12-25T03:45:51.497+0000] {processor.py:175} INFO - Processing /opt/airflow/dags/primeira-dag.py took 0.109 seconds
[2023-12-25T03:45:56.827+0000] {processor.py:153} INFO - Started process (PID=26097) to work on /opt/airflow/dags/primeira-dag.py
[2023-12-25T03:45:56.829+0000] {processor.py:743} INFO - Processing file /opt/airflow/dags/primeira-dag.py for tasks to queue
[2023-12-25T03:45:56.830+0000] {logging_mixin.py:137} INFO - [2023-12-25T03:45:56.830+0000] {dagbag.py:538} INFO - Filling up the DagBag from /opt/airflow/dags/primeira-dag.py
[2023-12-25T03:45:56.875+0000] {processor.py:753} INFO - DAG(s) dict_keys(['primeira_dag']) retrieved from /opt/airflow/dags/primeira-dag.py
[2023-12-25T03:45:56.900+0000] {logging_mixin.py:137} INFO - [2023-12-25T03:45:56.900+0000] {dag.py:2690} INFO - Sync 1 DAGs
[2023-12-25T03:45:56.927+0000] {logging_mixin.py:137} INFO - [2023-12-25T03:45:56.927+0000] {dag.py:3441} INFO - Setting next_dagrun for primeira_dag to None, run_after=None
[2023-12-25T03:45:56.936+0000] {processor.py:175} INFO - Processing /opt/airflow/dags/primeira-dag.py took 0.128 seconds
[2023-12-25T03:46:02.043+0000] {processor.py:153} INFO - Started process (PID=26098) to work on /opt/airflow/dags/primeira-dag.py
[2023-12-25T03:46:02.044+0000] {processor.py:743} INFO - Processing file /opt/airflow/dags/primeira-dag.py for tasks to queue
[2023-12-25T03:46:02.045+0000] {logging_mixin.py:137} INFO - [2023-12-25T03:46:02.045+0000] {dagbag.py:538} INFO - Filling up the DagBag from /opt/airflow/dags/primeira-dag.py
[2023-12-25T03:46:02.084+0000] {processor.py:753} INFO - DAG(s) dict_keys(['primeira_dag']) retrieved from /opt/airflow/dags/primeira-dag.py
[2023-12-25T03:46:02.106+0000] {logging_mixin.py:137} INFO - [2023-12-25T03:46:02.106+0000] {dag.py:2690} INFO - Sync 1 DAGs
[2023-12-25T03:46:02.121+0000] {logging_mixin.py:137} INFO - [2023-12-25T03:46:02.121+0000] {dag.py:3441} INFO - Setting next_dagrun for primeira_dag to None, run_after=None
[2023-12-25T03:46:02.130+0000] {processor.py:175} INFO - Processing /opt/airflow/dags/primeira-dag.py took 0.095 seconds
[2023-12-25T05:07:34.964+0000] {processor.py:153} INFO - Started process (PID=26115) to work on /opt/airflow/dags/primeira-dag.py
[2023-12-25T05:07:34.969+0000] {processor.py:743} INFO - Processing file /opt/airflow/dags/primeira-dag.py for tasks to queue
[2023-12-25T05:07:34.974+0000] {logging_mixin.py:137} INFO - [2023-12-25T05:07:34.974+0000] {dagbag.py:538} INFO - Filling up the DagBag from /opt/airflow/dags/primeira-dag.py
[2023-12-25T05:07:35.052+0000] {processor.py:753} INFO - DAG(s) dict_keys(['primeira_dag']) retrieved from /opt/airflow/dags/primeira-dag.py
[2023-12-25T05:07:35.136+0000] {logging_mixin.py:137} INFO - [2023-12-25T05:07:35.136+0000] {dag.py:2690} INFO - Sync 1 DAGs
[2023-12-25T05:07:35.222+0000] {logging_mixin.py:137} INFO - [2023-12-25T05:07:35.222+0000] {dag.py:3441} INFO - Setting next_dagrun for primeira_dag to None, run_after=None
[2023-12-25T05:07:35.264+0000] {processor.py:175} INFO - Processing /opt/airflow/dags/primeira-dag.py took 0.306 seconds
[2023-12-25T05:07:40.464+0000] {processor.py:153} INFO - Started process (PID=26116) to work on /opt/airflow/dags/primeira-dag.py
[2023-12-25T05:07:40.467+0000] {processor.py:743} INFO - Processing file /opt/airflow/dags/primeira-dag.py for tasks to queue
[2023-12-25T05:07:40.771+0000] {logging_mixin.py:137} INFO - [2023-12-25T05:07:40.770+0000] {dagbag.py:538} INFO - Filling up the DagBag from /opt/airflow/dags/primeira-dag.py
[2023-12-25T05:07:40.857+0000] {processor.py:753} INFO - DAG(s) dict_keys(['primeira_dag']) retrieved from /opt/airflow/dags/primeira-dag.py
[2023-12-25T05:07:40.906+0000] {logging_mixin.py:137} INFO - [2023-12-25T05:07:40.906+0000] {dag.py:2690} INFO - Sync 1 DAGs
[2023-12-25T05:07:40.926+0000] {logging_mixin.py:137} INFO - [2023-12-25T05:07:40.926+0000] {dag.py:3441} INFO - Setting next_dagrun for primeira_dag to None, run_after=None
[2023-12-25T05:07:40.937+0000] {processor.py:175} INFO - Processing /opt/airflow/dags/primeira-dag.py took 0.482 seconds
[2023-12-25T05:07:46.055+0000] {processor.py:153} INFO - Started process (PID=26117) to work on /opt/airflow/dags/primeira-dag.py
[2023-12-25T05:07:46.056+0000] {processor.py:743} INFO - Processing file /opt/airflow/dags/primeira-dag.py for tasks to queue
[2023-12-25T05:07:46.057+0000] {logging_mixin.py:137} INFO - [2023-12-25T05:07:46.057+0000] {dagbag.py:538} INFO - Filling up the DagBag from /opt/airflow/dags/primeira-dag.py
[2023-12-25T05:07:46.089+0000] {processor.py:753} INFO - DAG(s) dict_keys(['primeira_dag']) retrieved from /opt/airflow/dags/primeira-dag.py
[2023-12-25T05:07:46.132+0000] {logging_mixin.py:137} INFO - [2023-12-25T05:07:46.132+0000] {dag.py:2690} INFO - Sync 1 DAGs
[2023-12-25T05:07:46.152+0000] {logging_mixin.py:137} INFO - [2023-12-25T05:07:46.152+0000] {dag.py:3441} INFO - Setting next_dagrun for primeira_dag to None, run_after=None
[2023-12-25T05:07:46.174+0000] {processor.py:175} INFO - Processing /opt/airflow/dags/primeira-dag.py took 0.136 seconds
[2023-12-25T05:07:51.302+0000] {processor.py:153} INFO - Started process (PID=26134) to work on /opt/airflow/dags/primeira-dag.py
[2023-12-25T05:07:51.304+0000] {processor.py:743} INFO - Processing file /opt/airflow/dags/primeira-dag.py for tasks to queue
[2023-12-25T05:07:51.305+0000] {logging_mixin.py:137} INFO - [2023-12-25T05:07:51.305+0000] {dagbag.py:538} INFO - Filling up the DagBag from /opt/airflow/dags/primeira-dag.py
[2023-12-25T05:07:51.331+0000] {processor.py:753} INFO - DAG(s) dict_keys(['primeira_dag']) retrieved from /opt/airflow/dags/primeira-dag.py
[2023-12-25T05:07:51.375+0000] {logging_mixin.py:137} INFO - [2023-12-25T05:07:51.375+0000] {dag.py:2690} INFO - Sync 1 DAGs
[2023-12-25T05:07:51.399+0000] {logging_mixin.py:137} INFO - [2023-12-25T05:07:51.399+0000] {dag.py:3441} INFO - Setting next_dagrun for primeira_dag to None, run_after=None
[2023-12-25T05:07:51.410+0000] {processor.py:175} INFO - Processing /opt/airflow/dags/primeira-dag.py took 0.118 seconds
[2023-12-25T05:07:56.516+0000] {processor.py:153} INFO - Started process (PID=26135) to work on /opt/airflow/dags/primeira-dag.py
[2023-12-25T05:07:56.517+0000] {processor.py:743} INFO - Processing file /opt/airflow/dags/primeira-dag.py for tasks to queue
[2023-12-25T05:07:56.518+0000] {logging_mixin.py:137} INFO - [2023-12-25T05:07:56.518+0000] {dagbag.py:538} INFO - Filling up the DagBag from /opt/airflow/dags/primeira-dag.py
[2023-12-25T05:07:56.544+0000] {processor.py:753} INFO - DAG(s) dict_keys(['primeira_dag']) retrieved from /opt/airflow/dags/primeira-dag.py
[2023-12-25T05:07:56.583+0000] {logging_mixin.py:137} INFO - [2023-12-25T05:07:56.583+0000] {dag.py:2690} INFO - Sync 1 DAGs
[2023-12-25T05:07:56.601+0000] {logging_mixin.py:137} INFO - [2023-12-25T05:07:56.601+0000] {dag.py:3441} INFO - Setting next_dagrun for primeira_dag to None, run_after=None
[2023-12-25T05:07:56.611+0000] {processor.py:175} INFO - Processing /opt/airflow/dags/primeira-dag.py took 0.102 seconds
[2023-12-25T05:08:01.737+0000] {processor.py:153} INFO - Started process (PID=26152) to work on /opt/airflow/dags/primeira-dag.py
[2023-12-25T05:08:01.739+0000] {processor.py:743} INFO - Processing file /opt/airflow/dags/primeira-dag.py for tasks to queue
[2023-12-25T05:08:01.740+0000] {logging_mixin.py:137} INFO - [2023-12-25T05:08:01.740+0000] {dagbag.py:538} INFO - Filling up the DagBag from /opt/airflow/dags/primeira-dag.py
[2023-12-25T05:08:01.770+0000] {processor.py:753} INFO - DAG(s) dict_keys(['primeira_dag']) retrieved from /opt/airflow/dags/primeira-dag.py
[2023-12-25T05:08:01.799+0000] {logging_mixin.py:137} INFO - [2023-12-25T05:08:01.798+0000] {dag.py:2690} INFO - Sync 1 DAGs
[2023-12-25T05:08:01.813+0000] {logging_mixin.py:137} INFO - [2023-12-25T05:08:01.813+0000] {dag.py:3441} INFO - Setting next_dagrun for primeira_dag to None, run_after=None
[2023-12-25T05:08:01.821+0000] {processor.py:175} INFO - Processing /opt/airflow/dags/primeira-dag.py took 0.090 seconds
[2023-12-25T06:13:47.314+0000] {processor.py:153} INFO - Started process (PID=26153) to work on /opt/airflow/dags/primeira-dag.py
[2023-12-25T06:13:47.314+0000] {processor.py:743} INFO - Processing file /opt/airflow/dags/primeira-dag.py for tasks to queue
[2023-12-25T06:13:47.315+0000] {logging_mixin.py:137} INFO - [2023-12-25T06:13:47.315+0000] {dagbag.py:538} INFO - Filling up the DagBag from /opt/airflow/dags/primeira-dag.py
[2023-12-25T06:13:47.332+0000] {processor.py:753} INFO - DAG(s) dict_keys(['primeira_dag']) retrieved from /opt/airflow/dags/primeira-dag.py
[2023-12-25T06:13:47.350+0000] {logging_mixin.py:137} INFO - [2023-12-25T06:13:47.350+0000] {dag.py:2690} INFO - Sync 1 DAGs
[2023-12-25T06:13:47.365+0000] {logging_mixin.py:137} INFO - [2023-12-25T06:13:47.365+0000] {dag.py:3441} INFO - Setting next_dagrun for primeira_dag to None, run_after=None
[2023-12-25T06:13:47.373+0000] {processor.py:175} INFO - Processing /opt/airflow/dags/primeira-dag.py took 0.063 seconds
[2023-12-25T06:13:52.598+0000] {processor.py:153} INFO - Started process (PID=26154) to work on /opt/airflow/dags/primeira-dag.py
[2023-12-25T06:13:52.600+0000] {processor.py:743} INFO - Processing file /opt/airflow/dags/primeira-dag.py for tasks to queue
[2023-12-25T06:13:52.601+0000] {logging_mixin.py:137} INFO - [2023-12-25T06:13:52.600+0000] {dagbag.py:538} INFO - Filling up the DagBag from /opt/airflow/dags/primeira-dag.py
[2023-12-25T06:13:52.643+0000] {processor.py:753} INFO - DAG(s) dict_keys(['primeira_dag']) retrieved from /opt/airflow/dags/primeira-dag.py
[2023-12-25T06:13:52.673+0000] {logging_mixin.py:137} INFO - [2023-12-25T06:13:52.673+0000] {dag.py:2690} INFO - Sync 1 DAGs
[2023-12-25T06:13:52.700+0000] {logging_mixin.py:137} INFO - [2023-12-25T06:13:52.700+0000] {dag.py:3441} INFO - Setting next_dagrun for primeira_dag to None, run_after=None
[2023-12-25T06:13:52.711+0000] {processor.py:175} INFO - Processing /opt/airflow/dags/primeira-dag.py took 0.120 seconds
[2023-12-25T06:13:57.800+0000] {processor.py:153} INFO - Started process (PID=26172) to work on /opt/airflow/dags/primeira-dag.py
[2023-12-25T06:13:57.801+0000] {processor.py:743} INFO - Processing file /opt/airflow/dags/primeira-dag.py for tasks to queue
[2023-12-25T06:13:57.802+0000] {logging_mixin.py:137} INFO - [2023-12-25T06:13:57.802+0000] {dagbag.py:538} INFO - Filling up the DagBag from /opt/airflow/dags/primeira-dag.py
[2023-12-25T06:13:57.826+0000] {processor.py:753} INFO - DAG(s) dict_keys(['primeira_dag']) retrieved from /opt/airflow/dags/primeira-dag.py
[2023-12-25T06:13:57.857+0000] {logging_mixin.py:137} INFO - [2023-12-25T06:13:57.856+0000] {dag.py:2690} INFO - Sync 1 DAGs
[2023-12-25T06:13:57.888+0000] {logging_mixin.py:137} INFO - [2023-12-25T06:13:57.888+0000] {dag.py:3441} INFO - Setting next_dagrun for primeira_dag to None, run_after=None
[2023-12-25T06:13:57.899+0000] {processor.py:175} INFO - Processing /opt/airflow/dags/primeira-dag.py took 0.109 seconds
[2023-12-25T06:14:03.044+0000] {processor.py:153} INFO - Started process (PID=26173) to work on /opt/airflow/dags/primeira-dag.py
[2023-12-25T06:14:03.046+0000] {processor.py:743} INFO - Processing file /opt/airflow/dags/primeira-dag.py for tasks to queue
[2023-12-25T06:14:03.047+0000] {logging_mixin.py:137} INFO - [2023-12-25T06:14:03.047+0000] {dagbag.py:538} INFO - Filling up the DagBag from /opt/airflow/dags/primeira-dag.py
[2023-12-25T06:14:03.091+0000] {processor.py:753} INFO - DAG(s) dict_keys(['primeira_dag']) retrieved from /opt/airflow/dags/primeira-dag.py
[2023-12-25T06:14:03.124+0000] {logging_mixin.py:137} INFO - [2023-12-25T06:14:03.124+0000] {dag.py:2690} INFO - Sync 1 DAGs
[2023-12-25T06:14:03.144+0000] {logging_mixin.py:137} INFO - [2023-12-25T06:14:03.144+0000] {dag.py:3441} INFO - Setting next_dagrun for primeira_dag to None, run_after=None
[2023-12-25T06:14:03.153+0000] {processor.py:175} INFO - Processing /opt/airflow/dags/primeira-dag.py took 0.119 seconds
[2023-12-25T06:14:08.446+0000] {processor.py:153} INFO - Started process (PID=26190) to work on /opt/airflow/dags/primeira-dag.py
[2023-12-25T06:14:08.448+0000] {processor.py:743} INFO - Processing file /opt/airflow/dags/primeira-dag.py for tasks to queue
[2023-12-25T06:14:08.449+0000] {logging_mixin.py:137} INFO - [2023-12-25T06:14:08.449+0000] {dagbag.py:538} INFO - Filling up the DagBag from /opt/airflow/dags/primeira-dag.py
[2023-12-25T06:14:08.472+0000] {processor.py:753} INFO - DAG(s) dict_keys(['primeira_dag']) retrieved from /opt/airflow/dags/primeira-dag.py
[2023-12-25T06:14:08.495+0000] {logging_mixin.py:137} INFO - [2023-12-25T06:14:08.495+0000] {dag.py:2690} INFO - Sync 1 DAGs
[2023-12-25T06:14:08.526+0000] {logging_mixin.py:137} INFO - [2023-12-25T06:14:08.526+0000] {dag.py:3441} INFO - Setting next_dagrun for primeira_dag to None, run_after=None
[2023-12-25T06:14:08.536+0000] {processor.py:175} INFO - Processing /opt/airflow/dags/primeira-dag.py took 0.094 seconds
[2023-12-25T06:14:13.644+0000] {processor.py:153} INFO - Started process (PID=26191) to work on /opt/airflow/dags/primeira-dag.py
[2023-12-25T06:14:13.647+0000] {processor.py:743} INFO - Processing file /opt/airflow/dags/primeira-dag.py for tasks to queue
[2023-12-25T06:14:13.648+0000] {logging_mixin.py:137} INFO - [2023-12-25T06:14:13.648+0000] {dagbag.py:538} INFO - Filling up the DagBag from /opt/airflow/dags/primeira-dag.py
[2023-12-25T06:14:13.692+0000] {processor.py:753} INFO - DAG(s) dict_keys(['primeira_dag']) retrieved from /opt/airflow/dags/primeira-dag.py
[2023-12-25T06:14:13.719+0000] {logging_mixin.py:137} INFO - [2023-12-25T06:14:13.719+0000] {dag.py:2690} INFO - Sync 1 DAGs
[2023-12-25T06:14:13.738+0000] {logging_mixin.py:137} INFO - [2023-12-25T06:14:13.738+0000] {dag.py:3441} INFO - Setting next_dagrun for primeira_dag to None, run_after=None
[2023-12-25T06:14:13.746+0000] {processor.py:175} INFO - Processing /opt/airflow/dags/primeira-dag.py took 0.110 seconds
[2023-12-25T07:33:23.667+0000] {processor.py:153} INFO - Started process (PID=26208) to work on /opt/airflow/dags/primeira-dag.py
[2023-12-25T07:33:23.669+0000] {processor.py:743} INFO - Processing file /opt/airflow/dags/primeira-dag.py for tasks to queue
[2023-12-25T07:33:23.672+0000] {logging_mixin.py:137} INFO - [2023-12-25T07:33:23.672+0000] {dagbag.py:538} INFO - Filling up the DagBag from /opt/airflow/dags/primeira-dag.py
[2023-12-25T07:33:23.745+0000] {processor.py:753} INFO - DAG(s) dict_keys(['primeira_dag']) retrieved from /opt/airflow/dags/primeira-dag.py
[2023-12-25T07:33:23.801+0000] {logging_mixin.py:137} INFO - [2023-12-25T07:33:23.801+0000] {dag.py:2690} INFO - Sync 1 DAGs
[2023-12-25T07:33:23.879+0000] {logging_mixin.py:137} INFO - [2023-12-25T07:33:23.879+0000] {dag.py:3441} INFO - Setting next_dagrun for primeira_dag to None, run_after=None
[2023-12-25T07:33:24.228+0000] {processor.py:175} INFO - Processing /opt/airflow/dags/primeira-dag.py took 0.577 seconds
[2023-12-25T07:33:29.490+0000] {processor.py:153} INFO - Started process (PID=26209) to work on /opt/airflow/dags/primeira-dag.py
[2023-12-25T07:33:29.492+0000] {processor.py:743} INFO - Processing file /opt/airflow/dags/primeira-dag.py for tasks to queue
[2023-12-25T07:33:29.493+0000] {logging_mixin.py:137} INFO - [2023-12-25T07:33:29.493+0000] {dagbag.py:538} INFO - Filling up the DagBag from /opt/airflow/dags/primeira-dag.py
[2023-12-25T07:33:29.519+0000] {processor.py:753} INFO - DAG(s) dict_keys(['primeira_dag']) retrieved from /opt/airflow/dags/primeira-dag.py
[2023-12-25T07:33:29.558+0000] {logging_mixin.py:137} INFO - [2023-12-25T07:33:29.558+0000] {dag.py:2690} INFO - Sync 1 DAGs
[2023-12-25T07:33:29.577+0000] {logging_mixin.py:137} INFO - [2023-12-25T07:33:29.577+0000] {dag.py:3441} INFO - Setting next_dagrun for primeira_dag to None, run_after=None
[2023-12-25T07:33:29.587+0000] {processor.py:175} INFO - Processing /opt/airflow/dags/primeira-dag.py took 0.115 seconds
[2023-12-25T07:33:34.692+0000] {processor.py:153} INFO - Started process (PID=26210) to work on /opt/airflow/dags/primeira-dag.py
[2023-12-25T07:33:34.694+0000] {processor.py:743} INFO - Processing file /opt/airflow/dags/primeira-dag.py for tasks to queue
[2023-12-25T07:33:34.695+0000] {logging_mixin.py:137} INFO - [2023-12-25T07:33:34.694+0000] {dagbag.py:538} INFO - Filling up the DagBag from /opt/airflow/dags/primeira-dag.py
[2023-12-25T07:33:34.721+0000] {processor.py:753} INFO - DAG(s) dict_keys(['primeira_dag']) retrieved from /opt/airflow/dags/primeira-dag.py
[2023-12-25T07:33:34.742+0000] {logging_mixin.py:137} INFO - [2023-12-25T07:33:34.742+0000] {dag.py:2690} INFO - Sync 1 DAGs
[2023-12-25T07:33:34.756+0000] {logging_mixin.py:137} INFO - [2023-12-25T07:33:34.756+0000] {dag.py:3441} INFO - Setting next_dagrun for primeira_dag to None, run_after=None
[2023-12-25T07:33:34.765+0000] {processor.py:175} INFO - Processing /opt/airflow/dags/primeira-dag.py took 0.080 seconds
[2023-12-25T07:33:39.916+0000] {processor.py:153} INFO - Started process (PID=26227) to work on /opt/airflow/dags/primeira-dag.py
[2023-12-25T07:33:39.918+0000] {processor.py:743} INFO - Processing file /opt/airflow/dags/primeira-dag.py for tasks to queue
[2023-12-25T07:33:39.919+0000] {logging_mixin.py:137} INFO - [2023-12-25T07:33:39.919+0000] {dagbag.py:538} INFO - Filling up the DagBag from /opt/airflow/dags/primeira-dag.py
[2023-12-25T07:33:39.943+0000] {processor.py:753} INFO - DAG(s) dict_keys(['primeira_dag']) retrieved from /opt/airflow/dags/primeira-dag.py
[2023-12-25T07:33:39.989+0000] {logging_mixin.py:137} INFO - [2023-12-25T07:33:39.989+0000] {dag.py:2690} INFO - Sync 1 DAGs
[2023-12-25T07:33:40.006+0000] {logging_mixin.py:137} INFO - [2023-12-25T07:33:40.006+0000] {dag.py:3441} INFO - Setting next_dagrun for primeira_dag to None, run_after=None
[2023-12-25T07:33:40.023+0000] {processor.py:175} INFO - Processing /opt/airflow/dags/primeira-dag.py took 0.114 seconds
[2023-12-25T07:33:45.231+0000] {processor.py:153} INFO - Started process (PID=26228) to work on /opt/airflow/dags/primeira-dag.py
[2023-12-25T07:33:45.233+0000] {processor.py:743} INFO - Processing file /opt/airflow/dags/primeira-dag.py for tasks to queue
[2023-12-25T07:33:45.234+0000] {logging_mixin.py:137} INFO - [2023-12-25T07:33:45.234+0000] {dagbag.py:538} INFO - Filling up the DagBag from /opt/airflow/dags/primeira-dag.py
[2023-12-25T07:33:45.261+0000] {processor.py:753} INFO - DAG(s) dict_keys(['primeira_dag']) retrieved from /opt/airflow/dags/primeira-dag.py
[2023-12-25T07:33:45.292+0000] {logging_mixin.py:137} INFO - [2023-12-25T07:33:45.292+0000] {dag.py:2690} INFO - Sync 1 DAGs
[2023-12-25T07:33:45.306+0000] {logging_mixin.py:137} INFO - [2023-12-25T07:33:45.306+0000] {dag.py:3441} INFO - Setting next_dagrun for primeira_dag to None, run_after=None
[2023-12-25T07:33:45.313+0000] {processor.py:175} INFO - Processing /opt/airflow/dags/primeira-dag.py took 0.089 seconds
[2023-12-25T07:33:50.433+0000] {processor.py:153} INFO - Started process (PID=26245) to work on /opt/airflow/dags/primeira-dag.py
[2023-12-25T07:33:50.435+0000] {processor.py:743} INFO - Processing file /opt/airflow/dags/primeira-dag.py for tasks to queue
[2023-12-25T07:33:50.436+0000] {logging_mixin.py:137} INFO - [2023-12-25T07:33:50.436+0000] {dagbag.py:538} INFO - Filling up the DagBag from /opt/airflow/dags/primeira-dag.py
[2023-12-25T07:33:50.460+0000] {processor.py:753} INFO - DAG(s) dict_keys(['primeira_dag']) retrieved from /opt/airflow/dags/primeira-dag.py
[2023-12-25T07:33:50.483+0000] {logging_mixin.py:137} INFO - [2023-12-25T07:33:50.483+0000] {dag.py:2690} INFO - Sync 1 DAGs
[2023-12-25T07:33:50.502+0000] {logging_mixin.py:137} INFO - [2023-12-25T07:33:50.502+0000] {dag.py:3441} INFO - Setting next_dagrun for primeira_dag to None, run_after=None
[2023-12-25T07:33:50.512+0000] {processor.py:175} INFO - Processing /opt/airflow/dags/primeira-dag.py took 0.095 seconds
[2023-12-25T08:52:01.865+0000] {processor.py:153} INFO - Started process (PID=26246) to work on /opt/airflow/dags/primeira-dag.py
[2023-12-25T08:52:01.868+0000] {processor.py:743} INFO - Processing file /opt/airflow/dags/primeira-dag.py for tasks to queue
[2023-12-25T08:52:01.870+0000] {logging_mixin.py:137} INFO - [2023-12-25T08:52:01.869+0000] {dagbag.py:538} INFO - Filling up the DagBag from /opt/airflow/dags/primeira-dag.py
[2023-12-25T08:52:01.922+0000] {processor.py:753} INFO - DAG(s) dict_keys(['primeira_dag']) retrieved from /opt/airflow/dags/primeira-dag.py
[2023-12-25T08:52:01.986+0000] {logging_mixin.py:137} INFO - [2023-12-25T08:52:01.986+0000] {dag.py:2690} INFO - Sync 1 DAGs
[2023-12-25T08:52:02.013+0000] {logging_mixin.py:137} INFO - [2023-12-25T08:52:02.013+0000] {dag.py:3441} INFO - Setting next_dagrun for primeira_dag to None, run_after=None
[2023-12-25T08:52:02.029+0000] {processor.py:175} INFO - Processing /opt/airflow/dags/primeira-dag.py took 0.186 seconds
[2023-12-25T08:52:07.542+0000] {processor.py:153} INFO - Started process (PID=26256) to work on /opt/airflow/dags/primeira-dag.py
[2023-12-25T08:52:07.545+0000] {processor.py:743} INFO - Processing file /opt/airflow/dags/primeira-dag.py for tasks to queue
[2023-12-25T08:52:07.546+0000] {logging_mixin.py:137} INFO - [2023-12-25T08:52:07.546+0000] {dagbag.py:538} INFO - Filling up the DagBag from /opt/airflow/dags/primeira-dag.py
[2023-12-25T08:52:07.567+0000] {processor.py:753} INFO - DAG(s) dict_keys(['primeira_dag']) retrieved from /opt/airflow/dags/primeira-dag.py
[2023-12-25T08:52:07.597+0000] {logging_mixin.py:137} INFO - [2023-12-25T08:52:07.597+0000] {dag.py:2690} INFO - Sync 1 DAGs
[2023-12-25T08:52:07.615+0000] {logging_mixin.py:137} INFO - [2023-12-25T08:52:07.614+0000] {dag.py:3441} INFO - Setting next_dagrun for primeira_dag to None, run_after=None
[2023-12-25T08:52:07.637+0000] {processor.py:175} INFO - Processing /opt/airflow/dags/primeira-dag.py took 0.108 seconds
[2023-12-25T08:52:12.974+0000] {processor.py:153} INFO - Started process (PID=26264) to work on /opt/airflow/dags/primeira-dag.py
[2023-12-25T08:52:12.976+0000] {processor.py:743} INFO - Processing file /opt/airflow/dags/primeira-dag.py for tasks to queue
[2023-12-25T08:52:12.978+0000] {logging_mixin.py:137} INFO - [2023-12-25T08:52:12.978+0000] {dagbag.py:538} INFO - Filling up the DagBag from /opt/airflow/dags/primeira-dag.py
[2023-12-25T08:52:13.018+0000] {processor.py:753} INFO - DAG(s) dict_keys(['primeira_dag']) retrieved from /opt/airflow/dags/primeira-dag.py
[2023-12-25T08:52:13.043+0000] {logging_mixin.py:137} INFO - [2023-12-25T08:52:13.043+0000] {dag.py:2690} INFO - Sync 1 DAGs
[2023-12-25T08:52:13.058+0000] {logging_mixin.py:137} INFO - [2023-12-25T08:52:13.058+0000] {dag.py:3441} INFO - Setting next_dagrun for primeira_dag to None, run_after=None
[2023-12-25T08:52:13.072+0000] {processor.py:175} INFO - Processing /opt/airflow/dags/primeira-dag.py took 0.122 seconds
[2023-12-25T08:52:18.175+0000] {processor.py:153} INFO - Started process (PID=26265) to work on /opt/airflow/dags/primeira-dag.py
[2023-12-25T08:52:18.177+0000] {processor.py:743} INFO - Processing file /opt/airflow/dags/primeira-dag.py for tasks to queue
[2023-12-25T08:52:18.178+0000] {logging_mixin.py:137} INFO - [2023-12-25T08:52:18.178+0000] {dagbag.py:538} INFO - Filling up the DagBag from /opt/airflow/dags/primeira-dag.py
[2023-12-25T08:52:18.231+0000] {processor.py:753} INFO - DAG(s) dict_keys(['primeira_dag']) retrieved from /opt/airflow/dags/primeira-dag.py
[2023-12-25T08:52:18.256+0000] {logging_mixin.py:137} INFO - [2023-12-25T08:52:18.256+0000] {dag.py:2690} INFO - Sync 1 DAGs
[2023-12-25T08:52:18.272+0000] {logging_mixin.py:137} INFO - [2023-12-25T08:52:18.272+0000] {dag.py:3441} INFO - Setting next_dagrun for primeira_dag to None, run_after=None
[2023-12-25T08:52:18.281+0000] {processor.py:175} INFO - Processing /opt/airflow/dags/primeira-dag.py took 0.115 seconds
[2023-12-25T08:52:23.462+0000] {processor.py:153} INFO - Started process (PID=26282) to work on /opt/airflow/dags/primeira-dag.py
[2023-12-25T08:52:23.463+0000] {processor.py:743} INFO - Processing file /opt/airflow/dags/primeira-dag.py for tasks to queue
[2023-12-25T08:52:23.464+0000] {logging_mixin.py:137} INFO - [2023-12-25T08:52:23.463+0000] {dagbag.py:538} INFO - Filling up the DagBag from /opt/airflow/dags/primeira-dag.py
[2023-12-25T08:52:23.498+0000] {processor.py:753} INFO - DAG(s) dict_keys(['primeira_dag']) retrieved from /opt/airflow/dags/primeira-dag.py
[2023-12-25T08:52:23.521+0000] {logging_mixin.py:137} INFO - [2023-12-25T08:52:23.521+0000] {dag.py:2690} INFO - Sync 1 DAGs
[2023-12-25T08:52:23.543+0000] {logging_mixin.py:137} INFO - [2023-12-25T08:52:23.543+0000] {dag.py:3441} INFO - Setting next_dagrun for primeira_dag to None, run_after=None
[2023-12-25T08:52:23.553+0000] {processor.py:175} INFO - Processing /opt/airflow/dags/primeira-dag.py took 0.098 seconds
[2023-12-25T08:52:28.763+0000] {processor.py:153} INFO - Started process (PID=26283) to work on /opt/airflow/dags/primeira-dag.py
[2023-12-25T08:52:28.764+0000] {processor.py:743} INFO - Processing file /opt/airflow/dags/primeira-dag.py for tasks to queue
[2023-12-25T08:52:28.765+0000] {logging_mixin.py:137} INFO - [2023-12-25T08:52:28.765+0000] {dagbag.py:538} INFO - Filling up the DagBag from /opt/airflow/dags/primeira-dag.py
[2023-12-25T08:52:28.785+0000] {processor.py:753} INFO - DAG(s) dict_keys(['primeira_dag']) retrieved from /opt/airflow/dags/primeira-dag.py
[2023-12-25T08:52:28.819+0000] {logging_mixin.py:137} INFO - [2023-12-25T08:52:28.819+0000] {dag.py:2690} INFO - Sync 1 DAGs
[2023-12-25T08:52:28.837+0000] {logging_mixin.py:137} INFO - [2023-12-25T08:52:28.837+0000] {dag.py:3441} INFO - Setting next_dagrun for primeira_dag to None, run_after=None
[2023-12-25T08:52:28.850+0000] {processor.py:175} INFO - Processing /opt/airflow/dags/primeira-dag.py took 0.091 seconds
[2023-12-25T10:17:27.591+0000] {processor.py:153} INFO - Started process (PID=26300) to work on /opt/airflow/dags/primeira-dag.py
[2023-12-25T10:17:27.592+0000] {processor.py:743} INFO - Processing file /opt/airflow/dags/primeira-dag.py for tasks to queue
[2023-12-25T10:17:27.592+0000] {logging_mixin.py:137} INFO - [2023-12-25T10:17:27.592+0000] {dagbag.py:538} INFO - Filling up the DagBag from /opt/airflow/dags/primeira-dag.py
[2023-12-25T10:17:27.621+0000] {processor.py:753} INFO - DAG(s) dict_keys(['primeira_dag']) retrieved from /opt/airflow/dags/primeira-dag.py
[2023-12-25T10:17:27.636+0000] {logging_mixin.py:137} INFO - [2023-12-25T10:17:27.636+0000] {dag.py:2690} INFO - Sync 1 DAGs
[2023-12-25T10:17:27.648+0000] {logging_mixin.py:137} INFO - [2023-12-25T10:17:27.648+0000] {dag.py:3441} INFO - Setting next_dagrun for primeira_dag to None, run_after=None
[2023-12-25T10:17:27.656+0000] {processor.py:175} INFO - Processing /opt/airflow/dags/primeira-dag.py took 0.069 seconds
[2023-12-25T10:17:32.747+0000] {processor.py:153} INFO - Started process (PID=26301) to work on /opt/airflow/dags/primeira-dag.py
[2023-12-25T10:17:32.748+0000] {processor.py:743} INFO - Processing file /opt/airflow/dags/primeira-dag.py for tasks to queue
[2023-12-25T10:17:32.749+0000] {logging_mixin.py:137} INFO - [2023-12-25T10:17:32.749+0000] {dagbag.py:538} INFO - Filling up the DagBag from /opt/airflow/dags/primeira-dag.py
[2023-12-25T10:17:32.779+0000] {processor.py:753} INFO - DAG(s) dict_keys(['primeira_dag']) retrieved from /opt/airflow/dags/primeira-dag.py
[2023-12-25T10:17:32.803+0000] {logging_mixin.py:137} INFO - [2023-12-25T10:17:32.803+0000] {dag.py:2690} INFO - Sync 1 DAGs
[2023-12-25T10:17:32.821+0000] {logging_mixin.py:137} INFO - [2023-12-25T10:17:32.821+0000] {dag.py:3441} INFO - Setting next_dagrun for primeira_dag to None, run_after=None
[2023-12-25T10:17:32.829+0000] {processor.py:175} INFO - Processing /opt/airflow/dags/primeira-dag.py took 0.087 seconds
[2023-12-25T10:17:37.858+0000] {processor.py:153} INFO - Started process (PID=26318) to work on /opt/airflow/dags/primeira-dag.py
[2023-12-25T10:17:37.859+0000] {processor.py:743} INFO - Processing file /opt/airflow/dags/primeira-dag.py for tasks to queue
[2023-12-25T10:17:37.860+0000] {logging_mixin.py:137} INFO - [2023-12-25T10:17:37.860+0000] {dagbag.py:538} INFO - Filling up the DagBag from /opt/airflow/dags/primeira-dag.py
[2023-12-25T10:17:37.895+0000] {processor.py:753} INFO - DAG(s) dict_keys(['primeira_dag']) retrieved from /opt/airflow/dags/primeira-dag.py
[2023-12-25T10:17:37.931+0000] {logging_mixin.py:137} INFO - [2023-12-25T10:17:37.931+0000] {dag.py:2690} INFO - Sync 1 DAGs
[2023-12-25T10:17:37.949+0000] {logging_mixin.py:137} INFO - [2023-12-25T10:17:37.949+0000] {dag.py:3441} INFO - Setting next_dagrun for primeira_dag to None, run_after=None
[2023-12-25T10:17:37.959+0000] {processor.py:175} INFO - Processing /opt/airflow/dags/primeira-dag.py took 0.105 seconds
[2023-12-25T10:17:43.161+0000] {processor.py:153} INFO - Started process (PID=26319) to work on /opt/airflow/dags/primeira-dag.py
[2023-12-25T10:17:43.163+0000] {processor.py:743} INFO - Processing file /opt/airflow/dags/primeira-dag.py for tasks to queue
[2023-12-25T10:17:43.164+0000] {logging_mixin.py:137} INFO - [2023-12-25T10:17:43.163+0000] {dagbag.py:538} INFO - Filling up the DagBag from /opt/airflow/dags/primeira-dag.py
[2023-12-25T10:17:43.199+0000] {processor.py:753} INFO - DAG(s) dict_keys(['primeira_dag']) retrieved from /opt/airflow/dags/primeira-dag.py
[2023-12-25T10:17:43.227+0000] {logging_mixin.py:137} INFO - [2023-12-25T10:17:43.227+0000] {dag.py:2690} INFO - Sync 1 DAGs
[2023-12-25T10:17:43.250+0000] {logging_mixin.py:137} INFO - [2023-12-25T10:17:43.250+0000] {dag.py:3441} INFO - Setting next_dagrun for primeira_dag to None, run_after=None
[2023-12-25T10:17:43.262+0000] {processor.py:175} INFO - Processing /opt/airflow/dags/primeira-dag.py took 0.107 seconds
[2023-12-25T10:17:48.301+0000] {processor.py:153} INFO - Started process (PID=26320) to work on /opt/airflow/dags/primeira-dag.py
[2023-12-25T10:17:48.304+0000] {processor.py:743} INFO - Processing file /opt/airflow/dags/primeira-dag.py for tasks to queue
[2023-12-25T10:17:48.307+0000] {logging_mixin.py:137} INFO - [2023-12-25T10:17:48.306+0000] {dagbag.py:538} INFO - Filling up the DagBag from /opt/airflow/dags/primeira-dag.py
[2023-12-25T10:17:48.330+0000] {processor.py:753} INFO - DAG(s) dict_keys(['primeira_dag']) retrieved from /opt/airflow/dags/primeira-dag.py
[2023-12-25T10:17:48.351+0000] {logging_mixin.py:137} INFO - [2023-12-25T10:17:48.351+0000] {dag.py:2690} INFO - Sync 1 DAGs
[2023-12-25T10:17:48.367+0000] {logging_mixin.py:137} INFO - [2023-12-25T10:17:48.367+0000] {dag.py:3441} INFO - Setting next_dagrun for primeira_dag to None, run_after=None
[2023-12-25T10:17:48.377+0000] {processor.py:175} INFO - Processing /opt/airflow/dags/primeira-dag.py took 0.095 seconds
[2023-12-25T10:17:53.429+0000] {processor.py:153} INFO - Started process (PID=26337) to work on /opt/airflow/dags/primeira-dag.py
[2023-12-25T10:17:53.430+0000] {processor.py:743} INFO - Processing file /opt/airflow/dags/primeira-dag.py for tasks to queue
[2023-12-25T10:17:53.431+0000] {logging_mixin.py:137} INFO - [2023-12-25T10:17:53.431+0000] {dagbag.py:538} INFO - Filling up the DagBag from /opt/airflow/dags/primeira-dag.py
[2023-12-25T10:17:53.473+0000] {processor.py:753} INFO - DAG(s) dict_keys(['primeira_dag']) retrieved from /opt/airflow/dags/primeira-dag.py
[2023-12-25T10:17:53.495+0000] {logging_mixin.py:137} INFO - [2023-12-25T10:17:53.495+0000] {dag.py:2690} INFO - Sync 1 DAGs
[2023-12-25T10:17:53.510+0000] {logging_mixin.py:137} INFO - [2023-12-25T10:17:53.510+0000] {dag.py:3441} INFO - Setting next_dagrun for primeira_dag to None, run_after=None
[2023-12-25T10:17:53.520+0000] {processor.py:175} INFO - Processing /opt/airflow/dags/primeira-dag.py took 0.095 seconds
[2023-12-25T11:06:18.864+0000] {processor.py:153} INFO - Started process (PID=26338) to work on /opt/airflow/dags/primeira-dag.py
[2023-12-25T11:06:18.868+0000] {processor.py:743} INFO - Processing file /opt/airflow/dags/primeira-dag.py for tasks to queue
[2023-12-25T11:06:18.871+0000] {logging_mixin.py:137} INFO - [2023-12-25T11:06:18.870+0000] {dagbag.py:538} INFO - Filling up the DagBag from /opt/airflow/dags/primeira-dag.py
[2023-12-25T11:06:18.941+0000] {processor.py:753} INFO - DAG(s) dict_keys(['primeira_dag']) retrieved from /opt/airflow/dags/primeira-dag.py
[2023-12-25T11:06:19.036+0000] {logging_mixin.py:137} INFO - [2023-12-25T11:06:19.036+0000] {dag.py:2690} INFO - Sync 1 DAGs
[2023-12-25T11:06:19.088+0000] {logging_mixin.py:137} INFO - [2023-12-25T11:06:19.088+0000] {dag.py:3441} INFO - Setting next_dagrun for primeira_dag to None, run_after=None
[2023-12-25T11:06:19.120+0000] {processor.py:175} INFO - Processing /opt/airflow/dags/primeira-dag.py took 0.269 seconds
[2023-12-25T11:06:24.283+0000] {processor.py:153} INFO - Started process (PID=26355) to work on /opt/airflow/dags/primeira-dag.py
[2023-12-25T11:06:24.285+0000] {processor.py:743} INFO - Processing file /opt/airflow/dags/primeira-dag.py for tasks to queue
[2023-12-25T11:06:24.287+0000] {logging_mixin.py:137} INFO - [2023-12-25T11:06:24.287+0000] {dagbag.py:538} INFO - Filling up the DagBag from /opt/airflow/dags/primeira-dag.py
[2023-12-25T11:06:24.318+0000] {processor.py:753} INFO - DAG(s) dict_keys(['primeira_dag']) retrieved from /opt/airflow/dags/primeira-dag.py
[2023-12-25T11:06:24.660+0000] {logging_mixin.py:137} INFO - [2023-12-25T11:06:24.659+0000] {dag.py:2690} INFO - Sync 1 DAGs
[2023-12-25T11:06:24.716+0000] {logging_mixin.py:137} INFO - [2023-12-25T11:06:24.716+0000] {dag.py:3441} INFO - Setting next_dagrun for primeira_dag to None, run_after=None
[2023-12-25T11:06:24.732+0000] {processor.py:175} INFO - Processing /opt/airflow/dags/primeira-dag.py took 0.458 seconds
[2023-12-25T11:06:29.819+0000] {processor.py:153} INFO - Started process (PID=26356) to work on /opt/airflow/dags/primeira-dag.py
[2023-12-25T11:06:29.820+0000] {processor.py:743} INFO - Processing file /opt/airflow/dags/primeira-dag.py for tasks to queue
[2023-12-25T11:06:29.821+0000] {logging_mixin.py:137} INFO - [2023-12-25T11:06:29.821+0000] {dagbag.py:538} INFO - Filling up the DagBag from /opt/airflow/dags/primeira-dag.py
[2023-12-25T11:06:29.840+0000] {processor.py:753} INFO - DAG(s) dict_keys(['primeira_dag']) retrieved from /opt/airflow/dags/primeira-dag.py
[2023-12-25T11:06:29.863+0000] {logging_mixin.py:137} INFO - [2023-12-25T11:06:29.863+0000] {dag.py:2690} INFO - Sync 1 DAGs
[2023-12-25T11:06:29.891+0000] {logging_mixin.py:137} INFO - [2023-12-25T11:06:29.891+0000] {dag.py:3441} INFO - Setting next_dagrun for primeira_dag to None, run_after=None
[2023-12-25T11:06:29.900+0000] {processor.py:175} INFO - Processing /opt/airflow/dags/primeira-dag.py took 0.087 seconds
[2023-12-25T11:06:34.985+0000] {processor.py:153} INFO - Started process (PID=26373) to work on /opt/airflow/dags/primeira-dag.py
[2023-12-25T11:06:34.987+0000] {processor.py:743} INFO - Processing file /opt/airflow/dags/primeira-dag.py for tasks to queue
[2023-12-25T11:06:34.988+0000] {logging_mixin.py:137} INFO - [2023-12-25T11:06:34.988+0000] {dagbag.py:538} INFO - Filling up the DagBag from /opt/airflow/dags/primeira-dag.py
[2023-12-25T11:06:35.027+0000] {processor.py:753} INFO - DAG(s) dict_keys(['primeira_dag']) retrieved from /opt/airflow/dags/primeira-dag.py
[2023-12-25T11:06:35.048+0000] {logging_mixin.py:137} INFO - [2023-12-25T11:06:35.048+0000] {dag.py:2690} INFO - Sync 1 DAGs
[2023-12-25T11:06:35.064+0000] {logging_mixin.py:137} INFO - [2023-12-25T11:06:35.064+0000] {dag.py:3441} INFO - Setting next_dagrun for primeira_dag to None, run_after=None
[2023-12-25T11:06:35.073+0000] {processor.py:175} INFO - Processing /opt/airflow/dags/primeira-dag.py took 0.094 seconds
[2023-12-25T11:06:40.172+0000] {processor.py:153} INFO - Started process (PID=26374) to work on /opt/airflow/dags/primeira-dag.py
[2023-12-25T11:06:40.174+0000] {processor.py:743} INFO - Processing file /opt/airflow/dags/primeira-dag.py for tasks to queue
[2023-12-25T11:06:40.174+0000] {logging_mixin.py:137} INFO - [2023-12-25T11:06:40.174+0000] {dagbag.py:538} INFO - Filling up the DagBag from /opt/airflow/dags/primeira-dag.py
[2023-12-25T11:06:40.191+0000] {processor.py:753} INFO - DAG(s) dict_keys(['primeira_dag']) retrieved from /opt/airflow/dags/primeira-dag.py
[2023-12-25T11:06:40.209+0000] {logging_mixin.py:137} INFO - [2023-12-25T11:06:40.209+0000] {dag.py:2690} INFO - Sync 1 DAGs
[2023-12-25T11:06:40.222+0000] {logging_mixin.py:137} INFO - [2023-12-25T11:06:40.222+0000] {dag.py:3441} INFO - Setting next_dagrun for primeira_dag to None, run_after=None
[2023-12-25T11:06:40.232+0000] {processor.py:175} INFO - Processing /opt/airflow/dags/primeira-dag.py took 0.072 seconds
[2023-12-25T11:06:45.303+0000] {processor.py:153} INFO - Started process (PID=26391) to work on /opt/airflow/dags/primeira-dag.py
[2023-12-25T11:06:45.304+0000] {processor.py:743} INFO - Processing file /opt/airflow/dags/primeira-dag.py for tasks to queue
[2023-12-25T11:06:45.305+0000] {logging_mixin.py:137} INFO - [2023-12-25T11:06:45.304+0000] {dagbag.py:538} INFO - Filling up the DagBag from /opt/airflow/dags/primeira-dag.py
[2023-12-25T11:06:45.336+0000] {processor.py:753} INFO - DAG(s) dict_keys(['primeira_dag']) retrieved from /opt/airflow/dags/primeira-dag.py
[2023-12-25T11:06:45.355+0000] {logging_mixin.py:137} INFO - [2023-12-25T11:06:45.355+0000] {dag.py:2690} INFO - Sync 1 DAGs
[2023-12-25T11:06:45.370+0000] {logging_mixin.py:137} INFO - [2023-12-25T11:06:45.370+0000] {dag.py:3441} INFO - Setting next_dagrun for primeira_dag to None, run_after=None
[2023-12-25T11:06:45.379+0000] {processor.py:175} INFO - Processing /opt/airflow/dags/primeira-dag.py took 0.080 seconds
[2023-12-25T12:29:07.776+0000] {processor.py:153} INFO - Started process (PID=26392) to work on /opt/airflow/dags/primeira-dag.py
[2023-12-25T12:29:07.776+0000] {processor.py:743} INFO - Processing file /opt/airflow/dags/primeira-dag.py for tasks to queue
[2023-12-25T12:29:07.777+0000] {logging_mixin.py:137} INFO - [2023-12-25T12:29:07.777+0000] {dagbag.py:538} INFO - Filling up the DagBag from /opt/airflow/dags/primeira-dag.py
[2023-12-25T12:29:07.787+0000] {processor.py:753} INFO - DAG(s) dict_keys(['primeira_dag']) retrieved from /opt/airflow/dags/primeira-dag.py
[2023-12-25T12:29:07.803+0000] {logging_mixin.py:137} INFO - [2023-12-25T12:29:07.802+0000] {dag.py:2690} INFO - Sync 1 DAGs
[2023-12-25T12:29:07.816+0000] {logging_mixin.py:137} INFO - [2023-12-25T12:29:07.816+0000] {dag.py:3441} INFO - Setting next_dagrun for primeira_dag to None, run_after=None
[2023-12-25T12:29:07.824+0000] {processor.py:175} INFO - Processing /opt/airflow/dags/primeira-dag.py took 0.050 seconds
[2023-12-25T12:29:12.911+0000] {processor.py:153} INFO - Started process (PID=26393) to work on /opt/airflow/dags/primeira-dag.py
[2023-12-25T12:29:12.912+0000] {processor.py:743} INFO - Processing file /opt/airflow/dags/primeira-dag.py for tasks to queue
[2023-12-25T12:29:12.912+0000] {logging_mixin.py:137} INFO - [2023-12-25T12:29:12.912+0000] {dagbag.py:538} INFO - Filling up the DagBag from /opt/airflow/dags/primeira-dag.py
[2023-12-25T12:29:12.941+0000] {processor.py:753} INFO - DAG(s) dict_keys(['primeira_dag']) retrieved from /opt/airflow/dags/primeira-dag.py
[2023-12-25T12:29:12.970+0000] {logging_mixin.py:137} INFO - [2023-12-25T12:29:12.970+0000] {dag.py:2690} INFO - Sync 1 DAGs
[2023-12-25T12:29:12.986+0000] {logging_mixin.py:137} INFO - [2023-12-25T12:29:12.986+0000] {dag.py:3441} INFO - Setting next_dagrun for primeira_dag to None, run_after=None
[2023-12-25T12:29:12.995+0000] {processor.py:175} INFO - Processing /opt/airflow/dags/primeira-dag.py took 0.089 seconds
[2023-12-25T12:29:18.046+0000] {processor.py:153} INFO - Started process (PID=26410) to work on /opt/airflow/dags/primeira-dag.py
[2023-12-25T12:29:18.048+0000] {processor.py:743} INFO - Processing file /opt/airflow/dags/primeira-dag.py for tasks to queue
[2023-12-25T12:29:18.050+0000] {logging_mixin.py:137} INFO - [2023-12-25T12:29:18.049+0000] {dagbag.py:538} INFO - Filling up the DagBag from /opt/airflow/dags/primeira-dag.py
[2023-12-25T12:29:18.068+0000] {processor.py:753} INFO - DAG(s) dict_keys(['primeira_dag']) retrieved from /opt/airflow/dags/primeira-dag.py
[2023-12-25T12:29:18.087+0000] {logging_mixin.py:137} INFO - [2023-12-25T12:29:18.087+0000] {dag.py:2690} INFO - Sync 1 DAGs
[2023-12-25T12:29:18.103+0000] {logging_mixin.py:137} INFO - [2023-12-25T12:29:18.103+0000] {dag.py:3441} INFO - Setting next_dagrun for primeira_dag to None, run_after=None
[2023-12-25T12:29:18.112+0000] {processor.py:175} INFO - Processing /opt/airflow/dags/primeira-dag.py took 0.077 seconds
[2023-12-25T12:29:23.173+0000] {processor.py:153} INFO - Started process (PID=26411) to work on /opt/airflow/dags/primeira-dag.py
[2023-12-25T12:29:23.175+0000] {processor.py:743} INFO - Processing file /opt/airflow/dags/primeira-dag.py for tasks to queue
[2023-12-25T12:29:23.175+0000] {logging_mixin.py:137} INFO - [2023-12-25T12:29:23.175+0000] {dagbag.py:538} INFO - Filling up the DagBag from /opt/airflow/dags/primeira-dag.py
[2023-12-25T12:29:23.205+0000] {processor.py:753} INFO - DAG(s) dict_keys(['primeira_dag']) retrieved from /opt/airflow/dags/primeira-dag.py
[2023-12-25T12:29:23.227+0000] {logging_mixin.py:137} INFO - [2023-12-25T12:29:23.227+0000] {dag.py:2690} INFO - Sync 1 DAGs
[2023-12-25T12:29:23.242+0000] {logging_mixin.py:137} INFO - [2023-12-25T12:29:23.242+0000] {dag.py:3441} INFO - Setting next_dagrun for primeira_dag to None, run_after=None
[2023-12-25T12:29:23.257+0000] {processor.py:175} INFO - Processing /opt/airflow/dags/primeira-dag.py took 0.087 seconds
[2023-12-25T12:29:28.278+0000] {processor.py:153} INFO - Started process (PID=26428) to work on /opt/airflow/dags/primeira-dag.py
[2023-12-25T12:29:28.279+0000] {processor.py:743} INFO - Processing file /opt/airflow/dags/primeira-dag.py for tasks to queue
[2023-12-25T12:29:28.279+0000] {logging_mixin.py:137} INFO - [2023-12-25T12:29:28.279+0000] {dagbag.py:538} INFO - Filling up the DagBag from /opt/airflow/dags/primeira-dag.py
[2023-12-25T12:29:28.296+0000] {processor.py:753} INFO - DAG(s) dict_keys(['primeira_dag']) retrieved from /opt/airflow/dags/primeira-dag.py
[2023-12-25T12:29:28.336+0000] {logging_mixin.py:137} INFO - [2023-12-25T12:29:28.336+0000] {dag.py:2690} INFO - Sync 1 DAGs
[2023-12-25T12:29:28.350+0000] {logging_mixin.py:137} INFO - [2023-12-25T12:29:28.350+0000] {dag.py:3441} INFO - Setting next_dagrun for primeira_dag to None, run_after=None
[2023-12-25T12:29:28.358+0000] {processor.py:175} INFO - Processing /opt/airflow/dags/primeira-dag.py took 0.083 seconds
[2023-12-25T12:29:33.622+0000] {processor.py:153} INFO - Started process (PID=26429) to work on /opt/airflow/dags/primeira-dag.py
[2023-12-25T12:29:33.623+0000] {processor.py:743} INFO - Processing file /opt/airflow/dags/primeira-dag.py for tasks to queue
[2023-12-25T12:29:33.623+0000] {logging_mixin.py:137} INFO - [2023-12-25T12:29:33.623+0000] {dagbag.py:538} INFO - Filling up the DagBag from /opt/airflow/dags/primeira-dag.py
[2023-12-25T12:29:33.650+0000] {processor.py:753} INFO - DAG(s) dict_keys(['primeira_dag']) retrieved from /opt/airflow/dags/primeira-dag.py
[2023-12-25T12:29:33.668+0000] {logging_mixin.py:137} INFO - [2023-12-25T12:29:33.667+0000] {dag.py:2690} INFO - Sync 1 DAGs
[2023-12-25T12:29:33.681+0000] {logging_mixin.py:137} INFO - [2023-12-25T12:29:33.681+0000] {dag.py:3441} INFO - Setting next_dagrun for primeira_dag to None, run_after=None
[2023-12-25T12:29:33.689+0000] {processor.py:175} INFO - Processing /opt/airflow/dags/primeira-dag.py took 0.071 seconds
[2023-12-25T13:50:26.659+0000] {processor.py:153} INFO - Started process (PID=26430) to work on /opt/airflow/dags/primeira-dag.py
[2023-12-25T13:50:26.661+0000] {processor.py:743} INFO - Processing file /opt/airflow/dags/primeira-dag.py for tasks to queue
[2023-12-25T13:50:26.662+0000] {logging_mixin.py:137} INFO - [2023-12-25T13:50:26.662+0000] {dagbag.py:538} INFO - Filling up the DagBag from /opt/airflow/dags/primeira-dag.py
[2023-12-25T13:50:26.705+0000] {processor.py:753} INFO - DAG(s) dict_keys(['primeira_dag']) retrieved from /opt/airflow/dags/primeira-dag.py
[2023-12-25T13:50:26.767+0000] {logging_mixin.py:137} INFO - [2023-12-25T13:50:26.766+0000] {dag.py:2690} INFO - Sync 1 DAGs
[2023-12-25T13:50:26.848+0000] {logging_mixin.py:137} INFO - [2023-12-25T13:50:26.848+0000] {dag.py:3441} INFO - Setting next_dagrun for primeira_dag to None, run_after=None
[2023-12-25T13:50:26.868+0000] {processor.py:175} INFO - Processing /opt/airflow/dags/primeira-dag.py took 0.216 seconds
[2023-12-25T13:50:31.992+0000] {processor.py:153} INFO - Started process (PID=26447) to work on /opt/airflow/dags/primeira-dag.py
[2023-12-25T13:50:31.994+0000] {processor.py:743} INFO - Processing file /opt/airflow/dags/primeira-dag.py for tasks to queue
[2023-12-25T13:50:31.995+0000] {logging_mixin.py:137} INFO - [2023-12-25T13:50:31.995+0000] {dagbag.py:538} INFO - Filling up the DagBag from /opt/airflow/dags/primeira-dag.py
[2023-12-25T13:50:32.033+0000] {processor.py:753} INFO - DAG(s) dict_keys(['primeira_dag']) retrieved from /opt/airflow/dags/primeira-dag.py
[2023-12-25T13:50:32.056+0000] {logging_mixin.py:137} INFO - [2023-12-25T13:50:32.056+0000] {dag.py:2690} INFO - Sync 1 DAGs
[2023-12-25T13:50:32.072+0000] {logging_mixin.py:137} INFO - [2023-12-25T13:50:32.072+0000] {dag.py:3441} INFO - Setting next_dagrun for primeira_dag to None, run_after=None
[2023-12-25T13:50:32.096+0000] {processor.py:175} INFO - Processing /opt/airflow/dags/primeira-dag.py took 0.110 seconds
[2023-12-25T13:50:37.160+0000] {processor.py:153} INFO - Started process (PID=26448) to work on /opt/airflow/dags/primeira-dag.py
[2023-12-25T13:50:37.161+0000] {processor.py:743} INFO - Processing file /opt/airflow/dags/primeira-dag.py for tasks to queue
[2023-12-25T13:50:37.162+0000] {logging_mixin.py:137} INFO - [2023-12-25T13:50:37.162+0000] {dagbag.py:538} INFO - Filling up the DagBag from /opt/airflow/dags/primeira-dag.py
[2023-12-25T13:50:37.204+0000] {processor.py:753} INFO - DAG(s) dict_keys(['primeira_dag']) retrieved from /opt/airflow/dags/primeira-dag.py
[2023-12-25T13:50:37.227+0000] {logging_mixin.py:137} INFO - [2023-12-25T13:50:37.227+0000] {dag.py:2690} INFO - Sync 1 DAGs
[2023-12-25T13:50:37.248+0000] {logging_mixin.py:137} INFO - [2023-12-25T13:50:37.248+0000] {dag.py:3441} INFO - Setting next_dagrun for primeira_dag to None, run_after=None
[2023-12-25T13:50:37.258+0000] {processor.py:175} INFO - Processing /opt/airflow/dags/primeira-dag.py took 0.103 seconds
[2023-12-25T13:50:42.359+0000] {processor.py:153} INFO - Started process (PID=26465) to work on /opt/airflow/dags/primeira-dag.py
[2023-12-25T13:50:42.361+0000] {processor.py:743} INFO - Processing file /opt/airflow/dags/primeira-dag.py for tasks to queue
[2023-12-25T13:50:42.361+0000] {logging_mixin.py:137} INFO - [2023-12-25T13:50:42.361+0000] {dagbag.py:538} INFO - Filling up the DagBag from /opt/airflow/dags/primeira-dag.py
[2023-12-25T13:50:42.386+0000] {processor.py:753} INFO - DAG(s) dict_keys(['primeira_dag']) retrieved from /opt/airflow/dags/primeira-dag.py
[2023-12-25T13:50:42.417+0000] {logging_mixin.py:137} INFO - [2023-12-25T13:50:42.416+0000] {dag.py:2690} INFO - Sync 1 DAGs
[2023-12-25T13:50:42.434+0000] {logging_mixin.py:137} INFO - [2023-12-25T13:50:42.434+0000] {dag.py:3441} INFO - Setting next_dagrun for primeira_dag to None, run_after=None
[2023-12-25T13:50:42.443+0000] {processor.py:175} INFO - Processing /opt/airflow/dags/primeira-dag.py took 0.095 seconds
[2023-12-25T13:50:47.568+0000] {processor.py:153} INFO - Started process (PID=26466) to work on /opt/airflow/dags/primeira-dag.py
[2023-12-25T13:50:47.569+0000] {processor.py:743} INFO - Processing file /opt/airflow/dags/primeira-dag.py for tasks to queue
[2023-12-25T13:50:47.570+0000] {logging_mixin.py:137} INFO - [2023-12-25T13:50:47.570+0000] {dagbag.py:538} INFO - Filling up the DagBag from /opt/airflow/dags/primeira-dag.py
[2023-12-25T13:50:47.589+0000] {processor.py:753} INFO - DAG(s) dict_keys(['primeira_dag']) retrieved from /opt/airflow/dags/primeira-dag.py
[2023-12-25T13:50:47.625+0000] {logging_mixin.py:137} INFO - [2023-12-25T13:50:47.625+0000] {dag.py:2690} INFO - Sync 1 DAGs
[2023-12-25T13:50:47.641+0000] {logging_mixin.py:137} INFO - [2023-12-25T13:50:47.641+0000] {dag.py:3441} INFO - Setting next_dagrun for primeira_dag to None, run_after=None
[2023-12-25T13:50:47.650+0000] {processor.py:175} INFO - Processing /opt/airflow/dags/primeira-dag.py took 0.087 seconds
[2023-12-25T13:50:52.752+0000] {processor.py:153} INFO - Started process (PID=26484) to work on /opt/airflow/dags/primeira-dag.py
[2023-12-25T13:50:52.754+0000] {processor.py:743} INFO - Processing file /opt/airflow/dags/primeira-dag.py for tasks to queue
[2023-12-25T13:50:52.756+0000] {logging_mixin.py:137} INFO - [2023-12-25T13:50:52.756+0000] {dagbag.py:538} INFO - Filling up the DagBag from /opt/airflow/dags/primeira-dag.py
[2023-12-25T13:50:52.787+0000] {processor.py:753} INFO - DAG(s) dict_keys(['primeira_dag']) retrieved from /opt/airflow/dags/primeira-dag.py
[2023-12-25T13:50:52.806+0000] {logging_mixin.py:137} INFO - [2023-12-25T13:50:52.806+0000] {dag.py:2690} INFO - Sync 1 DAGs
[2023-12-25T13:50:52.821+0000] {logging_mixin.py:137} INFO - [2023-12-25T13:50:52.821+0000] {dag.py:3441} INFO - Setting next_dagrun for primeira_dag to None, run_after=None
[2023-12-25T13:50:52.830+0000] {processor.py:175} INFO - Processing /opt/airflow/dags/primeira-dag.py took 0.099 seconds
[2023-12-25T14:56:27.652+0000] {processor.py:153} INFO - Started process (PID=26485) to work on /opt/airflow/dags/primeira-dag.py
[2023-12-25T14:56:27.653+0000] {processor.py:743} INFO - Processing file /opt/airflow/dags/primeira-dag.py for tasks to queue
[2023-12-25T14:56:27.654+0000] {logging_mixin.py:137} INFO - [2023-12-25T14:56:27.654+0000] {dagbag.py:538} INFO - Filling up the DagBag from /opt/airflow/dags/primeira-dag.py
[2023-12-25T14:56:27.670+0000] {processor.py:753} INFO - DAG(s) dict_keys(['primeira_dag']) retrieved from /opt/airflow/dags/primeira-dag.py
[2023-12-25T14:56:27.686+0000] {logging_mixin.py:137} INFO - [2023-12-25T14:56:27.686+0000] {dag.py:2690} INFO - Sync 1 DAGs
[2023-12-25T14:56:27.698+0000] {logging_mixin.py:137} INFO - [2023-12-25T14:56:27.698+0000] {dag.py:3441} INFO - Setting next_dagrun for primeira_dag to None, run_after=None
[2023-12-25T14:56:27.706+0000] {processor.py:175} INFO - Processing /opt/airflow/dags/primeira-dag.py took 0.058 seconds
[2023-12-25T14:56:32.783+0000] {processor.py:153} INFO - Started process (PID=26495) to work on /opt/airflow/dags/primeira-dag.py
[2023-12-25T14:56:32.784+0000] {processor.py:743} INFO - Processing file /opt/airflow/dags/primeira-dag.py for tasks to queue
[2023-12-25T14:56:32.784+0000] {logging_mixin.py:137} INFO - [2023-12-25T14:56:32.784+0000] {dagbag.py:538} INFO - Filling up the DagBag from /opt/airflow/dags/primeira-dag.py
[2023-12-25T14:56:32.811+0000] {processor.py:753} INFO - DAG(s) dict_keys(['primeira_dag']) retrieved from /opt/airflow/dags/primeira-dag.py
[2023-12-25T14:56:32.835+0000] {logging_mixin.py:137} INFO - [2023-12-25T14:56:32.835+0000] {dag.py:2690} INFO - Sync 1 DAGs
[2023-12-25T14:56:32.852+0000] {logging_mixin.py:137} INFO - [2023-12-25T14:56:32.852+0000] {dag.py:3441} INFO - Setting next_dagrun for primeira_dag to None, run_after=None
[2023-12-25T14:56:32.863+0000] {processor.py:175} INFO - Processing /opt/airflow/dags/primeira-dag.py took 0.085 seconds
[2023-12-25T14:56:37.986+0000] {processor.py:153} INFO - Started process (PID=26503) to work on /opt/airflow/dags/primeira-dag.py
[2023-12-25T14:56:37.986+0000] {processor.py:743} INFO - Processing file /opt/airflow/dags/primeira-dag.py for tasks to queue
[2023-12-25T14:56:37.987+0000] {logging_mixin.py:137} INFO - [2023-12-25T14:56:37.987+0000] {dagbag.py:538} INFO - Filling up the DagBag from /opt/airflow/dags/primeira-dag.py
[2023-12-25T14:56:38.006+0000] {processor.py:753} INFO - DAG(s) dict_keys(['primeira_dag']) retrieved from /opt/airflow/dags/primeira-dag.py
[2023-12-25T14:56:38.039+0000] {logging_mixin.py:137} INFO - [2023-12-25T14:56:38.039+0000] {dag.py:2690} INFO - Sync 1 DAGs
[2023-12-25T14:56:38.055+0000] {logging_mixin.py:137} INFO - [2023-12-25T14:56:38.055+0000] {dag.py:3441} INFO - Setting next_dagrun for primeira_dag to None, run_after=None
[2023-12-25T14:56:38.063+0000] {processor.py:175} INFO - Processing /opt/airflow/dags/primeira-dag.py took 0.082 seconds
[2023-12-25T14:56:43.165+0000] {processor.py:153} INFO - Started process (PID=26504) to work on /opt/airflow/dags/primeira-dag.py
[2023-12-25T14:56:43.166+0000] {processor.py:743} INFO - Processing file /opt/airflow/dags/primeira-dag.py for tasks to queue
[2023-12-25T14:56:43.167+0000] {logging_mixin.py:137} INFO - [2023-12-25T14:56:43.167+0000] {dagbag.py:538} INFO - Filling up the DagBag from /opt/airflow/dags/primeira-dag.py
[2023-12-25T14:56:43.198+0000] {processor.py:753} INFO - DAG(s) dict_keys(['primeira_dag']) retrieved from /opt/airflow/dags/primeira-dag.py
[2023-12-25T14:56:43.226+0000] {logging_mixin.py:137} INFO - [2023-12-25T14:56:43.226+0000] {dag.py:2690} INFO - Sync 1 DAGs
[2023-12-25T14:56:43.253+0000] {logging_mixin.py:137} INFO - [2023-12-25T14:56:43.253+0000] {dag.py:3441} INFO - Setting next_dagrun for primeira_dag to None, run_after=None
[2023-12-25T14:56:43.262+0000] {processor.py:175} INFO - Processing /opt/airflow/dags/primeira-dag.py took 0.104 seconds
[2023-12-25T14:56:48.313+0000] {processor.py:153} INFO - Started process (PID=26521) to work on /opt/airflow/dags/primeira-dag.py
[2023-12-25T14:56:48.314+0000] {processor.py:743} INFO - Processing file /opt/airflow/dags/primeira-dag.py for tasks to queue
[2023-12-25T14:56:48.315+0000] {logging_mixin.py:137} INFO - [2023-12-25T14:56:48.315+0000] {dagbag.py:538} INFO - Filling up the DagBag from /opt/airflow/dags/primeira-dag.py
[2023-12-25T14:56:48.334+0000] {processor.py:753} INFO - DAG(s) dict_keys(['primeira_dag']) retrieved from /opt/airflow/dags/primeira-dag.py
[2023-12-25T14:56:48.354+0000] {logging_mixin.py:137} INFO - [2023-12-25T14:56:48.354+0000] {dag.py:2690} INFO - Sync 1 DAGs
[2023-12-25T14:56:48.370+0000] {logging_mixin.py:137} INFO - [2023-12-25T14:56:48.370+0000] {dag.py:3441} INFO - Setting next_dagrun for primeira_dag to None, run_after=None
[2023-12-25T14:56:48.380+0000] {processor.py:175} INFO - Processing /opt/airflow/dags/primeira-dag.py took 0.071 seconds
[2023-12-25T14:56:53.461+0000] {processor.py:153} INFO - Started process (PID=26522) to work on /opt/airflow/dags/primeira-dag.py
[2023-12-25T14:56:53.462+0000] {processor.py:743} INFO - Processing file /opt/airflow/dags/primeira-dag.py for tasks to queue
[2023-12-25T14:56:53.468+0000] {logging_mixin.py:137} INFO - [2023-12-25T14:56:53.468+0000] {dagbag.py:538} INFO - Filling up the DagBag from /opt/airflow/dags/primeira-dag.py
[2023-12-25T14:56:53.509+0000] {processor.py:753} INFO - DAG(s) dict_keys(['primeira_dag']) retrieved from /opt/airflow/dags/primeira-dag.py
[2023-12-25T14:56:53.531+0000] {logging_mixin.py:137} INFO - [2023-12-25T14:56:53.531+0000] {dag.py:2690} INFO - Sync 1 DAGs
[2023-12-25T14:56:53.546+0000] {logging_mixin.py:137} INFO - [2023-12-25T14:56:53.546+0000] {dag.py:3441} INFO - Setting next_dagrun for primeira_dag to None, run_after=None
[2023-12-25T14:56:53.555+0000] {processor.py:175} INFO - Processing /opt/airflow/dags/primeira-dag.py took 0.102 seconds
[2023-12-25T14:59:00.953+0000] {processor.py:153} INFO - Started process (PID=26539) to work on /opt/airflow/dags/primeira-dag.py
[2023-12-25T14:59:00.958+0000] {processor.py:743} INFO - Processing file /opt/airflow/dags/primeira-dag.py for tasks to queue
[2023-12-25T14:59:00.961+0000] {logging_mixin.py:137} INFO - [2023-12-25T14:59:00.960+0000] {dagbag.py:538} INFO - Filling up the DagBag from /opt/airflow/dags/primeira-dag.py
[2023-12-25T14:59:01.005+0000] {processor.py:753} INFO - DAG(s) dict_keys(['primeira_dag']) retrieved from /opt/airflow/dags/primeira-dag.py
[2023-12-25T14:59:01.062+0000] {logging_mixin.py:137} INFO - [2023-12-25T14:59:01.062+0000] {dag.py:2690} INFO - Sync 1 DAGs
[2023-12-25T14:59:01.156+0000] {logging_mixin.py:137} INFO - [2023-12-25T14:59:01.155+0000] {dag.py:3441} INFO - Setting next_dagrun for primeira_dag to None, run_after=None
[2023-12-25T14:59:01.199+0000] {processor.py:175} INFO - Processing /opt/airflow/dags/primeira-dag.py took 0.275 seconds
[2023-12-25T14:59:06.340+0000] {processor.py:153} INFO - Started process (PID=26540) to work on /opt/airflow/dags/primeira-dag.py
[2023-12-25T14:59:06.342+0000] {processor.py:743} INFO - Processing file /opt/airflow/dags/primeira-dag.py for tasks to queue
[2023-12-25T14:59:06.344+0000] {logging_mixin.py:137} INFO - [2023-12-25T14:59:06.344+0000] {dagbag.py:538} INFO - Filling up the DagBag from /opt/airflow/dags/primeira-dag.py
[2023-12-25T14:59:06.380+0000] {processor.py:753} INFO - DAG(s) dict_keys(['primeira_dag']) retrieved from /opt/airflow/dags/primeira-dag.py
[2023-12-25T14:59:06.411+0000] {logging_mixin.py:137} INFO - [2023-12-25T14:59:06.410+0000] {dag.py:2690} INFO - Sync 1 DAGs
[2023-12-25T14:59:06.428+0000] {logging_mixin.py:137} INFO - [2023-12-25T14:59:06.428+0000] {dag.py:3441} INFO - Setting next_dagrun for primeira_dag to None, run_after=None
[2023-12-25T14:59:06.438+0000] {processor.py:175} INFO - Processing /opt/airflow/dags/primeira-dag.py took 0.106 seconds
