[2024-01-17T00:39:41.924+0000] {taskinstance.py:1083} INFO - Dependencies all met for <TaskInstance: dummy.tsk3 manual__2024-01-17T00:39:40.076323+00:00 [queued]>
[2024-01-17T00:39:41.932+0000] {taskinstance.py:1083} INFO - Dependencies all met for <TaskInstance: dummy.tsk3 manual__2024-01-17T00:39:40.076323+00:00 [queued]>
[2024-01-17T00:39:41.933+0000] {taskinstance.py:1279} INFO - 
--------------------------------------------------------------------------------
[2024-01-17T00:39:41.933+0000] {taskinstance.py:1280} INFO - Starting attempt 1 of 1
[2024-01-17T00:39:41.933+0000] {taskinstance.py:1281} INFO - 
--------------------------------------------------------------------------------
[2024-01-17T00:39:41.942+0000] {taskinstance.py:1300} INFO - Executing <Task(BashOperator): tsk3> on 2024-01-17 00:39:40.076323+00:00
[2024-01-17T00:39:41.952+0000] {standard_task_runner.py:55} INFO - Started process 186 to run task
[2024-01-17T00:39:41.957+0000] {standard_task_runner.py:82} INFO - Running: ['***', 'tasks', 'run', 'dummy', 'tsk3', 'manual__2024-01-17T00:39:40.076323+00:00', '--job-id', '59', '--raw', '--subdir', 'DAGS_FOLDER/15-dummy.py', '--cfg-path', '/tmp/tmpq5nqtyz4']
[2024-01-17T00:39:41.958+0000] {standard_task_runner.py:83} INFO - Job 59: Subtask tsk3
[2024-01-17T00:39:42.000+0000] {task_command.py:388} INFO - Running <TaskInstance: dummy.tsk3 manual__2024-01-17T00:39:40.076323+00:00 [running]> on host 718831e78672
[2024-01-17T00:39:42.040+0000] {taskinstance.py:1509} INFO - Exporting the following env vars:
AIRFLOW_CTX_DAG_OWNER=***
AIRFLOW_CTX_DAG_ID=dummy
AIRFLOW_CTX_TASK_ID=tsk3
AIRFLOW_CTX_EXECUTION_DATE=2024-01-17T00:39:40.076323+00:00
AIRFLOW_CTX_TRY_NUMBER=1
AIRFLOW_CTX_DAG_RUN_ID=manual__2024-01-17T00:39:40.076323+00:00
[2024-01-17T00:39:42.042+0000] {subprocess.py:63} INFO - Tmp dir root location: 
 /tmp
[2024-01-17T00:39:42.042+0000] {subprocess.py:75} INFO - Running command: ['/bin/bash', '-c', 'sleep 1']
[2024-01-17T00:39:42.051+0000] {subprocess.py:86} INFO - Output:
[2024-01-17T00:39:43.069+0000] {subprocess.py:97} INFO - Command exited with return code 0
[2024-01-17T00:39:43.105+0000] {taskinstance.py:1323} INFO - Marking task as SUCCESS. dag_id=dummy, task_id=tsk3, execution_date=20240117T003940, start_date=20240117T003941, end_date=20240117T003943
[2024-01-17T00:39:43.158+0000] {local_task_job.py:208} INFO - Task exited with return code 0
[2024-01-17T00:39:43.186+0000] {taskinstance.py:2578} INFO - 0 downstream tasks scheduled from follow-on schedule check
