[2024-01-18T00:18:53.544+0000] {taskinstance.py:1083} INFO - Dependencies all met for <TaskInstance: pool.tsk_2 manual__2024-01-18T00:18:47.150020+00:00 [queued]>
[2024-01-18T00:18:53.549+0000] {taskinstance.py:1083} INFO - Dependencies all met for <TaskInstance: pool.tsk_2 manual__2024-01-18T00:18:47.150020+00:00 [queued]>
[2024-01-18T00:18:53.549+0000] {taskinstance.py:1279} INFO - 
--------------------------------------------------------------------------------
[2024-01-18T00:18:53.550+0000] {taskinstance.py:1280} INFO - Starting attempt 1 of 1
[2024-01-18T00:18:53.550+0000] {taskinstance.py:1281} INFO - 
--------------------------------------------------------------------------------
[2024-01-18T00:18:53.556+0000] {taskinstance.py:1300} INFO - Executing <Task(BashOperator): tsk_2> on 2024-01-18 00:18:47.150020+00:00
[2024-01-18T00:18:53.560+0000] {standard_task_runner.py:55} INFO - Started process 14144 to run task
[2024-01-18T00:18:53.562+0000] {standard_task_runner.py:82} INFO - Running: ['***', 'tasks', 'run', 'pool', 'tsk_2', 'manual__2024-01-18T00:18:47.150020+00:00', '--job-id', '74', '--raw', '--subdir', 'DAGS_FOLDER/17-pools.py', '--cfg-path', '/tmp/tmp4mr8hyns']
[2024-01-18T00:18:53.563+0000] {standard_task_runner.py:83} INFO - Job 74: Subtask tsk_2
[2024-01-18T00:18:53.615+0000] {task_command.py:388} INFO - Running <TaskInstance: pool.tsk_2 manual__2024-01-18T00:18:47.150020+00:00 [running]> on host 718831e78672
[2024-01-18T00:18:53.653+0000] {taskinstance.py:1509} INFO - Exporting the following env vars:
AIRFLOW_CTX_DAG_OWNER=***
AIRFLOW_CTX_DAG_ID=pool
AIRFLOW_CTX_TASK_ID=tsk_2
AIRFLOW_CTX_EXECUTION_DATE=2024-01-18T00:18:47.150020+00:00
AIRFLOW_CTX_TRY_NUMBER=1
AIRFLOW_CTX_DAG_RUN_ID=manual__2024-01-18T00:18:47.150020+00:00
[2024-01-18T00:18:53.653+0000] {subprocess.py:63} INFO - Tmp dir root location: 
 /tmp
[2024-01-18T00:18:53.654+0000] {subprocess.py:75} INFO - Running command: ['/bin/bash', '-c', 'sleep 5']
[2024-01-18T00:18:53.661+0000] {subprocess.py:86} INFO - Output:
[2024-01-18T00:18:58.668+0000] {subprocess.py:97} INFO - Command exited with return code 0
[2024-01-18T00:18:58.708+0000] {taskinstance.py:1323} INFO - Marking task as SUCCESS. dag_id=pool, task_id=tsk_2, execution_date=20240118T001847, start_date=20240118T001853, end_date=20240118T001858
[2024-01-18T00:18:58.752+0000] {local_task_job.py:208} INFO - Task exited with return code 0
[2024-01-18T00:18:58.763+0000] {taskinstance.py:2578} INFO - 0 downstream tasks scheduled from follow-on schedule check
