[2024-01-11T01:47:50.117+0000] {taskinstance.py:1083} INFO - Dependencies all met for <TaskInstance: dagcomplexa.tsk2 manual__2024-01-11T01:47:40.650086+00:00 [queued]>
[2024-01-11T01:47:50.130+0000] {taskinstance.py:1083} INFO - Dependencies all met for <TaskInstance: dagcomplexa.tsk2 manual__2024-01-11T01:47:40.650086+00:00 [queued]>
[2024-01-11T01:47:50.130+0000] {taskinstance.py:1279} INFO - 
--------------------------------------------------------------------------------
[2024-01-11T01:47:50.131+0000] {taskinstance.py:1280} INFO - Starting attempt 1 of 1
[2024-01-11T01:47:50.131+0000] {taskinstance.py:1281} INFO - 
--------------------------------------------------------------------------------
[2024-01-11T01:47:50.149+0000] {taskinstance.py:1300} INFO - Executing <Task(BashOperator): tsk2> on 2024-01-11 01:47:40.650086+00:00
[2024-01-11T01:47:50.154+0000] {standard_task_runner.py:55} INFO - Started process 56319 to run task
[2024-01-11T01:47:50.158+0000] {standard_task_runner.py:82} INFO - Running: ['***', 'tasks', 'run', 'dagcomplexa', 'tsk2', 'manual__2024-01-11T01:47:40.650086+00:00', '--job-id', '33', '--raw', '--subdir', 'DAGS_FOLDER/8-dag-complexa.py', '--cfg-path', '/tmp/tmpp_ano5er']
[2024-01-11T01:47:50.158+0000] {standard_task_runner.py:83} INFO - Job 33: Subtask tsk2
[2024-01-11T01:47:50.206+0000] {task_command.py:388} INFO - Running <TaskInstance: dagcomplexa.tsk2 manual__2024-01-11T01:47:40.650086+00:00 [running]> on host 8c81727a976c
[2024-01-11T01:47:50.249+0000] {taskinstance.py:1509} INFO - Exporting the following env vars:
AIRFLOW_CTX_DAG_OWNER=***
AIRFLOW_CTX_DAG_ID=dagcomplexa
AIRFLOW_CTX_TASK_ID=tsk2
AIRFLOW_CTX_EXECUTION_DATE=2024-01-11T01:47:40.650086+00:00
AIRFLOW_CTX_TRY_NUMBER=1
AIRFLOW_CTX_DAG_RUN_ID=manual__2024-01-11T01:47:40.650086+00:00
[2024-01-11T01:47:50.250+0000] {subprocess.py:63} INFO - Tmp dir root location: 
 /tmp
[2024-01-11T01:47:50.250+0000] {subprocess.py:75} INFO - Running command: ['/bin/bash', '-c', 'sleep 5']
[2024-01-11T01:47:50.257+0000] {subprocess.py:86} INFO - Output:
[2024-01-11T01:47:55.263+0000] {subprocess.py:97} INFO - Command exited with return code 0
[2024-01-11T01:47:55.297+0000] {taskinstance.py:1323} INFO - Marking task as SUCCESS. dag_id=dagcomplexa, task_id=tsk2, execution_date=20240111T014740, start_date=20240111T014750, end_date=20240111T014755
[2024-01-11T01:47:55.344+0000] {local_task_job.py:208} INFO - Task exited with return code 0
[2024-01-11T01:47:55.382+0000] {taskinstance.py:2578} INFO - 0 downstream tasks scheduled from follow-on schedule check
