[2024-01-08T01:56:43.281+0000] {taskinstance.py:1083} INFO - Dependencies all met for <TaskInstance: primeira_dag.tsk3 manual__2024-01-08T01:56:30.388042+00:00 [queued]>
[2024-01-08T01:56:43.286+0000] {taskinstance.py:1083} INFO - Dependencies all met for <TaskInstance: primeira_dag.tsk3 manual__2024-01-08T01:56:30.388042+00:00 [queued]>
[2024-01-08T01:56:43.286+0000] {taskinstance.py:1279} INFO - 
--------------------------------------------------------------------------------
[2024-01-08T01:56:43.286+0000] {taskinstance.py:1280} INFO - Starting attempt 1 of 1
[2024-01-08T01:56:43.287+0000] {taskinstance.py:1281} INFO - 
--------------------------------------------------------------------------------
[2024-01-08T01:56:43.292+0000] {taskinstance.py:1300} INFO - Executing <Task(BashOperator): tsk3> on 2024-01-08 01:56:30.388042+00:00
[2024-01-08T01:56:43.295+0000] {standard_task_runner.py:55} INFO - Started process 222 to run task
[2024-01-08T01:56:43.297+0000] {standard_task_runner.py:82} INFO - Running: ['***', 'tasks', 'run', 'primeira_dag', 'tsk3', 'manual__2024-01-08T01:56:30.388042+00:00', '--job-id', '17', '--raw', '--subdir', 'DAGS_FOLDER/primeira-dag.py', '--cfg-path', '/tmp/tmpthlu_cta']
[2024-01-08T01:56:43.297+0000] {standard_task_runner.py:83} INFO - Job 17: Subtask tsk3
[2024-01-08T01:56:43.326+0000] {task_command.py:388} INFO - Running <TaskInstance: primeira_dag.tsk3 manual__2024-01-08T01:56:30.388042+00:00 [running]> on host 8c81727a976c
[2024-01-08T01:56:43.360+0000] {taskinstance.py:1509} INFO - Exporting the following env vars:
AIRFLOW_CTX_DAG_OWNER=***
AIRFLOW_CTX_DAG_ID=primeira_dag
AIRFLOW_CTX_TASK_ID=tsk3
AIRFLOW_CTX_EXECUTION_DATE=2024-01-08T01:56:30.388042+00:00
AIRFLOW_CTX_TRY_NUMBER=1
AIRFLOW_CTX_DAG_RUN_ID=manual__2024-01-08T01:56:30.388042+00:00
[2024-01-08T01:56:43.360+0000] {subprocess.py:63} INFO - Tmp dir root location: 
 /tmp
[2024-01-08T01:56:43.361+0000] {subprocess.py:75} INFO - Running command: ['/bin/bash', '-c', 'sleep 5']
[2024-01-08T01:56:43.366+0000] {subprocess.py:86} INFO - Output:
[2024-01-08T01:56:48.370+0000] {subprocess.py:97} INFO - Command exited with return code 0
[2024-01-08T01:56:48.417+0000] {taskinstance.py:1323} INFO - Marking task as SUCCESS. dag_id=primeira_dag, task_id=tsk3, execution_date=20240108T015630, start_date=20240108T015643, end_date=20240108T015648
[2024-01-08T01:56:48.464+0000] {local_task_job.py:208} INFO - Task exited with return code 0
[2024-01-08T01:56:48.478+0000] {taskinstance.py:2578} INFO - 0 downstream tasks scheduled from follow-on schedule check
