[2024-01-11T01:47:56.382+0000] {taskinstance.py:1083} INFO - Dependencies all met for <TaskInstance: dagcomplexa.tsk5 manual__2024-01-11T01:47:40.650086+00:00 [queued]>
[2024-01-11T01:47:56.392+0000] {taskinstance.py:1083} INFO - Dependencies all met for <TaskInstance: dagcomplexa.tsk5 manual__2024-01-11T01:47:40.650086+00:00 [queued]>
[2024-01-11T01:47:56.392+0000] {taskinstance.py:1279} INFO - 
--------------------------------------------------------------------------------
[2024-01-11T01:47:56.392+0000] {taskinstance.py:1280} INFO - Starting attempt 1 of 1
[2024-01-11T01:47:56.392+0000] {taskinstance.py:1281} INFO - 
--------------------------------------------------------------------------------
[2024-01-11T01:47:56.403+0000] {taskinstance.py:1300} INFO - Executing <Task(BashOperator): tsk5> on 2024-01-11 01:47:40.650086+00:00
[2024-01-11T01:47:56.410+0000] {standard_task_runner.py:55} INFO - Started process 56324 to run task
[2024-01-11T01:47:56.412+0000] {standard_task_runner.py:82} INFO - Running: ['***', 'tasks', 'run', 'dagcomplexa', 'tsk5', 'manual__2024-01-11T01:47:40.650086+00:00', '--job-id', '35', '--raw', '--subdir', 'DAGS_FOLDER/8-dag-complexa.py', '--cfg-path', '/tmp/tmpivzrmrxr']
[2024-01-11T01:47:56.412+0000] {standard_task_runner.py:83} INFO - Job 35: Subtask tsk5
[2024-01-11T01:47:56.449+0000] {task_command.py:388} INFO - Running <TaskInstance: dagcomplexa.tsk5 manual__2024-01-11T01:47:40.650086+00:00 [running]> on host 8c81727a976c
[2024-01-11T01:47:56.511+0000] {taskinstance.py:1509} INFO - Exporting the following env vars:
AIRFLOW_CTX_DAG_OWNER=***
AIRFLOW_CTX_DAG_ID=dagcomplexa
AIRFLOW_CTX_TASK_ID=tsk5
AIRFLOW_CTX_EXECUTION_DATE=2024-01-11T01:47:40.650086+00:00
AIRFLOW_CTX_TRY_NUMBER=1
AIRFLOW_CTX_DAG_RUN_ID=manual__2024-01-11T01:47:40.650086+00:00
[2024-01-11T01:47:56.515+0000] {subprocess.py:63} INFO - Tmp dir root location: 
 /tmp
[2024-01-11T01:47:56.516+0000] {subprocess.py:75} INFO - Running command: ['/bin/bash', '-c', 'sleep 5']
[2024-01-11T01:47:56.526+0000] {subprocess.py:86} INFO - Output:
[2024-01-11T01:48:01.532+0000] {subprocess.py:97} INFO - Command exited with return code 0
[2024-01-11T01:48:01.564+0000] {taskinstance.py:1323} INFO - Marking task as SUCCESS. dag_id=dagcomplexa, task_id=tsk5, execution_date=20240111T014740, start_date=20240111T014756, end_date=20240111T014801
[2024-01-11T01:48:01.599+0000] {local_task_job.py:208} INFO - Task exited with return code 0
[2024-01-11T01:48:01.621+0000] {taskinstance.py:2578} INFO - 1 downstream tasks scheduled from follow-on schedule check
