[2024-01-12T12:31:08.868+0000] {taskinstance.py:1083} INFO - Dependencies all met for <TaskInstance: dagtaskgroup.tsk2 manual__2024-01-12T12:31:01.926087+00:00 [queued]>
[2024-01-12T12:31:08.876+0000] {taskinstance.py:1083} INFO - Dependencies all met for <TaskInstance: dagtaskgroup.tsk2 manual__2024-01-12T12:31:01.926087+00:00 [queued]>
[2024-01-12T12:31:08.877+0000] {taskinstance.py:1279} INFO - 
--------------------------------------------------------------------------------
[2024-01-12T12:31:08.877+0000] {taskinstance.py:1280} INFO - Starting attempt 1 of 1
[2024-01-12T12:31:08.877+0000] {taskinstance.py:1281} INFO - 
--------------------------------------------------------------------------------
[2024-01-12T12:31:08.899+0000] {taskinstance.py:1300} INFO - Executing <Task(BashOperator): tsk2> on 2024-01-12 12:31:01.926087+00:00
[2024-01-12T12:31:08.907+0000] {standard_task_runner.py:55} INFO - Started process 385 to run task
[2024-01-12T12:31:08.911+0000] {standard_task_runner.py:82} INFO - Running: ['***', 'tasks', 'run', 'dagtaskgroup', 'tsk2', 'manual__2024-01-12T12:31:01.926087+00:00', '--job-id', '44', '--raw', '--subdir', 'DAGS_FOLDER/9-dag-taskgroup.py', '--cfg-path', '/tmp/tmpy9d3ciwr']
[2024-01-12T12:31:08.912+0000] {standard_task_runner.py:83} INFO - Job 44: Subtask tsk2
[2024-01-12T12:31:08.965+0000] {task_command.py:388} INFO - Running <TaskInstance: dagtaskgroup.tsk2 manual__2024-01-12T12:31:01.926087+00:00 [running]> on host 8c81727a976c
[2024-01-12T12:31:09.044+0000] {taskinstance.py:1509} INFO - Exporting the following env vars:
AIRFLOW_CTX_DAG_OWNER=***
AIRFLOW_CTX_DAG_ID=dagtaskgroup
AIRFLOW_CTX_TASK_ID=tsk2
AIRFLOW_CTX_EXECUTION_DATE=2024-01-12T12:31:01.926087+00:00
AIRFLOW_CTX_TRY_NUMBER=1
AIRFLOW_CTX_DAG_RUN_ID=manual__2024-01-12T12:31:01.926087+00:00
[2024-01-12T12:31:09.047+0000] {subprocess.py:63} INFO - Tmp dir root location: 
 /tmp
[2024-01-12T12:31:09.048+0000] {subprocess.py:75} INFO - Running command: ['/bin/bash', '-c', 'sleep 5']
[2024-01-12T12:31:09.065+0000] {subprocess.py:86} INFO - Output:
[2024-01-12T12:31:14.071+0000] {subprocess.py:97} INFO - Command exited with return code 0
[2024-01-12T12:31:14.110+0000] {taskinstance.py:1323} INFO - Marking task as SUCCESS. dag_id=dagtaskgroup, task_id=tsk2, execution_date=20240112T123101, start_date=20240112T123108, end_date=20240112T123114
[2024-01-12T12:31:14.139+0000] {local_task_job.py:208} INFO - Task exited with return code 0
[2024-01-12T12:31:14.158+0000] {taskinstance.py:2578} INFO - 1 downstream tasks scheduled from follow-on schedule check
