[2024-01-18T00:17:22.177+0000] {taskinstance.py:1083} INFO - Dependencies all met for <TaskInstance: pool.tsk_2 manual__2024-01-18T00:17:14.416641+00:00 [queued]>
[2024-01-18T00:17:22.186+0000] {taskinstance.py:1083} INFO - Dependencies all met for <TaskInstance: pool.tsk_2 manual__2024-01-18T00:17:14.416641+00:00 [queued]>
[2024-01-18T00:17:22.186+0000] {taskinstance.py:1279} INFO - 
--------------------------------------------------------------------------------
[2024-01-18T00:17:22.187+0000] {taskinstance.py:1280} INFO - Starting attempt 1 of 1
[2024-01-18T00:17:22.187+0000] {taskinstance.py:1281} INFO - 
--------------------------------------------------------------------------------
[2024-01-18T00:17:22.196+0000] {taskinstance.py:1300} INFO - Executing <Task(BashOperator): tsk_2> on 2024-01-18 00:17:14.416641+00:00
[2024-01-18T00:17:22.201+0000] {standard_task_runner.py:55} INFO - Started process 13999 to run task
[2024-01-18T00:17:22.204+0000] {standard_task_runner.py:82} INFO - Running: ['***', 'tasks', 'run', 'pool', 'tsk_2', 'manual__2024-01-18T00:17:14.416641+00:00', '--job-id', '66', '--raw', '--subdir', 'DAGS_FOLDER/17-pools.py', '--cfg-path', '/tmp/tmpt2dgfrrh']
[2024-01-18T00:17:22.204+0000] {standard_task_runner.py:83} INFO - Job 66: Subtask tsk_2
[2024-01-18T00:17:22.242+0000] {task_command.py:388} INFO - Running <TaskInstance: pool.tsk_2 manual__2024-01-18T00:17:14.416641+00:00 [running]> on host 718831e78672
[2024-01-18T00:17:22.309+0000] {taskinstance.py:1509} INFO - Exporting the following env vars:
AIRFLOW_CTX_DAG_OWNER=***
AIRFLOW_CTX_DAG_ID=pool
AIRFLOW_CTX_TASK_ID=tsk_2
AIRFLOW_CTX_EXECUTION_DATE=2024-01-18T00:17:14.416641+00:00
AIRFLOW_CTX_TRY_NUMBER=1
AIRFLOW_CTX_DAG_RUN_ID=manual__2024-01-18T00:17:14.416641+00:00
[2024-01-18T00:17:22.311+0000] {subprocess.py:63} INFO - Tmp dir root location: 
 /tmp
[2024-01-18T00:17:22.312+0000] {subprocess.py:75} INFO - Running command: ['/bin/bash', '-c', 'sleep 5']
[2024-01-18T00:17:22.320+0000] {subprocess.py:86} INFO - Output:
[2024-01-18T00:17:27.324+0000] {subprocess.py:97} INFO - Command exited with return code 0
[2024-01-18T00:17:27.346+0000] {taskinstance.py:1323} INFO - Marking task as SUCCESS. dag_id=pool, task_id=tsk_2, execution_date=20240118T001714, start_date=20240118T001722, end_date=20240118T001727
[2024-01-18T00:17:27.402+0000] {local_task_job.py:208} INFO - Task exited with return code 0
[2024-01-18T00:17:27.412+0000] {taskinstance.py:2578} INFO - 0 downstream tasks scheduled from follow-on schedule check
