[2024-01-20T02:22:20.302+0000] {taskinstance.py:1083} INFO - Dependencies all met for <TaskInstance: bancodedados.create_table manual__2024-01-20T02:22:18.960356+00:00 [queued]>
[2024-01-20T02:22:20.328+0000] {taskinstance.py:1083} INFO - Dependencies all met for <TaskInstance: bancodedados.create_table manual__2024-01-20T02:22:18.960356+00:00 [queued]>
[2024-01-20T02:22:20.329+0000] {taskinstance.py:1279} INFO - 
--------------------------------------------------------------------------------
[2024-01-20T02:22:20.330+0000] {taskinstance.py:1280} INFO - Starting attempt 1 of 1
[2024-01-20T02:22:20.330+0000] {taskinstance.py:1281} INFO - 
--------------------------------------------------------------------------------
[2024-01-20T02:22:20.346+0000] {taskinstance.py:1300} INFO - Executing <Task(PostgresOperator): create_table> on 2024-01-20 02:22:18.960356+00:00
[2024-01-20T02:22:20.354+0000] {standard_task_runner.py:55} INFO - Started process 49654 to run task
[2024-01-20T02:22:20.360+0000] {standard_task_runner.py:82} INFO - Running: ['***', 'tasks', 'run', 'bancodedados', 'create_table', 'manual__2024-01-20T02:22:18.960356+00:00', '--job-id', '123', '--raw', '--subdir', 'DAGS_FOLDER/23-bancodedados.py', '--cfg-path', '/tmp/tmp0dhubn8v']
[2024-01-20T02:22:20.361+0000] {standard_task_runner.py:83} INFO - Job 123: Subtask create_table
[2024-01-20T02:22:20.486+0000] {task_command.py:388} INFO - Running <TaskInstance: bancodedados.create_table manual__2024-01-20T02:22:18.960356+00:00 [running]> on host cb9489d15b76
[2024-01-20T02:22:20.656+0000] {taskinstance.py:1509} INFO - Exporting the following env vars:
AIRFLOW_CTX_DAG_OWNER=***
AIRFLOW_CTX_DAG_ID=bancodedados
AIRFLOW_CTX_TASK_ID=create_table
AIRFLOW_CTX_EXECUTION_DATE=2024-01-20T02:22:18.960356+00:00
AIRFLOW_CTX_TRY_NUMBER=1
AIRFLOW_CTX_DAG_RUN_ID=manual__2024-01-20T02:22:18.960356+00:00
[2024-01-20T02:22:20.658+0000] {sql.py:254} INFO - Executing: create table if not exists teste(id int);
[2024-01-20T02:22:20.672+0000] {base.py:73} INFO - Using connection ID 'postgres' for task execution.
[2024-01-20T02:22:20.931+0000] {base.py:73} INFO - Using connection ID 'postgres' for task execution.
[2024-01-20T02:22:20.947+0000] {sql.py:375} INFO - Running statement: create table if not exists teste(id int);, parameters: None
[2024-01-20T02:22:20.995+0000] {taskinstance.py:1323} INFO - Marking task as SUCCESS. dag_id=bancodedados, task_id=create_table, execution_date=20240120T022218, start_date=20240120T022220, end_date=20240120T022220
[2024-01-20T02:22:21.068+0000] {local_task_job.py:208} INFO - Task exited with return code 0
[2024-01-20T02:22:21.115+0000] {taskinstance.py:2578} INFO - 0 downstream tasks scheduled from follow-on schedule check
