[2024-01-17T00:53:08.650+0000] {taskinstance.py:1083} INFO - Dependencies all met for <TaskInstance: variaveis.tsk1 manual__2024-01-17T00:53:05.948817+00:00 [queued]>
[2024-01-17T00:53:08.655+0000] {taskinstance.py:1083} INFO - Dependencies all met for <TaskInstance: variaveis.tsk1 manual__2024-01-17T00:53:05.948817+00:00 [queued]>
[2024-01-17T00:53:08.655+0000] {taskinstance.py:1279} INFO - 
--------------------------------------------------------------------------------
[2024-01-17T00:53:08.655+0000] {taskinstance.py:1280} INFO - Starting attempt 1 of 1
[2024-01-17T00:53:08.655+0000] {taskinstance.py:1281} INFO - 
--------------------------------------------------------------------------------
[2024-01-17T00:53:08.663+0000] {taskinstance.py:1300} INFO - Executing <Task(PythonOperator): tsk1> on 2024-01-17 00:53:05.948817+00:00
[2024-01-17T00:53:08.667+0000] {standard_task_runner.py:55} INFO - Started process 1334 to run task
[2024-01-17T00:53:08.670+0000] {standard_task_runner.py:82} INFO - Running: ['***', 'tasks', 'run', 'variaveis', 'tsk1', 'manual__2024-01-17T00:53:05.948817+00:00', '--job-id', '64', '--raw', '--subdir', 'DAGS_FOLDER/16-variables.py', '--cfg-path', '/tmp/tmpcz8_o4cu']
[2024-01-17T00:53:08.671+0000] {standard_task_runner.py:83} INFO - Job 64: Subtask tsk1
[2024-01-17T00:53:08.704+0000] {task_command.py:388} INFO - Running <TaskInstance: variaveis.tsk1 manual__2024-01-17T00:53:05.948817+00:00 [running]> on host 718831e78672
[2024-01-17T00:53:08.757+0000] {taskinstance.py:1509} INFO - Exporting the following env vars:
AIRFLOW_CTX_DAG_OWNER=***
AIRFLOW_CTX_DAG_ID=variaveis
AIRFLOW_CTX_TASK_ID=tsk1
AIRFLOW_CTX_EXECUTION_DATE=2024-01-17T00:53:05.948817+00:00
AIRFLOW_CTX_TRY_NUMBER=1
AIRFLOW_CTX_DAG_RUN_ID=manual__2024-01-17T00:53:05.948817+00:00
[2024-01-17T00:53:08.762+0000] {logging_mixin.py:137} INFO - O valor da variável é: teste valor da var
[2024-01-17T00:53:08.762+0000] {python.py:177} INFO - Done. Returned value was: None
[2024-01-17T00:53:08.767+0000] {taskinstance.py:1323} INFO - Marking task as SUCCESS. dag_id=variaveis, task_id=tsk1, execution_date=20240117T005305, start_date=20240117T005308, end_date=20240117T005308
[2024-01-17T00:53:08.805+0000] {local_task_job.py:208} INFO - Task exited with return code 0
[2024-01-17T00:53:08.821+0000] {taskinstance.py:2578} INFO - 0 downstream tasks scheduled from follow-on schedule check
