[2024-01-20T02:55:07.386+0000] {taskinstance.py:1083} INFO - Dependencies all met for <TaskInstance: hook.insert_data_task manual__2024-01-20T02:55:05.601378+00:00 [queued]>
[2024-01-20T02:55:07.391+0000] {taskinstance.py:1083} INFO - Dependencies all met for <TaskInstance: hook.insert_data_task manual__2024-01-20T02:55:05.601378+00:00 [queued]>
[2024-01-20T02:55:07.392+0000] {taskinstance.py:1279} INFO - 
--------------------------------------------------------------------------------
[2024-01-20T02:55:07.392+0000] {taskinstance.py:1280} INFO - Starting attempt 1 of 1
[2024-01-20T02:55:07.392+0000] {taskinstance.py:1281} INFO - 
--------------------------------------------------------------------------------
[2024-01-20T02:55:07.398+0000] {taskinstance.py:1300} INFO - Executing <Task(PythonOperator): insert_data_task> on 2024-01-20 02:55:05.601378+00:00
[2024-01-20T02:55:07.402+0000] {standard_task_runner.py:55} INFO - Started process 52448 to run task
[2024-01-20T02:55:07.405+0000] {standard_task_runner.py:82} INFO - Running: ['***', 'tasks', 'run', 'hook', 'insert_data_task', 'manual__2024-01-20T02:55:05.601378+00:00', '--job-id', '141', '--raw', '--subdir', 'DAGS_FOLDER/24-hooks.py', '--cfg-path', '/tmp/tmp33lx4h37']
[2024-01-20T02:55:07.405+0000] {standard_task_runner.py:83} INFO - Job 141: Subtask insert_data_task
[2024-01-20T02:55:07.438+0000] {task_command.py:388} INFO - Running <TaskInstance: hook.insert_data_task manual__2024-01-20T02:55:05.601378+00:00 [running]> on host cb9489d15b76
[2024-01-20T02:55:07.469+0000] {taskinstance.py:1509} INFO - Exporting the following env vars:
AIRFLOW_CTX_DAG_OWNER=***
AIRFLOW_CTX_DAG_ID=hook
AIRFLOW_CTX_TASK_ID=insert_data_task
AIRFLOW_CTX_EXECUTION_DATE=2024-01-20T02:55:05.601378+00:00
AIRFLOW_CTX_TRY_NUMBER=1
AIRFLOW_CTX_DAG_RUN_ID=manual__2024-01-20T02:55:05.601378+00:00
[2024-01-20T02:55:07.473+0000] {base.py:73} INFO - Using connection ID 'postgres' for task execution.
[2024-01-20T02:55:07.476+0000] {sql.py:375} INFO - Running statement: insert into teste2 values(1);, parameters: None
[2024-01-20T02:55:07.476+0000] {sql.py:384} INFO - Rows affected: 1
[2024-01-20T02:55:07.477+0000] {python.py:177} INFO - Done. Returned value was: None
[2024-01-20T02:55:07.483+0000] {taskinstance.py:1323} INFO - Marking task as SUCCESS. dag_id=hook, task_id=insert_data_task, execution_date=20240120T025505, start_date=20240120T025507, end_date=20240120T025507
[2024-01-20T02:55:07.497+0000] {local_task_job.py:208} INFO - Task exited with return code 0
[2024-01-20T02:55:07.512+0000] {taskinstance.py:2578} INFO - 1 downstream tasks scheduled from follow-on schedule check
