[2024-01-21T13:28:27.159+0000] {taskinstance.py:1083} INFO - Dependencies all met for <TaskInstance: primeira_dag.tsk1 manual__2024-01-21T13:26:42+00:00 [queued]>
[2024-01-21T13:28:27.166+0000] {taskinstance.py:1083} INFO - Dependencies all met for <TaskInstance: primeira_dag.tsk1 manual__2024-01-21T13:26:42+00:00 [queued]>
[2024-01-21T13:28:27.166+0000] {taskinstance.py:1279} INFO - 
--------------------------------------------------------------------------------
[2024-01-21T13:28:27.166+0000] {taskinstance.py:1280} INFO - Starting attempt 1 of 1
[2024-01-21T13:28:27.166+0000] {taskinstance.py:1281} INFO - 
--------------------------------------------------------------------------------
[2024-01-21T13:28:27.174+0000] {taskinstance.py:1300} INFO - Executing <Task(BashOperator): tsk1> on 2024-01-21 13:26:42+00:00
[2024-01-21T13:28:27.178+0000] {standard_task_runner.py:55} INFO - Started process 743 to run task
[2024-01-21T13:28:27.181+0000] {standard_task_runner.py:82} INFO - Running: ['***', 'tasks', 'run', 'primeira_dag', 'tsk1', 'manual__2024-01-21T13:26:42+00:00', '--job-id', '154', '--raw', '--subdir', 'DAGS_FOLDER/01-primeira-dag.py', '--cfg-path', '/tmp/tmpdoephzof']
[2024-01-21T13:28:27.181+0000] {standard_task_runner.py:83} INFO - Job 154: Subtask tsk1
[2024-01-21T13:28:27.212+0000] {task_command.py:388} INFO - Running <TaskInstance: primeira_dag.tsk1 manual__2024-01-21T13:26:42+00:00 [running]> on host cb9489d15b76
[2024-01-21T13:28:27.252+0000] {taskinstance.py:1509} INFO - Exporting the following env vars:
AIRFLOW_CTX_DAG_OWNER=***
AIRFLOW_CTX_DAG_ID=primeira_dag
AIRFLOW_CTX_TASK_ID=tsk1
AIRFLOW_CTX_EXECUTION_DATE=2024-01-21T13:26:42+00:00
AIRFLOW_CTX_TRY_NUMBER=1
AIRFLOW_CTX_DAG_RUN_ID=manual__2024-01-21T13:26:42+00:00
[2024-01-21T13:28:27.253+0000] {subprocess.py:63} INFO - Tmp dir root location: 
 /tmp
[2024-01-21T13:28:27.254+0000] {subprocess.py:75} INFO - Running command: ['/bin/bash', '-c', 'sleep 5']
[2024-01-21T13:28:27.260+0000] {subprocess.py:86} INFO - Output:
[2024-01-21T13:28:32.266+0000] {subprocess.py:97} INFO - Command exited with return code 0
[2024-01-21T13:28:32.294+0000] {taskinstance.py:1323} INFO - Marking task as SUCCESS. dag_id=primeira_dag, task_id=tsk1, execution_date=20240121T132642, start_date=20240121T132827, end_date=20240121T132832
[2024-01-21T13:28:32.347+0000] {local_task_job.py:208} INFO - Task exited with return code 0
[2024-01-21T13:28:32.365+0000] {taskinstance.py:2578} INFO - 1 downstream tasks scheduled from follow-on schedule check
