[2023-12-21T18:37:18.704+0000] {processor.py:153} INFO - Started process (PID=774) to work on /opt/airflow/dags/primeira-dag.py
[2023-12-21T18:37:18.705+0000] {processor.py:743} INFO - Processing file /opt/airflow/dags/primeira-dag.py for tasks to queue
[2023-12-21T18:37:18.706+0000] {logging_mixin.py:137} INFO - [2023-12-21T18:37:18.706+0000] {dagbag.py:538} INFO - Filling up the DagBag from /opt/airflow/dags/primeira-dag.py
[2023-12-21T18:37:18.818+0000] {processor.py:753} INFO - DAG(s) dict_keys(['primeira_dag']) retrieved from /opt/airflow/dags/primeira-dag.py
[2023-12-21T18:37:18.993+0000] {logging_mixin.py:137} INFO - [2023-12-21T18:37:18.993+0000] {manager.py:504} INFO - Created Permission View: can read on DAG:primeira_dag
[2023-12-21T18:37:18.997+0000] {logging_mixin.py:137} INFO - [2023-12-21T18:37:18.997+0000] {manager.py:504} INFO - Created Permission View: can delete on DAG:primeira_dag
[2023-12-21T18:37:18.999+0000] {logging_mixin.py:137} INFO - [2023-12-21T18:37:18.999+0000] {manager.py:504} INFO - Created Permission View: can edit on DAG:primeira_dag
[2023-12-21T18:37:18.999+0000] {logging_mixin.py:137} INFO - [2023-12-21T18:37:18.999+0000] {dag.py:2690} INFO - Sync 1 DAGs
[2023-12-21T18:37:19.010+0000] {logging_mixin.py:137} INFO - [2023-12-21T18:37:19.010+0000] {dag.py:2711} INFO - Creating ORM DAG for primeira_dag
[2023-12-21T18:37:19.021+0000] {logging_mixin.py:137} INFO - [2023-12-21T18:37:19.021+0000] {dag.py:3441} INFO - Setting next_dagrun for primeira_dag to None, run_after=None
[2023-12-21T18:37:19.031+0000] {processor.py:175} INFO - Processing /opt/airflow/dags/primeira-dag.py took 0.334 seconds
[2023-12-21T18:37:24.083+0000] {processor.py:153} INFO - Started process (PID=791) to work on /opt/airflow/dags/primeira-dag.py
[2023-12-21T18:37:24.084+0000] {processor.py:743} INFO - Processing file /opt/airflow/dags/primeira-dag.py for tasks to queue
[2023-12-21T18:37:24.084+0000] {logging_mixin.py:137} INFO - [2023-12-21T18:37:24.084+0000] {dagbag.py:538} INFO - Filling up the DagBag from /opt/airflow/dags/primeira-dag.py
[2023-12-21T18:37:24.102+0000] {processor.py:753} INFO - DAG(s) dict_keys(['primeira_dag']) retrieved from /opt/airflow/dags/primeira-dag.py
[2023-12-21T18:37:24.110+0000] {logging_mixin.py:137} INFO - [2023-12-21T18:37:24.110+0000] {dag.py:2690} INFO - Sync 1 DAGs
[2023-12-21T18:37:24.124+0000] {logging_mixin.py:137} INFO - [2023-12-21T18:37:24.124+0000] {dag.py:3441} INFO - Setting next_dagrun for primeira_dag to None, run_after=None
[2023-12-21T18:37:24.135+0000] {processor.py:175} INFO - Processing /opt/airflow/dags/primeira-dag.py took 0.055 seconds
[2023-12-21T18:37:29.210+0000] {processor.py:153} INFO - Started process (PID=792) to work on /opt/airflow/dags/primeira-dag.py
[2023-12-21T18:37:29.213+0000] {processor.py:743} INFO - Processing file /opt/airflow/dags/primeira-dag.py for tasks to queue
[2023-12-21T18:37:29.214+0000] {logging_mixin.py:137} INFO - [2023-12-21T18:37:29.214+0000] {dagbag.py:538} INFO - Filling up the DagBag from /opt/airflow/dags/primeira-dag.py
[2023-12-21T18:37:29.251+0000] {processor.py:753} INFO - DAG(s) dict_keys(['primeira_dag']) retrieved from /opt/airflow/dags/primeira-dag.py
[2023-12-21T18:37:29.265+0000] {logging_mixin.py:137} INFO - [2023-12-21T18:37:29.265+0000] {dag.py:2690} INFO - Sync 1 DAGs
[2023-12-21T18:37:29.287+0000] {logging_mixin.py:137} INFO - [2023-12-21T18:37:29.287+0000] {dag.py:3441} INFO - Setting next_dagrun for primeira_dag to None, run_after=None
[2023-12-21T18:37:29.297+0000] {processor.py:175} INFO - Processing /opt/airflow/dags/primeira-dag.py took 0.107 seconds
[2023-12-21T18:37:34.425+0000] {processor.py:153} INFO - Started process (PID=809) to work on /opt/airflow/dags/primeira-dag.py
[2023-12-21T18:37:34.430+0000] {processor.py:743} INFO - Processing file /opt/airflow/dags/primeira-dag.py for tasks to queue
[2023-12-21T18:37:34.433+0000] {logging_mixin.py:137} INFO - [2023-12-21T18:37:34.433+0000] {dagbag.py:538} INFO - Filling up the DagBag from /opt/airflow/dags/primeira-dag.py
[2023-12-21T18:37:34.455+0000] {processor.py:753} INFO - DAG(s) dict_keys(['primeira_dag']) retrieved from /opt/airflow/dags/primeira-dag.py
[2023-12-21T18:37:34.470+0000] {logging_mixin.py:137} INFO - [2023-12-21T18:37:34.470+0000] {dag.py:2690} INFO - Sync 1 DAGs
[2023-12-21T18:37:34.502+0000] {logging_mixin.py:137} INFO - [2023-12-21T18:37:34.502+0000] {dag.py:3441} INFO - Setting next_dagrun for primeira_dag to None, run_after=None
[2023-12-21T18:37:34.518+0000] {processor.py:175} INFO - Processing /opt/airflow/dags/primeira-dag.py took 0.095 seconds
[2023-12-21T18:37:39.546+0000] {processor.py:153} INFO - Started process (PID=810) to work on /opt/airflow/dags/primeira-dag.py
[2023-12-21T18:37:39.547+0000] {processor.py:743} INFO - Processing file /opt/airflow/dags/primeira-dag.py for tasks to queue
[2023-12-21T18:37:39.549+0000] {logging_mixin.py:137} INFO - [2023-12-21T18:37:39.549+0000] {dagbag.py:538} INFO - Filling up the DagBag from /opt/airflow/dags/primeira-dag.py
[2023-12-21T18:37:39.569+0000] {processor.py:753} INFO - DAG(s) dict_keys(['primeira_dag']) retrieved from /opt/airflow/dags/primeira-dag.py
[2023-12-21T18:37:39.606+0000] {logging_mixin.py:137} INFO - [2023-12-21T18:37:39.606+0000] {dag.py:2690} INFO - Sync 1 DAGs
[2023-12-21T18:37:39.618+0000] {logging_mixin.py:137} INFO - [2023-12-21T18:37:39.618+0000] {dag.py:3441} INFO - Setting next_dagrun for primeira_dag to None, run_after=None
[2023-12-21T18:37:39.628+0000] {processor.py:175} INFO - Processing /opt/airflow/dags/primeira-dag.py took 0.084 seconds
[2023-12-21T18:37:44.709+0000] {processor.py:153} INFO - Started process (PID=811) to work on /opt/airflow/dags/primeira-dag.py
[2023-12-21T18:37:44.710+0000] {processor.py:743} INFO - Processing file /opt/airflow/dags/primeira-dag.py for tasks to queue
[2023-12-21T18:37:44.712+0000] {logging_mixin.py:137} INFO - [2023-12-21T18:37:44.712+0000] {dagbag.py:538} INFO - Filling up the DagBag from /opt/airflow/dags/primeira-dag.py
[2023-12-21T18:37:44.740+0000] {processor.py:753} INFO - DAG(s) dict_keys(['primeira_dag']) retrieved from /opt/airflow/dags/primeira-dag.py
[2023-12-21T18:37:44.752+0000] {logging_mixin.py:137} INFO - [2023-12-21T18:37:44.752+0000] {dag.py:2690} INFO - Sync 1 DAGs
[2023-12-21T18:37:44.769+0000] {logging_mixin.py:137} INFO - [2023-12-21T18:37:44.769+0000] {dag.py:3441} INFO - Setting next_dagrun for primeira_dag to None, run_after=None
[2023-12-21T18:37:44.778+0000] {processor.py:175} INFO - Processing /opt/airflow/dags/primeira-dag.py took 0.078 seconds
[2023-12-21T18:37:49.843+0000] {processor.py:153} INFO - Started process (PID=828) to work on /opt/airflow/dags/primeira-dag.py
[2023-12-21T18:37:49.845+0000] {processor.py:743} INFO - Processing file /opt/airflow/dags/primeira-dag.py for tasks to queue
[2023-12-21T18:37:49.847+0000] {logging_mixin.py:137} INFO - [2023-12-21T18:37:49.847+0000] {dagbag.py:538} INFO - Filling up the DagBag from /opt/airflow/dags/primeira-dag.py
[2023-12-21T18:37:49.869+0000] {processor.py:753} INFO - DAG(s) dict_keys(['primeira_dag']) retrieved from /opt/airflow/dags/primeira-dag.py
[2023-12-21T18:37:49.879+0000] {logging_mixin.py:137} INFO - [2023-12-21T18:37:49.879+0000] {dag.py:2690} INFO - Sync 1 DAGs
[2023-12-21T18:37:49.895+0000] {logging_mixin.py:137} INFO - [2023-12-21T18:37:49.895+0000] {dag.py:3441} INFO - Setting next_dagrun for primeira_dag to None, run_after=None
[2023-12-21T18:37:49.904+0000] {processor.py:175} INFO - Processing /opt/airflow/dags/primeira-dag.py took 0.068 seconds
[2023-12-21T18:37:54.984+0000] {processor.py:153} INFO - Started process (PID=829) to work on /opt/airflow/dags/primeira-dag.py
[2023-12-21T18:37:54.986+0000] {processor.py:743} INFO - Processing file /opt/airflow/dags/primeira-dag.py for tasks to queue
[2023-12-21T18:37:54.987+0000] {logging_mixin.py:137} INFO - [2023-12-21T18:37:54.987+0000] {dagbag.py:538} INFO - Filling up the DagBag from /opt/airflow/dags/primeira-dag.py
[2023-12-21T18:37:55.017+0000] {processor.py:753} INFO - DAG(s) dict_keys(['primeira_dag']) retrieved from /opt/airflow/dags/primeira-dag.py
[2023-12-21T18:37:55.030+0000] {logging_mixin.py:137} INFO - [2023-12-21T18:37:55.030+0000] {dag.py:2690} INFO - Sync 1 DAGs
[2023-12-21T18:37:55.046+0000] {logging_mixin.py:137} INFO - [2023-12-21T18:37:55.046+0000] {dag.py:3441} INFO - Setting next_dagrun for primeira_dag to None, run_after=None
[2023-12-21T18:37:55.054+0000] {processor.py:175} INFO - Processing /opt/airflow/dags/primeira-dag.py took 0.079 seconds
[2023-12-21T18:38:00.094+0000] {processor.py:153} INFO - Started process (PID=846) to work on /opt/airflow/dags/primeira-dag.py
[2023-12-21T18:38:00.095+0000] {processor.py:743} INFO - Processing file /opt/airflow/dags/primeira-dag.py for tasks to queue
[2023-12-21T18:38:00.096+0000] {logging_mixin.py:137} INFO - [2023-12-21T18:38:00.096+0000] {dagbag.py:538} INFO - Filling up the DagBag from /opt/airflow/dags/primeira-dag.py
[2023-12-21T18:38:00.112+0000] {processor.py:753} INFO - DAG(s) dict_keys(['primeira_dag']) retrieved from /opt/airflow/dags/primeira-dag.py
[2023-12-21T18:38:00.123+0000] {logging_mixin.py:137} INFO - [2023-12-21T18:38:00.122+0000] {dag.py:2690} INFO - Sync 1 DAGs
[2023-12-21T18:38:00.138+0000] {logging_mixin.py:137} INFO - [2023-12-21T18:38:00.138+0000] {dag.py:3441} INFO - Setting next_dagrun for primeira_dag to None, run_after=None
[2023-12-21T18:38:00.147+0000] {processor.py:175} INFO - Processing /opt/airflow/dags/primeira-dag.py took 0.056 seconds
[2023-12-21T18:38:05.294+0000] {processor.py:153} INFO - Started process (PID=847) to work on /opt/airflow/dags/primeira-dag.py
[2023-12-21T18:38:05.295+0000] {processor.py:743} INFO - Processing file /opt/airflow/dags/primeira-dag.py for tasks to queue
[2023-12-21T18:38:05.296+0000] {logging_mixin.py:137} INFO - [2023-12-21T18:38:05.296+0000] {dagbag.py:538} INFO - Filling up the DagBag from /opt/airflow/dags/primeira-dag.py
[2023-12-21T18:38:05.310+0000] {processor.py:753} INFO - DAG(s) dict_keys(['primeira_dag']) retrieved from /opt/airflow/dags/primeira-dag.py
[2023-12-21T18:38:05.356+0000] {logging_mixin.py:137} INFO - [2023-12-21T18:38:05.356+0000] {dag.py:2690} INFO - Sync 1 DAGs
[2023-12-21T18:38:05.368+0000] {logging_mixin.py:137} INFO - [2023-12-21T18:38:05.368+0000] {dag.py:3441} INFO - Setting next_dagrun for primeira_dag to None, run_after=None
[2023-12-21T18:38:05.377+0000] {processor.py:175} INFO - Processing /opt/airflow/dags/primeira-dag.py took 0.086 seconds
[2023-12-21T18:38:10.419+0000] {processor.py:153} INFO - Started process (PID=864) to work on /opt/airflow/dags/primeira-dag.py
[2023-12-21T18:38:10.420+0000] {processor.py:743} INFO - Processing file /opt/airflow/dags/primeira-dag.py for tasks to queue
[2023-12-21T18:38:10.420+0000] {logging_mixin.py:137} INFO - [2023-12-21T18:38:10.420+0000] {dagbag.py:538} INFO - Filling up the DagBag from /opt/airflow/dags/primeira-dag.py
[2023-12-21T18:38:10.435+0000] {processor.py:753} INFO - DAG(s) dict_keys(['primeira_dag']) retrieved from /opt/airflow/dags/primeira-dag.py
[2023-12-21T18:38:10.444+0000] {logging_mixin.py:137} INFO - [2023-12-21T18:38:10.444+0000] {dag.py:2690} INFO - Sync 1 DAGs
[2023-12-21T18:38:10.460+0000] {logging_mixin.py:137} INFO - [2023-12-21T18:38:10.459+0000] {dag.py:3441} INFO - Setting next_dagrun for primeira_dag to None, run_after=None
[2023-12-21T18:38:10.468+0000] {processor.py:175} INFO - Processing /opt/airflow/dags/primeira-dag.py took 0.052 seconds
[2023-12-21T18:38:15.524+0000] {processor.py:153} INFO - Started process (PID=865) to work on /opt/airflow/dags/primeira-dag.py
[2023-12-21T18:38:15.525+0000] {processor.py:743} INFO - Processing file /opt/airflow/dags/primeira-dag.py for tasks to queue
[2023-12-21T18:38:15.526+0000] {logging_mixin.py:137} INFO - [2023-12-21T18:38:15.526+0000] {dagbag.py:538} INFO - Filling up the DagBag from /opt/airflow/dags/primeira-dag.py
[2023-12-21T18:38:15.553+0000] {processor.py:753} INFO - DAG(s) dict_keys(['primeira_dag']) retrieved from /opt/airflow/dags/primeira-dag.py
[2023-12-21T18:38:15.565+0000] {logging_mixin.py:137} INFO - [2023-12-21T18:38:15.565+0000] {dag.py:2690} INFO - Sync 1 DAGs
[2023-12-21T18:38:15.581+0000] {logging_mixin.py:137} INFO - [2023-12-21T18:38:15.581+0000] {dag.py:3441} INFO - Setting next_dagrun for primeira_dag to None, run_after=None
[2023-12-21T18:38:15.590+0000] {processor.py:175} INFO - Processing /opt/airflow/dags/primeira-dag.py took 0.073 seconds
[2023-12-21T18:38:20.646+0000] {processor.py:153} INFO - Started process (PID=882) to work on /opt/airflow/dags/primeira-dag.py
[2023-12-21T18:38:20.647+0000] {processor.py:743} INFO - Processing file /opt/airflow/dags/primeira-dag.py for tasks to queue
[2023-12-21T18:38:20.648+0000] {logging_mixin.py:137} INFO - [2023-12-21T18:38:20.647+0000] {dagbag.py:538} INFO - Filling up the DagBag from /opt/airflow/dags/primeira-dag.py
[2023-12-21T18:38:20.658+0000] {processor.py:753} INFO - DAG(s) dict_keys(['primeira_dag']) retrieved from /opt/airflow/dags/primeira-dag.py
[2023-12-21T18:38:20.667+0000] {logging_mixin.py:137} INFO - [2023-12-21T18:38:20.667+0000] {dag.py:2690} INFO - Sync 1 DAGs
[2023-12-21T18:38:20.684+0000] {logging_mixin.py:137} INFO - [2023-12-21T18:38:20.684+0000] {dag.py:3441} INFO - Setting next_dagrun for primeira_dag to None, run_after=None
[2023-12-21T18:38:20.694+0000] {processor.py:175} INFO - Processing /opt/airflow/dags/primeira-dag.py took 0.051 seconds
[2023-12-21T18:38:25.764+0000] {processor.py:153} INFO - Started process (PID=883) to work on /opt/airflow/dags/primeira-dag.py
[2023-12-21T18:38:25.766+0000] {processor.py:743} INFO - Processing file /opt/airflow/dags/primeira-dag.py for tasks to queue
[2023-12-21T18:38:25.767+0000] {logging_mixin.py:137} INFO - [2023-12-21T18:38:25.767+0000] {dagbag.py:538} INFO - Filling up the DagBag from /opt/airflow/dags/primeira-dag.py
[2023-12-21T18:38:25.786+0000] {processor.py:753} INFO - DAG(s) dict_keys(['primeira_dag']) retrieved from /opt/airflow/dags/primeira-dag.py
[2023-12-21T18:38:25.798+0000] {logging_mixin.py:137} INFO - [2023-12-21T18:38:25.798+0000] {dag.py:2690} INFO - Sync 1 DAGs
[2023-12-21T18:38:25.817+0000] {logging_mixin.py:137} INFO - [2023-12-21T18:38:25.817+0000] {dag.py:3441} INFO - Setting next_dagrun for primeira_dag to None, run_after=None
[2023-12-21T18:38:25.825+0000] {processor.py:175} INFO - Processing /opt/airflow/dags/primeira-dag.py took 0.066 seconds
[2023-12-21T18:38:30.893+0000] {processor.py:153} INFO - Started process (PID=884) to work on /opt/airflow/dags/primeira-dag.py
[2023-12-21T18:38:30.896+0000] {processor.py:743} INFO - Processing file /opt/airflow/dags/primeira-dag.py for tasks to queue
[2023-12-21T18:38:30.897+0000] {logging_mixin.py:137} INFO - [2023-12-21T18:38:30.896+0000] {dagbag.py:538} INFO - Filling up the DagBag from /opt/airflow/dags/primeira-dag.py
[2023-12-21T18:38:30.925+0000] {processor.py:753} INFO - DAG(s) dict_keys(['primeira_dag']) retrieved from /opt/airflow/dags/primeira-dag.py
[2023-12-21T18:38:30.939+0000] {logging_mixin.py:137} INFO - [2023-12-21T18:38:30.939+0000] {dag.py:2690} INFO - Sync 1 DAGs
[2023-12-21T18:38:30.959+0000] {logging_mixin.py:137} INFO - [2023-12-21T18:38:30.959+0000] {dag.py:3441} INFO - Setting next_dagrun for primeira_dag to None, run_after=None
[2023-12-21T18:38:30.970+0000] {processor.py:175} INFO - Processing /opt/airflow/dags/primeira-dag.py took 0.100 seconds
[2023-12-21T18:38:36.081+0000] {processor.py:153} INFO - Started process (PID=901) to work on /opt/airflow/dags/primeira-dag.py
[2023-12-21T18:38:36.083+0000] {processor.py:743} INFO - Processing file /opt/airflow/dags/primeira-dag.py for tasks to queue
[2023-12-21T18:38:36.084+0000] {logging_mixin.py:137} INFO - [2023-12-21T18:38:36.083+0000] {dagbag.py:538} INFO - Filling up the DagBag from /opt/airflow/dags/primeira-dag.py
[2023-12-21T18:38:36.118+0000] {processor.py:753} INFO - DAG(s) dict_keys(['primeira_dag']) retrieved from /opt/airflow/dags/primeira-dag.py
[2023-12-21T18:38:36.169+0000] {logging_mixin.py:137} INFO - [2023-12-21T18:38:36.168+0000] {dag.py:2690} INFO - Sync 1 DAGs
[2023-12-21T18:38:36.202+0000] {logging_mixin.py:137} INFO - [2023-12-21T18:38:36.202+0000] {dag.py:3441} INFO - Setting next_dagrun for primeira_dag to None, run_after=None
[2023-12-21T18:38:36.213+0000] {processor.py:175} INFO - Processing /opt/airflow/dags/primeira-dag.py took 0.138 seconds
[2023-12-21T18:54:38.744+0000] {processor.py:153} INFO - Started process (PID=902) to work on /opt/airflow/dags/primeira-dag.py
[2023-12-21T18:54:38.746+0000] {processor.py:743} INFO - Processing file /opt/airflow/dags/primeira-dag.py for tasks to queue
[2023-12-21T18:54:38.747+0000] {logging_mixin.py:137} INFO - [2023-12-21T18:54:38.746+0000] {dagbag.py:538} INFO - Filling up the DagBag from /opt/airflow/dags/primeira-dag.py
[2023-12-21T18:54:38.792+0000] {processor.py:753} INFO - DAG(s) dict_keys(['primeira_dag']) retrieved from /opt/airflow/dags/primeira-dag.py
[2023-12-21T18:54:38.813+0000] {logging_mixin.py:137} INFO - [2023-12-21T18:54:38.813+0000] {dag.py:2690} INFO - Sync 1 DAGs
[2023-12-21T18:54:38.829+0000] {logging_mixin.py:137} INFO - [2023-12-21T18:54:38.829+0000] {dag.py:3441} INFO - Setting next_dagrun for primeira_dag to None, run_after=None
[2023-12-21T18:54:38.837+0000] {processor.py:175} INFO - Processing /opt/airflow/dags/primeira-dag.py took 0.099 seconds
[2023-12-21T18:54:44.682+0000] {processor.py:153} INFO - Started process (PID=919) to work on /opt/airflow/dags/primeira-dag.py
[2023-12-21T18:54:44.684+0000] {processor.py:743} INFO - Processing file /opt/airflow/dags/primeira-dag.py for tasks to queue
[2023-12-21T18:54:44.685+0000] {logging_mixin.py:137} INFO - [2023-12-21T18:54:44.685+0000] {dagbag.py:538} INFO - Filling up the DagBag from /opt/airflow/dags/primeira-dag.py
[2023-12-21T18:54:44.724+0000] {processor.py:753} INFO - DAG(s) dict_keys(['primeira_dag']) retrieved from /opt/airflow/dags/primeira-dag.py
[2023-12-21T18:54:44.758+0000] {logging_mixin.py:137} INFO - [2023-12-21T18:54:44.758+0000] {dag.py:2690} INFO - Sync 1 DAGs
[2023-12-21T18:54:44.773+0000] {logging_mixin.py:137} INFO - [2023-12-21T18:54:44.773+0000] {dag.py:3441} INFO - Setting next_dagrun for primeira_dag to None, run_after=None
[2023-12-21T18:54:44.781+0000] {processor.py:175} INFO - Processing /opt/airflow/dags/primeira-dag.py took 0.106 seconds
[2023-12-21T18:54:49.886+0000] {processor.py:153} INFO - Started process (PID=920) to work on /opt/airflow/dags/primeira-dag.py
[2023-12-21T18:54:49.888+0000] {processor.py:743} INFO - Processing file /opt/airflow/dags/primeira-dag.py for tasks to queue
[2023-12-21T18:54:49.890+0000] {logging_mixin.py:137} INFO - [2023-12-21T18:54:49.890+0000] {dagbag.py:538} INFO - Filling up the DagBag from /opt/airflow/dags/primeira-dag.py
[2023-12-21T18:54:49.919+0000] {processor.py:753} INFO - DAG(s) dict_keys(['primeira_dag']) retrieved from /opt/airflow/dags/primeira-dag.py
[2023-12-21T18:54:49.948+0000] {logging_mixin.py:137} INFO - [2023-12-21T18:54:49.948+0000] {dag.py:2690} INFO - Sync 1 DAGs
[2023-12-21T18:54:49.963+0000] {logging_mixin.py:137} INFO - [2023-12-21T18:54:49.963+0000] {dag.py:3441} INFO - Setting next_dagrun for primeira_dag to None, run_after=None
[2023-12-21T18:54:49.973+0000] {processor.py:175} INFO - Processing /opt/airflow/dags/primeira-dag.py took 0.093 seconds
[2023-12-21T18:54:55.057+0000] {processor.py:153} INFO - Started process (PID=937) to work on /opt/airflow/dags/primeira-dag.py
[2023-12-21T18:54:55.059+0000] {processor.py:743} INFO - Processing file /opt/airflow/dags/primeira-dag.py for tasks to queue
[2023-12-21T18:54:55.060+0000] {logging_mixin.py:137} INFO - [2023-12-21T18:54:55.060+0000] {dagbag.py:538} INFO - Filling up the DagBag from /opt/airflow/dags/primeira-dag.py
[2023-12-21T18:54:55.083+0000] {processor.py:753} INFO - DAG(s) dict_keys(['primeira_dag']) retrieved from /opt/airflow/dags/primeira-dag.py
[2023-12-21T18:54:55.108+0000] {logging_mixin.py:137} INFO - [2023-12-21T18:54:55.108+0000] {dag.py:2690} INFO - Sync 1 DAGs
[2023-12-21T18:54:55.135+0000] {logging_mixin.py:137} INFO - [2023-12-21T18:54:55.135+0000] {dag.py:3441} INFO - Setting next_dagrun for primeira_dag to None, run_after=None
[2023-12-21T18:54:55.145+0000] {processor.py:175} INFO - Processing /opt/airflow/dags/primeira-dag.py took 0.099 seconds
[2023-12-21T18:55:00.384+0000] {processor.py:153} INFO - Started process (PID=938) to work on /opt/airflow/dags/primeira-dag.py
[2023-12-21T18:55:00.387+0000] {processor.py:743} INFO - Processing file /opt/airflow/dags/primeira-dag.py for tasks to queue
[2023-12-21T18:55:00.392+0000] {logging_mixin.py:137} INFO - [2023-12-21T18:55:00.391+0000] {dagbag.py:538} INFO - Filling up the DagBag from /opt/airflow/dags/primeira-dag.py
[2023-12-21T18:55:00.422+0000] {processor.py:753} INFO - DAG(s) dict_keys(['primeira_dag']) retrieved from /opt/airflow/dags/primeira-dag.py
[2023-12-21T18:55:00.455+0000] {logging_mixin.py:137} INFO - [2023-12-21T18:55:00.454+0000] {dag.py:2690} INFO - Sync 1 DAGs
[2023-12-21T18:55:00.472+0000] {logging_mixin.py:137} INFO - [2023-12-21T18:55:00.472+0000] {dag.py:3441} INFO - Setting next_dagrun for primeira_dag to None, run_after=None
[2023-12-21T18:55:00.481+0000] {processor.py:175} INFO - Processing /opt/airflow/dags/primeira-dag.py took 0.104 seconds
[2023-12-21T18:55:05.520+0000] {processor.py:153} INFO - Started process (PID=955) to work on /opt/airflow/dags/primeira-dag.py
[2023-12-21T18:55:05.521+0000] {processor.py:743} INFO - Processing file /opt/airflow/dags/primeira-dag.py for tasks to queue
[2023-12-21T18:55:05.521+0000] {logging_mixin.py:137} INFO - [2023-12-21T18:55:05.521+0000] {dagbag.py:538} INFO - Filling up the DagBag from /opt/airflow/dags/primeira-dag.py
[2023-12-21T18:55:05.535+0000] {processor.py:753} INFO - DAG(s) dict_keys(['primeira_dag']) retrieved from /opt/airflow/dags/primeira-dag.py
[2023-12-21T18:55:05.548+0000] {logging_mixin.py:137} INFO - [2023-12-21T18:55:05.548+0000] {dag.py:2690} INFO - Sync 1 DAGs
[2023-12-21T18:55:05.561+0000] {logging_mixin.py:137} INFO - [2023-12-21T18:55:05.561+0000] {dag.py:3441} INFO - Setting next_dagrun for primeira_dag to None, run_after=None
[2023-12-21T18:55:05.569+0000] {processor.py:175} INFO - Processing /opt/airflow/dags/primeira-dag.py took 0.052 seconds
[2023-12-21T19:45:29.790+0000] {processor.py:153} INFO - Started process (PID=956) to work on /opt/airflow/dags/primeira-dag.py
[2023-12-21T19:45:29.792+0000] {processor.py:743} INFO - Processing file /opt/airflow/dags/primeira-dag.py for tasks to queue
[2023-12-21T19:45:29.802+0000] {logging_mixin.py:137} INFO - [2023-12-21T19:45:29.802+0000] {dagbag.py:538} INFO - Filling up the DagBag from /opt/airflow/dags/primeira-dag.py
[2023-12-21T19:45:29.852+0000] {processor.py:753} INFO - DAG(s) dict_keys(['primeira_dag']) retrieved from /opt/airflow/dags/primeira-dag.py
[2023-12-21T19:45:29.918+0000] {logging_mixin.py:137} INFO - [2023-12-21T19:45:29.918+0000] {dag.py:2690} INFO - Sync 1 DAGs
[2023-12-21T19:45:29.954+0000] {logging_mixin.py:137} INFO - [2023-12-21T19:45:29.953+0000] {dag.py:3441} INFO - Setting next_dagrun for primeira_dag to None, run_after=None
[2023-12-21T19:45:29.997+0000] {processor.py:175} INFO - Processing /opt/airflow/dags/primeira-dag.py took 0.212 seconds
[2023-12-21T19:45:35.098+0000] {processor.py:153} INFO - Started process (PID=957) to work on /opt/airflow/dags/primeira-dag.py
[2023-12-21T19:45:35.100+0000] {processor.py:743} INFO - Processing file /opt/airflow/dags/primeira-dag.py for tasks to queue
[2023-12-21T19:45:35.102+0000] {logging_mixin.py:137} INFO - [2023-12-21T19:45:35.101+0000] {dagbag.py:538} INFO - Filling up the DagBag from /opt/airflow/dags/primeira-dag.py
[2023-12-21T19:45:35.143+0000] {processor.py:753} INFO - DAG(s) dict_keys(['primeira_dag']) retrieved from /opt/airflow/dags/primeira-dag.py
[2023-12-21T19:45:35.163+0000] {logging_mixin.py:137} INFO - [2023-12-21T19:45:35.163+0000] {dag.py:2690} INFO - Sync 1 DAGs
[2023-12-21T19:45:35.177+0000] {logging_mixin.py:137} INFO - [2023-12-21T19:45:35.177+0000] {dag.py:3441} INFO - Setting next_dagrun for primeira_dag to None, run_after=None
[2023-12-21T19:45:35.186+0000] {processor.py:175} INFO - Processing /opt/airflow/dags/primeira-dag.py took 0.099 seconds
[2023-12-21T19:45:40.276+0000] {processor.py:153} INFO - Started process (PID=973) to work on /opt/airflow/dags/primeira-dag.py
[2023-12-21T19:45:40.281+0000] {processor.py:743} INFO - Processing file /opt/airflow/dags/primeira-dag.py for tasks to queue
[2023-12-21T19:45:40.284+0000] {logging_mixin.py:137} INFO - [2023-12-21T19:45:40.283+0000] {dagbag.py:538} INFO - Filling up the DagBag from /opt/airflow/dags/primeira-dag.py
[2023-12-21T19:45:40.312+0000] {processor.py:753} INFO - DAG(s) dict_keys(['primeira_dag']) retrieved from /opt/airflow/dags/primeira-dag.py
[2023-12-21T19:45:40.330+0000] {logging_mixin.py:137} INFO - [2023-12-21T19:45:40.329+0000] {dag.py:2690} INFO - Sync 1 DAGs
[2023-12-21T19:45:40.343+0000] {logging_mixin.py:137} INFO - [2023-12-21T19:45:40.343+0000] {dag.py:3441} INFO - Setting next_dagrun for primeira_dag to None, run_after=None
[2023-12-21T19:45:40.351+0000] {processor.py:175} INFO - Processing /opt/airflow/dags/primeira-dag.py took 0.085 seconds
[2023-12-21T19:45:45.387+0000] {processor.py:153} INFO - Started process (PID=974) to work on /opt/airflow/dags/primeira-dag.py
[2023-12-21T19:45:45.389+0000] {processor.py:743} INFO - Processing file /opt/airflow/dags/primeira-dag.py for tasks to queue
[2023-12-21T19:45:45.390+0000] {logging_mixin.py:137} INFO - [2023-12-21T19:45:45.390+0000] {dagbag.py:538} INFO - Filling up the DagBag from /opt/airflow/dags/primeira-dag.py
[2023-12-21T19:45:45.411+0000] {processor.py:753} INFO - DAG(s) dict_keys(['primeira_dag']) retrieved from /opt/airflow/dags/primeira-dag.py
[2023-12-21T19:45:45.433+0000] {logging_mixin.py:137} INFO - [2023-12-21T19:45:45.432+0000] {dag.py:2690} INFO - Sync 1 DAGs
[2023-12-21T19:45:45.447+0000] {logging_mixin.py:137} INFO - [2023-12-21T19:45:45.447+0000] {dag.py:3441} INFO - Setting next_dagrun for primeira_dag to None, run_after=None
[2023-12-21T19:45:45.456+0000] {processor.py:175} INFO - Processing /opt/airflow/dags/primeira-dag.py took 0.076 seconds
[2023-12-21T19:45:50.512+0000] {processor.py:153} INFO - Started process (PID=991) to work on /opt/airflow/dags/primeira-dag.py
[2023-12-21T19:45:50.513+0000] {processor.py:743} INFO - Processing file /opt/airflow/dags/primeira-dag.py for tasks to queue
[2023-12-21T19:45:50.514+0000] {logging_mixin.py:137} INFO - [2023-12-21T19:45:50.514+0000] {dagbag.py:538} INFO - Filling up the DagBag from /opt/airflow/dags/primeira-dag.py
[2023-12-21T19:45:50.531+0000] {processor.py:753} INFO - DAG(s) dict_keys(['primeira_dag']) retrieved from /opt/airflow/dags/primeira-dag.py
[2023-12-21T19:45:50.549+0000] {logging_mixin.py:137} INFO - [2023-12-21T19:45:50.549+0000] {dag.py:2690} INFO - Sync 1 DAGs
[2023-12-21T19:45:50.565+0000] {logging_mixin.py:137} INFO - [2023-12-21T19:45:50.565+0000] {dag.py:3441} INFO - Setting next_dagrun for primeira_dag to None, run_after=None
[2023-12-21T19:45:50.573+0000] {processor.py:175} INFO - Processing /opt/airflow/dags/primeira-dag.py took 0.064 seconds
[2023-12-21T19:45:55.629+0000] {processor.py:153} INFO - Started process (PID=992) to work on /opt/airflow/dags/primeira-dag.py
[2023-12-21T19:45:55.631+0000] {processor.py:743} INFO - Processing file /opt/airflow/dags/primeira-dag.py for tasks to queue
[2023-12-21T19:45:55.632+0000] {logging_mixin.py:137} INFO - [2023-12-21T19:45:55.632+0000] {dagbag.py:538} INFO - Filling up the DagBag from /opt/airflow/dags/primeira-dag.py
[2023-12-21T19:45:55.682+0000] {processor.py:753} INFO - DAG(s) dict_keys(['primeira_dag']) retrieved from /opt/airflow/dags/primeira-dag.py
[2023-12-21T19:45:55.701+0000] {logging_mixin.py:137} INFO - [2023-12-21T19:45:55.701+0000] {dag.py:2690} INFO - Sync 1 DAGs
[2023-12-21T19:45:55.716+0000] {logging_mixin.py:137} INFO - [2023-12-21T19:45:55.716+0000] {dag.py:3441} INFO - Setting next_dagrun for primeira_dag to None, run_after=None
[2023-12-21T19:45:55.725+0000] {processor.py:175} INFO - Processing /opt/airflow/dags/primeira-dag.py took 0.103 seconds
[2023-12-21T20:33:40.757+0000] {processor.py:153} INFO - Started process (PID=1002) to work on /opt/airflow/dags/primeira-dag.py
[2023-12-21T20:33:40.763+0000] {processor.py:743} INFO - Processing file /opt/airflow/dags/primeira-dag.py for tasks to queue
[2023-12-21T20:33:40.767+0000] {logging_mixin.py:137} INFO - [2023-12-21T20:33:40.767+0000] {dagbag.py:538} INFO - Filling up the DagBag from /opt/airflow/dags/primeira-dag.py
[2023-12-21T20:33:40.834+0000] {processor.py:753} INFO - DAG(s) dict_keys(['primeira_dag']) retrieved from /opt/airflow/dags/primeira-dag.py
[2023-12-21T20:33:40.905+0000] {logging_mixin.py:137} INFO - [2023-12-21T20:33:40.905+0000] {dag.py:2690} INFO - Sync 1 DAGs
[2023-12-21T20:33:40.953+0000] {logging_mixin.py:137} INFO - [2023-12-21T20:33:40.952+0000] {dag.py:3441} INFO - Setting next_dagrun for primeira_dag to None, run_after=None
[2023-12-21T20:33:40.994+0000] {processor.py:175} INFO - Processing /opt/airflow/dags/primeira-dag.py took 0.242 seconds
[2023-12-21T20:33:46.243+0000] {processor.py:153} INFO - Started process (PID=1010) to work on /opt/airflow/dags/primeira-dag.py
[2023-12-21T20:33:46.247+0000] {processor.py:743} INFO - Processing file /opt/airflow/dags/primeira-dag.py for tasks to queue
[2023-12-21T20:33:46.248+0000] {logging_mixin.py:137} INFO - [2023-12-21T20:33:46.248+0000] {dagbag.py:538} INFO - Filling up the DagBag from /opt/airflow/dags/primeira-dag.py
[2023-12-21T20:33:46.286+0000] {processor.py:753} INFO - DAG(s) dict_keys(['primeira_dag']) retrieved from /opt/airflow/dags/primeira-dag.py
[2023-12-21T20:33:46.311+0000] {logging_mixin.py:137} INFO - [2023-12-21T20:33:46.311+0000] {dag.py:2690} INFO - Sync 1 DAGs
[2023-12-21T20:33:46.328+0000] {logging_mixin.py:137} INFO - [2023-12-21T20:33:46.328+0000] {dag.py:3441} INFO - Setting next_dagrun for primeira_dag to None, run_after=None
[2023-12-21T20:33:46.338+0000] {processor.py:175} INFO - Processing /opt/airflow/dags/primeira-dag.py took 0.105 seconds
[2023-12-21T20:33:51.406+0000] {processor.py:153} INFO - Started process (PID=1011) to work on /opt/airflow/dags/primeira-dag.py
[2023-12-21T20:33:51.408+0000] {processor.py:743} INFO - Processing file /opt/airflow/dags/primeira-dag.py for tasks to queue
[2023-12-21T20:33:51.411+0000] {logging_mixin.py:137} INFO - [2023-12-21T20:33:51.410+0000] {dagbag.py:538} INFO - Filling up the DagBag from /opt/airflow/dags/primeira-dag.py
[2023-12-21T20:33:51.442+0000] {processor.py:753} INFO - DAG(s) dict_keys(['primeira_dag']) retrieved from /opt/airflow/dags/primeira-dag.py
[2023-12-21T20:33:51.471+0000] {logging_mixin.py:137} INFO - [2023-12-21T20:33:51.471+0000] {dag.py:2690} INFO - Sync 1 DAGs
[2023-12-21T20:33:51.489+0000] {logging_mixin.py:137} INFO - [2023-12-21T20:33:51.489+0000] {dag.py:3441} INFO - Setting next_dagrun for primeira_dag to None, run_after=None
[2023-12-21T20:33:51.499+0000] {processor.py:175} INFO - Processing /opt/airflow/dags/primeira-dag.py took 0.097 seconds
[2023-12-21T20:33:56.596+0000] {processor.py:153} INFO - Started process (PID=1028) to work on /opt/airflow/dags/primeira-dag.py
[2023-12-21T20:33:56.599+0000] {processor.py:743} INFO - Processing file /opt/airflow/dags/primeira-dag.py for tasks to queue
[2023-12-21T20:33:56.599+0000] {logging_mixin.py:137} INFO - [2023-12-21T20:33:56.599+0000] {dagbag.py:538} INFO - Filling up the DagBag from /opt/airflow/dags/primeira-dag.py
[2023-12-21T20:33:56.641+0000] {processor.py:753} INFO - DAG(s) dict_keys(['primeira_dag']) retrieved from /opt/airflow/dags/primeira-dag.py
[2023-12-21T20:33:56.663+0000] {logging_mixin.py:137} INFO - [2023-12-21T20:33:56.663+0000] {dag.py:2690} INFO - Sync 1 DAGs
[2023-12-21T20:33:56.680+0000] {logging_mixin.py:137} INFO - [2023-12-21T20:33:56.680+0000] {dag.py:3441} INFO - Setting next_dagrun for primeira_dag to None, run_after=None
[2023-12-21T20:33:56.690+0000] {processor.py:175} INFO - Processing /opt/airflow/dags/primeira-dag.py took 0.098 seconds
[2023-12-21T20:34:01.851+0000] {processor.py:153} INFO - Started process (PID=1029) to work on /opt/airflow/dags/primeira-dag.py
[2023-12-21T20:34:01.854+0000] {processor.py:743} INFO - Processing file /opt/airflow/dags/primeira-dag.py for tasks to queue
[2023-12-21T20:34:01.857+0000] {logging_mixin.py:137} INFO - [2023-12-21T20:34:01.856+0000] {dagbag.py:538} INFO - Filling up the DagBag from /opt/airflow/dags/primeira-dag.py
[2023-12-21T20:34:01.902+0000] {processor.py:753} INFO - DAG(s) dict_keys(['primeira_dag']) retrieved from /opt/airflow/dags/primeira-dag.py
[2023-12-21T20:34:01.944+0000] {logging_mixin.py:137} INFO - [2023-12-21T20:34:01.944+0000] {dag.py:2690} INFO - Sync 1 DAGs
[2023-12-21T20:34:01.965+0000] {logging_mixin.py:137} INFO - [2023-12-21T20:34:01.965+0000] {dag.py:3441} INFO - Setting next_dagrun for primeira_dag to None, run_after=None
[2023-12-21T20:34:01.977+0000] {processor.py:175} INFO - Processing /opt/airflow/dags/primeira-dag.py took 0.132 seconds
[2023-12-21T20:34:07.036+0000] {processor.py:153} INFO - Started process (PID=1046) to work on /opt/airflow/dags/primeira-dag.py
[2023-12-21T20:34:07.037+0000] {processor.py:743} INFO - Processing file /opt/airflow/dags/primeira-dag.py for tasks to queue
[2023-12-21T20:34:07.038+0000] {logging_mixin.py:137} INFO - [2023-12-21T20:34:07.038+0000] {dagbag.py:538} INFO - Filling up the DagBag from /opt/airflow/dags/primeira-dag.py
[2023-12-21T20:34:07.070+0000] {processor.py:753} INFO - DAG(s) dict_keys(['primeira_dag']) retrieved from /opt/airflow/dags/primeira-dag.py
[2023-12-21T20:34:07.099+0000] {logging_mixin.py:137} INFO - [2023-12-21T20:34:07.098+0000] {dag.py:2690} INFO - Sync 1 DAGs
[2023-12-21T20:34:07.116+0000] {logging_mixin.py:137} INFO - [2023-12-21T20:34:07.116+0000] {dag.py:3441} INFO - Setting next_dagrun for primeira_dag to None, run_after=None
[2023-12-21T20:34:07.125+0000] {processor.py:175} INFO - Processing /opt/airflow/dags/primeira-dag.py took 0.094 seconds
[2023-12-21T21:51:26.356+0000] {processor.py:153} INFO - Started process (PID=1047) to work on /opt/airflow/dags/primeira-dag.py
[2023-12-21T21:51:26.358+0000] {processor.py:743} INFO - Processing file /opt/airflow/dags/primeira-dag.py for tasks to queue
[2023-12-21T21:51:26.359+0000] {logging_mixin.py:137} INFO - [2023-12-21T21:51:26.358+0000] {dagbag.py:538} INFO - Filling up the DagBag from /opt/airflow/dags/primeira-dag.py
[2023-12-21T21:51:26.415+0000] {processor.py:753} INFO - DAG(s) dict_keys(['primeira_dag']) retrieved from /opt/airflow/dags/primeira-dag.py
[2023-12-21T21:51:26.441+0000] {logging_mixin.py:137} INFO - [2023-12-21T21:51:26.441+0000] {dag.py:2690} INFO - Sync 1 DAGs
[2023-12-21T21:51:26.471+0000] {logging_mixin.py:137} INFO - [2023-12-21T21:51:26.471+0000] {dag.py:3441} INFO - Setting next_dagrun for primeira_dag to None, run_after=None
[2023-12-21T21:51:26.487+0000] {processor.py:175} INFO - Processing /opt/airflow/dags/primeira-dag.py took 0.135 seconds
[2023-12-21T21:51:31.559+0000] {processor.py:153} INFO - Started process (PID=1055) to work on /opt/airflow/dags/primeira-dag.py
[2023-12-21T21:51:31.560+0000] {processor.py:743} INFO - Processing file /opt/airflow/dags/primeira-dag.py for tasks to queue
[2023-12-21T21:51:31.561+0000] {logging_mixin.py:137} INFO - [2023-12-21T21:51:31.561+0000] {dagbag.py:538} INFO - Filling up the DagBag from /opt/airflow/dags/primeira-dag.py
[2023-12-21T21:51:31.581+0000] {processor.py:753} INFO - DAG(s) dict_keys(['primeira_dag']) retrieved from /opt/airflow/dags/primeira-dag.py
[2023-12-21T21:51:31.610+0000] {logging_mixin.py:137} INFO - [2023-12-21T21:51:31.610+0000] {dag.py:2690} INFO - Sync 1 DAGs
[2023-12-21T21:51:31.627+0000] {logging_mixin.py:137} INFO - [2023-12-21T21:51:31.627+0000] {dag.py:3441} INFO - Setting next_dagrun for primeira_dag to None, run_after=None
[2023-12-21T21:51:31.639+0000] {processor.py:175} INFO - Processing /opt/airflow/dags/primeira-dag.py took 0.089 seconds
[2023-12-21T21:51:36.755+0000] {processor.py:153} INFO - Started process (PID=1065) to work on /opt/airflow/dags/primeira-dag.py
[2023-12-21T21:51:36.757+0000] {processor.py:743} INFO - Processing file /opt/airflow/dags/primeira-dag.py for tasks to queue
[2023-12-21T21:51:36.758+0000] {logging_mixin.py:137} INFO - [2023-12-21T21:51:36.758+0000] {dagbag.py:538} INFO - Filling up the DagBag from /opt/airflow/dags/primeira-dag.py
[2023-12-21T21:51:36.798+0000] {processor.py:753} INFO - DAG(s) dict_keys(['primeira_dag']) retrieved from /opt/airflow/dags/primeira-dag.py
[2023-12-21T21:51:36.825+0000] {logging_mixin.py:137} INFO - [2023-12-21T21:51:36.825+0000] {dag.py:2690} INFO - Sync 1 DAGs
[2023-12-21T21:51:36.844+0000] {logging_mixin.py:137} INFO - [2023-12-21T21:51:36.844+0000] {dag.py:3441} INFO - Setting next_dagrun for primeira_dag to None, run_after=None
[2023-12-21T21:51:36.860+0000] {processor.py:175} INFO - Processing /opt/airflow/dags/primeira-dag.py took 0.109 seconds
[2023-12-21T21:51:41.938+0000] {processor.py:153} INFO - Started process (PID=1066) to work on /opt/airflow/dags/primeira-dag.py
[2023-12-21T21:51:41.940+0000] {processor.py:743} INFO - Processing file /opt/airflow/dags/primeira-dag.py for tasks to queue
[2023-12-21T21:51:41.942+0000] {logging_mixin.py:137} INFO - [2023-12-21T21:51:41.942+0000] {dagbag.py:538} INFO - Filling up the DagBag from /opt/airflow/dags/primeira-dag.py
[2023-12-21T21:51:41.962+0000] {processor.py:753} INFO - DAG(s) dict_keys(['primeira_dag']) retrieved from /opt/airflow/dags/primeira-dag.py
[2023-12-21T21:51:41.994+0000] {logging_mixin.py:137} INFO - [2023-12-21T21:51:41.994+0000] {dag.py:2690} INFO - Sync 1 DAGs
[2023-12-21T21:51:42.010+0000] {logging_mixin.py:137} INFO - [2023-12-21T21:51:42.010+0000] {dag.py:3441} INFO - Setting next_dagrun for primeira_dag to None, run_after=None
[2023-12-21T21:51:42.027+0000] {processor.py:175} INFO - Processing /opt/airflow/dags/primeira-dag.py took 0.093 seconds
[2023-12-21T21:51:47.368+0000] {processor.py:153} INFO - Started process (PID=1083) to work on /opt/airflow/dags/primeira-dag.py
[2023-12-21T21:51:47.373+0000] {processor.py:743} INFO - Processing file /opt/airflow/dags/primeira-dag.py for tasks to queue
[2023-12-21T21:51:47.377+0000] {logging_mixin.py:137} INFO - [2023-12-21T21:51:47.376+0000] {dagbag.py:538} INFO - Filling up the DagBag from /opt/airflow/dags/primeira-dag.py
[2023-12-21T21:51:47.512+0000] {processor.py:753} INFO - DAG(s) dict_keys(['primeira_dag']) retrieved from /opt/airflow/dags/primeira-dag.py
[2023-12-21T21:51:47.643+0000] {logging_mixin.py:137} INFO - [2023-12-21T21:51:47.642+0000] {dag.py:2690} INFO - Sync 1 DAGs
[2023-12-21T21:51:47.783+0000] {logging_mixin.py:137} INFO - [2023-12-21T21:51:47.782+0000] {dag.py:3441} INFO - Setting next_dagrun for primeira_dag to None, run_after=None
[2023-12-21T21:51:47.870+0000] {processor.py:175} INFO - Processing /opt/airflow/dags/primeira-dag.py took 0.523 seconds
[2023-12-21T21:51:52.987+0000] {processor.py:153} INFO - Started process (PID=1084) to work on /opt/airflow/dags/primeira-dag.py
[2023-12-21T21:51:52.988+0000] {processor.py:743} INFO - Processing file /opt/airflow/dags/primeira-dag.py for tasks to queue
[2023-12-21T21:51:52.988+0000] {logging_mixin.py:137} INFO - [2023-12-21T21:51:52.988+0000] {dagbag.py:538} INFO - Filling up the DagBag from /opt/airflow/dags/primeira-dag.py
[2023-12-21T21:51:53.002+0000] {processor.py:753} INFO - DAG(s) dict_keys(['primeira_dag']) retrieved from /opt/airflow/dags/primeira-dag.py
[2023-12-21T21:51:53.017+0000] {logging_mixin.py:137} INFO - [2023-12-21T21:51:53.017+0000] {dag.py:2690} INFO - Sync 1 DAGs
[2023-12-21T21:51:53.030+0000] {logging_mixin.py:137} INFO - [2023-12-21T21:51:53.030+0000] {dag.py:3441} INFO - Setting next_dagrun for primeira_dag to None, run_after=None
[2023-12-21T21:51:53.037+0000] {processor.py:175} INFO - Processing /opt/airflow/dags/primeira-dag.py took 0.053 seconds
[2023-12-21T23:13:19.263+0000] {processor.py:153} INFO - Started process (PID=1101) to work on /opt/airflow/dags/primeira-dag.py
[2023-12-21T23:13:19.263+0000] {processor.py:743} INFO - Processing file /opt/airflow/dags/primeira-dag.py for tasks to queue
[2023-12-21T23:13:19.264+0000] {logging_mixin.py:137} INFO - [2023-12-21T23:13:19.264+0000] {dagbag.py:538} INFO - Filling up the DagBag from /opt/airflow/dags/primeira-dag.py
[2023-12-21T23:13:19.278+0000] {processor.py:753} INFO - DAG(s) dict_keys(['primeira_dag']) retrieved from /opt/airflow/dags/primeira-dag.py
[2023-12-21T23:13:19.300+0000] {logging_mixin.py:137} INFO - [2023-12-21T23:13:19.300+0000] {dag.py:2690} INFO - Sync 1 DAGs
[2023-12-21T23:13:19.315+0000] {logging_mixin.py:137} INFO - [2023-12-21T23:13:19.314+0000] {dag.py:3441} INFO - Setting next_dagrun for primeira_dag to None, run_after=None
[2023-12-21T23:13:19.322+0000] {processor.py:175} INFO - Processing /opt/airflow/dags/primeira-dag.py took 0.062 seconds
[2023-12-21T23:13:24.399+0000] {processor.py:153} INFO - Started process (PID=1102) to work on /opt/airflow/dags/primeira-dag.py
[2023-12-21T23:13:24.400+0000] {processor.py:743} INFO - Processing file /opt/airflow/dags/primeira-dag.py for tasks to queue
[2023-12-21T23:13:24.401+0000] {logging_mixin.py:137} INFO - [2023-12-21T23:13:24.401+0000] {dagbag.py:538} INFO - Filling up the DagBag from /opt/airflow/dags/primeira-dag.py
[2023-12-21T23:13:24.443+0000] {processor.py:753} INFO - DAG(s) dict_keys(['primeira_dag']) retrieved from /opt/airflow/dags/primeira-dag.py
[2023-12-21T23:13:24.463+0000] {logging_mixin.py:137} INFO - [2023-12-21T23:13:24.463+0000] {dag.py:2690} INFO - Sync 1 DAGs
[2023-12-21T23:13:24.479+0000] {logging_mixin.py:137} INFO - [2023-12-21T23:13:24.479+0000] {dag.py:3441} INFO - Setting next_dagrun for primeira_dag to None, run_after=None
[2023-12-21T23:13:24.493+0000] {processor.py:175} INFO - Processing /opt/airflow/dags/primeira-dag.py took 0.100 seconds
[2023-12-21T23:13:29.587+0000] {processor.py:153} INFO - Started process (PID=1111) to work on /opt/airflow/dags/primeira-dag.py
[2023-12-21T23:13:29.588+0000] {processor.py:743} INFO - Processing file /opt/airflow/dags/primeira-dag.py for tasks to queue
[2023-12-21T23:13:29.589+0000] {logging_mixin.py:137} INFO - [2023-12-21T23:13:29.589+0000] {dagbag.py:538} INFO - Filling up the DagBag from /opt/airflow/dags/primeira-dag.py
[2023-12-21T23:13:29.619+0000] {processor.py:753} INFO - DAG(s) dict_keys(['primeira_dag']) retrieved from /opt/airflow/dags/primeira-dag.py
[2023-12-21T23:13:29.642+0000] {logging_mixin.py:137} INFO - [2023-12-21T23:13:29.642+0000] {dag.py:2690} INFO - Sync 1 DAGs
[2023-12-21T23:13:29.658+0000] {logging_mixin.py:137} INFO - [2023-12-21T23:13:29.658+0000] {dag.py:3441} INFO - Setting next_dagrun for primeira_dag to None, run_after=None
[2023-12-21T23:13:29.667+0000] {processor.py:175} INFO - Processing /opt/airflow/dags/primeira-dag.py took 0.084 seconds
[2023-12-21T23:13:34.772+0000] {processor.py:153} INFO - Started process (PID=1119) to work on /opt/airflow/dags/primeira-dag.py
[2023-12-21T23:13:34.774+0000] {processor.py:743} INFO - Processing file /opt/airflow/dags/primeira-dag.py for tasks to queue
[2023-12-21T23:13:34.779+0000] {logging_mixin.py:137} INFO - [2023-12-21T23:13:34.778+0000] {dagbag.py:538} INFO - Filling up the DagBag from /opt/airflow/dags/primeira-dag.py
[2023-12-21T23:13:35.103+0000] {processor.py:753} INFO - DAG(s) dict_keys(['primeira_dag']) retrieved from /opt/airflow/dags/primeira-dag.py
[2023-12-21T23:13:35.169+0000] {logging_mixin.py:137} INFO - [2023-12-21T23:13:35.169+0000] {dag.py:2690} INFO - Sync 1 DAGs
[2023-12-21T23:13:35.211+0000] {logging_mixin.py:137} INFO - [2023-12-21T23:13:35.210+0000] {dag.py:3441} INFO - Setting next_dagrun for primeira_dag to None, run_after=None
[2023-12-21T23:13:35.221+0000] {processor.py:175} INFO - Processing /opt/airflow/dags/primeira-dag.py took 0.460 seconds
[2023-12-21T23:13:40.336+0000] {processor.py:153} INFO - Started process (PID=1120) to work on /opt/airflow/dags/primeira-dag.py
[2023-12-21T23:13:40.337+0000] {processor.py:743} INFO - Processing file /opt/airflow/dags/primeira-dag.py for tasks to queue
[2023-12-21T23:13:40.338+0000] {logging_mixin.py:137} INFO - [2023-12-21T23:13:40.338+0000] {dagbag.py:538} INFO - Filling up the DagBag from /opt/airflow/dags/primeira-dag.py
[2023-12-21T23:13:40.384+0000] {processor.py:753} INFO - DAG(s) dict_keys(['primeira_dag']) retrieved from /opt/airflow/dags/primeira-dag.py
[2023-12-21T23:13:40.407+0000] {logging_mixin.py:137} INFO - [2023-12-21T23:13:40.407+0000] {dag.py:2690} INFO - Sync 1 DAGs
[2023-12-21T23:13:40.421+0000] {logging_mixin.py:137} INFO - [2023-12-21T23:13:40.421+0000] {dag.py:3441} INFO - Setting next_dagrun for primeira_dag to None, run_after=None
[2023-12-21T23:13:40.429+0000] {processor.py:175} INFO - Processing /opt/airflow/dags/primeira-dag.py took 0.098 seconds
[2023-12-21T23:13:45.511+0000] {processor.py:153} INFO - Started process (PID=1137) to work on /opt/airflow/dags/primeira-dag.py
[2023-12-21T23:13:45.513+0000] {processor.py:743} INFO - Processing file /opt/airflow/dags/primeira-dag.py for tasks to queue
[2023-12-21T23:13:45.514+0000] {logging_mixin.py:137} INFO - [2023-12-21T23:13:45.514+0000] {dagbag.py:538} INFO - Filling up the DagBag from /opt/airflow/dags/primeira-dag.py
[2023-12-21T23:13:45.552+0000] {processor.py:753} INFO - DAG(s) dict_keys(['primeira_dag']) retrieved from /opt/airflow/dags/primeira-dag.py
[2023-12-21T23:13:45.586+0000] {logging_mixin.py:137} INFO - [2023-12-21T23:13:45.586+0000] {dag.py:2690} INFO - Sync 1 DAGs
[2023-12-21T23:13:45.602+0000] {logging_mixin.py:137} INFO - [2023-12-21T23:13:45.602+0000] {dag.py:3441} INFO - Setting next_dagrun for primeira_dag to None, run_after=None
[2023-12-21T23:13:45.612+0000] {processor.py:175} INFO - Processing /opt/airflow/dags/primeira-dag.py took 0.107 seconds
