[2024-01-19T19:23:16.239+0000] {processor.py:153} INFO - Started process (PID=48792) to work on /opt/airflow/dags/01-primeira-dag.py
[2024-01-19T19:23:16.240+0000] {processor.py:743} INFO - Processing file /opt/airflow/dags/01-primeira-dag.py for tasks to queue
[2024-01-19T19:23:16.240+0000] {logging_mixin.py:137} INFO - [2024-01-19T19:23:16.240+0000] {dagbag.py:538} INFO - Filling up the DagBag from /opt/airflow/dags/01-primeira-dag.py
[2024-01-19T19:23:16.264+0000] {processor.py:753} INFO - DAG(s) dict_keys(['primeira_dag']) retrieved from /opt/airflow/dags/01-primeira-dag.py
[2024-01-19T19:23:16.318+0000] {logging_mixin.py:137} INFO - [2024-01-19T19:23:16.318+0000] {dag.py:2690} INFO - Sync 1 DAGs
[2024-01-19T19:23:16.335+0000] {logging_mixin.py:137} INFO - [2024-01-19T19:23:16.334+0000] {dag.py:3441} INFO - Setting next_dagrun for primeira_dag to None, run_after=None
[2024-01-19T19:23:16.349+0000] {processor.py:175} INFO - Processing /opt/airflow/dags/01-primeira-dag.py took 0.114 seconds
[2024-01-19T19:23:21.802+0000] {processor.py:153} INFO - Started process (PID=48820) to work on /opt/airflow/dags/01-primeira-dag.py
[2024-01-19T19:23:21.803+0000] {processor.py:743} INFO - Processing file /opt/airflow/dags/01-primeira-dag.py for tasks to queue
[2024-01-19T19:23:21.803+0000] {logging_mixin.py:137} INFO - [2024-01-19T19:23:21.803+0000] {dagbag.py:538} INFO - Filling up the DagBag from /opt/airflow/dags/01-primeira-dag.py
[2024-01-19T19:23:21.812+0000] {processor.py:753} INFO - DAG(s) dict_keys(['primeira_dag']) retrieved from /opt/airflow/dags/01-primeira-dag.py
[2024-01-19T19:23:21.819+0000] {logging_mixin.py:137} INFO - [2024-01-19T19:23:21.819+0000] {dag.py:2690} INFO - Sync 1 DAGs
[2024-01-19T19:23:21.831+0000] {logging_mixin.py:137} INFO - [2024-01-19T19:23:21.831+0000] {dag.py:3441} INFO - Setting next_dagrun for primeira_dag to None, run_after=None
[2024-01-19T19:23:21.841+0000] {processor.py:175} INFO - Processing /opt/airflow/dags/01-primeira-dag.py took 0.041 seconds
[2024-01-19T19:23:29.180+0000] {processor.py:153} INFO - Started process (PID=48877) to work on /opt/airflow/dags/01-primeira-dag.py
[2024-01-19T19:23:29.180+0000] {processor.py:743} INFO - Processing file /opt/airflow/dags/01-primeira-dag.py for tasks to queue
[2024-01-19T19:23:29.180+0000] {logging_mixin.py:137} INFO - [2024-01-19T19:23:29.180+0000] {dagbag.py:538} INFO - Filling up the DagBag from /opt/airflow/dags/01-primeira-dag.py
[2024-01-19T19:23:29.189+0000] {processor.py:753} INFO - DAG(s) dict_keys(['primeira_dag']) retrieved from /opt/airflow/dags/01-primeira-dag.py
[2024-01-19T19:23:29.195+0000] {logging_mixin.py:137} INFO - [2024-01-19T19:23:29.195+0000] {dag.py:2690} INFO - Sync 1 DAGs
[2024-01-19T19:23:29.207+0000] {logging_mixin.py:137} INFO - [2024-01-19T19:23:29.207+0000] {dag.py:3441} INFO - Setting next_dagrun for primeira_dag to None, run_after=None
[2024-01-19T19:23:29.214+0000] {processor.py:175} INFO - Processing /opt/airflow/dags/01-primeira-dag.py took 0.036 seconds
[2024-01-19T19:23:34.459+0000] {processor.py:153} INFO - Started process (PID=48901) to work on /opt/airflow/dags/01-primeira-dag.py
[2024-01-19T19:23:34.460+0000] {processor.py:743} INFO - Processing file /opt/airflow/dags/01-primeira-dag.py for tasks to queue
[2024-01-19T19:23:34.461+0000] {logging_mixin.py:137} INFO - [2024-01-19T19:23:34.461+0000] {dagbag.py:538} INFO - Filling up the DagBag from /opt/airflow/dags/01-primeira-dag.py
[2024-01-19T19:23:34.469+0000] {processor.py:753} INFO - DAG(s) dict_keys(['primeira_dag']) retrieved from /opt/airflow/dags/01-primeira-dag.py
[2024-01-19T19:23:34.476+0000] {logging_mixin.py:137} INFO - [2024-01-19T19:23:34.476+0000] {dag.py:2690} INFO - Sync 1 DAGs
[2024-01-19T19:23:34.488+0000] {logging_mixin.py:137} INFO - [2024-01-19T19:23:34.488+0000] {dag.py:3441} INFO - Setting next_dagrun for primeira_dag to None, run_after=None
[2024-01-19T19:23:34.494+0000] {processor.py:175} INFO - Processing /opt/airflow/dags/01-primeira-dag.py took 0.037 seconds
[2024-01-19T19:23:40.862+0000] {processor.py:153} INFO - Started process (PID=48941) to work on /opt/airflow/dags/01-primeira-dag.py
[2024-01-19T19:23:40.863+0000] {processor.py:743} INFO - Processing file /opt/airflow/dags/01-primeira-dag.py for tasks to queue
[2024-01-19T19:23:40.863+0000] {logging_mixin.py:137} INFO - [2024-01-19T19:23:40.863+0000] {dagbag.py:538} INFO - Filling up the DagBag from /opt/airflow/dags/01-primeira-dag.py
[2024-01-19T19:23:40.872+0000] {processor.py:753} INFO - DAG(s) dict_keys(['primeira_dag']) retrieved from /opt/airflow/dags/01-primeira-dag.py
[2024-01-19T19:23:40.879+0000] {logging_mixin.py:137} INFO - [2024-01-19T19:23:40.879+0000] {dag.py:2690} INFO - Sync 1 DAGs
[2024-01-19T19:23:40.891+0000] {logging_mixin.py:137} INFO - [2024-01-19T19:23:40.891+0000] {dag.py:3441} INFO - Setting next_dagrun for primeira_dag to None, run_after=None
[2024-01-19T19:23:40.898+0000] {processor.py:175} INFO - Processing /opt/airflow/dags/01-primeira-dag.py took 0.037 seconds
[2024-01-19T19:23:47.312+0000] {processor.py:153} INFO - Started process (PID=48964) to work on /opt/airflow/dags/01-primeira-dag.py
[2024-01-19T19:23:47.312+0000] {processor.py:743} INFO - Processing file /opt/airflow/dags/01-primeira-dag.py for tasks to queue
[2024-01-19T19:23:47.313+0000] {logging_mixin.py:137} INFO - [2024-01-19T19:23:47.313+0000] {dagbag.py:538} INFO - Filling up the DagBag from /opt/airflow/dags/01-primeira-dag.py
[2024-01-19T19:23:47.325+0000] {processor.py:753} INFO - DAG(s) dict_keys(['primeira_dag']) retrieved from /opt/airflow/dags/01-primeira-dag.py
[2024-01-19T19:23:47.343+0000] {logging_mixin.py:137} INFO - [2024-01-19T19:23:47.343+0000] {dag.py:2690} INFO - Sync 1 DAGs
[2024-01-19T19:23:47.356+0000] {logging_mixin.py:137} INFO - [2024-01-19T19:23:47.356+0000] {dag.py:3441} INFO - Setting next_dagrun for primeira_dag to None, run_after=None
[2024-01-19T19:23:47.364+0000] {processor.py:175} INFO - Processing /opt/airflow/dags/01-primeira-dag.py took 0.055 seconds
[2024-01-19T19:23:53.718+0000] {processor.py:153} INFO - Started process (PID=49004) to work on /opt/airflow/dags/01-primeira-dag.py
[2024-01-19T19:23:53.719+0000] {processor.py:743} INFO - Processing file /opt/airflow/dags/01-primeira-dag.py for tasks to queue
[2024-01-19T19:23:53.719+0000] {logging_mixin.py:137} INFO - [2024-01-19T19:23:53.719+0000] {dagbag.py:538} INFO - Filling up the DagBag from /opt/airflow/dags/01-primeira-dag.py
[2024-01-19T19:23:53.727+0000] {processor.py:753} INFO - DAG(s) dict_keys(['primeira_dag']) retrieved from /opt/airflow/dags/01-primeira-dag.py
[2024-01-19T19:23:53.740+0000] {logging_mixin.py:137} INFO - [2024-01-19T19:23:53.740+0000] {dag.py:2690} INFO - Sync 1 DAGs
[2024-01-19T19:23:53.752+0000] {logging_mixin.py:137} INFO - [2024-01-19T19:23:53.752+0000] {dag.py:3441} INFO - Setting next_dagrun for primeira_dag to None, run_after=None
[2024-01-19T19:23:53.760+0000] {processor.py:175} INFO - Processing /opt/airflow/dags/01-primeira-dag.py took 0.044 seconds
[2024-01-19T19:23:59.366+0000] {processor.py:153} INFO - Started process (PID=49030) to work on /opt/airflow/dags/01-primeira-dag.py
[2024-01-19T19:23:59.367+0000] {processor.py:743} INFO - Processing file /opt/airflow/dags/01-primeira-dag.py for tasks to queue
[2024-01-19T19:23:59.367+0000] {logging_mixin.py:137} INFO - [2024-01-19T19:23:59.367+0000] {dagbag.py:538} INFO - Filling up the DagBag from /opt/airflow/dags/01-primeira-dag.py
[2024-01-19T19:23:59.377+0000] {processor.py:753} INFO - DAG(s) dict_keys(['primeira_dag']) retrieved from /opt/airflow/dags/01-primeira-dag.py
[2024-01-19T19:23:59.391+0000] {logging_mixin.py:137} INFO - [2024-01-19T19:23:59.391+0000] {dag.py:2690} INFO - Sync 1 DAGs
[2024-01-19T19:23:59.404+0000] {logging_mixin.py:137} INFO - [2024-01-19T19:23:59.404+0000] {dag.py:3441} INFO - Setting next_dagrun for primeira_dag to None, run_after=None
[2024-01-19T19:23:59.413+0000] {processor.py:175} INFO - Processing /opt/airflow/dags/01-primeira-dag.py took 0.051 seconds
[2024-01-19T19:24:05.922+0000] {processor.py:153} INFO - Started process (PID=49070) to work on /opt/airflow/dags/01-primeira-dag.py
[2024-01-19T19:24:05.923+0000] {processor.py:743} INFO - Processing file /opt/airflow/dags/01-primeira-dag.py for tasks to queue
[2024-01-19T19:24:05.923+0000] {logging_mixin.py:137} INFO - [2024-01-19T19:24:05.923+0000] {dagbag.py:538} INFO - Filling up the DagBag from /opt/airflow/dags/01-primeira-dag.py
[2024-01-19T19:24:05.931+0000] {processor.py:753} INFO - DAG(s) dict_keys(['primeira_dag']) retrieved from /opt/airflow/dags/01-primeira-dag.py
[2024-01-19T19:24:05.942+0000] {logging_mixin.py:137} INFO - [2024-01-19T19:24:05.942+0000] {dag.py:2690} INFO - Sync 1 DAGs
[2024-01-19T19:24:05.953+0000] {logging_mixin.py:137} INFO - [2024-01-19T19:24:05.952+0000] {dag.py:3441} INFO - Setting next_dagrun for primeira_dag to None, run_after=None
[2024-01-19T19:24:05.960+0000] {processor.py:175} INFO - Processing /opt/airflow/dags/01-primeira-dag.py took 0.040 seconds
[2024-01-19T19:24:11.322+0000] {processor.py:153} INFO - Started process (PID=49093) to work on /opt/airflow/dags/01-primeira-dag.py
[2024-01-19T19:24:11.323+0000] {processor.py:743} INFO - Processing file /opt/airflow/dags/01-primeira-dag.py for tasks to queue
[2024-01-19T19:24:11.323+0000] {logging_mixin.py:137} INFO - [2024-01-19T19:24:11.323+0000] {dagbag.py:538} INFO - Filling up the DagBag from /opt/airflow/dags/01-primeira-dag.py
[2024-01-19T19:24:11.340+0000] {processor.py:753} INFO - DAG(s) dict_keys(['primeira_dag']) retrieved from /opt/airflow/dags/01-primeira-dag.py
[2024-01-19T19:24:11.358+0000] {logging_mixin.py:137} INFO - [2024-01-19T19:24:11.358+0000] {dag.py:2690} INFO - Sync 1 DAGs
[2024-01-19T19:24:11.371+0000] {logging_mixin.py:137} INFO - [2024-01-19T19:24:11.371+0000] {dag.py:3441} INFO - Setting next_dagrun for primeira_dag to None, run_after=None
[2024-01-19T19:24:11.379+0000] {processor.py:175} INFO - Processing /opt/airflow/dags/01-primeira-dag.py took 0.060 seconds
[2024-01-19T19:24:17.789+0000] {processor.py:153} INFO - Started process (PID=49134) to work on /opt/airflow/dags/01-primeira-dag.py
[2024-01-19T19:24:17.789+0000] {processor.py:743} INFO - Processing file /opt/airflow/dags/01-primeira-dag.py for tasks to queue
[2024-01-19T19:24:17.790+0000] {logging_mixin.py:137} INFO - [2024-01-19T19:24:17.790+0000] {dagbag.py:538} INFO - Filling up the DagBag from /opt/airflow/dags/01-primeira-dag.py
[2024-01-19T19:24:17.799+0000] {processor.py:753} INFO - DAG(s) dict_keys(['primeira_dag']) retrieved from /opt/airflow/dags/01-primeira-dag.py
[2024-01-19T19:24:17.816+0000] {logging_mixin.py:137} INFO - [2024-01-19T19:24:17.816+0000] {dag.py:2690} INFO - Sync 1 DAGs
[2024-01-19T19:24:17.830+0000] {logging_mixin.py:137} INFO - [2024-01-19T19:24:17.830+0000] {dag.py:3441} INFO - Setting next_dagrun for primeira_dag to None, run_after=None
[2024-01-19T19:24:17.838+0000] {processor.py:175} INFO - Processing /opt/airflow/dags/01-primeira-dag.py took 0.051 seconds
[2024-01-19T19:24:24.241+0000] {processor.py:153} INFO - Started process (PID=49159) to work on /opt/airflow/dags/01-primeira-dag.py
[2024-01-19T19:24:24.242+0000] {processor.py:743} INFO - Processing file /opt/airflow/dags/01-primeira-dag.py for tasks to queue
[2024-01-19T19:24:24.242+0000] {logging_mixin.py:137} INFO - [2024-01-19T19:24:24.242+0000] {dagbag.py:538} INFO - Filling up the DagBag from /opt/airflow/dags/01-primeira-dag.py
[2024-01-19T19:24:24.251+0000] {processor.py:753} INFO - DAG(s) dict_keys(['primeira_dag']) retrieved from /opt/airflow/dags/01-primeira-dag.py
[2024-01-19T19:24:24.264+0000] {logging_mixin.py:137} INFO - [2024-01-19T19:24:24.263+0000] {dag.py:2690} INFO - Sync 1 DAGs
[2024-01-19T19:24:24.277+0000] {logging_mixin.py:137} INFO - [2024-01-19T19:24:24.277+0000] {dag.py:3441} INFO - Setting next_dagrun for primeira_dag to None, run_after=None
[2024-01-19T19:24:24.286+0000] {processor.py:175} INFO - Processing /opt/airflow/dags/01-primeira-dag.py took 0.047 seconds
[2024-01-19T19:24:30.845+0000] {processor.py:153} INFO - Started process (PID=49202) to work on /opt/airflow/dags/01-primeira-dag.py
[2024-01-19T19:24:30.846+0000] {processor.py:743} INFO - Processing file /opt/airflow/dags/01-primeira-dag.py for tasks to queue
[2024-01-19T19:24:30.846+0000] {logging_mixin.py:137} INFO - [2024-01-19T19:24:30.846+0000] {dagbag.py:538} INFO - Filling up the DagBag from /opt/airflow/dags/01-primeira-dag.py
[2024-01-19T19:24:30.855+0000] {processor.py:753} INFO - DAG(s) dict_keys(['primeira_dag']) retrieved from /opt/airflow/dags/01-primeira-dag.py
[2024-01-19T19:24:30.867+0000] {logging_mixin.py:137} INFO - [2024-01-19T19:24:30.867+0000] {dag.py:2690} INFO - Sync 1 DAGs
[2024-01-19T19:24:30.880+0000] {logging_mixin.py:137} INFO - [2024-01-19T19:24:30.880+0000] {dag.py:3441} INFO - Setting next_dagrun for primeira_dag to None, run_after=None
[2024-01-19T19:24:30.889+0000] {processor.py:175} INFO - Processing /opt/airflow/dags/01-primeira-dag.py took 0.046 seconds
[2024-01-19T19:24:37.903+0000] {processor.py:153} INFO - Started process (PID=49243) to work on /opt/airflow/dags/01-primeira-dag.py
[2024-01-19T19:24:37.904+0000] {processor.py:743} INFO - Processing file /opt/airflow/dags/01-primeira-dag.py for tasks to queue
[2024-01-19T19:24:37.904+0000] {logging_mixin.py:137} INFO - [2024-01-19T19:24:37.904+0000] {dagbag.py:538} INFO - Filling up the DagBag from /opt/airflow/dags/01-primeira-dag.py
[2024-01-19T19:24:37.922+0000] {processor.py:753} INFO - DAG(s) dict_keys(['primeira_dag']) retrieved from /opt/airflow/dags/01-primeira-dag.py
[2024-01-19T19:24:37.940+0000] {logging_mixin.py:137} INFO - [2024-01-19T19:24:37.940+0000] {dag.py:2690} INFO - Sync 1 DAGs
[2024-01-19T19:24:37.953+0000] {logging_mixin.py:137} INFO - [2024-01-19T19:24:37.953+0000] {dag.py:3441} INFO - Setting next_dagrun for primeira_dag to None, run_after=None
[2024-01-19T19:24:37.961+0000] {processor.py:175} INFO - Processing /opt/airflow/dags/01-primeira-dag.py took 0.060 seconds
[2024-01-19T19:24:43.663+0000] {processor.py:153} INFO - Started process (PID=49269) to work on /opt/airflow/dags/01-primeira-dag.py
[2024-01-19T19:24:43.664+0000] {processor.py:743} INFO - Processing file /opt/airflow/dags/01-primeira-dag.py for tasks to queue
[2024-01-19T19:24:43.664+0000] {logging_mixin.py:137} INFO - [2024-01-19T19:24:43.664+0000] {dagbag.py:538} INFO - Filling up the DagBag from /opt/airflow/dags/01-primeira-dag.py
[2024-01-19T19:24:43.673+0000] {processor.py:753} INFO - DAG(s) dict_keys(['primeira_dag']) retrieved from /opt/airflow/dags/01-primeira-dag.py
[2024-01-19T19:24:43.686+0000] {logging_mixin.py:137} INFO - [2024-01-19T19:24:43.686+0000] {dag.py:2690} INFO - Sync 1 DAGs
[2024-01-19T19:24:43.700+0000] {logging_mixin.py:137} INFO - [2024-01-19T19:24:43.700+0000] {dag.py:3441} INFO - Setting next_dagrun for primeira_dag to None, run_after=None
[2024-01-19T19:24:43.709+0000] {processor.py:175} INFO - Processing /opt/airflow/dags/01-primeira-dag.py took 0.048 seconds
[2024-01-19T19:24:49.345+0000] {processor.py:153} INFO - Started process (PID=49310) to work on /opt/airflow/dags/01-primeira-dag.py
[2024-01-19T19:24:49.346+0000] {processor.py:743} INFO - Processing file /opt/airflow/dags/01-primeira-dag.py for tasks to queue
[2024-01-19T19:24:49.347+0000] {logging_mixin.py:137} INFO - [2024-01-19T19:24:49.347+0000] {dagbag.py:538} INFO - Filling up the DagBag from /opt/airflow/dags/01-primeira-dag.py
[2024-01-19T19:24:49.358+0000] {processor.py:753} INFO - DAG(s) dict_keys(['primeira_dag']) retrieved from /opt/airflow/dags/01-primeira-dag.py
[2024-01-19T19:24:49.379+0000] {logging_mixin.py:137} INFO - [2024-01-19T19:24:49.379+0000] {dag.py:2690} INFO - Sync 1 DAGs
[2024-01-19T19:24:49.394+0000] {logging_mixin.py:137} INFO - [2024-01-19T19:24:49.394+0000] {dag.py:3441} INFO - Setting next_dagrun for primeira_dag to None, run_after=None
[2024-01-19T19:24:49.403+0000] {processor.py:175} INFO - Processing /opt/airflow/dags/01-primeira-dag.py took 0.060 seconds
[2024-01-19T19:24:54.826+0000] {processor.py:153} INFO - Started process (PID=49335) to work on /opt/airflow/dags/01-primeira-dag.py
[2024-01-19T19:24:54.826+0000] {processor.py:743} INFO - Processing file /opt/airflow/dags/01-primeira-dag.py for tasks to queue
[2024-01-19T19:24:54.827+0000] {logging_mixin.py:137} INFO - [2024-01-19T19:24:54.827+0000] {dagbag.py:538} INFO - Filling up the DagBag from /opt/airflow/dags/01-primeira-dag.py
[2024-01-19T19:24:54.836+0000] {processor.py:753} INFO - DAG(s) dict_keys(['primeira_dag']) retrieved from /opt/airflow/dags/01-primeira-dag.py
[2024-01-19T19:24:54.849+0000] {logging_mixin.py:137} INFO - [2024-01-19T19:24:54.849+0000] {dag.py:2690} INFO - Sync 1 DAGs
[2024-01-19T19:24:54.860+0000] {logging_mixin.py:137} INFO - [2024-01-19T19:24:54.860+0000] {dag.py:3441} INFO - Setting next_dagrun for primeira_dag to None, run_after=None
[2024-01-19T19:24:54.868+0000] {processor.py:175} INFO - Processing /opt/airflow/dags/01-primeira-dag.py took 0.045 seconds
[2024-01-19T19:25:01.992+0000] {processor.py:153} INFO - Started process (PID=49376) to work on /opt/airflow/dags/01-primeira-dag.py
[2024-01-19T19:25:01.992+0000] {processor.py:743} INFO - Processing file /opt/airflow/dags/01-primeira-dag.py for tasks to queue
[2024-01-19T19:25:01.993+0000] {logging_mixin.py:137} INFO - [2024-01-19T19:25:01.993+0000] {dagbag.py:538} INFO - Filling up the DagBag from /opt/airflow/dags/01-primeira-dag.py
[2024-01-19T19:25:02.001+0000] {processor.py:753} INFO - DAG(s) dict_keys(['primeira_dag']) retrieved from /opt/airflow/dags/01-primeira-dag.py
[2024-01-19T19:25:02.014+0000] {logging_mixin.py:137} INFO - [2024-01-19T19:25:02.014+0000] {dag.py:2690} INFO - Sync 1 DAGs
[2024-01-19T19:25:02.025+0000] {logging_mixin.py:137} INFO - [2024-01-19T19:25:02.025+0000] {dag.py:3441} INFO - Setting next_dagrun for primeira_dag to None, run_after=None
[2024-01-19T19:25:02.032+0000] {processor.py:175} INFO - Processing /opt/airflow/dags/01-primeira-dag.py took 0.043 seconds
[2024-01-19T19:25:07.728+0000] {processor.py:153} INFO - Started process (PID=49401) to work on /opt/airflow/dags/01-primeira-dag.py
[2024-01-19T19:25:07.730+0000] {processor.py:743} INFO - Processing file /opt/airflow/dags/01-primeira-dag.py for tasks to queue
[2024-01-19T19:25:07.730+0000] {logging_mixin.py:137} INFO - [2024-01-19T19:25:07.730+0000] {dagbag.py:538} INFO - Filling up the DagBag from /opt/airflow/dags/01-primeira-dag.py
[2024-01-19T19:25:07.743+0000] {processor.py:753} INFO - DAG(s) dict_keys(['primeira_dag']) retrieved from /opt/airflow/dags/01-primeira-dag.py
[2024-01-19T19:25:07.759+0000] {logging_mixin.py:137} INFO - [2024-01-19T19:25:07.759+0000] {dag.py:2690} INFO - Sync 1 DAGs
[2024-01-19T19:25:07.772+0000] {logging_mixin.py:137} INFO - [2024-01-19T19:25:07.772+0000] {dag.py:3441} INFO - Setting next_dagrun for primeira_dag to None, run_after=None
[2024-01-19T19:25:07.781+0000] {processor.py:175} INFO - Processing /opt/airflow/dags/01-primeira-dag.py took 0.057 seconds
[2024-01-19T19:25:13.965+0000] {processor.py:153} INFO - Started process (PID=49442) to work on /opt/airflow/dags/01-primeira-dag.py
[2024-01-19T19:25:13.966+0000] {processor.py:743} INFO - Processing file /opt/airflow/dags/01-primeira-dag.py for tasks to queue
[2024-01-19T19:25:13.966+0000] {logging_mixin.py:137} INFO - [2024-01-19T19:25:13.966+0000] {dagbag.py:538} INFO - Filling up the DagBag from /opt/airflow/dags/01-primeira-dag.py
[2024-01-19T19:25:13.974+0000] {processor.py:753} INFO - DAG(s) dict_keys(['primeira_dag']) retrieved from /opt/airflow/dags/01-primeira-dag.py
[2024-01-19T19:25:13.986+0000] {logging_mixin.py:137} INFO - [2024-01-19T19:25:13.986+0000] {dag.py:2690} INFO - Sync 1 DAGs
[2024-01-19T19:25:13.998+0000] {logging_mixin.py:137} INFO - [2024-01-19T19:25:13.998+0000] {dag.py:3441} INFO - Setting next_dagrun for primeira_dag to None, run_after=None
[2024-01-19T19:25:14.005+0000] {processor.py:175} INFO - Processing /opt/airflow/dags/01-primeira-dag.py took 0.042 seconds
[2024-01-19T19:25:19.243+0000] {processor.py:153} INFO - Started process (PID=49467) to work on /opt/airflow/dags/01-primeira-dag.py
[2024-01-19T19:25:19.243+0000] {processor.py:743} INFO - Processing file /opt/airflow/dags/01-primeira-dag.py for tasks to queue
[2024-01-19T19:25:19.244+0000] {logging_mixin.py:137} INFO - [2024-01-19T19:25:19.244+0000] {dagbag.py:538} INFO - Filling up the DagBag from /opt/airflow/dags/01-primeira-dag.py
[2024-01-19T19:25:19.253+0000] {processor.py:753} INFO - DAG(s) dict_keys(['primeira_dag']) retrieved from /opt/airflow/dags/01-primeira-dag.py
[2024-01-19T19:25:19.263+0000] {logging_mixin.py:137} INFO - [2024-01-19T19:25:19.263+0000] {dag.py:2690} INFO - Sync 1 DAGs
[2024-01-19T19:25:19.275+0000] {logging_mixin.py:137} INFO - [2024-01-19T19:25:19.275+0000] {dag.py:3441} INFO - Setting next_dagrun for primeira_dag to None, run_after=None
[2024-01-19T19:25:19.282+0000] {processor.py:175} INFO - Processing /opt/airflow/dags/01-primeira-dag.py took 0.042 seconds
[2024-01-19T19:25:26.120+0000] {processor.py:153} INFO - Started process (PID=49508) to work on /opt/airflow/dags/01-primeira-dag.py
[2024-01-19T19:25:26.120+0000] {processor.py:743} INFO - Processing file /opt/airflow/dags/01-primeira-dag.py for tasks to queue
[2024-01-19T19:25:26.121+0000] {logging_mixin.py:137} INFO - [2024-01-19T19:25:26.121+0000] {dagbag.py:538} INFO - Filling up the DagBag from /opt/airflow/dags/01-primeira-dag.py
[2024-01-19T19:25:26.129+0000] {processor.py:753} INFO - DAG(s) dict_keys(['primeira_dag']) retrieved from /opt/airflow/dags/01-primeira-dag.py
[2024-01-19T19:25:26.140+0000] {logging_mixin.py:137} INFO - [2024-01-19T19:25:26.140+0000] {dag.py:2690} INFO - Sync 1 DAGs
[2024-01-19T19:25:26.151+0000] {logging_mixin.py:137} INFO - [2024-01-19T19:25:26.151+0000] {dag.py:3441} INFO - Setting next_dagrun for primeira_dag to None, run_after=None
[2024-01-19T19:25:26.159+0000] {processor.py:175} INFO - Processing /opt/airflow/dags/01-primeira-dag.py took 0.041 seconds
[2024-01-19T19:25:31.613+0000] {processor.py:153} INFO - Started process (PID=49533) to work on /opt/airflow/dags/01-primeira-dag.py
[2024-01-19T19:25:31.613+0000] {processor.py:743} INFO - Processing file /opt/airflow/dags/01-primeira-dag.py for tasks to queue
[2024-01-19T19:25:31.613+0000] {logging_mixin.py:137} INFO - [2024-01-19T19:25:31.613+0000] {dagbag.py:538} INFO - Filling up the DagBag from /opt/airflow/dags/01-primeira-dag.py
[2024-01-19T19:25:31.622+0000] {processor.py:753} INFO - DAG(s) dict_keys(['primeira_dag']) retrieved from /opt/airflow/dags/01-primeira-dag.py
[2024-01-19T19:25:31.633+0000] {logging_mixin.py:137} INFO - [2024-01-19T19:25:31.633+0000] {dag.py:2690} INFO - Sync 1 DAGs
[2024-01-19T19:25:31.644+0000] {logging_mixin.py:137} INFO - [2024-01-19T19:25:31.644+0000] {dag.py:3441} INFO - Setting next_dagrun for primeira_dag to None, run_after=None
[2024-01-19T19:25:31.651+0000] {processor.py:175} INFO - Processing /opt/airflow/dags/01-primeira-dag.py took 0.040 seconds
[2024-01-19T19:25:37.451+0000] {processor.py:153} INFO - Started process (PID=49575) to work on /opt/airflow/dags/01-primeira-dag.py
[2024-01-19T19:25:37.452+0000] {processor.py:743} INFO - Processing file /opt/airflow/dags/01-primeira-dag.py for tasks to queue
[2024-01-19T19:25:37.452+0000] {logging_mixin.py:137} INFO - [2024-01-19T19:25:37.452+0000] {dagbag.py:538} INFO - Filling up the DagBag from /opt/airflow/dags/01-primeira-dag.py
[2024-01-19T19:25:37.460+0000] {processor.py:753} INFO - DAG(s) dict_keys(['primeira_dag']) retrieved from /opt/airflow/dags/01-primeira-dag.py
[2024-01-19T19:25:37.472+0000] {logging_mixin.py:137} INFO - [2024-01-19T19:25:37.472+0000] {dag.py:2690} INFO - Sync 1 DAGs
[2024-01-19T19:25:37.483+0000] {logging_mixin.py:137} INFO - [2024-01-19T19:25:37.483+0000] {dag.py:3441} INFO - Setting next_dagrun for primeira_dag to None, run_after=None
[2024-01-19T19:25:37.490+0000] {processor.py:175} INFO - Processing /opt/airflow/dags/01-primeira-dag.py took 0.041 seconds
[2024-01-19T19:25:43.050+0000] {processor.py:153} INFO - Started process (PID=49600) to work on /opt/airflow/dags/01-primeira-dag.py
[2024-01-19T19:25:43.051+0000] {processor.py:743} INFO - Processing file /opt/airflow/dags/01-primeira-dag.py for tasks to queue
[2024-01-19T19:25:43.051+0000] {logging_mixin.py:137} INFO - [2024-01-19T19:25:43.051+0000] {dagbag.py:538} INFO - Filling up the DagBag from /opt/airflow/dags/01-primeira-dag.py
[2024-01-19T19:25:43.059+0000] {processor.py:753} INFO - DAG(s) dict_keys(['primeira_dag']) retrieved from /opt/airflow/dags/01-primeira-dag.py
[2024-01-19T19:25:43.071+0000] {logging_mixin.py:137} INFO - [2024-01-19T19:25:43.070+0000] {dag.py:2690} INFO - Sync 1 DAGs
[2024-01-19T19:25:43.081+0000] {logging_mixin.py:137} INFO - [2024-01-19T19:25:43.081+0000] {dag.py:3441} INFO - Setting next_dagrun for primeira_dag to None, run_after=None
[2024-01-19T19:25:43.088+0000] {processor.py:175} INFO - Processing /opt/airflow/dags/01-primeira-dag.py took 0.040 seconds
[2024-01-19T19:25:49.117+0000] {processor.py:153} INFO - Started process (PID=49641) to work on /opt/airflow/dags/01-primeira-dag.py
[2024-01-19T19:25:49.118+0000] {processor.py:743} INFO - Processing file /opt/airflow/dags/01-primeira-dag.py for tasks to queue
[2024-01-19T19:25:49.118+0000] {logging_mixin.py:137} INFO - [2024-01-19T19:25:49.118+0000] {dagbag.py:538} INFO - Filling up the DagBag from /opt/airflow/dags/01-primeira-dag.py
[2024-01-19T19:25:49.127+0000] {processor.py:753} INFO - DAG(s) dict_keys(['primeira_dag']) retrieved from /opt/airflow/dags/01-primeira-dag.py
[2024-01-19T19:25:49.138+0000] {logging_mixin.py:137} INFO - [2024-01-19T19:25:49.138+0000] {dag.py:2690} INFO - Sync 1 DAGs
[2024-01-19T19:25:49.149+0000] {logging_mixin.py:137} INFO - [2024-01-19T19:25:49.149+0000] {dag.py:3441} INFO - Setting next_dagrun for primeira_dag to None, run_after=None
[2024-01-19T19:25:49.156+0000] {processor.py:175} INFO - Processing /opt/airflow/dags/01-primeira-dag.py took 0.042 seconds
[2024-01-19T19:25:54.761+0000] {processor.py:153} INFO - Started process (PID=49666) to work on /opt/airflow/dags/01-primeira-dag.py
[2024-01-19T19:25:54.762+0000] {processor.py:743} INFO - Processing file /opt/airflow/dags/01-primeira-dag.py for tasks to queue
[2024-01-19T19:25:54.762+0000] {logging_mixin.py:137} INFO - [2024-01-19T19:25:54.762+0000] {dagbag.py:538} INFO - Filling up the DagBag from /opt/airflow/dags/01-primeira-dag.py
[2024-01-19T19:25:54.770+0000] {processor.py:753} INFO - DAG(s) dict_keys(['primeira_dag']) retrieved from /opt/airflow/dags/01-primeira-dag.py
[2024-01-19T19:25:54.782+0000] {logging_mixin.py:137} INFO - [2024-01-19T19:25:54.782+0000] {dag.py:2690} INFO - Sync 1 DAGs
[2024-01-19T19:25:54.793+0000] {logging_mixin.py:137} INFO - [2024-01-19T19:25:54.793+0000] {dag.py:3441} INFO - Setting next_dagrun for primeira_dag to None, run_after=None
[2024-01-19T19:25:54.800+0000] {processor.py:175} INFO - Processing /opt/airflow/dags/01-primeira-dag.py took 0.041 seconds
[2024-01-19T19:26:00.679+0000] {processor.py:153} INFO - Started process (PID=49707) to work on /opt/airflow/dags/01-primeira-dag.py
[2024-01-19T19:26:00.681+0000] {processor.py:743} INFO - Processing file /opt/airflow/dags/01-primeira-dag.py for tasks to queue
[2024-01-19T19:26:00.681+0000] {logging_mixin.py:137} INFO - [2024-01-19T19:26:00.681+0000] {dagbag.py:538} INFO - Filling up the DagBag from /opt/airflow/dags/01-primeira-dag.py
[2024-01-19T19:26:00.697+0000] {processor.py:753} INFO - DAG(s) dict_keys(['primeira_dag']) retrieved from /opt/airflow/dags/01-primeira-dag.py
[2024-01-19T19:26:00.713+0000] {logging_mixin.py:137} INFO - [2024-01-19T19:26:00.713+0000] {dag.py:2690} INFO - Sync 1 DAGs
[2024-01-19T19:26:00.728+0000] {logging_mixin.py:137} INFO - [2024-01-19T19:26:00.728+0000] {dag.py:3441} INFO - Setting next_dagrun for primeira_dag to None, run_after=None
[2024-01-19T19:26:00.738+0000] {processor.py:175} INFO - Processing /opt/airflow/dags/01-primeira-dag.py took 0.063 seconds
[2024-01-19T19:26:06.212+0000] {processor.py:153} INFO - Started process (PID=49732) to work on /opt/airflow/dags/01-primeira-dag.py
[2024-01-19T19:26:06.213+0000] {processor.py:743} INFO - Processing file /opt/airflow/dags/01-primeira-dag.py for tasks to queue
[2024-01-19T19:26:06.213+0000] {logging_mixin.py:137} INFO - [2024-01-19T19:26:06.213+0000] {dagbag.py:538} INFO - Filling up the DagBag from /opt/airflow/dags/01-primeira-dag.py
[2024-01-19T19:26:06.234+0000] {processor.py:753} INFO - DAG(s) dict_keys(['primeira_dag']) retrieved from /opt/airflow/dags/01-primeira-dag.py
[2024-01-19T19:26:06.247+0000] {logging_mixin.py:137} INFO - [2024-01-19T19:26:06.247+0000] {dag.py:2690} INFO - Sync 1 DAGs
[2024-01-19T19:26:06.259+0000] {logging_mixin.py:137} INFO - [2024-01-19T19:26:06.259+0000] {dag.py:3441} INFO - Setting next_dagrun for primeira_dag to None, run_after=None
[2024-01-19T19:26:06.268+0000] {processor.py:175} INFO - Processing /opt/airflow/dags/01-primeira-dag.py took 0.058 seconds
[2024-01-19T19:26:12.143+0000] {processor.py:153} INFO - Started process (PID=49773) to work on /opt/airflow/dags/01-primeira-dag.py
[2024-01-19T19:26:12.144+0000] {processor.py:743} INFO - Processing file /opt/airflow/dags/01-primeira-dag.py for tasks to queue
[2024-01-19T19:26:12.144+0000] {logging_mixin.py:137} INFO - [2024-01-19T19:26:12.144+0000] {dagbag.py:538} INFO - Filling up the DagBag from /opt/airflow/dags/01-primeira-dag.py
[2024-01-19T19:26:12.153+0000] {processor.py:753} INFO - DAG(s) dict_keys(['primeira_dag']) retrieved from /opt/airflow/dags/01-primeira-dag.py
[2024-01-19T19:26:12.167+0000] {logging_mixin.py:137} INFO - [2024-01-19T19:26:12.167+0000] {dag.py:2690} INFO - Sync 1 DAGs
[2024-01-19T19:26:12.183+0000] {logging_mixin.py:137} INFO - [2024-01-19T19:26:12.183+0000] {dag.py:3441} INFO - Setting next_dagrun for primeira_dag to None, run_after=None
[2024-01-19T19:26:12.193+0000] {processor.py:175} INFO - Processing /opt/airflow/dags/01-primeira-dag.py took 0.052 seconds
[2024-01-19T19:26:17.687+0000] {processor.py:153} INFO - Started process (PID=49798) to work on /opt/airflow/dags/01-primeira-dag.py
[2024-01-19T19:26:17.687+0000] {processor.py:743} INFO - Processing file /opt/airflow/dags/01-primeira-dag.py for tasks to queue
[2024-01-19T19:26:17.688+0000] {logging_mixin.py:137} INFO - [2024-01-19T19:26:17.688+0000] {dagbag.py:538} INFO - Filling up the DagBag from /opt/airflow/dags/01-primeira-dag.py
[2024-01-19T19:26:17.696+0000] {processor.py:753} INFO - DAG(s) dict_keys(['primeira_dag']) retrieved from /opt/airflow/dags/01-primeira-dag.py
[2024-01-19T19:26:17.708+0000] {logging_mixin.py:137} INFO - [2024-01-19T19:26:17.708+0000] {dag.py:2690} INFO - Sync 1 DAGs
[2024-01-19T19:26:17.719+0000] {logging_mixin.py:137} INFO - [2024-01-19T19:26:17.719+0000] {dag.py:3441} INFO - Setting next_dagrun for primeira_dag to None, run_after=None
[2024-01-19T19:26:17.726+0000] {processor.py:175} INFO - Processing /opt/airflow/dags/01-primeira-dag.py took 0.041 seconds
[2024-01-19T19:26:23.480+0000] {processor.py:153} INFO - Started process (PID=49839) to work on /opt/airflow/dags/01-primeira-dag.py
[2024-01-19T19:26:23.481+0000] {processor.py:743} INFO - Processing file /opt/airflow/dags/01-primeira-dag.py for tasks to queue
[2024-01-19T19:26:23.483+0000] {logging_mixin.py:137} INFO - [2024-01-19T19:26:23.482+0000] {dagbag.py:538} INFO - Filling up the DagBag from /opt/airflow/dags/01-primeira-dag.py
[2024-01-19T19:26:23.491+0000] {processor.py:753} INFO - DAG(s) dict_keys(['primeira_dag']) retrieved from /opt/airflow/dags/01-primeira-dag.py
[2024-01-19T19:26:23.505+0000] {logging_mixin.py:137} INFO - [2024-01-19T19:26:23.505+0000] {dag.py:2690} INFO - Sync 1 DAGs
[2024-01-19T19:26:23.518+0000] {logging_mixin.py:137} INFO - [2024-01-19T19:26:23.518+0000] {dag.py:3441} INFO - Setting next_dagrun for primeira_dag to None, run_after=None
[2024-01-19T19:26:23.526+0000] {processor.py:175} INFO - Processing /opt/airflow/dags/01-primeira-dag.py took 0.048 seconds
[2024-01-19T19:26:29.228+0000] {processor.py:153} INFO - Started process (PID=49864) to work on /opt/airflow/dags/01-primeira-dag.py
[2024-01-19T19:26:29.228+0000] {processor.py:743} INFO - Processing file /opt/airflow/dags/01-primeira-dag.py for tasks to queue
[2024-01-19T19:26:29.229+0000] {logging_mixin.py:137} INFO - [2024-01-19T19:26:29.229+0000] {dagbag.py:538} INFO - Filling up the DagBag from /opt/airflow/dags/01-primeira-dag.py
[2024-01-19T19:26:29.236+0000] {processor.py:753} INFO - DAG(s) dict_keys(['primeira_dag']) retrieved from /opt/airflow/dags/01-primeira-dag.py
[2024-01-19T19:26:29.248+0000] {logging_mixin.py:137} INFO - [2024-01-19T19:26:29.248+0000] {dag.py:2690} INFO - Sync 1 DAGs
[2024-01-19T19:26:29.259+0000] {logging_mixin.py:137} INFO - [2024-01-19T19:26:29.259+0000] {dag.py:3441} INFO - Setting next_dagrun for primeira_dag to None, run_after=None
[2024-01-19T19:26:29.266+0000] {processor.py:175} INFO - Processing /opt/airflow/dags/01-primeira-dag.py took 0.040 seconds
[2024-01-19T19:26:35.274+0000] {processor.py:153} INFO - Started process (PID=49905) to work on /opt/airflow/dags/01-primeira-dag.py
[2024-01-19T19:26:35.275+0000] {processor.py:743} INFO - Processing file /opt/airflow/dags/01-primeira-dag.py for tasks to queue
[2024-01-19T19:26:35.276+0000] {logging_mixin.py:137} INFO - [2024-01-19T19:26:35.276+0000] {dagbag.py:538} INFO - Filling up the DagBag from /opt/airflow/dags/01-primeira-dag.py
[2024-01-19T19:26:35.285+0000] {processor.py:753} INFO - DAG(s) dict_keys(['primeira_dag']) retrieved from /opt/airflow/dags/01-primeira-dag.py
[2024-01-19T19:26:35.300+0000] {logging_mixin.py:137} INFO - [2024-01-19T19:26:35.299+0000] {dag.py:2690} INFO - Sync 1 DAGs
[2024-01-19T19:26:35.315+0000] {logging_mixin.py:137} INFO - [2024-01-19T19:26:35.315+0000] {dag.py:3441} INFO - Setting next_dagrun for primeira_dag to None, run_after=None
[2024-01-19T19:26:35.326+0000] {processor.py:175} INFO - Processing /opt/airflow/dags/01-primeira-dag.py took 0.054 seconds
[2024-01-19T19:26:40.992+0000] {processor.py:153} INFO - Started process (PID=49930) to work on /opt/airflow/dags/01-primeira-dag.py
[2024-01-19T19:26:40.993+0000] {processor.py:743} INFO - Processing file /opt/airflow/dags/01-primeira-dag.py for tasks to queue
[2024-01-19T19:26:40.993+0000] {logging_mixin.py:137} INFO - [2024-01-19T19:26:40.993+0000] {dagbag.py:538} INFO - Filling up the DagBag from /opt/airflow/dags/01-primeira-dag.py
[2024-01-19T19:26:41.002+0000] {processor.py:753} INFO - DAG(s) dict_keys(['primeira_dag']) retrieved from /opt/airflow/dags/01-primeira-dag.py
[2024-01-19T19:26:41.013+0000] {logging_mixin.py:137} INFO - [2024-01-19T19:26:41.013+0000] {dag.py:2690} INFO - Sync 1 DAGs
[2024-01-19T19:26:41.028+0000] {logging_mixin.py:137} INFO - [2024-01-19T19:26:41.028+0000] {dag.py:3441} INFO - Setting next_dagrun for primeira_dag to None, run_after=None
[2024-01-19T19:26:41.038+0000] {processor.py:175} INFO - Processing /opt/airflow/dags/01-primeira-dag.py took 0.048 seconds
[2024-01-19T19:26:46.876+0000] {processor.py:153} INFO - Started process (PID=49971) to work on /opt/airflow/dags/01-primeira-dag.py
[2024-01-19T19:26:46.877+0000] {processor.py:743} INFO - Processing file /opt/airflow/dags/01-primeira-dag.py for tasks to queue
[2024-01-19T19:26:46.878+0000] {logging_mixin.py:137} INFO - [2024-01-19T19:26:46.877+0000] {dagbag.py:538} INFO - Filling up the DagBag from /opt/airflow/dags/01-primeira-dag.py
[2024-01-19T19:26:46.891+0000] {processor.py:753} INFO - DAG(s) dict_keys(['primeira_dag']) retrieved from /opt/airflow/dags/01-primeira-dag.py
[2024-01-19T19:26:46.910+0000] {logging_mixin.py:137} INFO - [2024-01-19T19:26:46.910+0000] {dag.py:2690} INFO - Sync 1 DAGs
[2024-01-19T19:26:46.924+0000] {logging_mixin.py:137} INFO - [2024-01-19T19:26:46.924+0000] {dag.py:3441} INFO - Setting next_dagrun for primeira_dag to None, run_after=None
[2024-01-19T19:26:46.934+0000] {processor.py:175} INFO - Processing /opt/airflow/dags/01-primeira-dag.py took 0.061 seconds
[2024-01-19T19:26:52.346+0000] {processor.py:153} INFO - Started process (PID=49996) to work on /opt/airflow/dags/01-primeira-dag.py
[2024-01-19T19:26:52.347+0000] {processor.py:743} INFO - Processing file /opt/airflow/dags/01-primeira-dag.py for tasks to queue
[2024-01-19T19:26:52.347+0000] {logging_mixin.py:137} INFO - [2024-01-19T19:26:52.347+0000] {dagbag.py:538} INFO - Filling up the DagBag from /opt/airflow/dags/01-primeira-dag.py
[2024-01-19T19:26:52.357+0000] {processor.py:753} INFO - DAG(s) dict_keys(['primeira_dag']) retrieved from /opt/airflow/dags/01-primeira-dag.py
[2024-01-19T19:26:52.368+0000] {logging_mixin.py:137} INFO - [2024-01-19T19:26:52.368+0000] {dag.py:2690} INFO - Sync 1 DAGs
[2024-01-19T19:26:52.379+0000] {logging_mixin.py:137} INFO - [2024-01-19T19:26:52.379+0000] {dag.py:3441} INFO - Setting next_dagrun for primeira_dag to None, run_after=None
[2024-01-19T19:26:52.386+0000] {processor.py:175} INFO - Processing /opt/airflow/dags/01-primeira-dag.py took 0.042 seconds
[2024-01-19T19:26:59.772+0000] {processor.py:153} INFO - Started process (PID=50037) to work on /opt/airflow/dags/01-primeira-dag.py
[2024-01-19T19:26:59.773+0000] {processor.py:743} INFO - Processing file /opt/airflow/dags/01-primeira-dag.py for tasks to queue
[2024-01-19T19:26:59.773+0000] {logging_mixin.py:137} INFO - [2024-01-19T19:26:59.773+0000] {dagbag.py:538} INFO - Filling up the DagBag from /opt/airflow/dags/01-primeira-dag.py
[2024-01-19T19:26:59.784+0000] {processor.py:753} INFO - DAG(s) dict_keys(['primeira_dag']) retrieved from /opt/airflow/dags/01-primeira-dag.py
[2024-01-19T19:26:59.799+0000] {logging_mixin.py:137} INFO - [2024-01-19T19:26:59.799+0000] {dag.py:2690} INFO - Sync 1 DAGs
[2024-01-19T19:26:59.825+0000] {logging_mixin.py:137} INFO - [2024-01-19T19:26:59.825+0000] {dag.py:3441} INFO - Setting next_dagrun for primeira_dag to None, run_after=None
[2024-01-19T19:26:59.850+0000] {processor.py:175} INFO - Processing /opt/airflow/dags/01-primeira-dag.py took 0.079 seconds
[2024-01-19T19:27:05.395+0000] {processor.py:153} INFO - Started process (PID=50063) to work on /opt/airflow/dags/01-primeira-dag.py
[2024-01-19T19:27:05.395+0000] {processor.py:743} INFO - Processing file /opt/airflow/dags/01-primeira-dag.py for tasks to queue
[2024-01-19T19:27:05.396+0000] {logging_mixin.py:137} INFO - [2024-01-19T19:27:05.396+0000] {dagbag.py:538} INFO - Filling up the DagBag from /opt/airflow/dags/01-primeira-dag.py
[2024-01-19T19:27:05.408+0000] {processor.py:753} INFO - DAG(s) dict_keys(['primeira_dag']) retrieved from /opt/airflow/dags/01-primeira-dag.py
[2024-01-19T19:27:05.420+0000] {logging_mixin.py:137} INFO - [2024-01-19T19:27:05.420+0000] {dag.py:2690} INFO - Sync 1 DAGs
[2024-01-19T19:27:05.431+0000] {logging_mixin.py:137} INFO - [2024-01-19T19:27:05.431+0000] {dag.py:3441} INFO - Setting next_dagrun for primeira_dag to None, run_after=None
[2024-01-19T19:27:05.438+0000] {processor.py:175} INFO - Processing /opt/airflow/dags/01-primeira-dag.py took 0.045 seconds
[2024-01-19T19:27:12.517+0000] {processor.py:153} INFO - Started process (PID=50104) to work on /opt/airflow/dags/01-primeira-dag.py
[2024-01-19T19:27:12.518+0000] {processor.py:743} INFO - Processing file /opt/airflow/dags/01-primeira-dag.py for tasks to queue
[2024-01-19T19:27:12.518+0000] {logging_mixin.py:137} INFO - [2024-01-19T19:27:12.518+0000] {dagbag.py:538} INFO - Filling up the DagBag from /opt/airflow/dags/01-primeira-dag.py
[2024-01-19T19:27:12.531+0000] {processor.py:753} INFO - DAG(s) dict_keys(['primeira_dag']) retrieved from /opt/airflow/dags/01-primeira-dag.py
[2024-01-19T19:27:12.548+0000] {logging_mixin.py:137} INFO - [2024-01-19T19:27:12.548+0000] {dag.py:2690} INFO - Sync 1 DAGs
[2024-01-19T19:27:12.561+0000] {logging_mixin.py:137} INFO - [2024-01-19T19:27:12.561+0000] {dag.py:3441} INFO - Setting next_dagrun for primeira_dag to None, run_after=None
[2024-01-19T19:27:12.569+0000] {processor.py:175} INFO - Processing /opt/airflow/dags/01-primeira-dag.py took 0.054 seconds
[2024-01-19T19:27:18.112+0000] {processor.py:153} INFO - Started process (PID=50129) to work on /opt/airflow/dags/01-primeira-dag.py
[2024-01-19T19:27:18.113+0000] {processor.py:743} INFO - Processing file /opt/airflow/dags/01-primeira-dag.py for tasks to queue
[2024-01-19T19:27:18.113+0000] {logging_mixin.py:137} INFO - [2024-01-19T19:27:18.113+0000] {dagbag.py:538} INFO - Filling up the DagBag from /opt/airflow/dags/01-primeira-dag.py
[2024-01-19T19:27:18.121+0000] {processor.py:753} INFO - DAG(s) dict_keys(['primeira_dag']) retrieved from /opt/airflow/dags/01-primeira-dag.py
[2024-01-19T19:27:18.134+0000] {logging_mixin.py:137} INFO - [2024-01-19T19:27:18.134+0000] {dag.py:2690} INFO - Sync 1 DAGs
[2024-01-19T19:27:18.145+0000] {logging_mixin.py:137} INFO - [2024-01-19T19:27:18.145+0000] {dag.py:3441} INFO - Setting next_dagrun for primeira_dag to None, run_after=None
[2024-01-19T19:27:18.153+0000] {processor.py:175} INFO - Processing /opt/airflow/dags/01-primeira-dag.py took 0.042 seconds
[2024-01-19T19:27:24.386+0000] {processor.py:153} INFO - Started process (PID=50170) to work on /opt/airflow/dags/01-primeira-dag.py
[2024-01-19T19:27:24.386+0000] {processor.py:743} INFO - Processing file /opt/airflow/dags/01-primeira-dag.py for tasks to queue
[2024-01-19T19:27:24.386+0000] {logging_mixin.py:137} INFO - [2024-01-19T19:27:24.386+0000] {dagbag.py:538} INFO - Filling up the DagBag from /opt/airflow/dags/01-primeira-dag.py
[2024-01-19T19:27:24.394+0000] {processor.py:753} INFO - DAG(s) dict_keys(['primeira_dag']) retrieved from /opt/airflow/dags/01-primeira-dag.py
[2024-01-19T19:27:24.405+0000] {logging_mixin.py:137} INFO - [2024-01-19T19:27:24.405+0000] {dag.py:2690} INFO - Sync 1 DAGs
[2024-01-19T19:27:24.416+0000] {logging_mixin.py:137} INFO - [2024-01-19T19:27:24.416+0000] {dag.py:3441} INFO - Setting next_dagrun for primeira_dag to None, run_after=None
[2024-01-19T19:27:24.424+0000] {processor.py:175} INFO - Processing /opt/airflow/dags/01-primeira-dag.py took 0.040 seconds
[2024-01-19T19:27:29.920+0000] {processor.py:153} INFO - Started process (PID=50195) to work on /opt/airflow/dags/01-primeira-dag.py
[2024-01-19T19:27:29.921+0000] {processor.py:743} INFO - Processing file /opt/airflow/dags/01-primeira-dag.py for tasks to queue
[2024-01-19T19:27:29.921+0000] {logging_mixin.py:137} INFO - [2024-01-19T19:27:29.921+0000] {dagbag.py:538} INFO - Filling up the DagBag from /opt/airflow/dags/01-primeira-dag.py
[2024-01-19T19:27:29.930+0000] {processor.py:753} INFO - DAG(s) dict_keys(['primeira_dag']) retrieved from /opt/airflow/dags/01-primeira-dag.py
[2024-01-19T19:27:29.942+0000] {logging_mixin.py:137} INFO - [2024-01-19T19:27:29.942+0000] {dag.py:2690} INFO - Sync 1 DAGs
[2024-01-19T19:27:29.953+0000] {logging_mixin.py:137} INFO - [2024-01-19T19:27:29.953+0000] {dag.py:3441} INFO - Setting next_dagrun for primeira_dag to None, run_after=None
[2024-01-19T19:27:29.963+0000] {processor.py:175} INFO - Processing /opt/airflow/dags/01-primeira-dag.py took 0.044 seconds
[2024-01-19T19:27:36.271+0000] {processor.py:153} INFO - Started process (PID=50236) to work on /opt/airflow/dags/01-primeira-dag.py
[2024-01-19T19:27:36.271+0000] {processor.py:743} INFO - Processing file /opt/airflow/dags/01-primeira-dag.py for tasks to queue
[2024-01-19T19:27:36.272+0000] {logging_mixin.py:137} INFO - [2024-01-19T19:27:36.272+0000] {dagbag.py:538} INFO - Filling up the DagBag from /opt/airflow/dags/01-primeira-dag.py
[2024-01-19T19:27:36.280+0000] {processor.py:753} INFO - DAG(s) dict_keys(['primeira_dag']) retrieved from /opt/airflow/dags/01-primeira-dag.py
[2024-01-19T19:27:36.292+0000] {logging_mixin.py:137} INFO - [2024-01-19T19:27:36.292+0000] {dag.py:2690} INFO - Sync 1 DAGs
[2024-01-19T19:27:36.305+0000] {logging_mixin.py:137} INFO - [2024-01-19T19:27:36.305+0000] {dag.py:3441} INFO - Setting next_dagrun for primeira_dag to None, run_after=None
[2024-01-19T19:27:36.313+0000] {processor.py:175} INFO - Processing /opt/airflow/dags/01-primeira-dag.py took 0.044 seconds
[2024-01-19T19:27:41.946+0000] {processor.py:153} INFO - Started process (PID=50261) to work on /opt/airflow/dags/01-primeira-dag.py
[2024-01-19T19:27:41.947+0000] {processor.py:743} INFO - Processing file /opt/airflow/dags/01-primeira-dag.py for tasks to queue
[2024-01-19T19:27:41.947+0000] {logging_mixin.py:137} INFO - [2024-01-19T19:27:41.947+0000] {dagbag.py:538} INFO - Filling up the DagBag from /opt/airflow/dags/01-primeira-dag.py
[2024-01-19T19:27:41.955+0000] {processor.py:753} INFO - DAG(s) dict_keys(['primeira_dag']) retrieved from /opt/airflow/dags/01-primeira-dag.py
[2024-01-19T19:27:41.967+0000] {logging_mixin.py:137} INFO - [2024-01-19T19:27:41.967+0000] {dag.py:2690} INFO - Sync 1 DAGs
[2024-01-19T19:27:41.978+0000] {logging_mixin.py:137} INFO - [2024-01-19T19:27:41.978+0000] {dag.py:3441} INFO - Setting next_dagrun for primeira_dag to None, run_after=None
[2024-01-19T19:27:41.985+0000] {processor.py:175} INFO - Processing /opt/airflow/dags/01-primeira-dag.py took 0.041 seconds
[2024-01-19T19:27:48.154+0000] {processor.py:153} INFO - Started process (PID=50302) to work on /opt/airflow/dags/01-primeira-dag.py
[2024-01-19T19:27:48.155+0000] {processor.py:743} INFO - Processing file /opt/airflow/dags/01-primeira-dag.py for tasks to queue
[2024-01-19T19:27:48.156+0000] {logging_mixin.py:137} INFO - [2024-01-19T19:27:48.156+0000] {dagbag.py:538} INFO - Filling up the DagBag from /opt/airflow/dags/01-primeira-dag.py
[2024-01-19T19:27:48.167+0000] {processor.py:753} INFO - DAG(s) dict_keys(['primeira_dag']) retrieved from /opt/airflow/dags/01-primeira-dag.py
[2024-01-19T19:27:48.182+0000] {logging_mixin.py:137} INFO - [2024-01-19T19:27:48.182+0000] {dag.py:2690} INFO - Sync 1 DAGs
[2024-01-19T19:27:48.194+0000] {logging_mixin.py:137} INFO - [2024-01-19T19:27:48.194+0000] {dag.py:3441} INFO - Setting next_dagrun for primeira_dag to None, run_after=None
[2024-01-19T19:27:48.201+0000] {processor.py:175} INFO - Processing /opt/airflow/dags/01-primeira-dag.py took 0.049 seconds
[2024-01-19T19:27:53.762+0000] {processor.py:153} INFO - Started process (PID=50327) to work on /opt/airflow/dags/01-primeira-dag.py
[2024-01-19T19:27:53.763+0000] {processor.py:743} INFO - Processing file /opt/airflow/dags/01-primeira-dag.py for tasks to queue
[2024-01-19T19:27:53.763+0000] {logging_mixin.py:137} INFO - [2024-01-19T19:27:53.763+0000] {dagbag.py:538} INFO - Filling up the DagBag from /opt/airflow/dags/01-primeira-dag.py
[2024-01-19T19:27:53.772+0000] {processor.py:753} INFO - DAG(s) dict_keys(['primeira_dag']) retrieved from /opt/airflow/dags/01-primeira-dag.py
[2024-01-19T19:27:53.791+0000] {logging_mixin.py:137} INFO - [2024-01-19T19:27:53.791+0000] {dag.py:2690} INFO - Sync 1 DAGs
[2024-01-19T19:27:53.804+0000] {logging_mixin.py:137} INFO - [2024-01-19T19:27:53.804+0000] {dag.py:3441} INFO - Setting next_dagrun for primeira_dag to None, run_after=None
[2024-01-19T19:27:53.811+0000] {processor.py:175} INFO - Processing /opt/airflow/dags/01-primeira-dag.py took 0.051 seconds
[2024-01-19T19:27:59.513+0000] {processor.py:153} INFO - Started process (PID=50368) to work on /opt/airflow/dags/01-primeira-dag.py
[2024-01-19T19:27:59.514+0000] {processor.py:743} INFO - Processing file /opt/airflow/dags/01-primeira-dag.py for tasks to queue
[2024-01-19T19:27:59.515+0000] {logging_mixin.py:137} INFO - [2024-01-19T19:27:59.515+0000] {dagbag.py:538} INFO - Filling up the DagBag from /opt/airflow/dags/01-primeira-dag.py
[2024-01-19T19:27:59.524+0000] {processor.py:753} INFO - DAG(s) dict_keys(['primeira_dag']) retrieved from /opt/airflow/dags/01-primeira-dag.py
[2024-01-19T19:27:59.538+0000] {logging_mixin.py:137} INFO - [2024-01-19T19:27:59.538+0000] {dag.py:2690} INFO - Sync 1 DAGs
[2024-01-19T19:27:59.554+0000] {logging_mixin.py:137} INFO - [2024-01-19T19:27:59.554+0000] {dag.py:3441} INFO - Setting next_dagrun for primeira_dag to None, run_after=None
[2024-01-19T19:27:59.567+0000] {processor.py:175} INFO - Processing /opt/airflow/dags/01-primeira-dag.py took 0.056 seconds
[2024-01-19T19:28:05.225+0000] {processor.py:153} INFO - Started process (PID=50393) to work on /opt/airflow/dags/01-primeira-dag.py
[2024-01-19T19:28:05.226+0000] {processor.py:743} INFO - Processing file /opt/airflow/dags/01-primeira-dag.py for tasks to queue
[2024-01-19T19:28:05.226+0000] {logging_mixin.py:137} INFO - [2024-01-19T19:28:05.226+0000] {dagbag.py:538} INFO - Filling up the DagBag from /opt/airflow/dags/01-primeira-dag.py
[2024-01-19T19:28:05.235+0000] {processor.py:753} INFO - DAG(s) dict_keys(['primeira_dag']) retrieved from /opt/airflow/dags/01-primeira-dag.py
[2024-01-19T19:28:05.246+0000] {logging_mixin.py:137} INFO - [2024-01-19T19:28:05.246+0000] {dag.py:2690} INFO - Sync 1 DAGs
[2024-01-19T19:28:05.257+0000] {logging_mixin.py:137} INFO - [2024-01-19T19:28:05.257+0000] {dag.py:3441} INFO - Setting next_dagrun for primeira_dag to None, run_after=None
[2024-01-19T19:28:05.264+0000] {processor.py:175} INFO - Processing /opt/airflow/dags/01-primeira-dag.py took 0.041 seconds
[2024-01-19T19:28:11.183+0000] {processor.py:153} INFO - Started process (PID=50434) to work on /opt/airflow/dags/01-primeira-dag.py
[2024-01-19T19:28:11.185+0000] {processor.py:743} INFO - Processing file /opt/airflow/dags/01-primeira-dag.py for tasks to queue
[2024-01-19T19:28:11.185+0000] {logging_mixin.py:137} INFO - [2024-01-19T19:28:11.185+0000] {dagbag.py:538} INFO - Filling up the DagBag from /opt/airflow/dags/01-primeira-dag.py
[2024-01-19T19:28:11.196+0000] {processor.py:753} INFO - DAG(s) dict_keys(['primeira_dag']) retrieved from /opt/airflow/dags/01-primeira-dag.py
[2024-01-19T19:28:11.212+0000] {logging_mixin.py:137} INFO - [2024-01-19T19:28:11.211+0000] {dag.py:2690} INFO - Sync 1 DAGs
[2024-01-19T19:28:11.227+0000] {logging_mixin.py:137} INFO - [2024-01-19T19:28:11.226+0000] {dag.py:3441} INFO - Setting next_dagrun for primeira_dag to None, run_after=None
[2024-01-19T19:28:11.236+0000] {processor.py:175} INFO - Processing /opt/airflow/dags/01-primeira-dag.py took 0.058 seconds
[2024-01-19T19:28:16.855+0000] {processor.py:153} INFO - Started process (PID=50459) to work on /opt/airflow/dags/01-primeira-dag.py
[2024-01-19T19:28:16.855+0000] {processor.py:743} INFO - Processing file /opt/airflow/dags/01-primeira-dag.py for tasks to queue
[2024-01-19T19:28:16.856+0000] {logging_mixin.py:137} INFO - [2024-01-19T19:28:16.856+0000] {dagbag.py:538} INFO - Filling up the DagBag from /opt/airflow/dags/01-primeira-dag.py
[2024-01-19T19:28:16.864+0000] {processor.py:753} INFO - DAG(s) dict_keys(['primeira_dag']) retrieved from /opt/airflow/dags/01-primeira-dag.py
[2024-01-19T19:28:16.876+0000] {logging_mixin.py:137} INFO - [2024-01-19T19:28:16.876+0000] {dag.py:2690} INFO - Sync 1 DAGs
[2024-01-19T19:28:16.888+0000] {logging_mixin.py:137} INFO - [2024-01-19T19:28:16.888+0000] {dag.py:3441} INFO - Setting next_dagrun for primeira_dag to None, run_after=None
[2024-01-19T19:28:16.895+0000] {processor.py:175} INFO - Processing /opt/airflow/dags/01-primeira-dag.py took 0.042 seconds
[2024-01-19T19:28:22.634+0000] {processor.py:153} INFO - Started process (PID=50500) to work on /opt/airflow/dags/01-primeira-dag.py
[2024-01-19T19:28:22.634+0000] {processor.py:743} INFO - Processing file /opt/airflow/dags/01-primeira-dag.py for tasks to queue
[2024-01-19T19:28:22.635+0000] {logging_mixin.py:137} INFO - [2024-01-19T19:28:22.635+0000] {dagbag.py:538} INFO - Filling up the DagBag from /opt/airflow/dags/01-primeira-dag.py
[2024-01-19T19:28:22.645+0000] {processor.py:753} INFO - DAG(s) dict_keys(['primeira_dag']) retrieved from /opt/airflow/dags/01-primeira-dag.py
[2024-01-19T19:28:22.659+0000] {logging_mixin.py:137} INFO - [2024-01-19T19:28:22.659+0000] {dag.py:2690} INFO - Sync 1 DAGs
[2024-01-19T19:28:22.674+0000] {logging_mixin.py:137} INFO - [2024-01-19T19:28:22.674+0000] {dag.py:3441} INFO - Setting next_dagrun for primeira_dag to None, run_after=None
[2024-01-19T19:28:22.683+0000] {processor.py:175} INFO - Processing /opt/airflow/dags/01-primeira-dag.py took 0.051 seconds
