[2024-01-19T19:23:56.923+0000] {processor.py:153} INFO - Started process (PID=49007) to work on /opt/airflow/dags/04-quarta-dag.py
[2024-01-19T19:23:56.924+0000] {processor.py:743} INFO - Processing file /opt/airflow/dags/04-quarta-dag.py for tasks to queue
[2024-01-19T19:23:56.924+0000] {logging_mixin.py:137} INFO - [2024-01-19T19:23:56.924+0000] {dagbag.py:538} INFO - Filling up the DagBag from /opt/airflow/dags/04-quarta-dag.py
[2024-01-19T19:23:56.962+0000] {processor.py:753} INFO - DAG(s) dict_keys(['quarta_dag']) retrieved from /opt/airflow/dags/04-quarta-dag.py
[2024-01-19T19:23:57.003+0000] {logging_mixin.py:137} INFO - [2024-01-19T19:23:57.003+0000] {dag.py:2690} INFO - Sync 1 DAGs
[2024-01-19T19:23:57.017+0000] {logging_mixin.py:137} INFO - [2024-01-19T19:23:57.017+0000] {dag.py:3441} INFO - Setting next_dagrun for quarta_dag to None, run_after=None
[2024-01-19T19:23:57.029+0000] {processor.py:175} INFO - Processing /opt/airflow/dags/04-quarta-dag.py took 0.109 seconds
[2024-01-19T19:24:02.467+0000] {processor.py:153} INFO - Started process (PID=49048) to work on /opt/airflow/dags/04-quarta-dag.py
[2024-01-19T19:24:02.468+0000] {processor.py:743} INFO - Processing file /opt/airflow/dags/04-quarta-dag.py for tasks to queue
[2024-01-19T19:24:02.468+0000] {logging_mixin.py:137} INFO - [2024-01-19T19:24:02.468+0000] {dagbag.py:538} INFO - Filling up the DagBag from /opt/airflow/dags/04-quarta-dag.py
[2024-01-19T19:24:02.490+0000] {processor.py:753} INFO - DAG(s) dict_keys(['quarta_dag']) retrieved from /opt/airflow/dags/04-quarta-dag.py
[2024-01-19T19:24:02.504+0000] {logging_mixin.py:137} INFO - [2024-01-19T19:24:02.504+0000] {dag.py:2690} INFO - Sync 1 DAGs
[2024-01-19T19:24:02.530+0000] {logging_mixin.py:137} INFO - [2024-01-19T19:24:02.530+0000] {dag.py:3441} INFO - Setting next_dagrun for quarta_dag to None, run_after=None
[2024-01-19T19:24:02.541+0000] {processor.py:175} INFO - Processing /opt/airflow/dags/04-quarta-dag.py took 0.079 seconds
[2024-01-19T19:24:07.988+0000] {processor.py:153} INFO - Started process (PID=49072) to work on /opt/airflow/dags/04-quarta-dag.py
[2024-01-19T19:24:07.989+0000] {processor.py:743} INFO - Processing file /opt/airflow/dags/04-quarta-dag.py for tasks to queue
[2024-01-19T19:24:07.990+0000] {logging_mixin.py:137} INFO - [2024-01-19T19:24:07.990+0000] {dagbag.py:538} INFO - Filling up the DagBag from /opt/airflow/dags/04-quarta-dag.py
[2024-01-19T19:24:08.009+0000] {processor.py:753} INFO - DAG(s) dict_keys(['quarta_dag']) retrieved from /opt/airflow/dags/04-quarta-dag.py
[2024-01-19T19:24:08.024+0000] {logging_mixin.py:137} INFO - [2024-01-19T19:24:08.024+0000] {dag.py:2690} INFO - Sync 1 DAGs
[2024-01-19T19:24:08.047+0000] {logging_mixin.py:137} INFO - [2024-01-19T19:24:08.047+0000] {dag.py:3441} INFO - Setting next_dagrun for quarta_dag to None, run_after=None
[2024-01-19T19:24:08.056+0000] {processor.py:175} INFO - Processing /opt/airflow/dags/04-quarta-dag.py took 0.072 seconds
[2024-01-19T19:24:13.395+0000] {processor.py:153} INFO - Started process (PID=49104) to work on /opt/airflow/dags/04-quarta-dag.py
[2024-01-19T19:24:13.396+0000] {processor.py:743} INFO - Processing file /opt/airflow/dags/04-quarta-dag.py for tasks to queue
[2024-01-19T19:24:13.397+0000] {logging_mixin.py:137} INFO - [2024-01-19T19:24:13.397+0000] {dagbag.py:538} INFO - Filling up the DagBag from /opt/airflow/dags/04-quarta-dag.py
[2024-01-19T19:24:13.412+0000] {processor.py:753} INFO - DAG(s) dict_keys(['quarta_dag']) retrieved from /opt/airflow/dags/04-quarta-dag.py
[2024-01-19T19:24:13.423+0000] {logging_mixin.py:137} INFO - [2024-01-19T19:24:13.423+0000] {dag.py:2690} INFO - Sync 1 DAGs
[2024-01-19T19:24:13.451+0000] {logging_mixin.py:137} INFO - [2024-01-19T19:24:13.451+0000] {dag.py:3441} INFO - Setting next_dagrun for quarta_dag to None, run_after=None
[2024-01-19T19:24:13.472+0000] {processor.py:175} INFO - Processing /opt/airflow/dags/04-quarta-dag.py took 0.079 seconds
[2024-01-19T19:24:18.858+0000] {processor.py:153} INFO - Started process (PID=49136) to work on /opt/airflow/dags/04-quarta-dag.py
[2024-01-19T19:24:18.859+0000] {processor.py:743} INFO - Processing file /opt/airflow/dags/04-quarta-dag.py for tasks to queue
[2024-01-19T19:24:18.860+0000] {logging_mixin.py:137} INFO - [2024-01-19T19:24:18.860+0000] {dagbag.py:538} INFO - Filling up the DagBag from /opt/airflow/dags/04-quarta-dag.py
[2024-01-19T19:24:18.879+0000] {processor.py:753} INFO - DAG(s) dict_keys(['quarta_dag']) retrieved from /opt/airflow/dags/04-quarta-dag.py
[2024-01-19T19:24:18.890+0000] {logging_mixin.py:137} INFO - [2024-01-19T19:24:18.890+0000] {dag.py:2690} INFO - Sync 1 DAGs
[2024-01-19T19:24:18.906+0000] {logging_mixin.py:137} INFO - [2024-01-19T19:24:18.906+0000] {dag.py:3441} INFO - Setting next_dagrun for quarta_dag to None, run_after=None
[2024-01-19T19:24:18.915+0000] {processor.py:175} INFO - Processing /opt/airflow/dags/04-quarta-dag.py took 0.061 seconds
[2024-01-19T19:24:24.302+0000] {processor.py:153} INFO - Started process (PID=49161) to work on /opt/airflow/dags/04-quarta-dag.py
[2024-01-19T19:24:24.303+0000] {processor.py:743} INFO - Processing file /opt/airflow/dags/04-quarta-dag.py for tasks to queue
[2024-01-19T19:24:24.303+0000] {logging_mixin.py:137} INFO - [2024-01-19T19:24:24.303+0000] {dagbag.py:538} INFO - Filling up the DagBag from /opt/airflow/dags/04-quarta-dag.py
[2024-01-19T19:24:24.312+0000] {processor.py:753} INFO - DAG(s) dict_keys(['quarta_dag']) retrieved from /opt/airflow/dags/04-quarta-dag.py
[2024-01-19T19:24:24.319+0000] {logging_mixin.py:137} INFO - [2024-01-19T19:24:24.319+0000] {dag.py:2690} INFO - Sync 1 DAGs
[2024-01-19T19:24:24.331+0000] {logging_mixin.py:137} INFO - [2024-01-19T19:24:24.331+0000] {dag.py:3441} INFO - Setting next_dagrun for quarta_dag to None, run_after=None
[2024-01-19T19:24:24.339+0000] {processor.py:175} INFO - Processing /opt/airflow/dags/04-quarta-dag.py took 0.040 seconds
[2024-01-19T19:24:30.734+0000] {processor.py:153} INFO - Started process (PID=49199) to work on /opt/airflow/dags/04-quarta-dag.py
[2024-01-19T19:24:30.734+0000] {processor.py:743} INFO - Processing file /opt/airflow/dags/04-quarta-dag.py for tasks to queue
[2024-01-19T19:24:30.735+0000] {logging_mixin.py:137} INFO - [2024-01-19T19:24:30.734+0000] {dagbag.py:538} INFO - Filling up the DagBag from /opt/airflow/dags/04-quarta-dag.py
[2024-01-19T19:24:30.742+0000] {processor.py:753} INFO - DAG(s) dict_keys(['quarta_dag']) retrieved from /opt/airflow/dags/04-quarta-dag.py
[2024-01-19T19:24:30.755+0000] {logging_mixin.py:137} INFO - [2024-01-19T19:24:30.755+0000] {dag.py:2690} INFO - Sync 1 DAGs
[2024-01-19T19:24:30.766+0000] {logging_mixin.py:137} INFO - [2024-01-19T19:24:30.766+0000] {dag.py:3441} INFO - Setting next_dagrun for quarta_dag to None, run_after=None
[2024-01-19T19:24:30.774+0000] {processor.py:175} INFO - Processing /opt/airflow/dags/04-quarta-dag.py took 0.042 seconds
[2024-01-19T19:24:37.781+0000] {processor.py:153} INFO - Started process (PID=49240) to work on /opt/airflow/dags/04-quarta-dag.py
[2024-01-19T19:24:37.782+0000] {processor.py:743} INFO - Processing file /opt/airflow/dags/04-quarta-dag.py for tasks to queue
[2024-01-19T19:24:37.783+0000] {logging_mixin.py:137} INFO - [2024-01-19T19:24:37.783+0000] {dagbag.py:538} INFO - Filling up the DagBag from /opt/airflow/dags/04-quarta-dag.py
[2024-01-19T19:24:37.801+0000] {processor.py:753} INFO - DAG(s) dict_keys(['quarta_dag']) retrieved from /opt/airflow/dags/04-quarta-dag.py
[2024-01-19T19:24:37.842+0000] {logging_mixin.py:137} INFO - [2024-01-19T19:24:37.842+0000] {dag.py:2690} INFO - Sync 1 DAGs
[2024-01-19T19:24:37.858+0000] {logging_mixin.py:137} INFO - [2024-01-19T19:24:37.858+0000] {dag.py:3441} INFO - Setting next_dagrun for quarta_dag to None, run_after=None
[2024-01-19T19:24:37.866+0000] {processor.py:175} INFO - Processing /opt/airflow/dags/04-quarta-dag.py took 0.089 seconds
[2024-01-19T19:24:43.514+0000] {processor.py:153} INFO - Started process (PID=49266) to work on /opt/airflow/dags/04-quarta-dag.py
[2024-01-19T19:24:43.515+0000] {processor.py:743} INFO - Processing file /opt/airflow/dags/04-quarta-dag.py for tasks to queue
[2024-01-19T19:24:43.515+0000] {logging_mixin.py:137} INFO - [2024-01-19T19:24:43.515+0000] {dagbag.py:538} INFO - Filling up the DagBag from /opt/airflow/dags/04-quarta-dag.py
[2024-01-19T19:24:43.528+0000] {processor.py:753} INFO - DAG(s) dict_keys(['quarta_dag']) retrieved from /opt/airflow/dags/04-quarta-dag.py
[2024-01-19T19:24:43.545+0000] {logging_mixin.py:137} INFO - [2024-01-19T19:24:43.545+0000] {dag.py:2690} INFO - Sync 1 DAGs
[2024-01-19T19:24:43.560+0000] {logging_mixin.py:137} INFO - [2024-01-19T19:24:43.560+0000] {dag.py:3441} INFO - Setting next_dagrun for quarta_dag to None, run_after=None
[2024-01-19T19:24:43.570+0000] {processor.py:175} INFO - Processing /opt/airflow/dags/04-quarta-dag.py took 0.058 seconds
[2024-01-19T19:24:49.237+0000] {processor.py:153} INFO - Started process (PID=49307) to work on /opt/airflow/dags/04-quarta-dag.py
[2024-01-19T19:24:49.238+0000] {processor.py:743} INFO - Processing file /opt/airflow/dags/04-quarta-dag.py for tasks to queue
[2024-01-19T19:24:49.239+0000] {logging_mixin.py:137} INFO - [2024-01-19T19:24:49.239+0000] {dagbag.py:538} INFO - Filling up the DagBag from /opt/airflow/dags/04-quarta-dag.py
[2024-01-19T19:24:49.250+0000] {processor.py:753} INFO - DAG(s) dict_keys(['quarta_dag']) retrieved from /opt/airflow/dags/04-quarta-dag.py
[2024-01-19T19:24:49.270+0000] {logging_mixin.py:137} INFO - [2024-01-19T19:24:49.270+0000] {dag.py:2690} INFO - Sync 1 DAGs
[2024-01-19T19:24:49.283+0000] {logging_mixin.py:137} INFO - [2024-01-19T19:24:49.282+0000] {dag.py:3441} INFO - Setting next_dagrun for quarta_dag to None, run_after=None
[2024-01-19T19:24:49.292+0000] {processor.py:175} INFO - Processing /opt/airflow/dags/04-quarta-dag.py took 0.057 seconds
[2024-01-19T19:24:54.725+0000] {processor.py:153} INFO - Started process (PID=49332) to work on /opt/airflow/dags/04-quarta-dag.py
[2024-01-19T19:24:54.727+0000] {processor.py:743} INFO - Processing file /opt/airflow/dags/04-quarta-dag.py for tasks to queue
[2024-01-19T19:24:54.728+0000] {logging_mixin.py:137} INFO - [2024-01-19T19:24:54.728+0000] {dagbag.py:538} INFO - Filling up the DagBag from /opt/airflow/dags/04-quarta-dag.py
[2024-01-19T19:24:54.740+0000] {processor.py:753} INFO - DAG(s) dict_keys(['quarta_dag']) retrieved from /opt/airflow/dags/04-quarta-dag.py
[2024-01-19T19:24:54.758+0000] {logging_mixin.py:137} INFO - [2024-01-19T19:24:54.757+0000] {dag.py:2690} INFO - Sync 1 DAGs
[2024-01-19T19:24:54.771+0000] {logging_mixin.py:137} INFO - [2024-01-19T19:24:54.771+0000] {dag.py:3441} INFO - Setting next_dagrun for quarta_dag to None, run_after=None
[2024-01-19T19:24:54.779+0000] {processor.py:175} INFO - Processing /opt/airflow/dags/04-quarta-dag.py took 0.061 seconds
[2024-01-19T19:25:01.877+0000] {processor.py:153} INFO - Started process (PID=49373) to work on /opt/airflow/dags/04-quarta-dag.py
[2024-01-19T19:25:01.878+0000] {processor.py:743} INFO - Processing file /opt/airflow/dags/04-quarta-dag.py for tasks to queue
[2024-01-19T19:25:01.878+0000] {logging_mixin.py:137} INFO - [2024-01-19T19:25:01.878+0000] {dagbag.py:538} INFO - Filling up the DagBag from /opt/airflow/dags/04-quarta-dag.py
[2024-01-19T19:25:01.887+0000] {processor.py:753} INFO - DAG(s) dict_keys(['quarta_dag']) retrieved from /opt/airflow/dags/04-quarta-dag.py
[2024-01-19T19:25:01.898+0000] {logging_mixin.py:137} INFO - [2024-01-19T19:25:01.898+0000] {dag.py:2690} INFO - Sync 1 DAGs
[2024-01-19T19:25:01.910+0000] {logging_mixin.py:137} INFO - [2024-01-19T19:25:01.909+0000] {dag.py:3441} INFO - Setting next_dagrun for quarta_dag to None, run_after=None
[2024-01-19T19:25:01.918+0000] {processor.py:175} INFO - Processing /opt/airflow/dags/04-quarta-dag.py took 0.042 seconds
[2024-01-19T19:25:07.586+0000] {processor.py:153} INFO - Started process (PID=49398) to work on /opt/airflow/dags/04-quarta-dag.py
[2024-01-19T19:25:07.587+0000] {processor.py:743} INFO - Processing file /opt/airflow/dags/04-quarta-dag.py for tasks to queue
[2024-01-19T19:25:07.588+0000] {logging_mixin.py:137} INFO - [2024-01-19T19:25:07.588+0000] {dagbag.py:538} INFO - Filling up the DagBag from /opt/airflow/dags/04-quarta-dag.py
[2024-01-19T19:25:07.609+0000] {processor.py:753} INFO - DAG(s) dict_keys(['quarta_dag']) retrieved from /opt/airflow/dags/04-quarta-dag.py
[2024-01-19T19:25:07.627+0000] {logging_mixin.py:137} INFO - [2024-01-19T19:25:07.627+0000] {dag.py:2690} INFO - Sync 1 DAGs
[2024-01-19T19:25:07.644+0000] {logging_mixin.py:137} INFO - [2024-01-19T19:25:07.643+0000] {dag.py:3441} INFO - Setting next_dagrun for quarta_dag to None, run_after=None
[2024-01-19T19:25:07.653+0000] {processor.py:175} INFO - Processing /opt/airflow/dags/04-quarta-dag.py took 0.070 seconds
[2024-01-19T19:25:13.843+0000] {processor.py:153} INFO - Started process (PID=49439) to work on /opt/airflow/dags/04-quarta-dag.py
[2024-01-19T19:25:13.852+0000] {processor.py:743} INFO - Processing file /opt/airflow/dags/04-quarta-dag.py for tasks to queue
[2024-01-19T19:25:13.855+0000] {logging_mixin.py:137} INFO - [2024-01-19T19:25:13.855+0000] {dagbag.py:538} INFO - Filling up the DagBag from /opt/airflow/dags/04-quarta-dag.py
[2024-01-19T19:25:13.876+0000] {processor.py:753} INFO - DAG(s) dict_keys(['quarta_dag']) retrieved from /opt/airflow/dags/04-quarta-dag.py
[2024-01-19T19:25:13.895+0000] {logging_mixin.py:137} INFO - [2024-01-19T19:25:13.895+0000] {dag.py:2690} INFO - Sync 1 DAGs
[2024-01-19T19:25:13.911+0000] {logging_mixin.py:137} INFO - [2024-01-19T19:25:13.911+0000] {dag.py:3441} INFO - Setting next_dagrun for quarta_dag to None, run_after=None
[2024-01-19T19:25:13.919+0000] {processor.py:175} INFO - Processing /opt/airflow/dags/04-quarta-dag.py took 0.088 seconds
[2024-01-19T19:25:19.145+0000] {processor.py:153} INFO - Started process (PID=49464) to work on /opt/airflow/dags/04-quarta-dag.py
[2024-01-19T19:25:19.146+0000] {processor.py:743} INFO - Processing file /opt/airflow/dags/04-quarta-dag.py for tasks to queue
[2024-01-19T19:25:19.146+0000] {logging_mixin.py:137} INFO - [2024-01-19T19:25:19.146+0000] {dagbag.py:538} INFO - Filling up the DagBag from /opt/airflow/dags/04-quarta-dag.py
[2024-01-19T19:25:19.154+0000] {processor.py:753} INFO - DAG(s) dict_keys(['quarta_dag']) retrieved from /opt/airflow/dags/04-quarta-dag.py
[2024-01-19T19:25:19.167+0000] {logging_mixin.py:137} INFO - [2024-01-19T19:25:19.167+0000] {dag.py:2690} INFO - Sync 1 DAGs
[2024-01-19T19:25:19.179+0000] {logging_mixin.py:137} INFO - [2024-01-19T19:25:19.179+0000] {dag.py:3441} INFO - Setting next_dagrun for quarta_dag to None, run_after=None
[2024-01-19T19:25:19.187+0000] {processor.py:175} INFO - Processing /opt/airflow/dags/04-quarta-dag.py took 0.044 seconds
[2024-01-19T19:25:26.063+0000] {processor.py:153} INFO - Started process (PID=49505) to work on /opt/airflow/dags/04-quarta-dag.py
[2024-01-19T19:25:26.064+0000] {processor.py:743} INFO - Processing file /opt/airflow/dags/04-quarta-dag.py for tasks to queue
[2024-01-19T19:25:26.064+0000] {logging_mixin.py:137} INFO - [2024-01-19T19:25:26.064+0000] {dagbag.py:538} INFO - Filling up the DagBag from /opt/airflow/dags/04-quarta-dag.py
[2024-01-19T19:25:26.074+0000] {processor.py:753} INFO - DAG(s) dict_keys(['quarta_dag']) retrieved from /opt/airflow/dags/04-quarta-dag.py
[2024-01-19T19:25:26.087+0000] {logging_mixin.py:137} INFO - [2024-01-19T19:25:26.087+0000] {dag.py:2690} INFO - Sync 1 DAGs
[2024-01-19T19:25:26.098+0000] {logging_mixin.py:137} INFO - [2024-01-19T19:25:26.098+0000] {dag.py:3441} INFO - Setting next_dagrun for quarta_dag to None, run_after=None
[2024-01-19T19:25:26.106+0000] {processor.py:175} INFO - Processing /opt/airflow/dags/04-quarta-dag.py took 0.045 seconds
[2024-01-19T19:25:31.503+0000] {processor.py:153} INFO - Started process (PID=49530) to work on /opt/airflow/dags/04-quarta-dag.py
[2024-01-19T19:25:31.503+0000] {processor.py:743} INFO - Processing file /opt/airflow/dags/04-quarta-dag.py for tasks to queue
[2024-01-19T19:25:31.504+0000] {logging_mixin.py:137} INFO - [2024-01-19T19:25:31.503+0000] {dagbag.py:538} INFO - Filling up the DagBag from /opt/airflow/dags/04-quarta-dag.py
[2024-01-19T19:25:31.513+0000] {processor.py:753} INFO - DAG(s) dict_keys(['quarta_dag']) retrieved from /opt/airflow/dags/04-quarta-dag.py
[2024-01-19T19:25:31.527+0000] {logging_mixin.py:137} INFO - [2024-01-19T19:25:31.527+0000] {dag.py:2690} INFO - Sync 1 DAGs
[2024-01-19T19:25:31.541+0000] {logging_mixin.py:137} INFO - [2024-01-19T19:25:31.541+0000] {dag.py:3441} INFO - Setting next_dagrun for quarta_dag to None, run_after=None
[2024-01-19T19:25:31.549+0000] {processor.py:175} INFO - Processing /opt/airflow/dags/04-quarta-dag.py took 0.048 seconds
[2024-01-19T19:25:37.366+0000] {processor.py:153} INFO - Started process (PID=49572) to work on /opt/airflow/dags/04-quarta-dag.py
[2024-01-19T19:25:37.366+0000] {processor.py:743} INFO - Processing file /opt/airflow/dags/04-quarta-dag.py for tasks to queue
[2024-01-19T19:25:37.367+0000] {logging_mixin.py:137} INFO - [2024-01-19T19:25:37.367+0000] {dagbag.py:538} INFO - Filling up the DagBag from /opt/airflow/dags/04-quarta-dag.py
[2024-01-19T19:25:37.375+0000] {processor.py:753} INFO - DAG(s) dict_keys(['quarta_dag']) retrieved from /opt/airflow/dags/04-quarta-dag.py
[2024-01-19T19:25:37.388+0000] {logging_mixin.py:137} INFO - [2024-01-19T19:25:37.388+0000] {dag.py:2690} INFO - Sync 1 DAGs
[2024-01-19T19:25:37.401+0000] {logging_mixin.py:137} INFO - [2024-01-19T19:25:37.401+0000] {dag.py:3441} INFO - Setting next_dagrun for quarta_dag to None, run_after=None
[2024-01-19T19:25:37.408+0000] {processor.py:175} INFO - Processing /opt/airflow/dags/04-quarta-dag.py took 0.045 seconds
[2024-01-19T19:25:42.947+0000] {processor.py:153} INFO - Started process (PID=49597) to work on /opt/airflow/dags/04-quarta-dag.py
[2024-01-19T19:25:42.947+0000] {processor.py:743} INFO - Processing file /opt/airflow/dags/04-quarta-dag.py for tasks to queue
[2024-01-19T19:25:42.948+0000] {logging_mixin.py:137} INFO - [2024-01-19T19:25:42.947+0000] {dagbag.py:538} INFO - Filling up the DagBag from /opt/airflow/dags/04-quarta-dag.py
[2024-01-19T19:25:42.956+0000] {processor.py:753} INFO - DAG(s) dict_keys(['quarta_dag']) retrieved from /opt/airflow/dags/04-quarta-dag.py
[2024-01-19T19:25:42.968+0000] {logging_mixin.py:137} INFO - [2024-01-19T19:25:42.968+0000] {dag.py:2690} INFO - Sync 1 DAGs
[2024-01-19T19:25:42.978+0000] {logging_mixin.py:137} INFO - [2024-01-19T19:25:42.978+0000] {dag.py:3441} INFO - Setting next_dagrun for quarta_dag to None, run_after=None
[2024-01-19T19:25:42.985+0000] {processor.py:175} INFO - Processing /opt/airflow/dags/04-quarta-dag.py took 0.041 seconds
[2024-01-19T19:25:48.960+0000] {processor.py:153} INFO - Started process (PID=49638) to work on /opt/airflow/dags/04-quarta-dag.py
[2024-01-19T19:25:48.961+0000] {processor.py:743} INFO - Processing file /opt/airflow/dags/04-quarta-dag.py for tasks to queue
[2024-01-19T19:25:48.962+0000] {logging_mixin.py:137} INFO - [2024-01-19T19:25:48.962+0000] {dagbag.py:538} INFO - Filling up the DagBag from /opt/airflow/dags/04-quarta-dag.py
[2024-01-19T19:25:48.972+0000] {processor.py:753} INFO - DAG(s) dict_keys(['quarta_dag']) retrieved from /opt/airflow/dags/04-quarta-dag.py
[2024-01-19T19:25:48.990+0000] {logging_mixin.py:137} INFO - [2024-01-19T19:25:48.989+0000] {dag.py:2690} INFO - Sync 1 DAGs
[2024-01-19T19:25:49.008+0000] {logging_mixin.py:137} INFO - [2024-01-19T19:25:49.008+0000] {dag.py:3441} INFO - Setting next_dagrun for quarta_dag to None, run_after=None
[2024-01-19T19:25:49.019+0000] {processor.py:175} INFO - Processing /opt/airflow/dags/04-quarta-dag.py took 0.061 seconds
[2024-01-19T19:25:54.626+0000] {processor.py:153} INFO - Started process (PID=49663) to work on /opt/airflow/dags/04-quarta-dag.py
[2024-01-19T19:25:54.627+0000] {processor.py:743} INFO - Processing file /opt/airflow/dags/04-quarta-dag.py for tasks to queue
[2024-01-19T19:25:54.627+0000] {logging_mixin.py:137} INFO - [2024-01-19T19:25:54.627+0000] {dagbag.py:538} INFO - Filling up the DagBag from /opt/airflow/dags/04-quarta-dag.py
[2024-01-19T19:25:54.636+0000] {processor.py:753} INFO - DAG(s) dict_keys(['quarta_dag']) retrieved from /opt/airflow/dags/04-quarta-dag.py
[2024-01-19T19:25:54.657+0000] {logging_mixin.py:137} INFO - [2024-01-19T19:25:54.657+0000] {dag.py:2690} INFO - Sync 1 DAGs
[2024-01-19T19:25:54.676+0000] {logging_mixin.py:137} INFO - [2024-01-19T19:25:54.676+0000] {dag.py:3441} INFO - Setting next_dagrun for quarta_dag to None, run_after=None
[2024-01-19T19:25:54.688+0000] {processor.py:175} INFO - Processing /opt/airflow/dags/04-quarta-dag.py took 0.064 seconds
[2024-01-19T19:26:00.554+0000] {processor.py:153} INFO - Started process (PID=49704) to work on /opt/airflow/dags/04-quarta-dag.py
[2024-01-19T19:26:00.554+0000] {processor.py:743} INFO - Processing file /opt/airflow/dags/04-quarta-dag.py for tasks to queue
[2024-01-19T19:26:00.555+0000] {logging_mixin.py:137} INFO - [2024-01-19T19:26:00.555+0000] {dagbag.py:538} INFO - Filling up the DagBag from /opt/airflow/dags/04-quarta-dag.py
[2024-01-19T19:26:00.570+0000] {processor.py:753} INFO - DAG(s) dict_keys(['quarta_dag']) retrieved from /opt/airflow/dags/04-quarta-dag.py
[2024-01-19T19:26:00.598+0000] {logging_mixin.py:137} INFO - [2024-01-19T19:26:00.597+0000] {dag.py:2690} INFO - Sync 1 DAGs
[2024-01-19T19:26:00.620+0000] {logging_mixin.py:137} INFO - [2024-01-19T19:26:00.619+0000] {dag.py:3441} INFO - Setting next_dagrun for quarta_dag to None, run_after=None
[2024-01-19T19:26:00.633+0000] {processor.py:175} INFO - Processing /opt/airflow/dags/04-quarta-dag.py took 0.082 seconds
[2024-01-19T19:26:06.100+0000] {processor.py:153} INFO - Started process (PID=49729) to work on /opt/airflow/dags/04-quarta-dag.py
[2024-01-19T19:26:06.101+0000] {processor.py:743} INFO - Processing file /opt/airflow/dags/04-quarta-dag.py for tasks to queue
[2024-01-19T19:26:06.101+0000] {logging_mixin.py:137} INFO - [2024-01-19T19:26:06.101+0000] {dagbag.py:538} INFO - Filling up the DagBag from /opt/airflow/dags/04-quarta-dag.py
[2024-01-19T19:26:06.109+0000] {processor.py:753} INFO - DAG(s) dict_keys(['quarta_dag']) retrieved from /opt/airflow/dags/04-quarta-dag.py
[2024-01-19T19:26:06.120+0000] {logging_mixin.py:137} INFO - [2024-01-19T19:26:06.120+0000] {dag.py:2690} INFO - Sync 1 DAGs
[2024-01-19T19:26:06.132+0000] {logging_mixin.py:137} INFO - [2024-01-19T19:26:06.132+0000] {dag.py:3441} INFO - Setting next_dagrun for quarta_dag to None, run_after=None
[2024-01-19T19:26:06.140+0000] {processor.py:175} INFO - Processing /opt/airflow/dags/04-quarta-dag.py took 0.042 seconds
[2024-01-19T19:26:11.996+0000] {processor.py:153} INFO - Started process (PID=49770) to work on /opt/airflow/dags/04-quarta-dag.py
[2024-01-19T19:26:11.997+0000] {processor.py:743} INFO - Processing file /opt/airflow/dags/04-quarta-dag.py for tasks to queue
[2024-01-19T19:26:11.998+0000] {logging_mixin.py:137} INFO - [2024-01-19T19:26:11.997+0000] {dagbag.py:538} INFO - Filling up the DagBag from /opt/airflow/dags/04-quarta-dag.py
[2024-01-19T19:26:12.012+0000] {processor.py:753} INFO - DAG(s) dict_keys(['quarta_dag']) retrieved from /opt/airflow/dags/04-quarta-dag.py
[2024-01-19T19:26:12.034+0000] {logging_mixin.py:137} INFO - [2024-01-19T19:26:12.034+0000] {dag.py:2690} INFO - Sync 1 DAGs
[2024-01-19T19:26:12.049+0000] {logging_mixin.py:137} INFO - [2024-01-19T19:26:12.049+0000] {dag.py:3441} INFO - Setting next_dagrun for quarta_dag to None, run_after=None
[2024-01-19T19:26:12.058+0000] {processor.py:175} INFO - Processing /opt/airflow/dags/04-quarta-dag.py took 0.064 seconds
[2024-01-19T19:26:17.584+0000] {processor.py:153} INFO - Started process (PID=49795) to work on /opt/airflow/dags/04-quarta-dag.py
[2024-01-19T19:26:17.584+0000] {processor.py:743} INFO - Processing file /opt/airflow/dags/04-quarta-dag.py for tasks to queue
[2024-01-19T19:26:17.585+0000] {logging_mixin.py:137} INFO - [2024-01-19T19:26:17.585+0000] {dagbag.py:538} INFO - Filling up the DagBag from /opt/airflow/dags/04-quarta-dag.py
[2024-01-19T19:26:17.593+0000] {processor.py:753} INFO - DAG(s) dict_keys(['quarta_dag']) retrieved from /opt/airflow/dags/04-quarta-dag.py
[2024-01-19T19:26:17.604+0000] {logging_mixin.py:137} INFO - [2024-01-19T19:26:17.604+0000] {dag.py:2690} INFO - Sync 1 DAGs
[2024-01-19T19:26:17.615+0000] {logging_mixin.py:137} INFO - [2024-01-19T19:26:17.615+0000] {dag.py:3441} INFO - Setting next_dagrun for quarta_dag to None, run_after=None
[2024-01-19T19:26:17.622+0000] {processor.py:175} INFO - Processing /opt/airflow/dags/04-quarta-dag.py took 0.040 seconds
[2024-01-19T19:26:23.413+0000] {processor.py:153} INFO - Started process (PID=49836) to work on /opt/airflow/dags/04-quarta-dag.py
[2024-01-19T19:26:23.414+0000] {processor.py:743} INFO - Processing file /opt/airflow/dags/04-quarta-dag.py for tasks to queue
[2024-01-19T19:26:23.414+0000] {logging_mixin.py:137} INFO - [2024-01-19T19:26:23.414+0000] {dagbag.py:538} INFO - Filling up the DagBag from /opt/airflow/dags/04-quarta-dag.py
[2024-01-19T19:26:23.424+0000] {processor.py:753} INFO - DAG(s) dict_keys(['quarta_dag']) retrieved from /opt/airflow/dags/04-quarta-dag.py
[2024-01-19T19:26:23.439+0000] {logging_mixin.py:137} INFO - [2024-01-19T19:26:23.439+0000] {dag.py:2690} INFO - Sync 1 DAGs
[2024-01-19T19:26:23.453+0000] {logging_mixin.py:137} INFO - [2024-01-19T19:26:23.453+0000] {dag.py:3441} INFO - Setting next_dagrun for quarta_dag to None, run_after=None
[2024-01-19T19:26:23.463+0000] {processor.py:175} INFO - Processing /opt/airflow/dags/04-quarta-dag.py took 0.052 seconds
[2024-01-19T19:26:29.127+0000] {processor.py:153} INFO - Started process (PID=49861) to work on /opt/airflow/dags/04-quarta-dag.py
[2024-01-19T19:26:29.127+0000] {processor.py:743} INFO - Processing file /opt/airflow/dags/04-quarta-dag.py for tasks to queue
[2024-01-19T19:26:29.128+0000] {logging_mixin.py:137} INFO - [2024-01-19T19:26:29.127+0000] {dagbag.py:538} INFO - Filling up the DagBag from /opt/airflow/dags/04-quarta-dag.py
[2024-01-19T19:26:29.135+0000] {processor.py:753} INFO - DAG(s) dict_keys(['quarta_dag']) retrieved from /opt/airflow/dags/04-quarta-dag.py
[2024-01-19T19:26:29.147+0000] {logging_mixin.py:137} INFO - [2024-01-19T19:26:29.147+0000] {dag.py:2690} INFO - Sync 1 DAGs
[2024-01-19T19:26:29.158+0000] {logging_mixin.py:137} INFO - [2024-01-19T19:26:29.158+0000] {dag.py:3441} INFO - Setting next_dagrun for quarta_dag to None, run_after=None
[2024-01-19T19:26:29.165+0000] {processor.py:175} INFO - Processing /opt/airflow/dags/04-quarta-dag.py took 0.040 seconds
[2024-01-19T19:26:35.084+0000] {processor.py:153} INFO - Started process (PID=49902) to work on /opt/airflow/dags/04-quarta-dag.py
[2024-01-19T19:26:35.085+0000] {processor.py:743} INFO - Processing file /opt/airflow/dags/04-quarta-dag.py for tasks to queue
[2024-01-19T19:26:35.086+0000] {logging_mixin.py:137} INFO - [2024-01-19T19:26:35.085+0000] {dagbag.py:538} INFO - Filling up the DagBag from /opt/airflow/dags/04-quarta-dag.py
[2024-01-19T19:26:35.098+0000] {processor.py:753} INFO - DAG(s) dict_keys(['quarta_dag']) retrieved from /opt/airflow/dags/04-quarta-dag.py
[2024-01-19T19:26:35.113+0000] {logging_mixin.py:137} INFO - [2024-01-19T19:26:35.113+0000] {dag.py:2690} INFO - Sync 1 DAGs
[2024-01-19T19:26:35.126+0000] {logging_mixin.py:137} INFO - [2024-01-19T19:26:35.125+0000] {dag.py:3441} INFO - Setting next_dagrun for quarta_dag to None, run_after=None
[2024-01-19T19:26:35.134+0000] {processor.py:175} INFO - Processing /opt/airflow/dags/04-quarta-dag.py took 0.052 seconds
[2024-01-19T19:26:40.880+0000] {processor.py:153} INFO - Started process (PID=49927) to work on /opt/airflow/dags/04-quarta-dag.py
[2024-01-19T19:26:40.880+0000] {processor.py:743} INFO - Processing file /opt/airflow/dags/04-quarta-dag.py for tasks to queue
[2024-01-19T19:26:40.881+0000] {logging_mixin.py:137} INFO - [2024-01-19T19:26:40.881+0000] {dagbag.py:538} INFO - Filling up the DagBag from /opt/airflow/dags/04-quarta-dag.py
[2024-01-19T19:26:40.898+0000] {processor.py:753} INFO - DAG(s) dict_keys(['quarta_dag']) retrieved from /opt/airflow/dags/04-quarta-dag.py
[2024-01-19T19:26:40.911+0000] {logging_mixin.py:137} INFO - [2024-01-19T19:26:40.911+0000] {dag.py:2690} INFO - Sync 1 DAGs
[2024-01-19T19:26:40.923+0000] {logging_mixin.py:137} INFO - [2024-01-19T19:26:40.923+0000] {dag.py:3441} INFO - Setting next_dagrun for quarta_dag to None, run_after=None
[2024-01-19T19:26:40.931+0000] {processor.py:175} INFO - Processing /opt/airflow/dags/04-quarta-dag.py took 0.053 seconds
[2024-01-19T19:26:46.688+0000] {processor.py:153} INFO - Started process (PID=49968) to work on /opt/airflow/dags/04-quarta-dag.py
[2024-01-19T19:26:46.690+0000] {processor.py:743} INFO - Processing file /opt/airflow/dags/04-quarta-dag.py for tasks to queue
[2024-01-19T19:26:46.691+0000] {logging_mixin.py:137} INFO - [2024-01-19T19:26:46.691+0000] {dagbag.py:538} INFO - Filling up the DagBag from /opt/airflow/dags/04-quarta-dag.py
[2024-01-19T19:26:46.707+0000] {processor.py:753} INFO - DAG(s) dict_keys(['quarta_dag']) retrieved from /opt/airflow/dags/04-quarta-dag.py
[2024-01-19T19:26:46.726+0000] {logging_mixin.py:137} INFO - [2024-01-19T19:26:46.726+0000] {dag.py:2690} INFO - Sync 1 DAGs
[2024-01-19T19:26:46.741+0000] {logging_mixin.py:137} INFO - [2024-01-19T19:26:46.741+0000] {dag.py:3441} INFO - Setting next_dagrun for quarta_dag to None, run_after=None
[2024-01-19T19:26:46.751+0000] {processor.py:175} INFO - Processing /opt/airflow/dags/04-quarta-dag.py took 0.067 seconds
[2024-01-19T19:26:52.241+0000] {processor.py:153} INFO - Started process (PID=49993) to work on /opt/airflow/dags/04-quarta-dag.py
[2024-01-19T19:26:52.241+0000] {processor.py:743} INFO - Processing file /opt/airflow/dags/04-quarta-dag.py for tasks to queue
[2024-01-19T19:26:52.241+0000] {logging_mixin.py:137} INFO - [2024-01-19T19:26:52.241+0000] {dagbag.py:538} INFO - Filling up the DagBag from /opt/airflow/dags/04-quarta-dag.py
[2024-01-19T19:26:52.250+0000] {processor.py:753} INFO - DAG(s) dict_keys(['quarta_dag']) retrieved from /opt/airflow/dags/04-quarta-dag.py
[2024-01-19T19:26:52.261+0000] {logging_mixin.py:137} INFO - [2024-01-19T19:26:52.261+0000] {dag.py:2690} INFO - Sync 1 DAGs
[2024-01-19T19:26:52.272+0000] {logging_mixin.py:137} INFO - [2024-01-19T19:26:52.272+0000] {dag.py:3441} INFO - Setting next_dagrun for quarta_dag to None, run_after=None
[2024-01-19T19:26:52.279+0000] {processor.py:175} INFO - Processing /opt/airflow/dags/04-quarta-dag.py took 0.041 seconds
[2024-01-19T19:26:59.672+0000] {processor.py:153} INFO - Started process (PID=50034) to work on /opt/airflow/dags/04-quarta-dag.py
[2024-01-19T19:26:59.673+0000] {processor.py:743} INFO - Processing file /opt/airflow/dags/04-quarta-dag.py for tasks to queue
[2024-01-19T19:26:59.673+0000] {logging_mixin.py:137} INFO - [2024-01-19T19:26:59.673+0000] {dagbag.py:538} INFO - Filling up the DagBag from /opt/airflow/dags/04-quarta-dag.py
[2024-01-19T19:26:59.687+0000] {processor.py:753} INFO - DAG(s) dict_keys(['quarta_dag']) retrieved from /opt/airflow/dags/04-quarta-dag.py
[2024-01-19T19:26:59.707+0000] {logging_mixin.py:137} INFO - [2024-01-19T19:26:59.707+0000] {dag.py:2690} INFO - Sync 1 DAGs
[2024-01-19T19:26:59.723+0000] {logging_mixin.py:137} INFO - [2024-01-19T19:26:59.723+0000] {dag.py:3441} INFO - Setting next_dagrun for quarta_dag to None, run_after=None
[2024-01-19T19:26:59.732+0000] {processor.py:175} INFO - Processing /opt/airflow/dags/04-quarta-dag.py took 0.062 seconds
[2024-01-19T19:27:05.272+0000] {processor.py:153} INFO - Started process (PID=50059) to work on /opt/airflow/dags/04-quarta-dag.py
[2024-01-19T19:27:05.273+0000] {processor.py:743} INFO - Processing file /opt/airflow/dags/04-quarta-dag.py for tasks to queue
[2024-01-19T19:27:05.273+0000] {logging_mixin.py:137} INFO - [2024-01-19T19:27:05.273+0000] {dagbag.py:538} INFO - Filling up the DagBag from /opt/airflow/dags/04-quarta-dag.py
[2024-01-19T19:27:05.281+0000] {processor.py:753} INFO - DAG(s) dict_keys(['quarta_dag']) retrieved from /opt/airflow/dags/04-quarta-dag.py
[2024-01-19T19:27:05.293+0000] {logging_mixin.py:137} INFO - [2024-01-19T19:27:05.293+0000] {dag.py:2690} INFO - Sync 1 DAGs
[2024-01-19T19:27:05.309+0000] {logging_mixin.py:137} INFO - [2024-01-19T19:27:05.309+0000] {dag.py:3441} INFO - Setting next_dagrun for quarta_dag to None, run_after=None
[2024-01-19T19:27:05.321+0000] {processor.py:175} INFO - Processing /opt/airflow/dags/04-quarta-dag.py took 0.051 seconds
[2024-01-19T19:27:12.413+0000] {processor.py:153} INFO - Started process (PID=50101) to work on /opt/airflow/dags/04-quarta-dag.py
[2024-01-19T19:27:12.413+0000] {processor.py:743} INFO - Processing file /opt/airflow/dags/04-quarta-dag.py for tasks to queue
[2024-01-19T19:27:12.414+0000] {logging_mixin.py:137} INFO - [2024-01-19T19:27:12.413+0000] {dagbag.py:538} INFO - Filling up the DagBag from /opt/airflow/dags/04-quarta-dag.py
[2024-01-19T19:27:12.421+0000] {processor.py:753} INFO - DAG(s) dict_keys(['quarta_dag']) retrieved from /opt/airflow/dags/04-quarta-dag.py
[2024-01-19T19:27:12.433+0000] {logging_mixin.py:137} INFO - [2024-01-19T19:27:12.433+0000] {dag.py:2690} INFO - Sync 1 DAGs
[2024-01-19T19:27:12.445+0000] {logging_mixin.py:137} INFO - [2024-01-19T19:27:12.445+0000] {dag.py:3441} INFO - Setting next_dagrun for quarta_dag to None, run_after=None
[2024-01-19T19:27:12.452+0000] {processor.py:175} INFO - Processing /opt/airflow/dags/04-quarta-dag.py took 0.041 seconds
[2024-01-19T19:27:17.986+0000] {processor.py:153} INFO - Started process (PID=50126) to work on /opt/airflow/dags/04-quarta-dag.py
[2024-01-19T19:27:17.986+0000] {processor.py:743} INFO - Processing file /opt/airflow/dags/04-quarta-dag.py for tasks to queue
[2024-01-19T19:27:17.987+0000] {logging_mixin.py:137} INFO - [2024-01-19T19:27:17.987+0000] {dagbag.py:538} INFO - Filling up the DagBag from /opt/airflow/dags/04-quarta-dag.py
[2024-01-19T19:27:17.995+0000] {processor.py:753} INFO - DAG(s) dict_keys(['quarta_dag']) retrieved from /opt/airflow/dags/04-quarta-dag.py
[2024-01-19T19:27:18.009+0000] {logging_mixin.py:137} INFO - [2024-01-19T19:27:18.009+0000] {dag.py:2690} INFO - Sync 1 DAGs
[2024-01-19T19:27:18.031+0000] {logging_mixin.py:137} INFO - [2024-01-19T19:27:18.031+0000] {dag.py:3441} INFO - Setting next_dagrun for quarta_dag to None, run_after=None
[2024-01-19T19:27:18.041+0000] {processor.py:175} INFO - Processing /opt/airflow/dags/04-quarta-dag.py took 0.056 seconds
[2024-01-19T19:27:24.272+0000] {processor.py:153} INFO - Started process (PID=50167) to work on /opt/airflow/dags/04-quarta-dag.py
[2024-01-19T19:27:24.272+0000] {processor.py:743} INFO - Processing file /opt/airflow/dags/04-quarta-dag.py for tasks to queue
[2024-01-19T19:27:24.273+0000] {logging_mixin.py:137} INFO - [2024-01-19T19:27:24.273+0000] {dagbag.py:538} INFO - Filling up the DagBag from /opt/airflow/dags/04-quarta-dag.py
[2024-01-19T19:27:24.285+0000] {processor.py:753} INFO - DAG(s) dict_keys(['quarta_dag']) retrieved from /opt/airflow/dags/04-quarta-dag.py
[2024-01-19T19:27:24.300+0000] {logging_mixin.py:137} INFO - [2024-01-19T19:27:24.300+0000] {dag.py:2690} INFO - Sync 1 DAGs
[2024-01-19T19:27:24.312+0000] {logging_mixin.py:137} INFO - [2024-01-19T19:27:24.312+0000] {dag.py:3441} INFO - Setting next_dagrun for quarta_dag to None, run_after=None
[2024-01-19T19:27:24.319+0000] {processor.py:175} INFO - Processing /opt/airflow/dags/04-quarta-dag.py took 0.049 seconds
[2024-01-19T19:27:29.838+0000] {processor.py:153} INFO - Started process (PID=50192) to work on /opt/airflow/dags/04-quarta-dag.py
[2024-01-19T19:27:29.838+0000] {processor.py:743} INFO - Processing file /opt/airflow/dags/04-quarta-dag.py for tasks to queue
[2024-01-19T19:27:29.839+0000] {logging_mixin.py:137} INFO - [2024-01-19T19:27:29.839+0000] {dagbag.py:538} INFO - Filling up the DagBag from /opt/airflow/dags/04-quarta-dag.py
[2024-01-19T19:27:29.854+0000] {processor.py:753} INFO - DAG(s) dict_keys(['quarta_dag']) retrieved from /opt/airflow/dags/04-quarta-dag.py
[2024-01-19T19:27:29.868+0000] {logging_mixin.py:137} INFO - [2024-01-19T19:27:29.867+0000] {dag.py:2690} INFO - Sync 1 DAGs
[2024-01-19T19:27:29.880+0000] {logging_mixin.py:137} INFO - [2024-01-19T19:27:29.880+0000] {dag.py:3441} INFO - Setting next_dagrun for quarta_dag to None, run_after=None
[2024-01-19T19:27:29.887+0000] {processor.py:175} INFO - Processing /opt/airflow/dags/04-quarta-dag.py took 0.053 seconds
[2024-01-19T19:27:36.209+0000] {processor.py:153} INFO - Started process (PID=50233) to work on /opt/airflow/dags/04-quarta-dag.py
[2024-01-19T19:27:36.210+0000] {processor.py:743} INFO - Processing file /opt/airflow/dags/04-quarta-dag.py for tasks to queue
[2024-01-19T19:27:36.210+0000] {logging_mixin.py:137} INFO - [2024-01-19T19:27:36.210+0000] {dagbag.py:538} INFO - Filling up the DagBag from /opt/airflow/dags/04-quarta-dag.py
[2024-01-19T19:27:36.224+0000] {processor.py:753} INFO - DAG(s) dict_keys(['quarta_dag']) retrieved from /opt/airflow/dags/04-quarta-dag.py
[2024-01-19T19:27:36.237+0000] {logging_mixin.py:137} INFO - [2024-01-19T19:27:36.237+0000] {dag.py:2690} INFO - Sync 1 DAGs
[2024-01-19T19:27:36.249+0000] {logging_mixin.py:137} INFO - [2024-01-19T19:27:36.249+0000] {dag.py:3441} INFO - Setting next_dagrun for quarta_dag to None, run_after=None
[2024-01-19T19:27:36.257+0000] {processor.py:175} INFO - Processing /opt/airflow/dags/04-quarta-dag.py took 0.050 seconds
[2024-01-19T19:27:41.844+0000] {processor.py:153} INFO - Started process (PID=50258) to work on /opt/airflow/dags/04-quarta-dag.py
[2024-01-19T19:27:41.845+0000] {processor.py:743} INFO - Processing file /opt/airflow/dags/04-quarta-dag.py for tasks to queue
[2024-01-19T19:27:41.845+0000] {logging_mixin.py:137} INFO - [2024-01-19T19:27:41.845+0000] {dagbag.py:538} INFO - Filling up the DagBag from /opt/airflow/dags/04-quarta-dag.py
[2024-01-19T19:27:41.853+0000] {processor.py:753} INFO - DAG(s) dict_keys(['quarta_dag']) retrieved from /opt/airflow/dags/04-quarta-dag.py
[2024-01-19T19:27:41.865+0000] {logging_mixin.py:137} INFO - [2024-01-19T19:27:41.865+0000] {dag.py:2690} INFO - Sync 1 DAGs
[2024-01-19T19:27:41.876+0000] {logging_mixin.py:137} INFO - [2024-01-19T19:27:41.876+0000] {dag.py:3441} INFO - Setting next_dagrun for quarta_dag to None, run_after=None
[2024-01-19T19:27:41.883+0000] {processor.py:175} INFO - Processing /opt/airflow/dags/04-quarta-dag.py took 0.040 seconds
[2024-01-19T19:27:48.030+0000] {processor.py:153} INFO - Started process (PID=50299) to work on /opt/airflow/dags/04-quarta-dag.py
[2024-01-19T19:27:48.031+0000] {processor.py:743} INFO - Processing file /opt/airflow/dags/04-quarta-dag.py for tasks to queue
[2024-01-19T19:27:48.031+0000] {logging_mixin.py:137} INFO - [2024-01-19T19:27:48.031+0000] {dagbag.py:538} INFO - Filling up the DagBag from /opt/airflow/dags/04-quarta-dag.py
[2024-01-19T19:27:48.044+0000] {processor.py:753} INFO - DAG(s) dict_keys(['quarta_dag']) retrieved from /opt/airflow/dags/04-quarta-dag.py
[2024-01-19T19:27:48.064+0000] {logging_mixin.py:137} INFO - [2024-01-19T19:27:48.064+0000] {dag.py:2690} INFO - Sync 1 DAGs
[2024-01-19T19:27:48.081+0000] {logging_mixin.py:137} INFO - [2024-01-19T19:27:48.081+0000] {dag.py:3441} INFO - Setting next_dagrun for quarta_dag to None, run_after=None
[2024-01-19T19:27:48.091+0000] {processor.py:175} INFO - Processing /opt/airflow/dags/04-quarta-dag.py took 0.064 seconds
[2024-01-19T19:27:53.616+0000] {processor.py:153} INFO - Started process (PID=50324) to work on /opt/airflow/dags/04-quarta-dag.py
[2024-01-19T19:27:53.617+0000] {processor.py:743} INFO - Processing file /opt/airflow/dags/04-quarta-dag.py for tasks to queue
[2024-01-19T19:27:53.617+0000] {logging_mixin.py:137} INFO - [2024-01-19T19:27:53.617+0000] {dagbag.py:538} INFO - Filling up the DagBag from /opt/airflow/dags/04-quarta-dag.py
[2024-01-19T19:27:53.631+0000] {processor.py:753} INFO - DAG(s) dict_keys(['quarta_dag']) retrieved from /opt/airflow/dags/04-quarta-dag.py
[2024-01-19T19:27:53.654+0000] {logging_mixin.py:137} INFO - [2024-01-19T19:27:53.654+0000] {dag.py:2690} INFO - Sync 1 DAGs
[2024-01-19T19:27:53.672+0000] {logging_mixin.py:137} INFO - [2024-01-19T19:27:53.671+0000] {dag.py:3441} INFO - Setting next_dagrun for quarta_dag to None, run_after=None
[2024-01-19T19:27:53.681+0000] {processor.py:175} INFO - Processing /opt/airflow/dags/04-quarta-dag.py took 0.066 seconds
[2024-01-19T19:27:59.402+0000] {processor.py:153} INFO - Started process (PID=50365) to work on /opt/airflow/dags/04-quarta-dag.py
[2024-01-19T19:27:59.402+0000] {processor.py:743} INFO - Processing file /opt/airflow/dags/04-quarta-dag.py for tasks to queue
[2024-01-19T19:27:59.403+0000] {logging_mixin.py:137} INFO - [2024-01-19T19:27:59.403+0000] {dagbag.py:538} INFO - Filling up the DagBag from /opt/airflow/dags/04-quarta-dag.py
[2024-01-19T19:27:59.415+0000] {processor.py:753} INFO - DAG(s) dict_keys(['quarta_dag']) retrieved from /opt/airflow/dags/04-quarta-dag.py
[2024-01-19T19:27:59.430+0000] {logging_mixin.py:137} INFO - [2024-01-19T19:27:59.430+0000] {dag.py:2690} INFO - Sync 1 DAGs
[2024-01-19T19:27:59.445+0000] {logging_mixin.py:137} INFO - [2024-01-19T19:27:59.445+0000] {dag.py:3441} INFO - Setting next_dagrun for quarta_dag to None, run_after=None
[2024-01-19T19:27:59.457+0000] {processor.py:175} INFO - Processing /opt/airflow/dags/04-quarta-dag.py took 0.057 seconds
[2024-01-19T19:28:05.111+0000] {processor.py:153} INFO - Started process (PID=50390) to work on /opt/airflow/dags/04-quarta-dag.py
[2024-01-19T19:28:05.111+0000] {processor.py:743} INFO - Processing file /opt/airflow/dags/04-quarta-dag.py for tasks to queue
[2024-01-19T19:28:05.112+0000] {logging_mixin.py:137} INFO - [2024-01-19T19:28:05.112+0000] {dagbag.py:538} INFO - Filling up the DagBag from /opt/airflow/dags/04-quarta-dag.py
[2024-01-19T19:28:05.120+0000] {processor.py:753} INFO - DAG(s) dict_keys(['quarta_dag']) retrieved from /opt/airflow/dags/04-quarta-dag.py
[2024-01-19T19:28:05.131+0000] {logging_mixin.py:137} INFO - [2024-01-19T19:28:05.131+0000] {dag.py:2690} INFO - Sync 1 DAGs
[2024-01-19T19:28:05.144+0000] {logging_mixin.py:137} INFO - [2024-01-19T19:28:05.144+0000] {dag.py:3441} INFO - Setting next_dagrun for quarta_dag to None, run_after=None
[2024-01-19T19:28:05.152+0000] {processor.py:175} INFO - Processing /opt/airflow/dags/04-quarta-dag.py took 0.043 seconds
[2024-01-19T19:28:11.038+0000] {processor.py:153} INFO - Started process (PID=50431) to work on /opt/airflow/dags/04-quarta-dag.py
[2024-01-19T19:28:11.040+0000] {processor.py:743} INFO - Processing file /opt/airflow/dags/04-quarta-dag.py for tasks to queue
[2024-01-19T19:28:11.040+0000] {logging_mixin.py:137} INFO - [2024-01-19T19:28:11.040+0000] {dagbag.py:538} INFO - Filling up the DagBag from /opt/airflow/dags/04-quarta-dag.py
[2024-01-19T19:28:11.055+0000] {processor.py:753} INFO - DAG(s) dict_keys(['quarta_dag']) retrieved from /opt/airflow/dags/04-quarta-dag.py
[2024-01-19T19:28:11.075+0000] {logging_mixin.py:137} INFO - [2024-01-19T19:28:11.074+0000] {dag.py:2690} INFO - Sync 1 DAGs
[2024-01-19T19:28:11.093+0000] {logging_mixin.py:137} INFO - [2024-01-19T19:28:11.093+0000] {dag.py:3441} INFO - Setting next_dagrun for quarta_dag to None, run_after=None
[2024-01-19T19:28:11.103+0000] {processor.py:175} INFO - Processing /opt/airflow/dags/04-quarta-dag.py took 0.068 seconds
[2024-01-19T19:28:16.750+0000] {processor.py:153} INFO - Started process (PID=50456) to work on /opt/airflow/dags/04-quarta-dag.py
[2024-01-19T19:28:16.751+0000] {processor.py:743} INFO - Processing file /opt/airflow/dags/04-quarta-dag.py for tasks to queue
[2024-01-19T19:28:16.751+0000] {logging_mixin.py:137} INFO - [2024-01-19T19:28:16.751+0000] {dagbag.py:538} INFO - Filling up the DagBag from /opt/airflow/dags/04-quarta-dag.py
[2024-01-19T19:28:16.760+0000] {processor.py:753} INFO - DAG(s) dict_keys(['quarta_dag']) retrieved from /opt/airflow/dags/04-quarta-dag.py
[2024-01-19T19:28:16.773+0000] {logging_mixin.py:137} INFO - [2024-01-19T19:28:16.772+0000] {dag.py:2690} INFO - Sync 1 DAGs
[2024-01-19T19:28:16.784+0000] {logging_mixin.py:137} INFO - [2024-01-19T19:28:16.784+0000] {dag.py:3441} INFO - Setting next_dagrun for quarta_dag to None, run_after=None
[2024-01-19T19:28:16.792+0000] {processor.py:175} INFO - Processing /opt/airflow/dags/04-quarta-dag.py took 0.044 seconds
[2024-01-19T19:28:22.474+0000] {processor.py:153} INFO - Started process (PID=50497) to work on /opt/airflow/dags/04-quarta-dag.py
[2024-01-19T19:28:22.475+0000] {processor.py:743} INFO - Processing file /opt/airflow/dags/04-quarta-dag.py for tasks to queue
[2024-01-19T19:28:22.475+0000] {logging_mixin.py:137} INFO - [2024-01-19T19:28:22.475+0000] {dagbag.py:538} INFO - Filling up the DagBag from /opt/airflow/dags/04-quarta-dag.py
[2024-01-19T19:28:22.486+0000] {processor.py:753} INFO - DAG(s) dict_keys(['quarta_dag']) retrieved from /opt/airflow/dags/04-quarta-dag.py
[2024-01-19T19:28:22.506+0000] {logging_mixin.py:137} INFO - [2024-01-19T19:28:22.506+0000] {dag.py:2690} INFO - Sync 1 DAGs
[2024-01-19T19:28:22.521+0000] {logging_mixin.py:137} INFO - [2024-01-19T19:28:22.521+0000] {dag.py:3441} INFO - Setting next_dagrun for quarta_dag to None, run_after=None
[2024-01-19T19:28:22.529+0000] {processor.py:175} INFO - Processing /opt/airflow/dags/04-quarta-dag.py took 0.057 seconds
