[2024-01-19T19:23:56.922+0000] {processor.py:153} INFO - Started process (PID=49006) to work on /opt/airflow/dags/05-trigger-dag.py
[2024-01-19T19:23:56.924+0000] {processor.py:743} INFO - Processing file /opt/airflow/dags/05-trigger-dag.py for tasks to queue
[2024-01-19T19:23:56.924+0000] {logging_mixin.py:137} INFO - [2024-01-19T19:23:56.924+0000] {dagbag.py:538} INFO - Filling up the DagBag from /opt/airflow/dags/05-trigger-dag.py
[2024-01-19T19:23:56.962+0000] {processor.py:753} INFO - DAG(s) dict_keys(['triggerdag']) retrieved from /opt/airflow/dags/05-trigger-dag.py
[2024-01-19T19:23:57.003+0000] {logging_mixin.py:137} INFO - [2024-01-19T19:23:57.003+0000] {dag.py:2690} INFO - Sync 1 DAGs
[2024-01-19T19:23:57.017+0000] {logging_mixin.py:137} INFO - [2024-01-19T19:23:57.017+0000] {dag.py:3441} INFO - Setting next_dagrun for triggerdag to None, run_after=None
[2024-01-19T19:23:57.029+0000] {processor.py:175} INFO - Processing /opt/airflow/dags/05-trigger-dag.py took 0.112 seconds
[2024-01-19T19:24:02.467+0000] {processor.py:153} INFO - Started process (PID=49047) to work on /opt/airflow/dags/05-trigger-dag.py
[2024-01-19T19:24:02.468+0000] {processor.py:743} INFO - Processing file /opt/airflow/dags/05-trigger-dag.py for tasks to queue
[2024-01-19T19:24:02.468+0000] {logging_mixin.py:137} INFO - [2024-01-19T19:24:02.468+0000] {dagbag.py:538} INFO - Filling up the DagBag from /opt/airflow/dags/05-trigger-dag.py
[2024-01-19T19:24:02.492+0000] {processor.py:753} INFO - DAG(s) dict_keys(['triggerdag']) retrieved from /opt/airflow/dags/05-trigger-dag.py
[2024-01-19T19:24:02.504+0000] {logging_mixin.py:137} INFO - [2024-01-19T19:24:02.504+0000] {dag.py:2690} INFO - Sync 1 DAGs
[2024-01-19T19:24:02.531+0000] {logging_mixin.py:137} INFO - [2024-01-19T19:24:02.531+0000] {dag.py:3441} INFO - Setting next_dagrun for triggerdag to None, run_after=None
[2024-01-19T19:24:02.541+0000] {processor.py:175} INFO - Processing /opt/airflow/dags/05-trigger-dag.py took 0.080 seconds
[2024-01-19T19:24:07.984+0000] {processor.py:153} INFO - Started process (PID=49071) to work on /opt/airflow/dags/05-trigger-dag.py
[2024-01-19T19:24:07.986+0000] {processor.py:743} INFO - Processing file /opt/airflow/dags/05-trigger-dag.py for tasks to queue
[2024-01-19T19:24:07.987+0000] {logging_mixin.py:137} INFO - [2024-01-19T19:24:07.987+0000] {dagbag.py:538} INFO - Filling up the DagBag from /opt/airflow/dags/05-trigger-dag.py
[2024-01-19T19:24:08.009+0000] {processor.py:753} INFO - DAG(s) dict_keys(['triggerdag']) retrieved from /opt/airflow/dags/05-trigger-dag.py
[2024-01-19T19:24:08.024+0000] {logging_mixin.py:137} INFO - [2024-01-19T19:24:08.024+0000] {dag.py:2690} INFO - Sync 1 DAGs
[2024-01-19T19:24:08.047+0000] {logging_mixin.py:137} INFO - [2024-01-19T19:24:08.047+0000] {dag.py:3441} INFO - Setting next_dagrun for triggerdag to None, run_after=None
[2024-01-19T19:24:08.056+0000] {processor.py:175} INFO - Processing /opt/airflow/dags/05-trigger-dag.py took 0.079 seconds
[2024-01-19T19:24:13.394+0000] {processor.py:153} INFO - Started process (PID=49103) to work on /opt/airflow/dags/05-trigger-dag.py
[2024-01-19T19:24:13.395+0000] {processor.py:743} INFO - Processing file /opt/airflow/dags/05-trigger-dag.py for tasks to queue
[2024-01-19T19:24:13.396+0000] {logging_mixin.py:137} INFO - [2024-01-19T19:24:13.396+0000] {dagbag.py:538} INFO - Filling up the DagBag from /opt/airflow/dags/05-trigger-dag.py
[2024-01-19T19:24:13.412+0000] {processor.py:753} INFO - DAG(s) dict_keys(['triggerdag']) retrieved from /opt/airflow/dags/05-trigger-dag.py
[2024-01-19T19:24:13.423+0000] {logging_mixin.py:137} INFO - [2024-01-19T19:24:13.423+0000] {dag.py:2690} INFO - Sync 1 DAGs
[2024-01-19T19:24:13.452+0000] {logging_mixin.py:137} INFO - [2024-01-19T19:24:13.451+0000] {dag.py:3441} INFO - Setting next_dagrun for triggerdag to None, run_after=None
[2024-01-19T19:24:13.473+0000] {processor.py:175} INFO - Processing /opt/airflow/dags/05-trigger-dag.py took 0.082 seconds
[2024-01-19T19:24:18.855+0000] {processor.py:153} INFO - Started process (PID=49135) to work on /opt/airflow/dags/05-trigger-dag.py
[2024-01-19T19:24:18.856+0000] {processor.py:743} INFO - Processing file /opt/airflow/dags/05-trigger-dag.py for tasks to queue
[2024-01-19T19:24:18.857+0000] {logging_mixin.py:137} INFO - [2024-01-19T19:24:18.857+0000] {dagbag.py:538} INFO - Filling up the DagBag from /opt/airflow/dags/05-trigger-dag.py
[2024-01-19T19:24:18.879+0000] {processor.py:753} INFO - DAG(s) dict_keys(['triggerdag']) retrieved from /opt/airflow/dags/05-trigger-dag.py
[2024-01-19T19:24:18.890+0000] {logging_mixin.py:137} INFO - [2024-01-19T19:24:18.890+0000] {dag.py:2690} INFO - Sync 1 DAGs
[2024-01-19T19:24:18.906+0000] {logging_mixin.py:137} INFO - [2024-01-19T19:24:18.906+0000] {dag.py:3441} INFO - Setting next_dagrun for triggerdag to None, run_after=None
[2024-01-19T19:24:18.915+0000] {processor.py:175} INFO - Processing /opt/airflow/dags/05-trigger-dag.py took 0.068 seconds
[2024-01-19T19:24:24.281+0000] {processor.py:153} INFO - Started process (PID=49160) to work on /opt/airflow/dags/05-trigger-dag.py
[2024-01-19T19:24:24.282+0000] {processor.py:743} INFO - Processing file /opt/airflow/dags/05-trigger-dag.py for tasks to queue
[2024-01-19T19:24:24.282+0000] {logging_mixin.py:137} INFO - [2024-01-19T19:24:24.282+0000] {dagbag.py:538} INFO - Filling up the DagBag from /opt/airflow/dags/05-trigger-dag.py
[2024-01-19T19:24:24.295+0000] {processor.py:753} INFO - DAG(s) dict_keys(['triggerdag']) retrieved from /opt/airflow/dags/05-trigger-dag.py
[2024-01-19T19:24:24.303+0000] {logging_mixin.py:137} INFO - [2024-01-19T19:24:24.303+0000] {dag.py:2690} INFO - Sync 1 DAGs
[2024-01-19T19:24:24.316+0000] {logging_mixin.py:137} INFO - [2024-01-19T19:24:24.316+0000] {dag.py:3441} INFO - Setting next_dagrun for triggerdag to None, run_after=None
[2024-01-19T19:24:24.323+0000] {processor.py:175} INFO - Processing /opt/airflow/dags/05-trigger-dag.py took 0.044 seconds
[2024-01-19T19:24:30.732+0000] {processor.py:153} INFO - Started process (PID=49198) to work on /opt/airflow/dags/05-trigger-dag.py
[2024-01-19T19:24:30.732+0000] {processor.py:743} INFO - Processing file /opt/airflow/dags/05-trigger-dag.py for tasks to queue
[2024-01-19T19:24:30.733+0000] {logging_mixin.py:137} INFO - [2024-01-19T19:24:30.733+0000] {dagbag.py:538} INFO - Filling up the DagBag from /opt/airflow/dags/05-trigger-dag.py
[2024-01-19T19:24:30.742+0000] {processor.py:753} INFO - DAG(s) dict_keys(['triggerdag']) retrieved from /opt/airflow/dags/05-trigger-dag.py
[2024-01-19T19:24:30.755+0000] {logging_mixin.py:137} INFO - [2024-01-19T19:24:30.755+0000] {dag.py:2690} INFO - Sync 1 DAGs
[2024-01-19T19:24:30.766+0000] {logging_mixin.py:137} INFO - [2024-01-19T19:24:30.766+0000] {dag.py:3441} INFO - Setting next_dagrun for triggerdag to None, run_after=None
[2024-01-19T19:24:30.774+0000] {processor.py:175} INFO - Processing /opt/airflow/dags/05-trigger-dag.py took 0.044 seconds
[2024-01-19T19:24:37.705+0000] {processor.py:153} INFO - Started process (PID=49239) to work on /opt/airflow/dags/05-trigger-dag.py
[2024-01-19T19:24:37.706+0000] {processor.py:743} INFO - Processing file /opt/airflow/dags/05-trigger-dag.py for tasks to queue
[2024-01-19T19:24:37.707+0000] {logging_mixin.py:137} INFO - [2024-01-19T19:24:37.707+0000] {dagbag.py:538} INFO - Filling up the DagBag from /opt/airflow/dags/05-trigger-dag.py
[2024-01-19T19:24:37.722+0000] {processor.py:753} INFO - DAG(s) dict_keys(['triggerdag']) retrieved from /opt/airflow/dags/05-trigger-dag.py
[2024-01-19T19:24:37.761+0000] {logging_mixin.py:137} INFO - [2024-01-19T19:24:37.761+0000] {dag.py:2690} INFO - Sync 1 DAGs
[2024-01-19T19:24:37.790+0000] {logging_mixin.py:137} INFO - [2024-01-19T19:24:37.789+0000] {dag.py:3441} INFO - Setting next_dagrun for triggerdag to None, run_after=None
[2024-01-19T19:24:37.807+0000] {processor.py:175} INFO - Processing /opt/airflow/dags/05-trigger-dag.py took 0.105 seconds
[2024-01-19T19:24:43.512+0000] {processor.py:153} INFO - Started process (PID=49265) to work on /opt/airflow/dags/05-trigger-dag.py
[2024-01-19T19:24:43.513+0000] {processor.py:743} INFO - Processing file /opt/airflow/dags/05-trigger-dag.py for tasks to queue
[2024-01-19T19:24:43.513+0000] {logging_mixin.py:137} INFO - [2024-01-19T19:24:43.513+0000] {dagbag.py:538} INFO - Filling up the DagBag from /opt/airflow/dags/05-trigger-dag.py
[2024-01-19T19:24:43.526+0000] {processor.py:753} INFO - DAG(s) dict_keys(['triggerdag']) retrieved from /opt/airflow/dags/05-trigger-dag.py
[2024-01-19T19:24:43.545+0000] {logging_mixin.py:137} INFO - [2024-01-19T19:24:43.545+0000] {dag.py:2690} INFO - Sync 1 DAGs
[2024-01-19T19:24:43.560+0000] {logging_mixin.py:137} INFO - [2024-01-19T19:24:43.560+0000] {dag.py:3441} INFO - Setting next_dagrun for triggerdag to None, run_after=None
[2024-01-19T19:24:43.570+0000] {processor.py:175} INFO - Processing /opt/airflow/dags/05-trigger-dag.py took 0.060 seconds
[2024-01-19T19:24:49.198+0000] {processor.py:153} INFO - Started process (PID=49306) to work on /opt/airflow/dags/05-trigger-dag.py
[2024-01-19T19:24:49.198+0000] {processor.py:743} INFO - Processing file /opt/airflow/dags/05-trigger-dag.py for tasks to queue
[2024-01-19T19:24:49.199+0000] {logging_mixin.py:137} INFO - [2024-01-19T19:24:49.199+0000] {dagbag.py:538} INFO - Filling up the DagBag from /opt/airflow/dags/05-trigger-dag.py
[2024-01-19T19:24:49.210+0000] {processor.py:753} INFO - DAG(s) dict_keys(['triggerdag']) retrieved from /opt/airflow/dags/05-trigger-dag.py
[2024-01-19T19:24:49.225+0000] {logging_mixin.py:137} INFO - [2024-01-19T19:24:49.224+0000] {dag.py:2690} INFO - Sync 1 DAGs
[2024-01-19T19:24:49.242+0000] {logging_mixin.py:137} INFO - [2024-01-19T19:24:49.242+0000] {dag.py:3441} INFO - Setting next_dagrun for triggerdag to None, run_after=None
[2024-01-19T19:24:49.251+0000] {processor.py:175} INFO - Processing /opt/airflow/dags/05-trigger-dag.py took 0.056 seconds
[2024-01-19T19:24:54.670+0000] {processor.py:153} INFO - Started process (PID=49331) to work on /opt/airflow/dags/05-trigger-dag.py
[2024-01-19T19:24:54.671+0000] {processor.py:743} INFO - Processing file /opt/airflow/dags/05-trigger-dag.py for tasks to queue
[2024-01-19T19:24:54.671+0000] {logging_mixin.py:137} INFO - [2024-01-19T19:24:54.671+0000] {dagbag.py:538} INFO - Filling up the DagBag from /opt/airflow/dags/05-trigger-dag.py
[2024-01-19T19:24:54.685+0000] {processor.py:753} INFO - DAG(s) dict_keys(['triggerdag']) retrieved from /opt/airflow/dags/05-trigger-dag.py
[2024-01-19T19:24:54.722+0000] {logging_mixin.py:137} INFO - [2024-01-19T19:24:54.722+0000] {dag.py:2690} INFO - Sync 1 DAGs
[2024-01-19T19:24:54.742+0000] {logging_mixin.py:137} INFO - [2024-01-19T19:24:54.742+0000] {dag.py:3441} INFO - Setting next_dagrun for triggerdag to None, run_after=None
[2024-01-19T19:24:54.752+0000] {processor.py:175} INFO - Processing /opt/airflow/dags/05-trigger-dag.py took 0.084 seconds
[2024-01-19T19:25:01.875+0000] {processor.py:153} INFO - Started process (PID=49372) to work on /opt/airflow/dags/05-trigger-dag.py
[2024-01-19T19:25:01.876+0000] {processor.py:743} INFO - Processing file /opt/airflow/dags/05-trigger-dag.py for tasks to queue
[2024-01-19T19:25:01.876+0000] {logging_mixin.py:137} INFO - [2024-01-19T19:25:01.876+0000] {dagbag.py:538} INFO - Filling up the DagBag from /opt/airflow/dags/05-trigger-dag.py
[2024-01-19T19:25:01.886+0000] {processor.py:753} INFO - DAG(s) dict_keys(['triggerdag']) retrieved from /opt/airflow/dags/05-trigger-dag.py
[2024-01-19T19:25:01.898+0000] {logging_mixin.py:137} INFO - [2024-01-19T19:25:01.898+0000] {dag.py:2690} INFO - Sync 1 DAGs
[2024-01-19T19:25:01.910+0000] {logging_mixin.py:137} INFO - [2024-01-19T19:25:01.909+0000] {dag.py:3441} INFO - Setting next_dagrun for triggerdag to None, run_after=None
[2024-01-19T19:25:01.918+0000] {processor.py:175} INFO - Processing /opt/airflow/dags/05-trigger-dag.py took 0.045 seconds
[2024-01-19T19:25:07.532+0000] {processor.py:153} INFO - Started process (PID=49397) to work on /opt/airflow/dags/05-trigger-dag.py
[2024-01-19T19:25:07.532+0000] {processor.py:743} INFO - Processing file /opt/airflow/dags/05-trigger-dag.py for tasks to queue
[2024-01-19T19:25:07.533+0000] {logging_mixin.py:137} INFO - [2024-01-19T19:25:07.533+0000] {dagbag.py:538} INFO - Filling up the DagBag from /opt/airflow/dags/05-trigger-dag.py
[2024-01-19T19:25:07.541+0000] {processor.py:753} INFO - DAG(s) dict_keys(['triggerdag']) retrieved from /opt/airflow/dags/05-trigger-dag.py
[2024-01-19T19:25:07.554+0000] {logging_mixin.py:137} INFO - [2024-01-19T19:25:07.554+0000] {dag.py:2690} INFO - Sync 1 DAGs
[2024-01-19T19:25:07.565+0000] {logging_mixin.py:137} INFO - [2024-01-19T19:25:07.565+0000] {dag.py:3441} INFO - Setting next_dagrun for triggerdag to None, run_after=None
[2024-01-19T19:25:07.573+0000] {processor.py:175} INFO - Processing /opt/airflow/dags/05-trigger-dag.py took 0.043 seconds
[2024-01-19T19:25:13.776+0000] {processor.py:153} INFO - Started process (PID=49438) to work on /opt/airflow/dags/05-trigger-dag.py
[2024-01-19T19:25:13.777+0000] {processor.py:743} INFO - Processing file /opt/airflow/dags/05-trigger-dag.py for tasks to queue
[2024-01-19T19:25:13.777+0000] {logging_mixin.py:137} INFO - [2024-01-19T19:25:13.777+0000] {dagbag.py:538} INFO - Filling up the DagBag from /opt/airflow/dags/05-trigger-dag.py
[2024-01-19T19:25:13.795+0000] {processor.py:753} INFO - DAG(s) dict_keys(['triggerdag']) retrieved from /opt/airflow/dags/05-trigger-dag.py
[2024-01-19T19:25:13.861+0000] {logging_mixin.py:137} INFO - [2024-01-19T19:25:13.861+0000] {dag.py:2690} INFO - Sync 1 DAGs
[2024-01-19T19:25:13.882+0000] {logging_mixin.py:137} INFO - [2024-01-19T19:25:13.882+0000] {dag.py:3441} INFO - Setting next_dagrun for triggerdag to None, run_after=None
[2024-01-19T19:25:13.892+0000] {processor.py:175} INFO - Processing /opt/airflow/dags/05-trigger-dag.py took 0.119 seconds
[2024-01-19T19:25:19.127+0000] {processor.py:153} INFO - Started process (PID=49463) to work on /opt/airflow/dags/05-trigger-dag.py
[2024-01-19T19:25:19.128+0000] {processor.py:743} INFO - Processing file /opt/airflow/dags/05-trigger-dag.py for tasks to queue
[2024-01-19T19:25:19.128+0000] {logging_mixin.py:137} INFO - [2024-01-19T19:25:19.128+0000] {dagbag.py:538} INFO - Filling up the DagBag from /opt/airflow/dags/05-trigger-dag.py
[2024-01-19T19:25:19.137+0000] {processor.py:753} INFO - DAG(s) dict_keys(['triggerdag']) retrieved from /opt/airflow/dags/05-trigger-dag.py
[2024-01-19T19:25:19.149+0000] {logging_mixin.py:137} INFO - [2024-01-19T19:25:19.148+0000] {dag.py:2690} INFO - Sync 1 DAGs
[2024-01-19T19:25:19.161+0000] {logging_mixin.py:137} INFO - [2024-01-19T19:25:19.161+0000] {dag.py:3441} INFO - Setting next_dagrun for triggerdag to None, run_after=None
[2024-01-19T19:25:19.169+0000] {processor.py:175} INFO - Processing /opt/airflow/dags/05-trigger-dag.py took 0.044 seconds
[2024-01-19T19:25:26.004+0000] {processor.py:153} INFO - Started process (PID=49504) to work on /opt/airflow/dags/05-trigger-dag.py
[2024-01-19T19:25:26.005+0000] {processor.py:743} INFO - Processing file /opt/airflow/dags/05-trigger-dag.py for tasks to queue
[2024-01-19T19:25:26.005+0000] {logging_mixin.py:137} INFO - [2024-01-19T19:25:26.005+0000] {dagbag.py:538} INFO - Filling up the DagBag from /opt/airflow/dags/05-trigger-dag.py
[2024-01-19T19:25:26.018+0000] {processor.py:753} INFO - DAG(s) dict_keys(['triggerdag']) retrieved from /opt/airflow/dags/05-trigger-dag.py
[2024-01-19T19:25:26.032+0000] {logging_mixin.py:137} INFO - [2024-01-19T19:25:26.032+0000] {dag.py:2690} INFO - Sync 1 DAGs
[2024-01-19T19:25:26.045+0000] {logging_mixin.py:137} INFO - [2024-01-19T19:25:26.045+0000] {dag.py:3441} INFO - Setting next_dagrun for triggerdag to None, run_after=None
[2024-01-19T19:25:26.052+0000] {processor.py:175} INFO - Processing /opt/airflow/dags/05-trigger-dag.py took 0.052 seconds
[2024-01-19T19:25:31.453+0000] {processor.py:153} INFO - Started process (PID=49529) to work on /opt/airflow/dags/05-trigger-dag.py
[2024-01-19T19:25:31.453+0000] {processor.py:743} INFO - Processing file /opt/airflow/dags/05-trigger-dag.py for tasks to queue
[2024-01-19T19:25:31.454+0000] {logging_mixin.py:137} INFO - [2024-01-19T19:25:31.454+0000] {dagbag.py:538} INFO - Filling up the DagBag from /opt/airflow/dags/05-trigger-dag.py
[2024-01-19T19:25:31.462+0000] {processor.py:753} INFO - DAG(s) dict_keys(['triggerdag']) retrieved from /opt/airflow/dags/05-trigger-dag.py
[2024-01-19T19:25:31.474+0000] {logging_mixin.py:137} INFO - [2024-01-19T19:25:31.474+0000] {dag.py:2690} INFO - Sync 1 DAGs
[2024-01-19T19:25:31.485+0000] {logging_mixin.py:137} INFO - [2024-01-19T19:25:31.484+0000] {dag.py:3441} INFO - Setting next_dagrun for triggerdag to None, run_after=None
[2024-01-19T19:25:31.491+0000] {processor.py:175} INFO - Processing /opt/airflow/dags/05-trigger-dag.py took 0.041 seconds
[2024-01-19T19:25:37.337+0000] {processor.py:153} INFO - Started process (PID=49571) to work on /opt/airflow/dags/05-trigger-dag.py
[2024-01-19T19:25:37.338+0000] {processor.py:743} INFO - Processing file /opt/airflow/dags/05-trigger-dag.py for tasks to queue
[2024-01-19T19:25:37.339+0000] {logging_mixin.py:137} INFO - [2024-01-19T19:25:37.339+0000] {dagbag.py:538} INFO - Filling up the DagBag from /opt/airflow/dags/05-trigger-dag.py
[2024-01-19T19:25:37.351+0000] {processor.py:753} INFO - DAG(s) dict_keys(['triggerdag']) retrieved from /opt/airflow/dags/05-trigger-dag.py
[2024-01-19T19:25:37.365+0000] {logging_mixin.py:137} INFO - [2024-01-19T19:25:37.365+0000] {dag.py:2690} INFO - Sync 1 DAGs
[2024-01-19T19:25:37.378+0000] {logging_mixin.py:137} INFO - [2024-01-19T19:25:37.378+0000] {dag.py:3441} INFO - Setting next_dagrun for triggerdag to None, run_after=None
[2024-01-19T19:25:37.385+0000] {processor.py:175} INFO - Processing /opt/airflow/dags/05-trigger-dag.py took 0.053 seconds
[2024-01-19T19:25:42.896+0000] {processor.py:153} INFO - Started process (PID=49596) to work on /opt/airflow/dags/05-trigger-dag.py
[2024-01-19T19:25:42.897+0000] {processor.py:743} INFO - Processing file /opt/airflow/dags/05-trigger-dag.py for tasks to queue
[2024-01-19T19:25:42.897+0000] {logging_mixin.py:137} INFO - [2024-01-19T19:25:42.897+0000] {dagbag.py:538} INFO - Filling up the DagBag from /opt/airflow/dags/05-trigger-dag.py
[2024-01-19T19:25:42.906+0000] {processor.py:753} INFO - DAG(s) dict_keys(['triggerdag']) retrieved from /opt/airflow/dags/05-trigger-dag.py
[2024-01-19T19:25:42.917+0000] {logging_mixin.py:137} INFO - [2024-01-19T19:25:42.917+0000] {dag.py:2690} INFO - Sync 1 DAGs
[2024-01-19T19:25:42.928+0000] {logging_mixin.py:137} INFO - [2024-01-19T19:25:42.928+0000] {dag.py:3441} INFO - Setting next_dagrun for triggerdag to None, run_after=None
[2024-01-19T19:25:42.935+0000] {processor.py:175} INFO - Processing /opt/airflow/dags/05-trigger-dag.py took 0.041 seconds
[2024-01-19T19:25:48.958+0000] {processor.py:153} INFO - Started process (PID=49637) to work on /opt/airflow/dags/05-trigger-dag.py
[2024-01-19T19:25:48.959+0000] {processor.py:743} INFO - Processing file /opt/airflow/dags/05-trigger-dag.py for tasks to queue
[2024-01-19T19:25:48.960+0000] {logging_mixin.py:137} INFO - [2024-01-19T19:25:48.960+0000] {dagbag.py:538} INFO - Filling up the DagBag from /opt/airflow/dags/05-trigger-dag.py
[2024-01-19T19:25:48.972+0000] {processor.py:753} INFO - DAG(s) dict_keys(['triggerdag']) retrieved from /opt/airflow/dags/05-trigger-dag.py
[2024-01-19T19:25:48.990+0000] {logging_mixin.py:137} INFO - [2024-01-19T19:25:48.989+0000] {dag.py:2690} INFO - Sync 1 DAGs
[2024-01-19T19:25:49.008+0000] {logging_mixin.py:137} INFO - [2024-01-19T19:25:49.008+0000] {dag.py:3441} INFO - Setting next_dagrun for triggerdag to None, run_after=None
[2024-01-19T19:25:49.019+0000] {processor.py:175} INFO - Processing /opt/airflow/dags/05-trigger-dag.py took 0.064 seconds
[2024-01-19T19:25:54.624+0000] {processor.py:153} INFO - Started process (PID=49662) to work on /opt/airflow/dags/05-trigger-dag.py
[2024-01-19T19:25:54.625+0000] {processor.py:743} INFO - Processing file /opt/airflow/dags/05-trigger-dag.py for tasks to queue
[2024-01-19T19:25:54.625+0000] {logging_mixin.py:137} INFO - [2024-01-19T19:25:54.625+0000] {dagbag.py:538} INFO - Filling up the DagBag from /opt/airflow/dags/05-trigger-dag.py
[2024-01-19T19:25:54.635+0000] {processor.py:753} INFO - DAG(s) dict_keys(['triggerdag']) retrieved from /opt/airflow/dags/05-trigger-dag.py
[2024-01-19T19:25:54.657+0000] {logging_mixin.py:137} INFO - [2024-01-19T19:25:54.657+0000] {dag.py:2690} INFO - Sync 1 DAGs
[2024-01-19T19:25:54.676+0000] {logging_mixin.py:137} INFO - [2024-01-19T19:25:54.676+0000] {dag.py:3441} INFO - Setting next_dagrun for triggerdag to None, run_after=None
[2024-01-19T19:25:54.688+0000] {processor.py:175} INFO - Processing /opt/airflow/dags/05-trigger-dag.py took 0.066 seconds
[2024-01-19T19:26:00.511+0000] {processor.py:153} INFO - Started process (PID=49703) to work on /opt/airflow/dags/05-trigger-dag.py
[2024-01-19T19:26:00.512+0000] {processor.py:743} INFO - Processing file /opt/airflow/dags/05-trigger-dag.py for tasks to queue
[2024-01-19T19:26:00.513+0000] {logging_mixin.py:137} INFO - [2024-01-19T19:26:00.513+0000] {dagbag.py:538} INFO - Filling up the DagBag from /opt/airflow/dags/05-trigger-dag.py
[2024-01-19T19:26:00.523+0000] {processor.py:753} INFO - DAG(s) dict_keys(['triggerdag']) retrieved from /opt/airflow/dags/05-trigger-dag.py
[2024-01-19T19:26:00.536+0000] {logging_mixin.py:137} INFO - [2024-01-19T19:26:00.536+0000] {dag.py:2690} INFO - Sync 1 DAGs
[2024-01-19T19:26:00.550+0000] {logging_mixin.py:137} INFO - [2024-01-19T19:26:00.550+0000] {dag.py:3441} INFO - Setting next_dagrun for triggerdag to None, run_after=None
[2024-01-19T19:26:00.563+0000] {processor.py:175} INFO - Processing /opt/airflow/dags/05-trigger-dag.py took 0.058 seconds
[2024-01-19T19:26:06.098+0000] {processor.py:153} INFO - Started process (PID=49728) to work on /opt/airflow/dags/05-trigger-dag.py
[2024-01-19T19:26:06.099+0000] {processor.py:743} INFO - Processing file /opt/airflow/dags/05-trigger-dag.py for tasks to queue
[2024-01-19T19:26:06.099+0000] {logging_mixin.py:137} INFO - [2024-01-19T19:26:06.099+0000] {dagbag.py:538} INFO - Filling up the DagBag from /opt/airflow/dags/05-trigger-dag.py
[2024-01-19T19:26:06.108+0000] {processor.py:753} INFO - DAG(s) dict_keys(['triggerdag']) retrieved from /opt/airflow/dags/05-trigger-dag.py
[2024-01-19T19:26:06.120+0000] {logging_mixin.py:137} INFO - [2024-01-19T19:26:06.120+0000] {dag.py:2690} INFO - Sync 1 DAGs
[2024-01-19T19:26:06.132+0000] {logging_mixin.py:137} INFO - [2024-01-19T19:26:06.132+0000] {dag.py:3441} INFO - Setting next_dagrun for triggerdag to None, run_after=None
[2024-01-19T19:26:06.140+0000] {processor.py:175} INFO - Processing /opt/airflow/dags/05-trigger-dag.py took 0.043 seconds
[2024-01-19T19:26:11.995+0000] {processor.py:153} INFO - Started process (PID=49769) to work on /opt/airflow/dags/05-trigger-dag.py
[2024-01-19T19:26:11.995+0000] {processor.py:743} INFO - Processing file /opt/airflow/dags/05-trigger-dag.py for tasks to queue
[2024-01-19T19:26:11.996+0000] {logging_mixin.py:137} INFO - [2024-01-19T19:26:11.996+0000] {dagbag.py:538} INFO - Filling up the DagBag from /opt/airflow/dags/05-trigger-dag.py
[2024-01-19T19:26:12.012+0000] {processor.py:753} INFO - DAG(s) dict_keys(['triggerdag']) retrieved from /opt/airflow/dags/05-trigger-dag.py
[2024-01-19T19:26:12.034+0000] {logging_mixin.py:137} INFO - [2024-01-19T19:26:12.034+0000] {dag.py:2690} INFO - Sync 1 DAGs
[2024-01-19T19:26:12.049+0000] {logging_mixin.py:137} INFO - [2024-01-19T19:26:12.049+0000] {dag.py:3441} INFO - Setting next_dagrun for triggerdag to None, run_after=None
[2024-01-19T19:26:12.058+0000] {processor.py:175} INFO - Processing /opt/airflow/dags/05-trigger-dag.py took 0.066 seconds
[2024-01-19T19:26:17.533+0000] {processor.py:153} INFO - Started process (PID=49794) to work on /opt/airflow/dags/05-trigger-dag.py
[2024-01-19T19:26:17.534+0000] {processor.py:743} INFO - Processing file /opt/airflow/dags/05-trigger-dag.py for tasks to queue
[2024-01-19T19:26:17.534+0000] {logging_mixin.py:137} INFO - [2024-01-19T19:26:17.534+0000] {dagbag.py:538} INFO - Filling up the DagBag from /opt/airflow/dags/05-trigger-dag.py
[2024-01-19T19:26:17.542+0000] {processor.py:753} INFO - DAG(s) dict_keys(['triggerdag']) retrieved from /opt/airflow/dags/05-trigger-dag.py
[2024-01-19T19:26:17.553+0000] {logging_mixin.py:137} INFO - [2024-01-19T19:26:17.553+0000] {dag.py:2690} INFO - Sync 1 DAGs
[2024-01-19T19:26:17.565+0000] {logging_mixin.py:137} INFO - [2024-01-19T19:26:17.565+0000] {dag.py:3441} INFO - Setting next_dagrun for triggerdag to None, run_after=None
[2024-01-19T19:26:17.572+0000] {processor.py:175} INFO - Processing /opt/airflow/dags/05-trigger-dag.py took 0.041 seconds
[2024-01-19T19:26:23.348+0000] {processor.py:153} INFO - Started process (PID=49835) to work on /opt/airflow/dags/05-trigger-dag.py
[2024-01-19T19:26:23.349+0000] {processor.py:743} INFO - Processing file /opt/airflow/dags/05-trigger-dag.py for tasks to queue
[2024-01-19T19:26:23.349+0000] {logging_mixin.py:137} INFO - [2024-01-19T19:26:23.349+0000] {dagbag.py:538} INFO - Filling up the DagBag from /opt/airflow/dags/05-trigger-dag.py
[2024-01-19T19:26:23.359+0000] {processor.py:753} INFO - DAG(s) dict_keys(['triggerdag']) retrieved from /opt/airflow/dags/05-trigger-dag.py
[2024-01-19T19:26:23.374+0000] {logging_mixin.py:137} INFO - [2024-01-19T19:26:23.374+0000] {dag.py:2690} INFO - Sync 1 DAGs
[2024-01-19T19:26:23.391+0000] {logging_mixin.py:137} INFO - [2024-01-19T19:26:23.391+0000] {dag.py:3441} INFO - Setting next_dagrun for triggerdag to None, run_after=None
[2024-01-19T19:26:23.400+0000] {processor.py:175} INFO - Processing /opt/airflow/dags/05-trigger-dag.py took 0.054 seconds
[2024-01-19T19:26:29.125+0000] {processor.py:153} INFO - Started process (PID=49860) to work on /opt/airflow/dags/05-trigger-dag.py
[2024-01-19T19:26:29.125+0000] {processor.py:743} INFO - Processing file /opt/airflow/dags/05-trigger-dag.py for tasks to queue
[2024-01-19T19:26:29.126+0000] {logging_mixin.py:137} INFO - [2024-01-19T19:26:29.126+0000] {dagbag.py:538} INFO - Filling up the DagBag from /opt/airflow/dags/05-trigger-dag.py
[2024-01-19T19:26:29.135+0000] {processor.py:753} INFO - DAG(s) dict_keys(['triggerdag']) retrieved from /opt/airflow/dags/05-trigger-dag.py
[2024-01-19T19:26:29.147+0000] {logging_mixin.py:137} INFO - [2024-01-19T19:26:29.147+0000] {dag.py:2690} INFO - Sync 1 DAGs
[2024-01-19T19:26:29.158+0000] {logging_mixin.py:137} INFO - [2024-01-19T19:26:29.158+0000] {dag.py:3441} INFO - Setting next_dagrun for triggerdag to None, run_after=None
[2024-01-19T19:26:29.165+0000] {processor.py:175} INFO - Processing /opt/airflow/dags/05-trigger-dag.py took 0.043 seconds
[2024-01-19T19:26:35.004+0000] {processor.py:153} INFO - Started process (PID=49901) to work on /opt/airflow/dags/05-trigger-dag.py
[2024-01-19T19:26:35.005+0000] {processor.py:743} INFO - Processing file /opt/airflow/dags/05-trigger-dag.py for tasks to queue
[2024-01-19T19:26:35.005+0000] {logging_mixin.py:137} INFO - [2024-01-19T19:26:35.005+0000] {dagbag.py:538} INFO - Filling up the DagBag from /opt/airflow/dags/05-trigger-dag.py
[2024-01-19T19:26:35.014+0000] {processor.py:753} INFO - DAG(s) dict_keys(['triggerdag']) retrieved from /opt/airflow/dags/05-trigger-dag.py
[2024-01-19T19:26:35.035+0000] {logging_mixin.py:137} INFO - [2024-01-19T19:26:35.035+0000] {dag.py:2690} INFO - Sync 1 DAGs
[2024-01-19T19:26:35.057+0000] {logging_mixin.py:137} INFO - [2024-01-19T19:26:35.057+0000] {dag.py:3441} INFO - Setting next_dagrun for triggerdag to None, run_after=None
[2024-01-19T19:26:35.068+0000] {processor.py:175} INFO - Processing /opt/airflow/dags/05-trigger-dag.py took 0.066 seconds
[2024-01-19T19:26:40.805+0000] {processor.py:153} INFO - Started process (PID=49926) to work on /opt/airflow/dags/05-trigger-dag.py
[2024-01-19T19:26:40.807+0000] {processor.py:743} INFO - Processing file /opt/airflow/dags/05-trigger-dag.py for tasks to queue
[2024-01-19T19:26:40.807+0000] {logging_mixin.py:137} INFO - [2024-01-19T19:26:40.807+0000] {dagbag.py:538} INFO - Filling up the DagBag from /opt/airflow/dags/05-trigger-dag.py
[2024-01-19T19:26:40.822+0000] {processor.py:753} INFO - DAG(s) dict_keys(['triggerdag']) retrieved from /opt/airflow/dags/05-trigger-dag.py
[2024-01-19T19:26:40.844+0000] {logging_mixin.py:137} INFO - [2024-01-19T19:26:40.844+0000] {dag.py:2690} INFO - Sync 1 DAGs
[2024-01-19T19:26:40.858+0000] {logging_mixin.py:137} INFO - [2024-01-19T19:26:40.858+0000] {dag.py:3441} INFO - Setting next_dagrun for triggerdag to None, run_after=None
[2024-01-19T19:26:40.866+0000] {processor.py:175} INFO - Processing /opt/airflow/dags/05-trigger-dag.py took 0.063 seconds
[2024-01-19T19:26:46.595+0000] {processor.py:153} INFO - Started process (PID=49967) to work on /opt/airflow/dags/05-trigger-dag.py
[2024-01-19T19:26:46.596+0000] {processor.py:743} INFO - Processing file /opt/airflow/dags/05-trigger-dag.py for tasks to queue
[2024-01-19T19:26:46.597+0000] {logging_mixin.py:137} INFO - [2024-01-19T19:26:46.597+0000] {dagbag.py:538} INFO - Filling up the DagBag from /opt/airflow/dags/05-trigger-dag.py
[2024-01-19T19:26:46.613+0000] {processor.py:753} INFO - DAG(s) dict_keys(['triggerdag']) retrieved from /opt/airflow/dags/05-trigger-dag.py
[2024-01-19T19:26:46.636+0000] {logging_mixin.py:137} INFO - [2024-01-19T19:26:46.636+0000] {dag.py:2690} INFO - Sync 1 DAGs
[2024-01-19T19:26:46.654+0000] {logging_mixin.py:137} INFO - [2024-01-19T19:26:46.654+0000] {dag.py:3441} INFO - Setting next_dagrun for triggerdag to None, run_after=None
[2024-01-19T19:26:46.673+0000] {processor.py:175} INFO - Processing /opt/airflow/dags/05-trigger-dag.py took 0.081 seconds
[2024-01-19T19:26:52.239+0000] {processor.py:153} INFO - Started process (PID=49992) to work on /opt/airflow/dags/05-trigger-dag.py
[2024-01-19T19:26:52.239+0000] {processor.py:743} INFO - Processing file /opt/airflow/dags/05-trigger-dag.py for tasks to queue
[2024-01-19T19:26:52.240+0000] {logging_mixin.py:137} INFO - [2024-01-19T19:26:52.240+0000] {dagbag.py:538} INFO - Filling up the DagBag from /opt/airflow/dags/05-trigger-dag.py
[2024-01-19T19:26:52.249+0000] {processor.py:753} INFO - DAG(s) dict_keys(['triggerdag']) retrieved from /opt/airflow/dags/05-trigger-dag.py
[2024-01-19T19:26:52.261+0000] {logging_mixin.py:137} INFO - [2024-01-19T19:26:52.261+0000] {dag.py:2690} INFO - Sync 1 DAGs
[2024-01-19T19:26:52.272+0000] {logging_mixin.py:137} INFO - [2024-01-19T19:26:52.272+0000] {dag.py:3441} INFO - Setting next_dagrun for triggerdag to None, run_after=None
[2024-01-19T19:26:52.279+0000] {processor.py:175} INFO - Processing /opt/airflow/dags/05-trigger-dag.py took 0.043 seconds
[2024-01-19T19:26:59.645+0000] {processor.py:153} INFO - Started process (PID=50033) to work on /opt/airflow/dags/05-trigger-dag.py
[2024-01-19T19:26:59.645+0000] {processor.py:743} INFO - Processing file /opt/airflow/dags/05-trigger-dag.py for tasks to queue
[2024-01-19T19:26:59.646+0000] {logging_mixin.py:137} INFO - [2024-01-19T19:26:59.646+0000] {dagbag.py:538} INFO - Filling up the DagBag from /opt/airflow/dags/05-trigger-dag.py
[2024-01-19T19:26:59.655+0000] {processor.py:753} INFO - DAG(s) dict_keys(['triggerdag']) retrieved from /opt/airflow/dags/05-trigger-dag.py
[2024-01-19T19:26:59.667+0000] {logging_mixin.py:137} INFO - [2024-01-19T19:26:59.667+0000] {dag.py:2690} INFO - Sync 1 DAGs
[2024-01-19T19:26:59.683+0000] {logging_mixin.py:137} INFO - [2024-01-19T19:26:59.683+0000] {dag.py:3441} INFO - Setting next_dagrun for triggerdag to None, run_after=None
[2024-01-19T19:26:59.698+0000] {processor.py:175} INFO - Processing /opt/airflow/dags/05-trigger-dag.py took 0.055 seconds
[2024-01-19T19:27:05.241+0000] {processor.py:153} INFO - Started process (PID=50058) to work on /opt/airflow/dags/05-trigger-dag.py
[2024-01-19T19:27:05.242+0000] {processor.py:743} INFO - Processing file /opt/airflow/dags/05-trigger-dag.py for tasks to queue
[2024-01-19T19:27:05.242+0000] {logging_mixin.py:137} INFO - [2024-01-19T19:27:05.242+0000] {dagbag.py:538} INFO - Filling up the DagBag from /opt/airflow/dags/05-trigger-dag.py
[2024-01-19T19:27:05.251+0000] {processor.py:753} INFO - DAG(s) dict_keys(['triggerdag']) retrieved from /opt/airflow/dags/05-trigger-dag.py
[2024-01-19T19:27:05.263+0000] {logging_mixin.py:137} INFO - [2024-01-19T19:27:05.263+0000] {dag.py:2690} INFO - Sync 1 DAGs
[2024-01-19T19:27:05.275+0000] {logging_mixin.py:137} INFO - [2024-01-19T19:27:05.275+0000] {dag.py:3441} INFO - Setting next_dagrun for triggerdag to None, run_after=None
[2024-01-19T19:27:05.283+0000] {processor.py:175} INFO - Processing /opt/airflow/dags/05-trigger-dag.py took 0.043 seconds
[2024-01-19T19:27:12.411+0000] {processor.py:153} INFO - Started process (PID=50100) to work on /opt/airflow/dags/05-trigger-dag.py
[2024-01-19T19:27:12.412+0000] {processor.py:743} INFO - Processing file /opt/airflow/dags/05-trigger-dag.py for tasks to queue
[2024-01-19T19:27:12.412+0000] {logging_mixin.py:137} INFO - [2024-01-19T19:27:12.412+0000] {dagbag.py:538} INFO - Filling up the DagBag from /opt/airflow/dags/05-trigger-dag.py
[2024-01-19T19:27:12.421+0000] {processor.py:753} INFO - DAG(s) dict_keys(['triggerdag']) retrieved from /opt/airflow/dags/05-trigger-dag.py
[2024-01-19T19:27:12.433+0000] {logging_mixin.py:137} INFO - [2024-01-19T19:27:12.433+0000] {dag.py:2690} INFO - Sync 1 DAGs
[2024-01-19T19:27:12.445+0000] {logging_mixin.py:137} INFO - [2024-01-19T19:27:12.445+0000] {dag.py:3441} INFO - Setting next_dagrun for triggerdag to None, run_after=None
[2024-01-19T19:27:12.452+0000] {processor.py:175} INFO - Processing /opt/airflow/dags/05-trigger-dag.py took 0.043 seconds
[2024-01-19T19:27:17.984+0000] {processor.py:153} INFO - Started process (PID=50125) to work on /opt/airflow/dags/05-trigger-dag.py
[2024-01-19T19:27:17.985+0000] {processor.py:743} INFO - Processing file /opt/airflow/dags/05-trigger-dag.py for tasks to queue
[2024-01-19T19:27:17.985+0000] {logging_mixin.py:137} INFO - [2024-01-19T19:27:17.985+0000] {dagbag.py:538} INFO - Filling up the DagBag from /opt/airflow/dags/05-trigger-dag.py
[2024-01-19T19:27:17.994+0000] {processor.py:753} INFO - DAG(s) dict_keys(['triggerdag']) retrieved from /opt/airflow/dags/05-trigger-dag.py
[2024-01-19T19:27:18.009+0000] {logging_mixin.py:137} INFO - [2024-01-19T19:27:18.009+0000] {dag.py:2690} INFO - Sync 1 DAGs
[2024-01-19T19:27:18.031+0000] {logging_mixin.py:137} INFO - [2024-01-19T19:27:18.031+0000] {dag.py:3441} INFO - Setting next_dagrun for triggerdag to None, run_after=None
[2024-01-19T19:27:18.041+0000] {processor.py:175} INFO - Processing /opt/airflow/dags/05-trigger-dag.py took 0.058 seconds
[2024-01-19T19:27:24.215+0000] {processor.py:153} INFO - Started process (PID=50166) to work on /opt/airflow/dags/05-trigger-dag.py
[2024-01-19T19:27:24.216+0000] {processor.py:743} INFO - Processing file /opt/airflow/dags/05-trigger-dag.py for tasks to queue
[2024-01-19T19:27:24.216+0000] {logging_mixin.py:137} INFO - [2024-01-19T19:27:24.216+0000] {dagbag.py:538} INFO - Filling up the DagBag from /opt/airflow/dags/05-trigger-dag.py
[2024-01-19T19:27:24.226+0000] {processor.py:753} INFO - DAG(s) dict_keys(['triggerdag']) retrieved from /opt/airflow/dags/05-trigger-dag.py
[2024-01-19T19:27:24.240+0000] {logging_mixin.py:137} INFO - [2024-01-19T19:27:24.240+0000] {dag.py:2690} INFO - Sync 1 DAGs
[2024-01-19T19:27:24.251+0000] {logging_mixin.py:137} INFO - [2024-01-19T19:27:24.251+0000] {dag.py:3441} INFO - Setting next_dagrun for triggerdag to None, run_after=None
[2024-01-19T19:27:24.259+0000] {processor.py:175} INFO - Processing /opt/airflow/dags/05-trigger-dag.py took 0.047 seconds
[2024-01-19T19:27:29.794+0000] {processor.py:153} INFO - Started process (PID=50191) to work on /opt/airflow/dags/05-trigger-dag.py
[2024-01-19T19:27:29.795+0000] {processor.py:743} INFO - Processing file /opt/airflow/dags/05-trigger-dag.py for tasks to queue
[2024-01-19T19:27:29.797+0000] {logging_mixin.py:137} INFO - [2024-01-19T19:27:29.797+0000] {dagbag.py:538} INFO - Filling up the DagBag from /opt/airflow/dags/05-trigger-dag.py
[2024-01-19T19:27:29.809+0000] {processor.py:753} INFO - DAG(s) dict_keys(['triggerdag']) retrieved from /opt/airflow/dags/05-trigger-dag.py
[2024-01-19T19:27:29.824+0000] {logging_mixin.py:137} INFO - [2024-01-19T19:27:29.824+0000] {dag.py:2690} INFO - Sync 1 DAGs
[2024-01-19T19:27:29.839+0000] {logging_mixin.py:137} INFO - [2024-01-19T19:27:29.839+0000] {dag.py:3441} INFO - Setting next_dagrun for triggerdag to None, run_after=None
[2024-01-19T19:27:29.853+0000] {processor.py:175} INFO - Processing /opt/airflow/dags/05-trigger-dag.py took 0.063 seconds
[2024-01-19T19:27:36.156+0000] {processor.py:153} INFO - Started process (PID=50232) to work on /opt/airflow/dags/05-trigger-dag.py
[2024-01-19T19:27:36.157+0000] {processor.py:743} INFO - Processing file /opt/airflow/dags/05-trigger-dag.py for tasks to queue
[2024-01-19T19:27:36.157+0000] {logging_mixin.py:137} INFO - [2024-01-19T19:27:36.157+0000] {dagbag.py:538} INFO - Filling up the DagBag from /opt/airflow/dags/05-trigger-dag.py
[2024-01-19T19:27:36.166+0000] {processor.py:753} INFO - DAG(s) dict_keys(['triggerdag']) retrieved from /opt/airflow/dags/05-trigger-dag.py
[2024-01-19T19:27:36.178+0000] {logging_mixin.py:137} INFO - [2024-01-19T19:27:36.178+0000] {dag.py:2690} INFO - Sync 1 DAGs
[2024-01-19T19:27:36.189+0000] {logging_mixin.py:137} INFO - [2024-01-19T19:27:36.189+0000] {dag.py:3441} INFO - Setting next_dagrun for triggerdag to None, run_after=None
[2024-01-19T19:27:36.197+0000] {processor.py:175} INFO - Processing /opt/airflow/dags/05-trigger-dag.py took 0.042 seconds
[2024-01-19T19:27:41.792+0000] {processor.py:153} INFO - Started process (PID=50257) to work on /opt/airflow/dags/05-trigger-dag.py
[2024-01-19T19:27:41.792+0000] {processor.py:743} INFO - Processing file /opt/airflow/dags/05-trigger-dag.py for tasks to queue
[2024-01-19T19:27:41.792+0000] {logging_mixin.py:137} INFO - [2024-01-19T19:27:41.792+0000] {dagbag.py:538} INFO - Filling up the DagBag from /opt/airflow/dags/05-trigger-dag.py
[2024-01-19T19:27:41.801+0000] {processor.py:753} INFO - DAG(s) dict_keys(['triggerdag']) retrieved from /opt/airflow/dags/05-trigger-dag.py
[2024-01-19T19:27:41.814+0000] {logging_mixin.py:137} INFO - [2024-01-19T19:27:41.814+0000] {dag.py:2690} INFO - Sync 1 DAGs
[2024-01-19T19:27:41.825+0000] {logging_mixin.py:137} INFO - [2024-01-19T19:27:41.825+0000] {dag.py:3441} INFO - Setting next_dagrun for triggerdag to None, run_after=None
[2024-01-19T19:27:41.832+0000] {processor.py:175} INFO - Processing /opt/airflow/dags/05-trigger-dag.py took 0.043 seconds
[2024-01-19T19:27:47.966+0000] {processor.py:153} INFO - Started process (PID=50298) to work on /opt/airflow/dags/05-trigger-dag.py
[2024-01-19T19:27:47.966+0000] {processor.py:743} INFO - Processing file /opt/airflow/dags/05-trigger-dag.py for tasks to queue
[2024-01-19T19:27:47.967+0000] {logging_mixin.py:137} INFO - [2024-01-19T19:27:47.967+0000] {dagbag.py:538} INFO - Filling up the DagBag from /opt/airflow/dags/05-trigger-dag.py
[2024-01-19T19:27:47.984+0000] {processor.py:753} INFO - DAG(s) dict_keys(['triggerdag']) retrieved from /opt/airflow/dags/05-trigger-dag.py
[2024-01-19T19:27:48.007+0000] {logging_mixin.py:137} INFO - [2024-01-19T19:27:48.007+0000] {dag.py:2690} INFO - Sync 1 DAGs
[2024-01-19T19:27:48.024+0000] {logging_mixin.py:137} INFO - [2024-01-19T19:27:48.024+0000] {dag.py:3441} INFO - Setting next_dagrun for triggerdag to None, run_after=None
[2024-01-19T19:27:48.034+0000] {processor.py:175} INFO - Processing /opt/airflow/dags/05-trigger-dag.py took 0.072 seconds
[2024-01-19T19:27:53.556+0000] {processor.py:153} INFO - Started process (PID=50323) to work on /opt/airflow/dags/05-trigger-dag.py
[2024-01-19T19:27:53.557+0000] {processor.py:743} INFO - Processing file /opt/airflow/dags/05-trigger-dag.py for tasks to queue
[2024-01-19T19:27:53.557+0000] {logging_mixin.py:137} INFO - [2024-01-19T19:27:53.557+0000] {dagbag.py:538} INFO - Filling up the DagBag from /opt/airflow/dags/05-trigger-dag.py
[2024-01-19T19:27:53.568+0000] {processor.py:753} INFO - DAG(s) dict_keys(['triggerdag']) retrieved from /opt/airflow/dags/05-trigger-dag.py
[2024-01-19T19:27:53.581+0000] {logging_mixin.py:137} INFO - [2024-01-19T19:27:53.581+0000] {dag.py:2690} INFO - Sync 1 DAGs
[2024-01-19T19:27:53.596+0000] {logging_mixin.py:137} INFO - [2024-01-19T19:27:53.596+0000] {dag.py:3441} INFO - Setting next_dagrun for triggerdag to None, run_after=None
[2024-01-19T19:27:53.604+0000] {processor.py:175} INFO - Processing /opt/airflow/dags/05-trigger-dag.py took 0.050 seconds
[2024-01-19T19:27:59.349+0000] {processor.py:153} INFO - Started process (PID=50364) to work on /opt/airflow/dags/05-trigger-dag.py
[2024-01-19T19:27:59.350+0000] {processor.py:743} INFO - Processing file /opt/airflow/dags/05-trigger-dag.py for tasks to queue
[2024-01-19T19:27:59.351+0000] {logging_mixin.py:137} INFO - [2024-01-19T19:27:59.351+0000] {dagbag.py:538} INFO - Filling up the DagBag from /opt/airflow/dags/05-trigger-dag.py
[2024-01-19T19:27:59.362+0000] {processor.py:753} INFO - DAG(s) dict_keys(['triggerdag']) retrieved from /opt/airflow/dags/05-trigger-dag.py
[2024-01-19T19:27:59.380+0000] {logging_mixin.py:137} INFO - [2024-01-19T19:27:59.379+0000] {dag.py:2690} INFO - Sync 1 DAGs
[2024-01-19T19:27:59.394+0000] {logging_mixin.py:137} INFO - [2024-01-19T19:27:59.394+0000] {dag.py:3441} INFO - Setting next_dagrun for triggerdag to None, run_after=None
[2024-01-19T19:27:59.405+0000] {processor.py:175} INFO - Processing /opt/airflow/dags/05-trigger-dag.py took 0.058 seconds
[2024-01-19T19:28:05.058+0000] {processor.py:153} INFO - Started process (PID=50389) to work on /opt/airflow/dags/05-trigger-dag.py
[2024-01-19T19:28:05.058+0000] {processor.py:743} INFO - Processing file /opt/airflow/dags/05-trigger-dag.py for tasks to queue
[2024-01-19T19:28:05.059+0000] {logging_mixin.py:137} INFO - [2024-01-19T19:28:05.059+0000] {dagbag.py:538} INFO - Filling up the DagBag from /opt/airflow/dags/05-trigger-dag.py
[2024-01-19T19:28:05.067+0000] {processor.py:753} INFO - DAG(s) dict_keys(['triggerdag']) retrieved from /opt/airflow/dags/05-trigger-dag.py
[2024-01-19T19:28:05.079+0000] {logging_mixin.py:137} INFO - [2024-01-19T19:28:05.079+0000] {dag.py:2690} INFO - Sync 1 DAGs
[2024-01-19T19:28:05.091+0000] {logging_mixin.py:137} INFO - [2024-01-19T19:28:05.090+0000] {dag.py:3441} INFO - Setting next_dagrun for triggerdag to None, run_after=None
[2024-01-19T19:28:05.099+0000] {processor.py:175} INFO - Processing /opt/airflow/dags/05-trigger-dag.py took 0.043 seconds
[2024-01-19T19:28:10.974+0000] {processor.py:153} INFO - Started process (PID=50430) to work on /opt/airflow/dags/05-trigger-dag.py
[2024-01-19T19:28:10.975+0000] {processor.py:743} INFO - Processing file /opt/airflow/dags/05-trigger-dag.py for tasks to queue
[2024-01-19T19:28:10.975+0000] {logging_mixin.py:137} INFO - [2024-01-19T19:28:10.975+0000] {dagbag.py:538} INFO - Filling up the DagBag from /opt/airflow/dags/05-trigger-dag.py
[2024-01-19T19:28:10.984+0000] {processor.py:753} INFO - DAG(s) dict_keys(['triggerdag']) retrieved from /opt/airflow/dags/05-trigger-dag.py
[2024-01-19T19:28:10.998+0000] {logging_mixin.py:137} INFO - [2024-01-19T19:28:10.998+0000] {dag.py:2690} INFO - Sync 1 DAGs
[2024-01-19T19:28:11.011+0000] {logging_mixin.py:137} INFO - [2024-01-19T19:28:11.011+0000] {dag.py:3441} INFO - Setting next_dagrun for triggerdag to None, run_after=None
[2024-01-19T19:28:11.020+0000] {processor.py:175} INFO - Processing /opt/airflow/dags/05-trigger-dag.py took 0.048 seconds
[2024-01-19T19:28:16.699+0000] {processor.py:153} INFO - Started process (PID=50455) to work on /opt/airflow/dags/05-trigger-dag.py
[2024-01-19T19:28:16.700+0000] {processor.py:743} INFO - Processing file /opt/airflow/dags/05-trigger-dag.py for tasks to queue
[2024-01-19T19:28:16.700+0000] {logging_mixin.py:137} INFO - [2024-01-19T19:28:16.700+0000] {dagbag.py:538} INFO - Filling up the DagBag from /opt/airflow/dags/05-trigger-dag.py
[2024-01-19T19:28:16.708+0000] {processor.py:753} INFO - DAG(s) dict_keys(['triggerdag']) retrieved from /opt/airflow/dags/05-trigger-dag.py
[2024-01-19T19:28:16.721+0000] {logging_mixin.py:137} INFO - [2024-01-19T19:28:16.721+0000] {dag.py:2690} INFO - Sync 1 DAGs
[2024-01-19T19:28:16.732+0000] {logging_mixin.py:137} INFO - [2024-01-19T19:28:16.732+0000] {dag.py:3441} INFO - Setting next_dagrun for triggerdag to None, run_after=None
[2024-01-19T19:28:16.739+0000] {processor.py:175} INFO - Processing /opt/airflow/dags/05-trigger-dag.py took 0.042 seconds
[2024-01-19T19:28:22.414+0000] {processor.py:153} INFO - Started process (PID=50496) to work on /opt/airflow/dags/05-trigger-dag.py
[2024-01-19T19:28:22.415+0000] {processor.py:743} INFO - Processing file /opt/airflow/dags/05-trigger-dag.py for tasks to queue
[2024-01-19T19:28:22.416+0000] {logging_mixin.py:137} INFO - [2024-01-19T19:28:22.416+0000] {dagbag.py:538} INFO - Filling up the DagBag from /opt/airflow/dags/05-trigger-dag.py
[2024-01-19T19:28:22.424+0000] {processor.py:753} INFO - DAG(s) dict_keys(['triggerdag']) retrieved from /opt/airflow/dags/05-trigger-dag.py
[2024-01-19T19:28:22.437+0000] {logging_mixin.py:137} INFO - [2024-01-19T19:28:22.437+0000] {dag.py:2690} INFO - Sync 1 DAGs
[2024-01-19T19:28:22.452+0000] {logging_mixin.py:137} INFO - [2024-01-19T19:28:22.452+0000] {dag.py:3441} INFO - Setting next_dagrun for triggerdag to None, run_after=None
[2024-01-19T19:28:22.461+0000] {processor.py:175} INFO - Processing /opt/airflow/dags/05-trigger-dag.py took 0.049 seconds
