[2024-01-19T19:24:17.159+0000] {processor.py:153} INFO - Started process (PID=49119) to work on /opt/airflow/dags/07-trigger-dag.py
[2024-01-19T19:24:17.160+0000] {processor.py:743} INFO - Processing file /opt/airflow/dags/07-trigger-dag.py for tasks to queue
[2024-01-19T19:24:17.160+0000] {logging_mixin.py:137} INFO - [2024-01-19T19:24:17.160+0000] {dagbag.py:538} INFO - Filling up the DagBag from /opt/airflow/dags/07-trigger-dag.py
[2024-01-19T19:24:17.171+0000] {processor.py:753} INFO - DAG(s) dict_keys(['triggerdagallfailed']) retrieved from /opt/airflow/dags/07-trigger-dag.py
[2024-01-19T19:24:17.201+0000] {logging_mixin.py:137} INFO - [2024-01-19T19:24:17.201+0000] {dag.py:2690} INFO - Sync 1 DAGs
[2024-01-19T19:24:17.212+0000] {logging_mixin.py:137} INFO - [2024-01-19T19:24:17.212+0000] {dag.py:3441} INFO - Setting next_dagrun for triggerdagallfailed to None, run_after=None
[2024-01-19T19:24:17.221+0000] {processor.py:175} INFO - Processing /opt/airflow/dags/07-trigger-dag.py took 0.064 seconds
[2024-01-19T19:24:24.177+0000] {processor.py:153} INFO - Started process (PID=49156) to work on /opt/airflow/dags/07-trigger-dag.py
[2024-01-19T19:24:24.177+0000] {processor.py:743} INFO - Processing file /opt/airflow/dags/07-trigger-dag.py for tasks to queue
[2024-01-19T19:24:24.177+0000] {logging_mixin.py:137} INFO - [2024-01-19T19:24:24.177+0000] {dagbag.py:538} INFO - Filling up the DagBag from /opt/airflow/dags/07-trigger-dag.py
[2024-01-19T19:24:24.186+0000] {processor.py:753} INFO - DAG(s) dict_keys(['triggerdagallfailed']) retrieved from /opt/airflow/dags/07-trigger-dag.py
[2024-01-19T19:24:24.193+0000] {logging_mixin.py:137} INFO - [2024-01-19T19:24:24.193+0000] {dag.py:2690} INFO - Sync 1 DAGs
[2024-01-19T19:24:24.206+0000] {logging_mixin.py:137} INFO - [2024-01-19T19:24:24.206+0000] {dag.py:3441} INFO - Setting next_dagrun for triggerdagallfailed to None, run_after=None
[2024-01-19T19:24:24.214+0000] {processor.py:175} INFO - Processing /opt/airflow/dags/07-trigger-dag.py took 0.039 seconds
[2024-01-19T19:24:30.627+0000] {processor.py:153} INFO - Started process (PID=49196) to work on /opt/airflow/dags/07-trigger-dag.py
[2024-01-19T19:24:30.628+0000] {processor.py:743} INFO - Processing file /opt/airflow/dags/07-trigger-dag.py for tasks to queue
[2024-01-19T19:24:30.629+0000] {logging_mixin.py:137} INFO - [2024-01-19T19:24:30.629+0000] {dagbag.py:538} INFO - Filling up the DagBag from /opt/airflow/dags/07-trigger-dag.py
[2024-01-19T19:24:30.643+0000] {processor.py:753} INFO - DAG(s) dict_keys(['triggerdagallfailed']) retrieved from /opt/airflow/dags/07-trigger-dag.py
[2024-01-19T19:24:30.652+0000] {logging_mixin.py:137} INFO - [2024-01-19T19:24:30.652+0000] {dag.py:2690} INFO - Sync 1 DAGs
[2024-01-19T19:24:30.665+0000] {logging_mixin.py:137} INFO - [2024-01-19T19:24:30.665+0000] {dag.py:3441} INFO - Setting next_dagrun for triggerdagallfailed to None, run_after=None
[2024-01-19T19:24:30.673+0000] {processor.py:175} INFO - Processing /opt/airflow/dags/07-trigger-dag.py took 0.049 seconds
[2024-01-19T19:24:37.626+0000] {processor.py:153} INFO - Started process (PID=49237) to work on /opt/airflow/dags/07-trigger-dag.py
[2024-01-19T19:24:37.628+0000] {processor.py:743} INFO - Processing file /opt/airflow/dags/07-trigger-dag.py for tasks to queue
[2024-01-19T19:24:37.629+0000] {logging_mixin.py:137} INFO - [2024-01-19T19:24:37.628+0000] {dagbag.py:538} INFO - Filling up the DagBag from /opt/airflow/dags/07-trigger-dag.py
[2024-01-19T19:24:37.641+0000] {processor.py:753} INFO - DAG(s) dict_keys(['triggerdagallfailed']) retrieved from /opt/airflow/dags/07-trigger-dag.py
[2024-01-19T19:24:37.654+0000] {logging_mixin.py:137} INFO - [2024-01-19T19:24:37.654+0000] {dag.py:2690} INFO - Sync 1 DAGs
[2024-01-19T19:24:37.673+0000] {logging_mixin.py:137} INFO - [2024-01-19T19:24:37.673+0000] {dag.py:3441} INFO - Setting next_dagrun for triggerdagallfailed to None, run_after=None
[2024-01-19T19:24:37.684+0000] {processor.py:175} INFO - Processing /opt/airflow/dags/07-trigger-dag.py took 0.062 seconds
[2024-01-19T19:24:43.410+0000] {processor.py:153} INFO - Started process (PID=49263) to work on /opt/airflow/dags/07-trigger-dag.py
[2024-01-19T19:24:43.411+0000] {processor.py:743} INFO - Processing file /opt/airflow/dags/07-trigger-dag.py for tasks to queue
[2024-01-19T19:24:43.411+0000] {logging_mixin.py:137} INFO - [2024-01-19T19:24:43.411+0000] {dagbag.py:538} INFO - Filling up the DagBag from /opt/airflow/dags/07-trigger-dag.py
[2024-01-19T19:24:43.420+0000] {processor.py:753} INFO - DAG(s) dict_keys(['triggerdagallfailed']) retrieved from /opt/airflow/dags/07-trigger-dag.py
[2024-01-19T19:24:43.428+0000] {logging_mixin.py:137} INFO - [2024-01-19T19:24:43.428+0000] {dag.py:2690} INFO - Sync 1 DAGs
[2024-01-19T19:24:43.441+0000] {logging_mixin.py:137} INFO - [2024-01-19T19:24:43.441+0000] {dag.py:3441} INFO - Setting next_dagrun for triggerdagallfailed to None, run_after=None
[2024-01-19T19:24:43.449+0000] {processor.py:175} INFO - Processing /opt/airflow/dags/07-trigger-dag.py took 0.040 seconds
[2024-01-19T19:24:49.135+0000] {processor.py:153} INFO - Started process (PID=49304) to work on /opt/airflow/dags/07-trigger-dag.py
[2024-01-19T19:24:49.136+0000] {processor.py:743} INFO - Processing file /opt/airflow/dags/07-trigger-dag.py for tasks to queue
[2024-01-19T19:24:49.137+0000] {logging_mixin.py:137} INFO - [2024-01-19T19:24:49.137+0000] {dagbag.py:538} INFO - Filling up the DagBag from /opt/airflow/dags/07-trigger-dag.py
[2024-01-19T19:24:49.146+0000] {processor.py:753} INFO - DAG(s) dict_keys(['triggerdagallfailed']) retrieved from /opt/airflow/dags/07-trigger-dag.py
[2024-01-19T19:24:49.161+0000] {logging_mixin.py:137} INFO - [2024-01-19T19:24:49.161+0000] {dag.py:2690} INFO - Sync 1 DAGs
[2024-01-19T19:24:49.174+0000] {logging_mixin.py:137} INFO - [2024-01-19T19:24:49.174+0000] {dag.py:3441} INFO - Setting next_dagrun for triggerdagallfailed to None, run_after=None
[2024-01-19T19:24:49.183+0000] {processor.py:175} INFO - Processing /opt/airflow/dags/07-trigger-dag.py took 0.051 seconds
[2024-01-19T19:24:54.612+0000] {processor.py:153} INFO - Started process (PID=49329) to work on /opt/airflow/dags/07-trigger-dag.py
[2024-01-19T19:24:54.613+0000] {processor.py:743} INFO - Processing file /opt/airflow/dags/07-trigger-dag.py for tasks to queue
[2024-01-19T19:24:54.613+0000] {logging_mixin.py:137} INFO - [2024-01-19T19:24:54.613+0000] {dagbag.py:538} INFO - Filling up the DagBag from /opt/airflow/dags/07-trigger-dag.py
[2024-01-19T19:24:54.623+0000] {processor.py:753} INFO - DAG(s) dict_keys(['triggerdagallfailed']) retrieved from /opt/airflow/dags/07-trigger-dag.py
[2024-01-19T19:24:54.636+0000] {logging_mixin.py:137} INFO - [2024-01-19T19:24:54.636+0000] {dag.py:2690} INFO - Sync 1 DAGs
[2024-01-19T19:24:54.648+0000] {logging_mixin.py:137} INFO - [2024-01-19T19:24:54.648+0000] {dag.py:3441} INFO - Setting next_dagrun for triggerdagallfailed to None, run_after=None
[2024-01-19T19:24:54.657+0000] {processor.py:175} INFO - Processing /opt/airflow/dags/07-trigger-dag.py took 0.047 seconds
[2024-01-19T19:25:01.761+0000] {processor.py:153} INFO - Started process (PID=49370) to work on /opt/airflow/dags/07-trigger-dag.py
[2024-01-19T19:25:01.762+0000] {processor.py:743} INFO - Processing file /opt/airflow/dags/07-trigger-dag.py for tasks to queue
[2024-01-19T19:25:01.762+0000] {logging_mixin.py:137} INFO - [2024-01-19T19:25:01.762+0000] {dagbag.py:538} INFO - Filling up the DagBag from /opt/airflow/dags/07-trigger-dag.py
[2024-01-19T19:25:01.770+0000] {processor.py:753} INFO - DAG(s) dict_keys(['triggerdagallfailed']) retrieved from /opt/airflow/dags/07-trigger-dag.py
[2024-01-19T19:25:01.781+0000] {logging_mixin.py:137} INFO - [2024-01-19T19:25:01.781+0000] {dag.py:2690} INFO - Sync 1 DAGs
[2024-01-19T19:25:01.791+0000] {logging_mixin.py:137} INFO - [2024-01-19T19:25:01.791+0000] {dag.py:3441} INFO - Setting next_dagrun for triggerdagallfailed to None, run_after=None
[2024-01-19T19:25:01.799+0000] {processor.py:175} INFO - Processing /opt/airflow/dags/07-trigger-dag.py took 0.040 seconds
[2024-01-19T19:25:07.474+0000] {processor.py:153} INFO - Started process (PID=49395) to work on /opt/airflow/dags/07-trigger-dag.py
[2024-01-19T19:25:07.475+0000] {processor.py:743} INFO - Processing file /opt/airflow/dags/07-trigger-dag.py for tasks to queue
[2024-01-19T19:25:07.475+0000] {logging_mixin.py:137} INFO - [2024-01-19T19:25:07.475+0000] {dagbag.py:538} INFO - Filling up the DagBag from /opt/airflow/dags/07-trigger-dag.py
[2024-01-19T19:25:07.484+0000] {processor.py:753} INFO - DAG(s) dict_keys(['triggerdagallfailed']) retrieved from /opt/airflow/dags/07-trigger-dag.py
[2024-01-19T19:25:07.498+0000] {logging_mixin.py:137} INFO - [2024-01-19T19:25:07.498+0000] {dag.py:2690} INFO - Sync 1 DAGs
[2024-01-19T19:25:07.510+0000] {logging_mixin.py:137} INFO - [2024-01-19T19:25:07.510+0000] {dag.py:3441} INFO - Setting next_dagrun for triggerdagallfailed to None, run_after=None
[2024-01-19T19:25:07.518+0000] {processor.py:175} INFO - Processing /opt/airflow/dags/07-trigger-dag.py took 0.047 seconds
[2024-01-19T19:25:13.656+0000] {processor.py:153} INFO - Started process (PID=49436) to work on /opt/airflow/dags/07-trigger-dag.py
[2024-01-19T19:25:13.659+0000] {processor.py:743} INFO - Processing file /opt/airflow/dags/07-trigger-dag.py for tasks to queue
[2024-01-19T19:25:13.661+0000] {logging_mixin.py:137} INFO - [2024-01-19T19:25:13.661+0000] {dagbag.py:538} INFO - Filling up the DagBag from /opt/airflow/dags/07-trigger-dag.py
[2024-01-19T19:25:13.691+0000] {processor.py:753} INFO - DAG(s) dict_keys(['triggerdagallfailed']) retrieved from /opt/airflow/dags/07-trigger-dag.py
[2024-01-19T19:25:13.712+0000] {logging_mixin.py:137} INFO - [2024-01-19T19:25:13.712+0000] {dag.py:2690} INFO - Sync 1 DAGs
[2024-01-19T19:25:13.731+0000] {logging_mixin.py:137} INFO - [2024-01-19T19:25:13.731+0000] {dag.py:3441} INFO - Setting next_dagrun for triggerdagallfailed to None, run_after=None
[2024-01-19T19:25:13.749+0000] {processor.py:175} INFO - Processing /opt/airflow/dags/07-trigger-dag.py took 0.100 seconds
[2024-01-19T19:25:19.068+0000] {processor.py:153} INFO - Started process (PID=49461) to work on /opt/airflow/dags/07-trigger-dag.py
[2024-01-19T19:25:19.069+0000] {processor.py:743} INFO - Processing file /opt/airflow/dags/07-trigger-dag.py for tasks to queue
[2024-01-19T19:25:19.070+0000] {logging_mixin.py:137} INFO - [2024-01-19T19:25:19.069+0000] {dagbag.py:538} INFO - Filling up the DagBag from /opt/airflow/dags/07-trigger-dag.py
[2024-01-19T19:25:19.081+0000] {processor.py:753} INFO - DAG(s) dict_keys(['triggerdagallfailed']) retrieved from /opt/airflow/dags/07-trigger-dag.py
[2024-01-19T19:25:19.095+0000] {logging_mixin.py:137} INFO - [2024-01-19T19:25:19.095+0000] {dag.py:2690} INFO - Sync 1 DAGs
[2024-01-19T19:25:19.107+0000] {logging_mixin.py:137} INFO - [2024-01-19T19:25:19.107+0000] {dag.py:3441} INFO - Setting next_dagrun for triggerdagallfailed to None, run_after=None
[2024-01-19T19:25:19.115+0000] {processor.py:175} INFO - Processing /opt/airflow/dags/07-trigger-dag.py took 0.049 seconds
[2024-01-19T19:25:25.942+0000] {processor.py:153} INFO - Started process (PID=49502) to work on /opt/airflow/dags/07-trigger-dag.py
[2024-01-19T19:25:25.943+0000] {processor.py:743} INFO - Processing file /opt/airflow/dags/07-trigger-dag.py for tasks to queue
[2024-01-19T19:25:25.943+0000] {logging_mixin.py:137} INFO - [2024-01-19T19:25:25.943+0000] {dagbag.py:538} INFO - Filling up the DagBag from /opt/airflow/dags/07-trigger-dag.py
[2024-01-19T19:25:25.952+0000] {processor.py:753} INFO - DAG(s) dict_keys(['triggerdagallfailed']) retrieved from /opt/airflow/dags/07-trigger-dag.py
[2024-01-19T19:25:25.964+0000] {logging_mixin.py:137} INFO - [2024-01-19T19:25:25.964+0000] {dag.py:2690} INFO - Sync 1 DAGs
[2024-01-19T19:25:25.976+0000] {logging_mixin.py:137} INFO - [2024-01-19T19:25:25.976+0000] {dag.py:3441} INFO - Setting next_dagrun for triggerdagallfailed to None, run_after=None
[2024-01-19T19:25:25.985+0000] {processor.py:175} INFO - Processing /opt/airflow/dags/07-trigger-dag.py took 0.045 seconds
[2024-01-19T19:25:31.401+0000] {processor.py:153} INFO - Started process (PID=49527) to work on /opt/airflow/dags/07-trigger-dag.py
[2024-01-19T19:25:31.402+0000] {processor.py:743} INFO - Processing file /opt/airflow/dags/07-trigger-dag.py for tasks to queue
[2024-01-19T19:25:31.402+0000] {logging_mixin.py:137} INFO - [2024-01-19T19:25:31.402+0000] {dagbag.py:538} INFO - Filling up the DagBag from /opt/airflow/dags/07-trigger-dag.py
[2024-01-19T19:25:31.411+0000] {processor.py:753} INFO - DAG(s) dict_keys(['triggerdagallfailed']) retrieved from /opt/airflow/dags/07-trigger-dag.py
[2024-01-19T19:25:31.423+0000] {logging_mixin.py:137} INFO - [2024-01-19T19:25:31.423+0000] {dag.py:2690} INFO - Sync 1 DAGs
[2024-01-19T19:25:31.434+0000] {logging_mixin.py:137} INFO - [2024-01-19T19:25:31.434+0000] {dag.py:3441} INFO - Setting next_dagrun for triggerdagallfailed to None, run_after=None
[2024-01-19T19:25:31.441+0000] {processor.py:175} INFO - Processing /opt/airflow/dags/07-trigger-dag.py took 0.042 seconds
[2024-01-19T19:25:37.254+0000] {processor.py:153} INFO - Started process (PID=49569) to work on /opt/airflow/dags/07-trigger-dag.py
[2024-01-19T19:25:37.255+0000] {processor.py:743} INFO - Processing file /opt/airflow/dags/07-trigger-dag.py for tasks to queue
[2024-01-19T19:25:37.256+0000] {logging_mixin.py:137} INFO - [2024-01-19T19:25:37.256+0000] {dagbag.py:538} INFO - Filling up the DagBag from /opt/airflow/dags/07-trigger-dag.py
[2024-01-19T19:25:37.268+0000] {processor.py:753} INFO - DAG(s) dict_keys(['triggerdagallfailed']) retrieved from /opt/airflow/dags/07-trigger-dag.py
[2024-01-19T19:25:37.288+0000] {logging_mixin.py:137} INFO - [2024-01-19T19:25:37.287+0000] {dag.py:2690} INFO - Sync 1 DAGs
[2024-01-19T19:25:37.307+0000] {logging_mixin.py:137} INFO - [2024-01-19T19:25:37.307+0000] {dag.py:3441} INFO - Setting next_dagrun for triggerdagallfailed to None, run_after=None
[2024-01-19T19:25:37.315+0000] {processor.py:175} INFO - Processing /opt/airflow/dags/07-trigger-dag.py took 0.063 seconds
[2024-01-19T19:25:42.841+0000] {processor.py:153} INFO - Started process (PID=49594) to work on /opt/airflow/dags/07-trigger-dag.py
[2024-01-19T19:25:42.842+0000] {processor.py:743} INFO - Processing file /opt/airflow/dags/07-trigger-dag.py for tasks to queue
[2024-01-19T19:25:42.842+0000] {logging_mixin.py:137} INFO - [2024-01-19T19:25:42.842+0000] {dagbag.py:538} INFO - Filling up the DagBag from /opt/airflow/dags/07-trigger-dag.py
[2024-01-19T19:25:42.851+0000] {processor.py:753} INFO - DAG(s) dict_keys(['triggerdagallfailed']) retrieved from /opt/airflow/dags/07-trigger-dag.py
[2024-01-19T19:25:42.863+0000] {logging_mixin.py:137} INFO - [2024-01-19T19:25:42.863+0000] {dag.py:2690} INFO - Sync 1 DAGs
[2024-01-19T19:25:42.875+0000] {logging_mixin.py:137} INFO - [2024-01-19T19:25:42.875+0000] {dag.py:3441} INFO - Setting next_dagrun for triggerdagallfailed to None, run_after=None
[2024-01-19T19:25:42.882+0000] {processor.py:175} INFO - Processing /opt/airflow/dags/07-trigger-dag.py took 0.043 seconds
[2024-01-19T19:25:48.881+0000] {processor.py:153} INFO - Started process (PID=49635) to work on /opt/airflow/dags/07-trigger-dag.py
[2024-01-19T19:25:48.882+0000] {processor.py:743} INFO - Processing file /opt/airflow/dags/07-trigger-dag.py for tasks to queue
[2024-01-19T19:25:48.883+0000] {logging_mixin.py:137} INFO - [2024-01-19T19:25:48.882+0000] {dagbag.py:538} INFO - Filling up the DagBag from /opt/airflow/dags/07-trigger-dag.py
[2024-01-19T19:25:48.894+0000] {processor.py:753} INFO - DAG(s) dict_keys(['triggerdagallfailed']) retrieved from /opt/airflow/dags/07-trigger-dag.py
[2024-01-19T19:25:48.911+0000] {logging_mixin.py:137} INFO - [2024-01-19T19:25:48.911+0000] {dag.py:2690} INFO - Sync 1 DAGs
[2024-01-19T19:25:48.926+0000] {logging_mixin.py:137} INFO - [2024-01-19T19:25:48.926+0000] {dag.py:3441} INFO - Setting next_dagrun for triggerdagallfailed to None, run_after=None
[2024-01-19T19:25:48.937+0000] {processor.py:175} INFO - Processing /opt/airflow/dags/07-trigger-dag.py took 0.059 seconds
[2024-01-19T19:25:54.521+0000] {processor.py:153} INFO - Started process (PID=49660) to work on /opt/airflow/dags/07-trigger-dag.py
[2024-01-19T19:25:54.522+0000] {processor.py:743} INFO - Processing file /opt/airflow/dags/07-trigger-dag.py for tasks to queue
[2024-01-19T19:25:54.522+0000] {logging_mixin.py:137} INFO - [2024-01-19T19:25:54.522+0000] {dagbag.py:538} INFO - Filling up the DagBag from /opt/airflow/dags/07-trigger-dag.py
[2024-01-19T19:25:54.532+0000] {processor.py:753} INFO - DAG(s) dict_keys(['triggerdagallfailed']) retrieved from /opt/airflow/dags/07-trigger-dag.py
[2024-01-19T19:25:54.545+0000] {logging_mixin.py:137} INFO - [2024-01-19T19:25:54.544+0000] {dag.py:2690} INFO - Sync 1 DAGs
[2024-01-19T19:25:54.556+0000] {logging_mixin.py:137} INFO - [2024-01-19T19:25:54.556+0000] {dag.py:3441} INFO - Setting next_dagrun for triggerdagallfailed to None, run_after=None
[2024-01-19T19:25:54.564+0000] {processor.py:175} INFO - Processing /opt/airflow/dags/07-trigger-dag.py took 0.045 seconds
[2024-01-19T19:26:00.418+0000] {processor.py:153} INFO - Started process (PID=49701) to work on /opt/airflow/dags/07-trigger-dag.py
[2024-01-19T19:26:00.419+0000] {processor.py:743} INFO - Processing file /opt/airflow/dags/07-trigger-dag.py for tasks to queue
[2024-01-19T19:26:00.420+0000] {logging_mixin.py:137} INFO - [2024-01-19T19:26:00.420+0000] {dagbag.py:538} INFO - Filling up the DagBag from /opt/airflow/dags/07-trigger-dag.py
[2024-01-19T19:26:00.436+0000] {processor.py:753} INFO - DAG(s) dict_keys(['triggerdagallfailed']) retrieved from /opt/airflow/dags/07-trigger-dag.py
[2024-01-19T19:26:00.456+0000] {logging_mixin.py:137} INFO - [2024-01-19T19:26:00.456+0000] {dag.py:2690} INFO - Sync 1 DAGs
[2024-01-19T19:26:00.472+0000] {logging_mixin.py:137} INFO - [2024-01-19T19:26:00.472+0000] {dag.py:3441} INFO - Setting next_dagrun for triggerdagallfailed to None, run_after=None
[2024-01-19T19:26:00.489+0000] {processor.py:175} INFO - Processing /opt/airflow/dags/07-trigger-dag.py took 0.076 seconds
[2024-01-19T19:26:05.967+0000] {processor.py:153} INFO - Started process (PID=49726) to work on /opt/airflow/dags/07-trigger-dag.py
[2024-01-19T19:26:05.968+0000] {processor.py:743} INFO - Processing file /opt/airflow/dags/07-trigger-dag.py for tasks to queue
[2024-01-19T19:26:05.968+0000] {logging_mixin.py:137} INFO - [2024-01-19T19:26:05.968+0000] {dagbag.py:538} INFO - Filling up the DagBag from /opt/airflow/dags/07-trigger-dag.py
[2024-01-19T19:26:05.978+0000] {processor.py:753} INFO - DAG(s) dict_keys(['triggerdagallfailed']) retrieved from /opt/airflow/dags/07-trigger-dag.py
[2024-01-19T19:26:05.990+0000] {logging_mixin.py:137} INFO - [2024-01-19T19:26:05.990+0000] {dag.py:2690} INFO - Sync 1 DAGs
[2024-01-19T19:26:06.005+0000] {logging_mixin.py:137} INFO - [2024-01-19T19:26:06.005+0000] {dag.py:3441} INFO - Setting next_dagrun for triggerdagallfailed to None, run_after=None
[2024-01-19T19:26:06.018+0000] {processor.py:175} INFO - Processing /opt/airflow/dags/07-trigger-dag.py took 0.053 seconds
[2024-01-19T19:26:11.878+0000] {processor.py:153} INFO - Started process (PID=49767) to work on /opt/airflow/dags/07-trigger-dag.py
[2024-01-19T19:26:11.879+0000] {processor.py:743} INFO - Processing file /opt/airflow/dags/07-trigger-dag.py for tasks to queue
[2024-01-19T19:26:11.879+0000] {logging_mixin.py:137} INFO - [2024-01-19T19:26:11.879+0000] {dagbag.py:538} INFO - Filling up the DagBag from /opt/airflow/dags/07-trigger-dag.py
[2024-01-19T19:26:11.888+0000] {processor.py:753} INFO - DAG(s) dict_keys(['triggerdagallfailed']) retrieved from /opt/airflow/dags/07-trigger-dag.py
[2024-01-19T19:26:11.902+0000] {logging_mixin.py:137} INFO - [2024-01-19T19:26:11.901+0000] {dag.py:2690} INFO - Sync 1 DAGs
[2024-01-19T19:26:11.915+0000] {logging_mixin.py:137} INFO - [2024-01-19T19:26:11.915+0000] {dag.py:3441} INFO - Setting next_dagrun for triggerdagallfailed to None, run_after=None
[2024-01-19T19:26:11.924+0000] {processor.py:175} INFO - Processing /opt/airflow/dags/07-trigger-dag.py took 0.048 seconds
[2024-01-19T19:26:17.478+0000] {processor.py:153} INFO - Started process (PID=49792) to work on /opt/airflow/dags/07-trigger-dag.py
[2024-01-19T19:26:17.479+0000] {processor.py:743} INFO - Processing file /opt/airflow/dags/07-trigger-dag.py for tasks to queue
[2024-01-19T19:26:17.479+0000] {logging_mixin.py:137} INFO - [2024-01-19T19:26:17.479+0000] {dagbag.py:538} INFO - Filling up the DagBag from /opt/airflow/dags/07-trigger-dag.py
[2024-01-19T19:26:17.487+0000] {processor.py:753} INFO - DAG(s) dict_keys(['triggerdagallfailed']) retrieved from /opt/airflow/dags/07-trigger-dag.py
[2024-01-19T19:26:17.500+0000] {logging_mixin.py:137} INFO - [2024-01-19T19:26:17.499+0000] {dag.py:2690} INFO - Sync 1 DAGs
[2024-01-19T19:26:17.512+0000] {logging_mixin.py:137} INFO - [2024-01-19T19:26:17.512+0000] {dag.py:3441} INFO - Setting next_dagrun for triggerdagallfailed to None, run_after=None
[2024-01-19T19:26:17.519+0000] {processor.py:175} INFO - Processing /opt/airflow/dags/07-trigger-dag.py took 0.043 seconds
[2024-01-19T19:26:23.281+0000] {processor.py:153} INFO - Started process (PID=49833) to work on /opt/airflow/dags/07-trigger-dag.py
[2024-01-19T19:26:23.281+0000] {processor.py:743} INFO - Processing file /opt/airflow/dags/07-trigger-dag.py for tasks to queue
[2024-01-19T19:26:23.282+0000] {logging_mixin.py:137} INFO - [2024-01-19T19:26:23.282+0000] {dagbag.py:538} INFO - Filling up the DagBag from /opt/airflow/dags/07-trigger-dag.py
[2024-01-19T19:26:23.293+0000] {processor.py:753} INFO - DAG(s) dict_keys(['triggerdagallfailed']) retrieved from /opt/airflow/dags/07-trigger-dag.py
[2024-01-19T19:26:23.307+0000] {logging_mixin.py:137} INFO - [2024-01-19T19:26:23.307+0000] {dag.py:2690} INFO - Sync 1 DAGs
[2024-01-19T19:26:23.323+0000] {logging_mixin.py:137} INFO - [2024-01-19T19:26:23.323+0000] {dag.py:3441} INFO - Setting next_dagrun for triggerdagallfailed to None, run_after=None
[2024-01-19T19:26:23.333+0000] {processor.py:175} INFO - Processing /opt/airflow/dags/07-trigger-dag.py took 0.055 seconds
[2024-01-19T19:26:29.011+0000] {processor.py:153} INFO - Started process (PID=49858) to work on /opt/airflow/dags/07-trigger-dag.py
[2024-01-19T19:26:29.012+0000] {processor.py:743} INFO - Processing file /opt/airflow/dags/07-trigger-dag.py for tasks to queue
[2024-01-19T19:26:29.012+0000] {logging_mixin.py:137} INFO - [2024-01-19T19:26:29.012+0000] {dagbag.py:538} INFO - Filling up the DagBag from /opt/airflow/dags/07-trigger-dag.py
[2024-01-19T19:26:29.020+0000] {processor.py:753} INFO - DAG(s) dict_keys(['triggerdagallfailed']) retrieved from /opt/airflow/dags/07-trigger-dag.py
[2024-01-19T19:26:29.033+0000] {logging_mixin.py:137} INFO - [2024-01-19T19:26:29.033+0000] {dag.py:2690} INFO - Sync 1 DAGs
[2024-01-19T19:26:29.044+0000] {logging_mixin.py:137} INFO - [2024-01-19T19:26:29.044+0000] {dag.py:3441} INFO - Setting next_dagrun for triggerdagallfailed to None, run_after=None
[2024-01-19T19:26:29.053+0000] {processor.py:175} INFO - Processing /opt/airflow/dags/07-trigger-dag.py took 0.043 seconds
[2024-01-19T19:26:34.932+0000] {processor.py:153} INFO - Started process (PID=49899) to work on /opt/airflow/dags/07-trigger-dag.py
[2024-01-19T19:26:34.933+0000] {processor.py:743} INFO - Processing file /opt/airflow/dags/07-trigger-dag.py for tasks to queue
[2024-01-19T19:26:34.934+0000] {logging_mixin.py:137} INFO - [2024-01-19T19:26:34.934+0000] {dagbag.py:538} INFO - Filling up the DagBag from /opt/airflow/dags/07-trigger-dag.py
[2024-01-19T19:26:34.946+0000] {processor.py:753} INFO - DAG(s) dict_keys(['triggerdagallfailed']) retrieved from /opt/airflow/dags/07-trigger-dag.py
[2024-01-19T19:26:34.965+0000] {logging_mixin.py:137} INFO - [2024-01-19T19:26:34.965+0000] {dag.py:2690} INFO - Sync 1 DAGs
[2024-01-19T19:26:34.978+0000] {logging_mixin.py:137} INFO - [2024-01-19T19:26:34.978+0000] {dag.py:3441} INFO - Setting next_dagrun for triggerdagallfailed to None, run_after=None
[2024-01-19T19:26:34.987+0000] {processor.py:175} INFO - Processing /opt/airflow/dags/07-trigger-dag.py took 0.057 seconds
[2024-01-19T19:26:40.737+0000] {processor.py:153} INFO - Started process (PID=49924) to work on /opt/airflow/dags/07-trigger-dag.py
[2024-01-19T19:26:40.737+0000] {processor.py:743} INFO - Processing file /opt/airflow/dags/07-trigger-dag.py for tasks to queue
[2024-01-19T19:26:40.738+0000] {logging_mixin.py:137} INFO - [2024-01-19T19:26:40.738+0000] {dagbag.py:538} INFO - Filling up the DagBag from /opt/airflow/dags/07-trigger-dag.py
[2024-01-19T19:26:40.746+0000] {processor.py:753} INFO - DAG(s) dict_keys(['triggerdagallfailed']) retrieved from /opt/airflow/dags/07-trigger-dag.py
[2024-01-19T19:26:40.758+0000] {logging_mixin.py:137} INFO - [2024-01-19T19:26:40.758+0000] {dag.py:2690} INFO - Sync 1 DAGs
[2024-01-19T19:26:40.775+0000] {logging_mixin.py:137} INFO - [2024-01-19T19:26:40.775+0000] {dag.py:3441} INFO - Setting next_dagrun for triggerdagallfailed to None, run_after=None
[2024-01-19T19:26:40.784+0000] {processor.py:175} INFO - Processing /opt/airflow/dags/07-trigger-dag.py took 0.049 seconds
[2024-01-19T19:26:46.495+0000] {processor.py:153} INFO - Started process (PID=49965) to work on /opt/airflow/dags/07-trigger-dag.py
[2024-01-19T19:26:46.496+0000] {processor.py:743} INFO - Processing file /opt/airflow/dags/07-trigger-dag.py for tasks to queue
[2024-01-19T19:26:46.497+0000] {logging_mixin.py:137} INFO - [2024-01-19T19:26:46.497+0000] {dagbag.py:538} INFO - Filling up the DagBag from /opt/airflow/dags/07-trigger-dag.py
[2024-01-19T19:26:46.517+0000] {processor.py:753} INFO - DAG(s) dict_keys(['triggerdagallfailed']) retrieved from /opt/airflow/dags/07-trigger-dag.py
[2024-01-19T19:26:46.547+0000] {logging_mixin.py:137} INFO - [2024-01-19T19:26:46.547+0000] {dag.py:2690} INFO - Sync 1 DAGs
[2024-01-19T19:26:46.565+0000] {logging_mixin.py:137} INFO - [2024-01-19T19:26:46.565+0000] {dag.py:3441} INFO - Setting next_dagrun for triggerdagallfailed to None, run_after=None
[2024-01-19T19:26:46.577+0000] {processor.py:175} INFO - Processing /opt/airflow/dags/07-trigger-dag.py took 0.084 seconds
[2024-01-19T19:26:52.138+0000] {processor.py:153} INFO - Started process (PID=49990) to work on /opt/airflow/dags/07-trigger-dag.py
[2024-01-19T19:26:52.139+0000] {processor.py:743} INFO - Processing file /opt/airflow/dags/07-trigger-dag.py for tasks to queue
[2024-01-19T19:26:52.139+0000] {logging_mixin.py:137} INFO - [2024-01-19T19:26:52.139+0000] {dagbag.py:538} INFO - Filling up the DagBag from /opt/airflow/dags/07-trigger-dag.py
[2024-01-19T19:26:52.147+0000] {processor.py:753} INFO - DAG(s) dict_keys(['triggerdagallfailed']) retrieved from /opt/airflow/dags/07-trigger-dag.py
[2024-01-19T19:26:52.159+0000] {logging_mixin.py:137} INFO - [2024-01-19T19:26:52.159+0000] {dag.py:2690} INFO - Sync 1 DAGs
[2024-01-19T19:26:52.170+0000] {logging_mixin.py:137} INFO - [2024-01-19T19:26:52.170+0000] {dag.py:3441} INFO - Setting next_dagrun for triggerdagallfailed to None, run_after=None
[2024-01-19T19:26:52.177+0000] {processor.py:175} INFO - Processing /opt/airflow/dags/07-trigger-dag.py took 0.041 seconds
[2024-01-19T19:26:59.582+0000] {processor.py:153} INFO - Started process (PID=50031) to work on /opt/airflow/dags/07-trigger-dag.py
[2024-01-19T19:26:59.582+0000] {processor.py:743} INFO - Processing file /opt/airflow/dags/07-trigger-dag.py for tasks to queue
[2024-01-19T19:26:59.583+0000] {logging_mixin.py:137} INFO - [2024-01-19T19:26:59.583+0000] {dagbag.py:538} INFO - Filling up the DagBag from /opt/airflow/dags/07-trigger-dag.py
[2024-01-19T19:26:59.597+0000] {processor.py:753} INFO - DAG(s) dict_keys(['triggerdagallfailed']) retrieved from /opt/airflow/dags/07-trigger-dag.py
[2024-01-19T19:26:59.613+0000] {logging_mixin.py:137} INFO - [2024-01-19T19:26:59.612+0000] {dag.py:2690} INFO - Sync 1 DAGs
[2024-01-19T19:26:59.625+0000] {logging_mixin.py:137} INFO - [2024-01-19T19:26:59.625+0000] {dag.py:3441} INFO - Setting next_dagrun for triggerdagallfailed to None, run_after=None
[2024-01-19T19:26:59.633+0000] {processor.py:175} INFO - Processing /opt/airflow/dags/07-trigger-dag.py took 0.055 seconds
[2024-01-19T19:27:05.188+0000] {processor.py:153} INFO - Started process (PID=50056) to work on /opt/airflow/dags/07-trigger-dag.py
[2024-01-19T19:27:05.189+0000] {processor.py:743} INFO - Processing file /opt/airflow/dags/07-trigger-dag.py for tasks to queue
[2024-01-19T19:27:05.189+0000] {logging_mixin.py:137} INFO - [2024-01-19T19:27:05.189+0000] {dagbag.py:538} INFO - Filling up the DagBag from /opt/airflow/dags/07-trigger-dag.py
[2024-01-19T19:27:05.198+0000] {processor.py:753} INFO - DAG(s) dict_keys(['triggerdagallfailed']) retrieved from /opt/airflow/dags/07-trigger-dag.py
[2024-01-19T19:27:05.210+0000] {logging_mixin.py:137} INFO - [2024-01-19T19:27:05.209+0000] {dag.py:2690} INFO - Sync 1 DAGs
[2024-01-19T19:27:05.221+0000] {logging_mixin.py:137} INFO - [2024-01-19T19:27:05.221+0000] {dag.py:3441} INFO - Setting next_dagrun for triggerdagallfailed to None, run_after=None
[2024-01-19T19:27:05.229+0000] {processor.py:175} INFO - Processing /opt/airflow/dags/07-trigger-dag.py took 0.043 seconds
[2024-01-19T19:27:12.305+0000] {processor.py:153} INFO - Started process (PID=50098) to work on /opt/airflow/dags/07-trigger-dag.py
[2024-01-19T19:27:12.306+0000] {processor.py:743} INFO - Processing file /opt/airflow/dags/07-trigger-dag.py for tasks to queue
[2024-01-19T19:27:12.306+0000] {logging_mixin.py:137} INFO - [2024-01-19T19:27:12.306+0000] {dagbag.py:538} INFO - Filling up the DagBag from /opt/airflow/dags/07-trigger-dag.py
[2024-01-19T19:27:12.315+0000] {processor.py:753} INFO - DAG(s) dict_keys(['triggerdagallfailed']) retrieved from /opt/airflow/dags/07-trigger-dag.py
[2024-01-19T19:27:12.327+0000] {logging_mixin.py:137} INFO - [2024-01-19T19:27:12.327+0000] {dag.py:2690} INFO - Sync 1 DAGs
[2024-01-19T19:27:12.339+0000] {logging_mixin.py:137} INFO - [2024-01-19T19:27:12.339+0000] {dag.py:3441} INFO - Setting next_dagrun for triggerdagallfailed to None, run_after=None
[2024-01-19T19:27:12.347+0000] {processor.py:175} INFO - Processing /opt/airflow/dags/07-trigger-dag.py took 0.043 seconds
[2024-01-19T19:27:17.883+0000] {processor.py:153} INFO - Started process (PID=50123) to work on /opt/airflow/dags/07-trigger-dag.py
[2024-01-19T19:27:17.883+0000] {processor.py:743} INFO - Processing file /opt/airflow/dags/07-trigger-dag.py for tasks to queue
[2024-01-19T19:27:17.884+0000] {logging_mixin.py:137} INFO - [2024-01-19T19:27:17.884+0000] {dagbag.py:538} INFO - Filling up the DagBag from /opt/airflow/dags/07-trigger-dag.py
[2024-01-19T19:27:17.891+0000] {processor.py:753} INFO - DAG(s) dict_keys(['triggerdagallfailed']) retrieved from /opt/airflow/dags/07-trigger-dag.py
[2024-01-19T19:27:17.903+0000] {logging_mixin.py:137} INFO - [2024-01-19T19:27:17.903+0000] {dag.py:2690} INFO - Sync 1 DAGs
[2024-01-19T19:27:17.915+0000] {logging_mixin.py:137} INFO - [2024-01-19T19:27:17.914+0000] {dag.py:3441} INFO - Setting next_dagrun for triggerdagallfailed to None, run_after=None
[2024-01-19T19:27:17.922+0000] {processor.py:175} INFO - Processing /opt/airflow/dags/07-trigger-dag.py took 0.041 seconds
[2024-01-19T19:27:24.160+0000] {processor.py:153} INFO - Started process (PID=50164) to work on /opt/airflow/dags/07-trigger-dag.py
[2024-01-19T19:27:24.160+0000] {processor.py:743} INFO - Processing file /opt/airflow/dags/07-trigger-dag.py for tasks to queue
[2024-01-19T19:27:24.161+0000] {logging_mixin.py:137} INFO - [2024-01-19T19:27:24.161+0000] {dagbag.py:538} INFO - Filling up the DagBag from /opt/airflow/dags/07-trigger-dag.py
[2024-01-19T19:27:24.169+0000] {processor.py:753} INFO - DAG(s) dict_keys(['triggerdagallfailed']) retrieved from /opt/airflow/dags/07-trigger-dag.py
[2024-01-19T19:27:24.181+0000] {logging_mixin.py:137} INFO - [2024-01-19T19:27:24.181+0000] {dag.py:2690} INFO - Sync 1 DAGs
[2024-01-19T19:27:24.192+0000] {logging_mixin.py:137} INFO - [2024-01-19T19:27:24.192+0000] {dag.py:3441} INFO - Setting next_dagrun for triggerdagallfailed to None, run_after=None
[2024-01-19T19:27:24.199+0000] {processor.py:175} INFO - Processing /opt/airflow/dags/07-trigger-dag.py took 0.041 seconds
[2024-01-19T19:27:29.715+0000] {processor.py:153} INFO - Started process (PID=50189) to work on /opt/airflow/dags/07-trigger-dag.py
[2024-01-19T19:27:29.716+0000] {processor.py:743} INFO - Processing file /opt/airflow/dags/07-trigger-dag.py for tasks to queue
[2024-01-19T19:27:29.716+0000] {logging_mixin.py:137} INFO - [2024-01-19T19:27:29.716+0000] {dagbag.py:538} INFO - Filling up the DagBag from /opt/airflow/dags/07-trigger-dag.py
[2024-01-19T19:27:29.724+0000] {processor.py:753} INFO - DAG(s) dict_keys(['triggerdagallfailed']) retrieved from /opt/airflow/dags/07-trigger-dag.py
[2024-01-19T19:27:29.737+0000] {logging_mixin.py:137} INFO - [2024-01-19T19:27:29.737+0000] {dag.py:2690} INFO - Sync 1 DAGs
[2024-01-19T19:27:29.753+0000] {logging_mixin.py:137} INFO - [2024-01-19T19:27:29.753+0000] {dag.py:3441} INFO - Setting next_dagrun for triggerdagallfailed to None, run_after=None
[2024-01-19T19:27:29.764+0000] {processor.py:175} INFO - Processing /opt/airflow/dags/07-trigger-dag.py took 0.051 seconds
[2024-01-19T19:27:36.096+0000] {processor.py:153} INFO - Started process (PID=50230) to work on /opt/airflow/dags/07-trigger-dag.py
[2024-01-19T19:27:36.097+0000] {processor.py:743} INFO - Processing file /opt/airflow/dags/07-trigger-dag.py for tasks to queue
[2024-01-19T19:27:36.097+0000] {logging_mixin.py:137} INFO - [2024-01-19T19:27:36.097+0000] {dagbag.py:538} INFO - Filling up the DagBag from /opt/airflow/dags/07-trigger-dag.py
[2024-01-19T19:27:36.109+0000] {processor.py:753} INFO - DAG(s) dict_keys(['triggerdagallfailed']) retrieved from /opt/airflow/dags/07-trigger-dag.py
[2024-01-19T19:27:36.125+0000] {logging_mixin.py:137} INFO - [2024-01-19T19:27:36.125+0000] {dag.py:2690} INFO - Sync 1 DAGs
[2024-01-19T19:27:36.136+0000] {logging_mixin.py:137} INFO - [2024-01-19T19:27:36.136+0000] {dag.py:3441} INFO - Setting next_dagrun for triggerdagallfailed to None, run_after=None
[2024-01-19T19:27:36.143+0000] {processor.py:175} INFO - Processing /opt/airflow/dags/07-trigger-dag.py took 0.048 seconds
[2024-01-19T19:27:41.720+0000] {processor.py:153} INFO - Started process (PID=50255) to work on /opt/airflow/dags/07-trigger-dag.py
[2024-01-19T19:27:41.721+0000] {processor.py:743} INFO - Processing file /opt/airflow/dags/07-trigger-dag.py for tasks to queue
[2024-01-19T19:27:41.721+0000] {logging_mixin.py:137} INFO - [2024-01-19T19:27:41.721+0000] {dagbag.py:538} INFO - Filling up the DagBag from /opt/airflow/dags/07-trigger-dag.py
[2024-01-19T19:27:41.736+0000] {processor.py:753} INFO - DAG(s) dict_keys(['triggerdagallfailed']) retrieved from /opt/airflow/dags/07-trigger-dag.py
[2024-01-19T19:27:41.758+0000] {logging_mixin.py:137} INFO - [2024-01-19T19:27:41.757+0000] {dag.py:2690} INFO - Sync 1 DAGs
[2024-01-19T19:27:41.770+0000] {logging_mixin.py:137} INFO - [2024-01-19T19:27:41.770+0000] {dag.py:3441} INFO - Setting next_dagrun for triggerdagallfailed to None, run_after=None
[2024-01-19T19:27:41.778+0000] {processor.py:175} INFO - Processing /opt/airflow/dags/07-trigger-dag.py took 0.061 seconds
[2024-01-19T19:27:47.867+0000] {processor.py:153} INFO - Started process (PID=50296) to work on /opt/airflow/dags/07-trigger-dag.py
[2024-01-19T19:27:47.868+0000] {processor.py:743} INFO - Processing file /opt/airflow/dags/07-trigger-dag.py for tasks to queue
[2024-01-19T19:27:47.868+0000] {logging_mixin.py:137} INFO - [2024-01-19T19:27:47.868+0000] {dagbag.py:538} INFO - Filling up the DagBag from /opt/airflow/dags/07-trigger-dag.py
[2024-01-19T19:27:47.879+0000] {processor.py:753} INFO - DAG(s) dict_keys(['triggerdagallfailed']) retrieved from /opt/airflow/dags/07-trigger-dag.py
[2024-01-19T19:27:47.906+0000] {logging_mixin.py:137} INFO - [2024-01-19T19:27:47.906+0000] {dag.py:2690} INFO - Sync 1 DAGs
[2024-01-19T19:27:47.935+0000] {logging_mixin.py:137} INFO - [2024-01-19T19:27:47.935+0000] {dag.py:3441} INFO - Setting next_dagrun for triggerdagallfailed to None, run_after=None
[2024-01-19T19:27:47.947+0000] {processor.py:175} INFO - Processing /opt/airflow/dags/07-trigger-dag.py took 0.083 seconds
[2024-01-19T19:27:53.494+0000] {processor.py:153} INFO - Started process (PID=50321) to work on /opt/airflow/dags/07-trigger-dag.py
[2024-01-19T19:27:53.494+0000] {processor.py:743} INFO - Processing file /opt/airflow/dags/07-trigger-dag.py for tasks to queue
[2024-01-19T19:27:53.495+0000] {logging_mixin.py:137} INFO - [2024-01-19T19:27:53.495+0000] {dagbag.py:538} INFO - Filling up the DagBag from /opt/airflow/dags/07-trigger-dag.py
[2024-01-19T19:27:53.503+0000] {processor.py:753} INFO - DAG(s) dict_keys(['triggerdagallfailed']) retrieved from /opt/airflow/dags/07-trigger-dag.py
[2024-01-19T19:27:53.515+0000] {logging_mixin.py:137} INFO - [2024-01-19T19:27:53.515+0000] {dag.py:2690} INFO - Sync 1 DAGs
[2024-01-19T19:27:53.528+0000] {logging_mixin.py:137} INFO - [2024-01-19T19:27:53.528+0000] {dag.py:3441} INFO - Setting next_dagrun for triggerdagallfailed to None, run_after=None
[2024-01-19T19:27:53.537+0000] {processor.py:175} INFO - Processing /opt/airflow/dags/07-trigger-dag.py took 0.045 seconds
[2024-01-19T19:27:59.284+0000] {processor.py:153} INFO - Started process (PID=50362) to work on /opt/airflow/dags/07-trigger-dag.py
[2024-01-19T19:27:59.285+0000] {processor.py:743} INFO - Processing file /opt/airflow/dags/07-trigger-dag.py for tasks to queue
[2024-01-19T19:27:59.286+0000] {logging_mixin.py:137} INFO - [2024-01-19T19:27:59.286+0000] {dagbag.py:538} INFO - Filling up the DagBag from /opt/airflow/dags/07-trigger-dag.py
[2024-01-19T19:27:59.296+0000] {processor.py:753} INFO - DAG(s) dict_keys(['triggerdagallfailed']) retrieved from /opt/airflow/dags/07-trigger-dag.py
[2024-01-19T19:27:59.310+0000] {logging_mixin.py:137} INFO - [2024-01-19T19:27:59.310+0000] {dag.py:2690} INFO - Sync 1 DAGs
[2024-01-19T19:27:59.326+0000] {logging_mixin.py:137} INFO - [2024-01-19T19:27:59.326+0000] {dag.py:3441} INFO - Setting next_dagrun for triggerdagallfailed to None, run_after=None
[2024-01-19T19:27:59.335+0000] {processor.py:175} INFO - Processing /opt/airflow/dags/07-trigger-dag.py took 0.053 seconds
[2024-01-19T19:28:04.991+0000] {processor.py:153} INFO - Started process (PID=50387) to work on /opt/airflow/dags/07-trigger-dag.py
[2024-01-19T19:28:04.993+0000] {processor.py:743} INFO - Processing file /opt/airflow/dags/07-trigger-dag.py for tasks to queue
[2024-01-19T19:28:04.995+0000] {logging_mixin.py:137} INFO - [2024-01-19T19:28:04.995+0000] {dagbag.py:538} INFO - Filling up the DagBag from /opt/airflow/dags/07-trigger-dag.py
[2024-01-19T19:28:05.008+0000] {processor.py:753} INFO - DAG(s) dict_keys(['triggerdagallfailed']) retrieved from /opt/airflow/dags/07-trigger-dag.py
[2024-01-19T19:28:05.024+0000] {logging_mixin.py:137} INFO - [2024-01-19T19:28:05.024+0000] {dag.py:2690} INFO - Sync 1 DAGs
[2024-01-19T19:28:05.036+0000] {logging_mixin.py:137} INFO - [2024-01-19T19:28:05.036+0000] {dag.py:3441} INFO - Setting next_dagrun for triggerdagallfailed to None, run_after=None
[2024-01-19T19:28:05.044+0000] {processor.py:175} INFO - Processing /opt/airflow/dags/07-trigger-dag.py took 0.056 seconds
[2024-01-19T19:28:10.904+0000] {processor.py:153} INFO - Started process (PID=50428) to work on /opt/airflow/dags/07-trigger-dag.py
[2024-01-19T19:28:10.904+0000] {processor.py:743} INFO - Processing file /opt/airflow/dags/07-trigger-dag.py for tasks to queue
[2024-01-19T19:28:10.905+0000] {logging_mixin.py:137} INFO - [2024-01-19T19:28:10.905+0000] {dagbag.py:538} INFO - Filling up the DagBag from /opt/airflow/dags/07-trigger-dag.py
[2024-01-19T19:28:10.916+0000] {processor.py:753} INFO - DAG(s) dict_keys(['triggerdagallfailed']) retrieved from /opt/airflow/dags/07-trigger-dag.py
[2024-01-19T19:28:10.932+0000] {logging_mixin.py:137} INFO - [2024-01-19T19:28:10.932+0000] {dag.py:2690} INFO - Sync 1 DAGs
[2024-01-19T19:28:10.946+0000] {logging_mixin.py:137} INFO - [2024-01-19T19:28:10.946+0000] {dag.py:3441} INFO - Setting next_dagrun for triggerdagallfailed to None, run_after=None
[2024-01-19T19:28:10.961+0000] {processor.py:175} INFO - Processing /opt/airflow/dags/07-trigger-dag.py took 0.060 seconds
[2024-01-19T19:28:16.643+0000] {processor.py:153} INFO - Started process (PID=50453) to work on /opt/airflow/dags/07-trigger-dag.py
[2024-01-19T19:28:16.644+0000] {processor.py:743} INFO - Processing file /opt/airflow/dags/07-trigger-dag.py for tasks to queue
[2024-01-19T19:28:16.644+0000] {logging_mixin.py:137} INFO - [2024-01-19T19:28:16.644+0000] {dagbag.py:538} INFO - Filling up the DagBag from /opt/airflow/dags/07-trigger-dag.py
[2024-01-19T19:28:16.655+0000] {processor.py:753} INFO - DAG(s) dict_keys(['triggerdagallfailed']) retrieved from /opt/airflow/dags/07-trigger-dag.py
[2024-01-19T19:28:16.668+0000] {logging_mixin.py:137} INFO - [2024-01-19T19:28:16.668+0000] {dag.py:2690} INFO - Sync 1 DAGs
[2024-01-19T19:28:16.680+0000] {logging_mixin.py:137} INFO - [2024-01-19T19:28:16.680+0000] {dag.py:3441} INFO - Setting next_dagrun for triggerdagallfailed to None, run_after=None
[2024-01-19T19:28:16.688+0000] {processor.py:175} INFO - Processing /opt/airflow/dags/07-trigger-dag.py took 0.046 seconds
[2024-01-19T19:28:22.357+0000] {processor.py:153} INFO - Started process (PID=50494) to work on /opt/airflow/dags/07-trigger-dag.py
[2024-01-19T19:28:22.357+0000] {processor.py:743} INFO - Processing file /opt/airflow/dags/07-trigger-dag.py for tasks to queue
[2024-01-19T19:28:22.358+0000] {logging_mixin.py:137} INFO - [2024-01-19T19:28:22.358+0000] {dagbag.py:538} INFO - Filling up the DagBag from /opt/airflow/dags/07-trigger-dag.py
[2024-01-19T19:28:22.366+0000] {processor.py:753} INFO - DAG(s) dict_keys(['triggerdagallfailed']) retrieved from /opt/airflow/dags/07-trigger-dag.py
[2024-01-19T19:28:22.379+0000] {logging_mixin.py:137} INFO - [2024-01-19T19:28:22.379+0000] {dag.py:2690} INFO - Sync 1 DAGs
[2024-01-19T19:28:22.391+0000] {logging_mixin.py:137} INFO - [2024-01-19T19:28:22.391+0000] {dag.py:3441} INFO - Setting next_dagrun for triggerdagallfailed to None, run_after=None
[2024-01-19T19:28:22.399+0000] {processor.py:175} INFO - Processing /opt/airflow/dags/07-trigger-dag.py took 0.044 seconds
