[2024-01-19T19:24:17.233+0000] {processor.py:153} INFO - Started process (PID=49120) to work on /opt/airflow/dags/08-dag-complexa.py
[2024-01-19T19:24:17.234+0000] {processor.py:743} INFO - Processing file /opt/airflow/dags/08-dag-complexa.py for tasks to queue
[2024-01-19T19:24:17.234+0000] {logging_mixin.py:137} INFO - [2024-01-19T19:24:17.234+0000] {dagbag.py:538} INFO - Filling up the DagBag from /opt/airflow/dags/08-dag-complexa.py
[2024-01-19T19:24:17.244+0000] {processor.py:753} INFO - DAG(s) dict_keys(['dagcomplexa']) retrieved from /opt/airflow/dags/08-dag-complexa.py
[2024-01-19T19:24:17.286+0000] {logging_mixin.py:137} INFO - [2024-01-19T19:24:17.285+0000] {dag.py:2690} INFO - Sync 1 DAGs
[2024-01-19T19:24:17.297+0000] {logging_mixin.py:137} INFO - [2024-01-19T19:24:17.297+0000] {dag.py:3441} INFO - Setting next_dagrun for dagcomplexa to None, run_after=None
[2024-01-19T19:24:17.310+0000] {processor.py:175} INFO - Processing /opt/airflow/dags/08-dag-complexa.py took 0.078 seconds
[2024-01-19T19:24:24.142+0000] {processor.py:153} INFO - Started process (PID=49155) to work on /opt/airflow/dags/08-dag-complexa.py
[2024-01-19T19:24:24.142+0000] {processor.py:743} INFO - Processing file /opt/airflow/dags/08-dag-complexa.py for tasks to queue
[2024-01-19T19:24:24.143+0000] {logging_mixin.py:137} INFO - [2024-01-19T19:24:24.143+0000] {dagbag.py:538} INFO - Filling up the DagBag from /opt/airflow/dags/08-dag-complexa.py
[2024-01-19T19:24:24.152+0000] {processor.py:753} INFO - DAG(s) dict_keys(['dagcomplexa']) retrieved from /opt/airflow/dags/08-dag-complexa.py
[2024-01-19T19:24:24.159+0000] {logging_mixin.py:137} INFO - [2024-01-19T19:24:24.159+0000] {dag.py:2690} INFO - Sync 1 DAGs
[2024-01-19T19:24:24.172+0000] {logging_mixin.py:137} INFO - [2024-01-19T19:24:24.172+0000] {dag.py:3441} INFO - Setting next_dagrun for dagcomplexa to None, run_after=None
[2024-01-19T19:24:24.180+0000] {processor.py:175} INFO - Processing /opt/airflow/dags/08-dag-complexa.py took 0.040 seconds
[2024-01-19T19:24:30.625+0000] {processor.py:153} INFO - Started process (PID=49195) to work on /opt/airflow/dags/08-dag-complexa.py
[2024-01-19T19:24:30.626+0000] {processor.py:743} INFO - Processing file /opt/airflow/dags/08-dag-complexa.py for tasks to queue
[2024-01-19T19:24:30.626+0000] {logging_mixin.py:137} INFO - [2024-01-19T19:24:30.626+0000] {dagbag.py:538} INFO - Filling up the DagBag from /opt/airflow/dags/08-dag-complexa.py
[2024-01-19T19:24:30.643+0000] {processor.py:753} INFO - DAG(s) dict_keys(['dagcomplexa']) retrieved from /opt/airflow/dags/08-dag-complexa.py
[2024-01-19T19:24:30.652+0000] {logging_mixin.py:137} INFO - [2024-01-19T19:24:30.652+0000] {dag.py:2690} INFO - Sync 1 DAGs
[2024-01-19T19:24:30.665+0000] {logging_mixin.py:137} INFO - [2024-01-19T19:24:30.665+0000] {dag.py:3441} INFO - Setting next_dagrun for dagcomplexa to None, run_after=None
[2024-01-19T19:24:30.673+0000] {processor.py:175} INFO - Processing /opt/airflow/dags/08-dag-complexa.py took 0.052 seconds
[2024-01-19T19:24:37.583+0000] {processor.py:153} INFO - Started process (PID=49236) to work on /opt/airflow/dags/08-dag-complexa.py
[2024-01-19T19:24:37.584+0000] {processor.py:743} INFO - Processing file /opt/airflow/dags/08-dag-complexa.py for tasks to queue
[2024-01-19T19:24:37.585+0000] {logging_mixin.py:137} INFO - [2024-01-19T19:24:37.585+0000] {dagbag.py:538} INFO - Filling up the DagBag from /opt/airflow/dags/08-dag-complexa.py
[2024-01-19T19:24:37.596+0000] {processor.py:753} INFO - DAG(s) dict_keys(['dagcomplexa']) retrieved from /opt/airflow/dags/08-dag-complexa.py
[2024-01-19T19:24:37.611+0000] {logging_mixin.py:137} INFO - [2024-01-19T19:24:37.610+0000] {dag.py:2690} INFO - Sync 1 DAGs
[2024-01-19T19:24:37.636+0000] {logging_mixin.py:137} INFO - [2024-01-19T19:24:37.636+0000] {dag.py:3441} INFO - Setting next_dagrun for dagcomplexa to None, run_after=None
[2024-01-19T19:24:37.651+0000] {processor.py:175} INFO - Processing /opt/airflow/dags/08-dag-complexa.py took 0.070 seconds
[2024-01-19T19:24:43.409+0000] {processor.py:153} INFO - Started process (PID=49262) to work on /opt/airflow/dags/08-dag-complexa.py
[2024-01-19T19:24:43.409+0000] {processor.py:743} INFO - Processing file /opt/airflow/dags/08-dag-complexa.py for tasks to queue
[2024-01-19T19:24:43.410+0000] {logging_mixin.py:137} INFO - [2024-01-19T19:24:43.410+0000] {dagbag.py:538} INFO - Filling up the DagBag from /opt/airflow/dags/08-dag-complexa.py
[2024-01-19T19:24:43.420+0000] {processor.py:753} INFO - DAG(s) dict_keys(['dagcomplexa']) retrieved from /opt/airflow/dags/08-dag-complexa.py
[2024-01-19T19:24:43.428+0000] {logging_mixin.py:137} INFO - [2024-01-19T19:24:43.428+0000] {dag.py:2690} INFO - Sync 1 DAGs
[2024-01-19T19:24:43.441+0000] {logging_mixin.py:137} INFO - [2024-01-19T19:24:43.441+0000] {dag.py:3441} INFO - Setting next_dagrun for dagcomplexa to None, run_after=None
[2024-01-19T19:24:43.449+0000] {processor.py:175} INFO - Processing /opt/airflow/dags/08-dag-complexa.py took 0.042 seconds
[2024-01-19T19:24:49.093+0000] {processor.py:153} INFO - Started process (PID=49303) to work on /opt/airflow/dags/08-dag-complexa.py
[2024-01-19T19:24:49.094+0000] {processor.py:743} INFO - Processing file /opt/airflow/dags/08-dag-complexa.py for tasks to queue
[2024-01-19T19:24:49.096+0000] {logging_mixin.py:137} INFO - [2024-01-19T19:24:49.096+0000] {dagbag.py:538} INFO - Filling up the DagBag from /opt/airflow/dags/08-dag-complexa.py
[2024-01-19T19:24:49.107+0000] {processor.py:753} INFO - DAG(s) dict_keys(['dagcomplexa']) retrieved from /opt/airflow/dags/08-dag-complexa.py
[2024-01-19T19:24:49.133+0000] {logging_mixin.py:137} INFO - [2024-01-19T19:24:49.133+0000] {dag.py:2690} INFO - Sync 1 DAGs
[2024-01-19T19:24:49.148+0000] {logging_mixin.py:137} INFO - [2024-01-19T19:24:49.148+0000] {dag.py:3441} INFO - Setting next_dagrun for dagcomplexa to None, run_after=None
[2024-01-19T19:24:49.156+0000] {processor.py:175} INFO - Processing /opt/airflow/dags/08-dag-complexa.py took 0.065 seconds
[2024-01-19T19:24:54.578+0000] {processor.py:153} INFO - Started process (PID=49328) to work on /opt/airflow/dags/08-dag-complexa.py
[2024-01-19T19:24:54.579+0000] {processor.py:743} INFO - Processing file /opt/airflow/dags/08-dag-complexa.py for tasks to queue
[2024-01-19T19:24:54.579+0000] {logging_mixin.py:137} INFO - [2024-01-19T19:24:54.579+0000] {dagbag.py:538} INFO - Filling up the DagBag from /opt/airflow/dags/08-dag-complexa.py
[2024-01-19T19:24:54.590+0000] {processor.py:753} INFO - DAG(s) dict_keys(['dagcomplexa']) retrieved from /opt/airflow/dags/08-dag-complexa.py
[2024-01-19T19:24:54.603+0000] {logging_mixin.py:137} INFO - [2024-01-19T19:24:54.603+0000] {dag.py:2690} INFO - Sync 1 DAGs
[2024-01-19T19:24:54.616+0000] {logging_mixin.py:137} INFO - [2024-01-19T19:24:54.616+0000] {dag.py:3441} INFO - Setting next_dagrun for dagcomplexa to None, run_after=None
[2024-01-19T19:24:54.624+0000] {processor.py:175} INFO - Processing /opt/airflow/dags/08-dag-complexa.py took 0.048 seconds
[2024-01-19T19:25:01.756+0000] {processor.py:153} INFO - Started process (PID=49369) to work on /opt/airflow/dags/08-dag-complexa.py
[2024-01-19T19:25:01.757+0000] {processor.py:743} INFO - Processing file /opt/airflow/dags/08-dag-complexa.py for tasks to queue
[2024-01-19T19:25:01.758+0000] {logging_mixin.py:137} INFO - [2024-01-19T19:25:01.757+0000] {dagbag.py:538} INFO - Filling up the DagBag from /opt/airflow/dags/08-dag-complexa.py
[2024-01-19T19:25:01.767+0000] {processor.py:753} INFO - DAG(s) dict_keys(['dagcomplexa']) retrieved from /opt/airflow/dags/08-dag-complexa.py
[2024-01-19T19:25:01.779+0000] {logging_mixin.py:137} INFO - [2024-01-19T19:25:01.779+0000] {dag.py:2690} INFO - Sync 1 DAGs
[2024-01-19T19:25:01.790+0000] {logging_mixin.py:137} INFO - [2024-01-19T19:25:01.790+0000] {dag.py:3441} INFO - Setting next_dagrun for dagcomplexa to None, run_after=None
[2024-01-19T19:25:01.798+0000] {processor.py:175} INFO - Processing /opt/airflow/dags/08-dag-complexa.py took 0.043 seconds
[2024-01-19T19:25:07.414+0000] {processor.py:153} INFO - Started process (PID=49394) to work on /opt/airflow/dags/08-dag-complexa.py
[2024-01-19T19:25:07.415+0000] {processor.py:743} INFO - Processing file /opt/airflow/dags/08-dag-complexa.py for tasks to queue
[2024-01-19T19:25:07.415+0000] {logging_mixin.py:137} INFO - [2024-01-19T19:25:07.415+0000] {dagbag.py:538} INFO - Filling up the DagBag from /opt/airflow/dags/08-dag-complexa.py
[2024-01-19T19:25:07.425+0000] {processor.py:753} INFO - DAG(s) dict_keys(['dagcomplexa']) retrieved from /opt/airflow/dags/08-dag-complexa.py
[2024-01-19T19:25:07.441+0000] {logging_mixin.py:137} INFO - [2024-01-19T19:25:07.441+0000] {dag.py:2690} INFO - Sync 1 DAGs
[2024-01-19T19:25:07.453+0000] {logging_mixin.py:137} INFO - [2024-01-19T19:25:07.453+0000] {dag.py:3441} INFO - Setting next_dagrun for dagcomplexa to None, run_after=None
[2024-01-19T19:25:07.461+0000] {processor.py:175} INFO - Processing /opt/airflow/dags/08-dag-complexa.py took 0.050 seconds
[2024-01-19T19:25:13.538+0000] {processor.py:153} INFO - Started process (PID=49435) to work on /opt/airflow/dags/08-dag-complexa.py
[2024-01-19T19:25:13.539+0000] {processor.py:743} INFO - Processing file /opt/airflow/dags/08-dag-complexa.py for tasks to queue
[2024-01-19T19:25:13.541+0000] {logging_mixin.py:137} INFO - [2024-01-19T19:25:13.541+0000] {dagbag.py:538} INFO - Filling up the DagBag from /opt/airflow/dags/08-dag-complexa.py
[2024-01-19T19:25:13.591+0000] {processor.py:753} INFO - DAG(s) dict_keys(['dagcomplexa']) retrieved from /opt/airflow/dags/08-dag-complexa.py
[2024-01-19T19:25:13.623+0000] {logging_mixin.py:137} INFO - [2024-01-19T19:25:13.623+0000] {dag.py:2690} INFO - Sync 1 DAGs
[2024-01-19T19:25:13.669+0000] {logging_mixin.py:137} INFO - [2024-01-19T19:25:13.668+0000] {dag.py:3441} INFO - Setting next_dagrun for dagcomplexa to None, run_after=None
[2024-01-19T19:25:13.690+0000] {processor.py:175} INFO - Processing /opt/airflow/dags/08-dag-complexa.py took 0.157 seconds
[2024-01-19T19:25:19.028+0000] {processor.py:153} INFO - Started process (PID=49460) to work on /opt/airflow/dags/08-dag-complexa.py
[2024-01-19T19:25:19.028+0000] {processor.py:743} INFO - Processing file /opt/airflow/dags/08-dag-complexa.py for tasks to queue
[2024-01-19T19:25:19.029+0000] {logging_mixin.py:137} INFO - [2024-01-19T19:25:19.029+0000] {dagbag.py:538} INFO - Filling up the DagBag from /opt/airflow/dags/08-dag-complexa.py
[2024-01-19T19:25:19.038+0000] {processor.py:753} INFO - DAG(s) dict_keys(['dagcomplexa']) retrieved from /opt/airflow/dags/08-dag-complexa.py
[2024-01-19T19:25:19.050+0000] {logging_mixin.py:137} INFO - [2024-01-19T19:25:19.050+0000] {dag.py:2690} INFO - Sync 1 DAGs
[2024-01-19T19:25:19.066+0000] {logging_mixin.py:137} INFO - [2024-01-19T19:25:19.066+0000] {dag.py:3441} INFO - Setting next_dagrun for dagcomplexa to None, run_after=None
[2024-01-19T19:25:19.076+0000] {processor.py:175} INFO - Processing /opt/airflow/dags/08-dag-complexa.py took 0.050 seconds
[2024-01-19T19:25:25.891+0000] {processor.py:153} INFO - Started process (PID=49501) to work on /opt/airflow/dags/08-dag-complexa.py
[2024-01-19T19:25:25.892+0000] {processor.py:743} INFO - Processing file /opt/airflow/dags/08-dag-complexa.py for tasks to queue
[2024-01-19T19:25:25.892+0000] {logging_mixin.py:137} INFO - [2024-01-19T19:25:25.892+0000] {dagbag.py:538} INFO - Filling up the DagBag from /opt/airflow/dags/08-dag-complexa.py
[2024-01-19T19:25:25.901+0000] {processor.py:753} INFO - DAG(s) dict_keys(['dagcomplexa']) retrieved from /opt/airflow/dags/08-dag-complexa.py
[2024-01-19T19:25:25.913+0000] {logging_mixin.py:137} INFO - [2024-01-19T19:25:25.913+0000] {dag.py:2690} INFO - Sync 1 DAGs
[2024-01-19T19:25:25.924+0000] {logging_mixin.py:137} INFO - [2024-01-19T19:25:25.924+0000] {dag.py:3441} INFO - Setting next_dagrun for dagcomplexa to None, run_after=None
[2024-01-19T19:25:25.931+0000] {processor.py:175} INFO - Processing /opt/airflow/dags/08-dag-complexa.py took 0.042 seconds
[2024-01-19T19:25:31.349+0000] {processor.py:153} INFO - Started process (PID=49526) to work on /opt/airflow/dags/08-dag-complexa.py
[2024-01-19T19:25:31.350+0000] {processor.py:743} INFO - Processing file /opt/airflow/dags/08-dag-complexa.py for tasks to queue
[2024-01-19T19:25:31.350+0000] {logging_mixin.py:137} INFO - [2024-01-19T19:25:31.350+0000] {dagbag.py:538} INFO - Filling up the DagBag from /opt/airflow/dags/08-dag-complexa.py
[2024-01-19T19:25:31.360+0000] {processor.py:753} INFO - DAG(s) dict_keys(['dagcomplexa']) retrieved from /opt/airflow/dags/08-dag-complexa.py
[2024-01-19T19:25:31.372+0000] {logging_mixin.py:137} INFO - [2024-01-19T19:25:31.372+0000] {dag.py:2690} INFO - Sync 1 DAGs
[2024-01-19T19:25:31.383+0000] {logging_mixin.py:137} INFO - [2024-01-19T19:25:31.383+0000] {dag.py:3441} INFO - Setting next_dagrun for dagcomplexa to None, run_after=None
[2024-01-19T19:25:31.390+0000] {processor.py:175} INFO - Processing /opt/airflow/dags/08-dag-complexa.py took 0.043 seconds
[2024-01-19T19:25:37.191+0000] {processor.py:153} INFO - Started process (PID=49568) to work on /opt/airflow/dags/08-dag-complexa.py
[2024-01-19T19:25:37.192+0000] {processor.py:743} INFO - Processing file /opt/airflow/dags/08-dag-complexa.py for tasks to queue
[2024-01-19T19:25:37.194+0000] {logging_mixin.py:137} INFO - [2024-01-19T19:25:37.193+0000] {dagbag.py:538} INFO - Filling up the DagBag from /opt/airflow/dags/08-dag-complexa.py
[2024-01-19T19:25:37.215+0000] {processor.py:753} INFO - DAG(s) dict_keys(['dagcomplexa']) retrieved from /opt/airflow/dags/08-dag-complexa.py
[2024-01-19T19:25:37.236+0000] {logging_mixin.py:137} INFO - [2024-01-19T19:25:37.236+0000] {dag.py:2690} INFO - Sync 1 DAGs
[2024-01-19T19:25:37.254+0000] {logging_mixin.py:137} INFO - [2024-01-19T19:25:37.254+0000] {dag.py:3441} INFO - Setting next_dagrun for dagcomplexa to None, run_after=None
[2024-01-19T19:25:37.264+0000] {processor.py:175} INFO - Processing /opt/airflow/dags/08-dag-complexa.py took 0.079 seconds
[2024-01-19T19:25:42.839+0000] {processor.py:153} INFO - Started process (PID=49593) to work on /opt/airflow/dags/08-dag-complexa.py
[2024-01-19T19:25:42.840+0000] {processor.py:743} INFO - Processing file /opt/airflow/dags/08-dag-complexa.py for tasks to queue
[2024-01-19T19:25:42.840+0000] {logging_mixin.py:137} INFO - [2024-01-19T19:25:42.840+0000] {dagbag.py:538} INFO - Filling up the DagBag from /opt/airflow/dags/08-dag-complexa.py
[2024-01-19T19:25:42.850+0000] {processor.py:753} INFO - DAG(s) dict_keys(['dagcomplexa']) retrieved from /opt/airflow/dags/08-dag-complexa.py
[2024-01-19T19:25:42.864+0000] {logging_mixin.py:137} INFO - [2024-01-19T19:25:42.863+0000] {dag.py:2690} INFO - Sync 1 DAGs
[2024-01-19T19:25:42.875+0000] {logging_mixin.py:137} INFO - [2024-01-19T19:25:42.875+0000] {dag.py:3441} INFO - Setting next_dagrun for dagcomplexa to None, run_after=None
[2024-01-19T19:25:42.882+0000] {processor.py:175} INFO - Processing /opt/airflow/dags/08-dag-complexa.py took 0.045 seconds
[2024-01-19T19:25:48.809+0000] {processor.py:153} INFO - Started process (PID=49634) to work on /opt/airflow/dags/08-dag-complexa.py
[2024-01-19T19:25:48.810+0000] {processor.py:743} INFO - Processing file /opt/airflow/dags/08-dag-complexa.py for tasks to queue
[2024-01-19T19:25:48.810+0000] {logging_mixin.py:137} INFO - [2024-01-19T19:25:48.810+0000] {dagbag.py:538} INFO - Filling up the DagBag from /opt/airflow/dags/08-dag-complexa.py
[2024-01-19T19:25:48.821+0000] {processor.py:753} INFO - DAG(s) dict_keys(['dagcomplexa']) retrieved from /opt/airflow/dags/08-dag-complexa.py
[2024-01-19T19:25:48.837+0000] {logging_mixin.py:137} INFO - [2024-01-19T19:25:48.837+0000] {dag.py:2690} INFO - Sync 1 DAGs
[2024-01-19T19:25:48.852+0000] {logging_mixin.py:137} INFO - [2024-01-19T19:25:48.851+0000] {dag.py:3441} INFO - Setting next_dagrun for dagcomplexa to None, run_after=None
[2024-01-19T19:25:48.861+0000] {processor.py:175} INFO - Processing /opt/airflow/dags/08-dag-complexa.py took 0.053 seconds
[2024-01-19T19:25:54.519+0000] {processor.py:153} INFO - Started process (PID=49659) to work on /opt/airflow/dags/08-dag-complexa.py
[2024-01-19T19:25:54.520+0000] {processor.py:743} INFO - Processing file /opt/airflow/dags/08-dag-complexa.py for tasks to queue
[2024-01-19T19:25:54.520+0000] {logging_mixin.py:137} INFO - [2024-01-19T19:25:54.520+0000] {dagbag.py:538} INFO - Filling up the DagBag from /opt/airflow/dags/08-dag-complexa.py
[2024-01-19T19:25:54.532+0000] {processor.py:753} INFO - DAG(s) dict_keys(['dagcomplexa']) retrieved from /opt/airflow/dags/08-dag-complexa.py
[2024-01-19T19:25:54.545+0000] {logging_mixin.py:137} INFO - [2024-01-19T19:25:54.545+0000] {dag.py:2690} INFO - Sync 1 DAGs
[2024-01-19T19:25:54.556+0000] {logging_mixin.py:137} INFO - [2024-01-19T19:25:54.556+0000] {dag.py:3441} INFO - Setting next_dagrun for dagcomplexa to None, run_after=None
[2024-01-19T19:25:54.564+0000] {processor.py:175} INFO - Processing /opt/airflow/dags/08-dag-complexa.py took 0.047 seconds
[2024-01-19T19:26:00.377+0000] {processor.py:153} INFO - Started process (PID=49700) to work on /opt/airflow/dags/08-dag-complexa.py
[2024-01-19T19:26:00.379+0000] {processor.py:743} INFO - Processing file /opt/airflow/dags/08-dag-complexa.py for tasks to queue
[2024-01-19T19:26:00.380+0000] {logging_mixin.py:137} INFO - [2024-01-19T19:26:00.380+0000] {dagbag.py:538} INFO - Filling up the DagBag from /opt/airflow/dags/08-dag-complexa.py
[2024-01-19T19:26:00.407+0000] {processor.py:753} INFO - DAG(s) dict_keys(['dagcomplexa']) retrieved from /opt/airflow/dags/08-dag-complexa.py
[2024-01-19T19:26:00.434+0000] {logging_mixin.py:137} INFO - [2024-01-19T19:26:00.434+0000] {dag.py:2690} INFO - Sync 1 DAGs
[2024-01-19T19:26:00.453+0000] {logging_mixin.py:137} INFO - [2024-01-19T19:26:00.453+0000] {dag.py:3441} INFO - Setting next_dagrun for dagcomplexa to None, run_after=None
[2024-01-19T19:26:00.463+0000] {processor.py:175} INFO - Processing /opt/airflow/dags/08-dag-complexa.py took 0.092 seconds
[2024-01-19T19:26:05.966+0000] {processor.py:153} INFO - Started process (PID=49725) to work on /opt/airflow/dags/08-dag-complexa.py
[2024-01-19T19:26:05.966+0000] {processor.py:743} INFO - Processing file /opt/airflow/dags/08-dag-complexa.py for tasks to queue
[2024-01-19T19:26:05.967+0000] {logging_mixin.py:137} INFO - [2024-01-19T19:26:05.967+0000] {dagbag.py:538} INFO - Filling up the DagBag from /opt/airflow/dags/08-dag-complexa.py
[2024-01-19T19:26:05.978+0000] {processor.py:753} INFO - DAG(s) dict_keys(['dagcomplexa']) retrieved from /opt/airflow/dags/08-dag-complexa.py
[2024-01-19T19:26:05.990+0000] {logging_mixin.py:137} INFO - [2024-01-19T19:26:05.990+0000] {dag.py:2690} INFO - Sync 1 DAGs
[2024-01-19T19:26:06.005+0000] {logging_mixin.py:137} INFO - [2024-01-19T19:26:06.005+0000] {dag.py:3441} INFO - Setting next_dagrun for dagcomplexa to None, run_after=None
[2024-01-19T19:26:06.018+0000] {processor.py:175} INFO - Processing /opt/airflow/dags/08-dag-complexa.py took 0.054 seconds
[2024-01-19T19:26:11.876+0000] {processor.py:153} INFO - Started process (PID=49766) to work on /opt/airflow/dags/08-dag-complexa.py
[2024-01-19T19:26:11.877+0000] {processor.py:743} INFO - Processing file /opt/airflow/dags/08-dag-complexa.py for tasks to queue
[2024-01-19T19:26:11.877+0000] {logging_mixin.py:137} INFO - [2024-01-19T19:26:11.877+0000] {dagbag.py:538} INFO - Filling up the DagBag from /opt/airflow/dags/08-dag-complexa.py
[2024-01-19T19:26:11.887+0000] {processor.py:753} INFO - DAG(s) dict_keys(['dagcomplexa']) retrieved from /opt/airflow/dags/08-dag-complexa.py
[2024-01-19T19:26:11.902+0000] {logging_mixin.py:137} INFO - [2024-01-19T19:26:11.901+0000] {dag.py:2690} INFO - Sync 1 DAGs
[2024-01-19T19:26:11.915+0000] {logging_mixin.py:137} INFO - [2024-01-19T19:26:11.915+0000] {dag.py:3441} INFO - Setting next_dagrun for dagcomplexa to None, run_after=None
[2024-01-19T19:26:11.924+0000] {processor.py:175} INFO - Processing /opt/airflow/dags/08-dag-complexa.py took 0.050 seconds
[2024-01-19T19:26:17.476+0000] {processor.py:153} INFO - Started process (PID=49791) to work on /opt/airflow/dags/08-dag-complexa.py
[2024-01-19T19:26:17.477+0000] {processor.py:743} INFO - Processing file /opt/airflow/dags/08-dag-complexa.py for tasks to queue
[2024-01-19T19:26:17.477+0000] {logging_mixin.py:137} INFO - [2024-01-19T19:26:17.477+0000] {dagbag.py:538} INFO - Filling up the DagBag from /opt/airflow/dags/08-dag-complexa.py
[2024-01-19T19:26:17.487+0000] {processor.py:753} INFO - DAG(s) dict_keys(['dagcomplexa']) retrieved from /opt/airflow/dags/08-dag-complexa.py
[2024-01-19T19:26:17.500+0000] {logging_mixin.py:137} INFO - [2024-01-19T19:26:17.500+0000] {dag.py:2690} INFO - Sync 1 DAGs
[2024-01-19T19:26:17.512+0000] {logging_mixin.py:137} INFO - [2024-01-19T19:26:17.512+0000] {dag.py:3441} INFO - Setting next_dagrun for dagcomplexa to None, run_after=None
[2024-01-19T19:26:17.520+0000] {processor.py:175} INFO - Processing /opt/airflow/dags/08-dag-complexa.py took 0.045 seconds
[2024-01-19T19:26:23.212+0000] {processor.py:153} INFO - Started process (PID=49832) to work on /opt/airflow/dags/08-dag-complexa.py
[2024-01-19T19:26:23.212+0000] {processor.py:743} INFO - Processing file /opt/airflow/dags/08-dag-complexa.py for tasks to queue
[2024-01-19T19:26:23.213+0000] {logging_mixin.py:137} INFO - [2024-01-19T19:26:23.213+0000] {dagbag.py:538} INFO - Filling up the DagBag from /opt/airflow/dags/08-dag-complexa.py
[2024-01-19T19:26:23.227+0000] {processor.py:753} INFO - DAG(s) dict_keys(['dagcomplexa']) retrieved from /opt/airflow/dags/08-dag-complexa.py
[2024-01-19T19:26:23.244+0000] {logging_mixin.py:137} INFO - [2024-01-19T19:26:23.244+0000] {dag.py:2690} INFO - Sync 1 DAGs
[2024-01-19T19:26:23.258+0000] {logging_mixin.py:137} INFO - [2024-01-19T19:26:23.258+0000] {dag.py:3441} INFO - Setting next_dagrun for dagcomplexa to None, run_after=None
[2024-01-19T19:26:23.267+0000] {processor.py:175} INFO - Processing /opt/airflow/dags/08-dag-complexa.py took 0.058 seconds
[2024-01-19T19:26:29.009+0000] {processor.py:153} INFO - Started process (PID=49857) to work on /opt/airflow/dags/08-dag-complexa.py
[2024-01-19T19:26:29.010+0000] {processor.py:743} INFO - Processing file /opt/airflow/dags/08-dag-complexa.py for tasks to queue
[2024-01-19T19:26:29.010+0000] {logging_mixin.py:137} INFO - [2024-01-19T19:26:29.010+0000] {dagbag.py:538} INFO - Filling up the DagBag from /opt/airflow/dags/08-dag-complexa.py
[2024-01-19T19:26:29.020+0000] {processor.py:753} INFO - DAG(s) dict_keys(['dagcomplexa']) retrieved from /opt/airflow/dags/08-dag-complexa.py
[2024-01-19T19:26:29.033+0000] {logging_mixin.py:137} INFO - [2024-01-19T19:26:29.033+0000] {dag.py:2690} INFO - Sync 1 DAGs
[2024-01-19T19:26:29.044+0000] {logging_mixin.py:137} INFO - [2024-01-19T19:26:29.044+0000] {dag.py:3441} INFO - Setting next_dagrun for dagcomplexa to None, run_after=None
[2024-01-19T19:26:29.053+0000] {processor.py:175} INFO - Processing /opt/airflow/dags/08-dag-complexa.py took 0.045 seconds
[2024-01-19T19:26:34.929+0000] {processor.py:153} INFO - Started process (PID=49898) to work on /opt/airflow/dags/08-dag-complexa.py
[2024-01-19T19:26:34.930+0000] {processor.py:743} INFO - Processing file /opt/airflow/dags/08-dag-complexa.py for tasks to queue
[2024-01-19T19:26:34.931+0000] {logging_mixin.py:137} INFO - [2024-01-19T19:26:34.931+0000] {dagbag.py:538} INFO - Filling up the DagBag from /opt/airflow/dags/08-dag-complexa.py
[2024-01-19T19:26:34.945+0000] {processor.py:753} INFO - DAG(s) dict_keys(['dagcomplexa']) retrieved from /opt/airflow/dags/08-dag-complexa.py
[2024-01-19T19:26:34.965+0000] {logging_mixin.py:137} INFO - [2024-01-19T19:26:34.965+0000] {dag.py:2690} INFO - Sync 1 DAGs
[2024-01-19T19:26:34.978+0000] {logging_mixin.py:137} INFO - [2024-01-19T19:26:34.978+0000] {dag.py:3441} INFO - Setting next_dagrun for dagcomplexa to None, run_after=None
[2024-01-19T19:26:34.987+0000] {processor.py:175} INFO - Processing /opt/airflow/dags/08-dag-complexa.py took 0.060 seconds
[2024-01-19T19:26:40.685+0000] {processor.py:153} INFO - Started process (PID=49923) to work on /opt/airflow/dags/08-dag-complexa.py
[2024-01-19T19:26:40.686+0000] {processor.py:743} INFO - Processing file /opt/airflow/dags/08-dag-complexa.py for tasks to queue
[2024-01-19T19:26:40.686+0000] {logging_mixin.py:137} INFO - [2024-01-19T19:26:40.686+0000] {dagbag.py:538} INFO - Filling up the DagBag from /opt/airflow/dags/08-dag-complexa.py
[2024-01-19T19:26:40.695+0000] {processor.py:753} INFO - DAG(s) dict_keys(['dagcomplexa']) retrieved from /opt/airflow/dags/08-dag-complexa.py
[2024-01-19T19:26:40.707+0000] {logging_mixin.py:137} INFO - [2024-01-19T19:26:40.707+0000] {dag.py:2690} INFO - Sync 1 DAGs
[2024-01-19T19:26:40.718+0000] {logging_mixin.py:137} INFO - [2024-01-19T19:26:40.718+0000] {dag.py:3441} INFO - Setting next_dagrun for dagcomplexa to None, run_after=None
[2024-01-19T19:26:40.725+0000] {processor.py:175} INFO - Processing /opt/airflow/dags/08-dag-complexa.py took 0.042 seconds
[2024-01-19T19:26:46.385+0000] {processor.py:153} INFO - Started process (PID=49964) to work on /opt/airflow/dags/08-dag-complexa.py
[2024-01-19T19:26:46.387+0000] {processor.py:743} INFO - Processing file /opt/airflow/dags/08-dag-complexa.py for tasks to queue
[2024-01-19T19:26:46.388+0000] {logging_mixin.py:137} INFO - [2024-01-19T19:26:46.388+0000] {dagbag.py:538} INFO - Filling up the DagBag from /opt/airflow/dags/08-dag-complexa.py
[2024-01-19T19:26:46.409+0000] {processor.py:753} INFO - DAG(s) dict_keys(['dagcomplexa']) retrieved from /opt/airflow/dags/08-dag-complexa.py
[2024-01-19T19:26:46.431+0000] {logging_mixin.py:137} INFO - [2024-01-19T19:26:46.430+0000] {dag.py:2690} INFO - Sync 1 DAGs
[2024-01-19T19:26:46.460+0000] {logging_mixin.py:137} INFO - [2024-01-19T19:26:46.459+0000] {dag.py:3441} INFO - Setting next_dagrun for dagcomplexa to None, run_after=None
[2024-01-19T19:26:46.476+0000] {processor.py:175} INFO - Processing /opt/airflow/dags/08-dag-complexa.py took 0.094 seconds
[2024-01-19T19:26:52.137+0000] {processor.py:153} INFO - Started process (PID=49989) to work on /opt/airflow/dags/08-dag-complexa.py
[2024-01-19T19:26:52.137+0000] {processor.py:743} INFO - Processing file /opt/airflow/dags/08-dag-complexa.py for tasks to queue
[2024-01-19T19:26:52.138+0000] {logging_mixin.py:137} INFO - [2024-01-19T19:26:52.137+0000] {dagbag.py:538} INFO - Filling up the DagBag from /opt/airflow/dags/08-dag-complexa.py
[2024-01-19T19:26:52.147+0000] {processor.py:753} INFO - DAG(s) dict_keys(['dagcomplexa']) retrieved from /opt/airflow/dags/08-dag-complexa.py
[2024-01-19T19:26:52.159+0000] {logging_mixin.py:137} INFO - [2024-01-19T19:26:52.159+0000] {dag.py:2690} INFO - Sync 1 DAGs
[2024-01-19T19:26:52.170+0000] {logging_mixin.py:137} INFO - [2024-01-19T19:26:52.170+0000] {dag.py:3441} INFO - Setting next_dagrun for dagcomplexa to None, run_after=None
[2024-01-19T19:26:52.177+0000] {processor.py:175} INFO - Processing /opt/airflow/dags/08-dag-complexa.py took 0.043 seconds
[2024-01-19T19:26:59.530+0000] {processor.py:153} INFO - Started process (PID=50030) to work on /opt/airflow/dags/08-dag-complexa.py
[2024-01-19T19:26:59.532+0000] {processor.py:743} INFO - Processing file /opt/airflow/dags/08-dag-complexa.py for tasks to queue
[2024-01-19T19:26:59.532+0000] {logging_mixin.py:137} INFO - [2024-01-19T19:26:59.532+0000] {dagbag.py:538} INFO - Filling up the DagBag from /opt/airflow/dags/08-dag-complexa.py
[2024-01-19T19:26:59.546+0000] {processor.py:753} INFO - DAG(s) dict_keys(['dagcomplexa']) retrieved from /opt/airflow/dags/08-dag-complexa.py
[2024-01-19T19:26:59.567+0000] {logging_mixin.py:137} INFO - [2024-01-19T19:26:59.567+0000] {dag.py:2690} INFO - Sync 1 DAGs
[2024-01-19T19:26:59.591+0000] {logging_mixin.py:137} INFO - [2024-01-19T19:26:59.590+0000] {dag.py:3441} INFO - Setting next_dagrun for dagcomplexa to None, run_after=None
[2024-01-19T19:26:59.603+0000] {processor.py:175} INFO - Processing /opt/airflow/dags/08-dag-complexa.py took 0.077 seconds
[2024-01-19T19:27:05.163+0000] {processor.py:153} INFO - Started process (PID=50055) to work on /opt/airflow/dags/08-dag-complexa.py
[2024-01-19T19:27:05.164+0000] {processor.py:743} INFO - Processing file /opt/airflow/dags/08-dag-complexa.py for tasks to queue
[2024-01-19T19:27:05.165+0000] {logging_mixin.py:137} INFO - [2024-01-19T19:27:05.165+0000] {dagbag.py:538} INFO - Filling up the DagBag from /opt/airflow/dags/08-dag-complexa.py
[2024-01-19T19:27:05.174+0000] {processor.py:753} INFO - DAG(s) dict_keys(['dagcomplexa']) retrieved from /opt/airflow/dags/08-dag-complexa.py
[2024-01-19T19:27:05.187+0000] {logging_mixin.py:137} INFO - [2024-01-19T19:27:05.187+0000] {dag.py:2690} INFO - Sync 1 DAGs
[2024-01-19T19:27:05.198+0000] {logging_mixin.py:137} INFO - [2024-01-19T19:27:05.198+0000] {dag.py:3441} INFO - Setting next_dagrun for dagcomplexa to None, run_after=None
[2024-01-19T19:27:05.206+0000] {processor.py:175} INFO - Processing /opt/airflow/dags/08-dag-complexa.py took 0.045 seconds
[2024-01-19T19:27:12.304+0000] {processor.py:153} INFO - Started process (PID=50097) to work on /opt/airflow/dags/08-dag-complexa.py
[2024-01-19T19:27:12.305+0000] {processor.py:743} INFO - Processing file /opt/airflow/dags/08-dag-complexa.py for tasks to queue
[2024-01-19T19:27:12.305+0000] {logging_mixin.py:137} INFO - [2024-01-19T19:27:12.305+0000] {dagbag.py:538} INFO - Filling up the DagBag from /opt/airflow/dags/08-dag-complexa.py
[2024-01-19T19:27:12.315+0000] {processor.py:753} INFO - DAG(s) dict_keys(['dagcomplexa']) retrieved from /opt/airflow/dags/08-dag-complexa.py
[2024-01-19T19:27:12.327+0000] {logging_mixin.py:137} INFO - [2024-01-19T19:27:12.327+0000] {dag.py:2690} INFO - Sync 1 DAGs
[2024-01-19T19:27:12.339+0000] {logging_mixin.py:137} INFO - [2024-01-19T19:27:12.339+0000] {dag.py:3441} INFO - Setting next_dagrun for dagcomplexa to None, run_after=None
[2024-01-19T19:27:12.347+0000] {processor.py:175} INFO - Processing /opt/airflow/dags/08-dag-complexa.py took 0.045 seconds
[2024-01-19T19:27:17.881+0000] {processor.py:153} INFO - Started process (PID=50122) to work on /opt/airflow/dags/08-dag-complexa.py
[2024-01-19T19:27:17.881+0000] {processor.py:743} INFO - Processing file /opt/airflow/dags/08-dag-complexa.py for tasks to queue
[2024-01-19T19:27:17.882+0000] {logging_mixin.py:137} INFO - [2024-01-19T19:27:17.882+0000] {dagbag.py:538} INFO - Filling up the DagBag from /opt/airflow/dags/08-dag-complexa.py
[2024-01-19T19:27:17.891+0000] {processor.py:753} INFO - DAG(s) dict_keys(['dagcomplexa']) retrieved from /opt/airflow/dags/08-dag-complexa.py
[2024-01-19T19:27:17.903+0000] {logging_mixin.py:137} INFO - [2024-01-19T19:27:17.903+0000] {dag.py:2690} INFO - Sync 1 DAGs
[2024-01-19T19:27:17.915+0000] {logging_mixin.py:137} INFO - [2024-01-19T19:27:17.914+0000] {dag.py:3441} INFO - Setting next_dagrun for dagcomplexa to None, run_after=None
[2024-01-19T19:27:17.922+0000] {processor.py:175} INFO - Processing /opt/airflow/dags/08-dag-complexa.py took 0.044 seconds
[2024-01-19T19:27:24.106+0000] {processor.py:153} INFO - Started process (PID=50163) to work on /opt/airflow/dags/08-dag-complexa.py
[2024-01-19T19:27:24.107+0000] {processor.py:743} INFO - Processing file /opt/airflow/dags/08-dag-complexa.py for tasks to queue
[2024-01-19T19:27:24.108+0000] {logging_mixin.py:137} INFO - [2024-01-19T19:27:24.107+0000] {dagbag.py:538} INFO - Filling up the DagBag from /opt/airflow/dags/08-dag-complexa.py
[2024-01-19T19:27:24.116+0000] {processor.py:753} INFO - DAG(s) dict_keys(['dagcomplexa']) retrieved from /opt/airflow/dags/08-dag-complexa.py
[2024-01-19T19:27:24.129+0000] {logging_mixin.py:137} INFO - [2024-01-19T19:27:24.129+0000] {dag.py:2690} INFO - Sync 1 DAGs
[2024-01-19T19:27:24.141+0000] {logging_mixin.py:137} INFO - [2024-01-19T19:27:24.140+0000] {dag.py:3441} INFO - Setting next_dagrun for dagcomplexa to None, run_after=None
[2024-01-19T19:27:24.148+0000] {processor.py:175} INFO - Processing /opt/airflow/dags/08-dag-complexa.py took 0.044 seconds
[2024-01-19T19:27:29.694+0000] {processor.py:153} INFO - Started process (PID=50188) to work on /opt/airflow/dags/08-dag-complexa.py
[2024-01-19T19:27:29.695+0000] {processor.py:743} INFO - Processing file /opt/airflow/dags/08-dag-complexa.py for tasks to queue
[2024-01-19T19:27:29.696+0000] {logging_mixin.py:137} INFO - [2024-01-19T19:27:29.696+0000] {dagbag.py:538} INFO - Filling up the DagBag from /opt/airflow/dags/08-dag-complexa.py
[2024-01-19T19:27:29.705+0000] {processor.py:753} INFO - DAG(s) dict_keys(['dagcomplexa']) retrieved from /opt/airflow/dags/08-dag-complexa.py
[2024-01-19T19:27:29.719+0000] {logging_mixin.py:137} INFO - [2024-01-19T19:27:29.719+0000] {dag.py:2690} INFO - Sync 1 DAGs
[2024-01-19T19:27:29.731+0000] {logging_mixin.py:137} INFO - [2024-01-19T19:27:29.731+0000] {dag.py:3441} INFO - Setting next_dagrun for dagcomplexa to None, run_after=None
[2024-01-19T19:27:29.739+0000] {processor.py:175} INFO - Processing /opt/airflow/dags/08-dag-complexa.py took 0.047 seconds
[2024-01-19T19:27:36.020+0000] {processor.py:153} INFO - Started process (PID=50229) to work on /opt/airflow/dags/08-dag-complexa.py
[2024-01-19T19:27:36.021+0000] {processor.py:743} INFO - Processing file /opt/airflow/dags/08-dag-complexa.py for tasks to queue
[2024-01-19T19:27:36.022+0000] {logging_mixin.py:137} INFO - [2024-01-19T19:27:36.022+0000] {dagbag.py:538} INFO - Filling up the DagBag from /opt/airflow/dags/08-dag-complexa.py
[2024-01-19T19:27:36.042+0000] {processor.py:753} INFO - DAG(s) dict_keys(['dagcomplexa']) retrieved from /opt/airflow/dags/08-dag-complexa.py
[2024-01-19T19:27:36.061+0000] {logging_mixin.py:137} INFO - [2024-01-19T19:27:36.061+0000] {dag.py:2690} INFO - Sync 1 DAGs
[2024-01-19T19:27:36.075+0000] {logging_mixin.py:137} INFO - [2024-01-19T19:27:36.075+0000] {dag.py:3441} INFO - Setting next_dagrun for dagcomplexa to None, run_after=None
[2024-01-19T19:27:36.083+0000] {processor.py:175} INFO - Processing /opt/airflow/dags/08-dag-complexa.py took 0.067 seconds
[2024-01-19T19:27:41.642+0000] {processor.py:153} INFO - Started process (PID=50254) to work on /opt/airflow/dags/08-dag-complexa.py
[2024-01-19T19:27:41.643+0000] {processor.py:743} INFO - Processing file /opt/airflow/dags/08-dag-complexa.py for tasks to queue
[2024-01-19T19:27:41.643+0000] {logging_mixin.py:137} INFO - [2024-01-19T19:27:41.643+0000] {dagbag.py:538} INFO - Filling up the DagBag from /opt/airflow/dags/08-dag-complexa.py
[2024-01-19T19:27:41.652+0000] {processor.py:753} INFO - DAG(s) dict_keys(['dagcomplexa']) retrieved from /opt/airflow/dags/08-dag-complexa.py
[2024-01-19T19:27:41.677+0000] {logging_mixin.py:137} INFO - [2024-01-19T19:27:41.676+0000] {dag.py:2690} INFO - Sync 1 DAGs
[2024-01-19T19:27:41.693+0000] {logging_mixin.py:137} INFO - [2024-01-19T19:27:41.693+0000] {dag.py:3441} INFO - Setting next_dagrun for dagcomplexa to None, run_after=None
[2024-01-19T19:27:41.702+0000] {processor.py:175} INFO - Processing /opt/airflow/dags/08-dag-complexa.py took 0.061 seconds
[2024-01-19T19:27:47.850+0000] {processor.py:153} INFO - Started process (PID=50295) to work on /opt/airflow/dags/08-dag-complexa.py
[2024-01-19T19:27:47.851+0000] {processor.py:743} INFO - Processing file /opt/airflow/dags/08-dag-complexa.py for tasks to queue
[2024-01-19T19:27:47.852+0000] {logging_mixin.py:137} INFO - [2024-01-19T19:27:47.852+0000] {dagbag.py:538} INFO - Filling up the DagBag from /opt/airflow/dags/08-dag-complexa.py
[2024-01-19T19:27:47.865+0000] {processor.py:753} INFO - DAG(s) dict_keys(['dagcomplexa']) retrieved from /opt/airflow/dags/08-dag-complexa.py
[2024-01-19T19:27:47.883+0000] {logging_mixin.py:137} INFO - [2024-01-19T19:27:47.883+0000] {dag.py:2690} INFO - Sync 1 DAGs
[2024-01-19T19:27:47.903+0000] {logging_mixin.py:137} INFO - [2024-01-19T19:27:47.903+0000] {dag.py:3441} INFO - Setting next_dagrun for dagcomplexa to None, run_after=None
[2024-01-19T19:27:47.924+0000] {processor.py:175} INFO - Processing /opt/airflow/dags/08-dag-complexa.py took 0.077 seconds
[2024-01-19T19:27:53.492+0000] {processor.py:153} INFO - Started process (PID=50320) to work on /opt/airflow/dags/08-dag-complexa.py
[2024-01-19T19:27:53.493+0000] {processor.py:743} INFO - Processing file /opt/airflow/dags/08-dag-complexa.py for tasks to queue
[2024-01-19T19:27:53.493+0000] {logging_mixin.py:137} INFO - [2024-01-19T19:27:53.493+0000] {dagbag.py:538} INFO - Filling up the DagBag from /opt/airflow/dags/08-dag-complexa.py
[2024-01-19T19:27:53.503+0000] {processor.py:753} INFO - DAG(s) dict_keys(['dagcomplexa']) retrieved from /opt/airflow/dags/08-dag-complexa.py
[2024-01-19T19:27:53.515+0000] {logging_mixin.py:137} INFO - [2024-01-19T19:27:53.515+0000] {dag.py:2690} INFO - Sync 1 DAGs
[2024-01-19T19:27:53.528+0000] {logging_mixin.py:137} INFO - [2024-01-19T19:27:53.528+0000] {dag.py:3441} INFO - Setting next_dagrun for dagcomplexa to None, run_after=None
[2024-01-19T19:27:53.537+0000] {processor.py:175} INFO - Processing /opt/airflow/dags/08-dag-complexa.py took 0.047 seconds
[2024-01-19T19:27:59.267+0000] {processor.py:153} INFO - Started process (PID=50361) to work on /opt/airflow/dags/08-dag-complexa.py
[2024-01-19T19:27:59.268+0000] {processor.py:743} INFO - Processing file /opt/airflow/dags/08-dag-complexa.py for tasks to queue
[2024-01-19T19:27:59.268+0000] {logging_mixin.py:137} INFO - [2024-01-19T19:27:59.268+0000] {dagbag.py:538} INFO - Filling up the DagBag from /opt/airflow/dags/08-dag-complexa.py
[2024-01-19T19:27:59.280+0000] {processor.py:753} INFO - DAG(s) dict_keys(['dagcomplexa']) retrieved from /opt/airflow/dags/08-dag-complexa.py
[2024-01-19T19:27:59.295+0000] {logging_mixin.py:137} INFO - [2024-01-19T19:27:59.295+0000] {dag.py:2690} INFO - Sync 1 DAGs
[2024-01-19T19:27:59.309+0000] {logging_mixin.py:137} INFO - [2024-01-19T19:27:59.309+0000] {dag.py:3441} INFO - Setting next_dagrun for dagcomplexa to None, run_after=None
[2024-01-19T19:27:59.320+0000] {processor.py:175} INFO - Processing /opt/airflow/dags/08-dag-complexa.py took 0.055 seconds
[2024-01-19T19:28:04.931+0000] {processor.py:153} INFO - Started process (PID=50386) to work on /opt/airflow/dags/08-dag-complexa.py
[2024-01-19T19:28:04.932+0000] {processor.py:743} INFO - Processing file /opt/airflow/dags/08-dag-complexa.py for tasks to queue
[2024-01-19T19:28:04.932+0000] {logging_mixin.py:137} INFO - [2024-01-19T19:28:04.932+0000] {dagbag.py:538} INFO - Filling up the DagBag from /opt/airflow/dags/08-dag-complexa.py
[2024-01-19T19:28:04.940+0000] {processor.py:753} INFO - DAG(s) dict_keys(['dagcomplexa']) retrieved from /opt/airflow/dags/08-dag-complexa.py
[2024-01-19T19:28:04.952+0000] {logging_mixin.py:137} INFO - [2024-01-19T19:28:04.952+0000] {dag.py:2690} INFO - Sync 1 DAGs
[2024-01-19T19:28:04.964+0000] {logging_mixin.py:137} INFO - [2024-01-19T19:28:04.964+0000] {dag.py:3441} INFO - Setting next_dagrun for dagcomplexa to None, run_after=None
[2024-01-19T19:28:04.974+0000] {processor.py:175} INFO - Processing /opt/airflow/dags/08-dag-complexa.py took 0.045 seconds
[2024-01-19T19:28:10.830+0000] {processor.py:153} INFO - Started process (PID=50427) to work on /opt/airflow/dags/08-dag-complexa.py
[2024-01-19T19:28:10.832+0000] {processor.py:743} INFO - Processing file /opt/airflow/dags/08-dag-complexa.py for tasks to queue
[2024-01-19T19:28:10.832+0000] {logging_mixin.py:137} INFO - [2024-01-19T19:28:10.832+0000] {dagbag.py:538} INFO - Filling up the DagBag from /opt/airflow/dags/08-dag-complexa.py
[2024-01-19T19:28:10.843+0000] {processor.py:753} INFO - DAG(s) dict_keys(['dagcomplexa']) retrieved from /opt/airflow/dags/08-dag-complexa.py
[2024-01-19T19:28:10.858+0000] {logging_mixin.py:137} INFO - [2024-01-19T19:28:10.858+0000] {dag.py:2690} INFO - Sync 1 DAGs
[2024-01-19T19:28:10.874+0000] {logging_mixin.py:137} INFO - [2024-01-19T19:28:10.874+0000] {dag.py:3441} INFO - Setting next_dagrun for dagcomplexa to None, run_after=None
[2024-01-19T19:28:10.883+0000] {processor.py:175} INFO - Processing /opt/airflow/dags/08-dag-complexa.py took 0.055 seconds
[2024-01-19T19:28:16.579+0000] {processor.py:153} INFO - Started process (PID=50452) to work on /opt/airflow/dags/08-dag-complexa.py
[2024-01-19T19:28:16.580+0000] {processor.py:743} INFO - Processing file /opt/airflow/dags/08-dag-complexa.py for tasks to queue
[2024-01-19T19:28:16.580+0000] {logging_mixin.py:137} INFO - [2024-01-19T19:28:16.580+0000] {dagbag.py:538} INFO - Filling up the DagBag from /opt/airflow/dags/08-dag-complexa.py
[2024-01-19T19:28:16.589+0000] {processor.py:753} INFO - DAG(s) dict_keys(['dagcomplexa']) retrieved from /opt/airflow/dags/08-dag-complexa.py
[2024-01-19T19:28:16.606+0000] {logging_mixin.py:137} INFO - [2024-01-19T19:28:16.606+0000] {dag.py:2690} INFO - Sync 1 DAGs
[2024-01-19T19:28:16.622+0000] {logging_mixin.py:137} INFO - [2024-01-19T19:28:16.622+0000] {dag.py:3441} INFO - Setting next_dagrun for dagcomplexa to None, run_after=None
[2024-01-19T19:28:16.631+0000] {processor.py:175} INFO - Processing /opt/airflow/dags/08-dag-complexa.py took 0.054 seconds
[2024-01-19T19:28:22.293+0000] {processor.py:153} INFO - Started process (PID=50493) to work on /opt/airflow/dags/08-dag-complexa.py
[2024-01-19T19:28:22.294+0000] {processor.py:743} INFO - Processing file /opt/airflow/dags/08-dag-complexa.py for tasks to queue
[2024-01-19T19:28:22.295+0000] {logging_mixin.py:137} INFO - [2024-01-19T19:28:22.295+0000] {dagbag.py:538} INFO - Filling up the DagBag from /opt/airflow/dags/08-dag-complexa.py
[2024-01-19T19:28:22.308+0000] {processor.py:753} INFO - DAG(s) dict_keys(['dagcomplexa']) retrieved from /opt/airflow/dags/08-dag-complexa.py
[2024-01-19T19:28:22.325+0000] {logging_mixin.py:137} INFO - [2024-01-19T19:28:22.325+0000] {dag.py:2690} INFO - Sync 1 DAGs
[2024-01-19T19:28:22.338+0000] {logging_mixin.py:137} INFO - [2024-01-19T19:28:22.338+0000] {dag.py:3441} INFO - Setting next_dagrun for dagcomplexa to None, run_after=None
[2024-01-19T19:28:22.349+0000] {processor.py:175} INFO - Processing /opt/airflow/dags/08-dag-complexa.py took 0.060 seconds
