[2024-01-19T19:24:37.253+0000] {processor.py:153} INFO - Started process (PID=49228) to work on /opt/airflow/dags/09-dag-taskgroup.py
[2024-01-19T19:24:37.254+0000] {processor.py:743} INFO - Processing file /opt/airflow/dags/09-dag-taskgroup.py for tasks to queue
[2024-01-19T19:24:37.255+0000] {logging_mixin.py:137} INFO - [2024-01-19T19:24:37.255+0000] {dagbag.py:538} INFO - Filling up the DagBag from /opt/airflow/dags/09-dag-taskgroup.py
[2024-01-19T19:24:37.272+0000] {processor.py:753} INFO - DAG(s) dict_keys(['dagtaskgroup']) retrieved from /opt/airflow/dags/09-dag-taskgroup.py
[2024-01-19T19:24:37.323+0000] {logging_mixin.py:137} INFO - [2024-01-19T19:24:37.323+0000] {dag.py:2690} INFO - Sync 1 DAGs
[2024-01-19T19:24:37.337+0000] {logging_mixin.py:137} INFO - [2024-01-19T19:24:37.337+0000] {dag.py:3441} INFO - Setting next_dagrun for dagtaskgroup to None, run_after=None
[2024-01-19T19:24:37.349+0000] {processor.py:175} INFO - Processing /opt/airflow/dags/09-dag-taskgroup.py took 0.099 seconds
[2024-01-19T19:24:43.351+0000] {processor.py:153} INFO - Started process (PID=49261) to work on /opt/airflow/dags/09-dag-taskgroup.py
[2024-01-19T19:24:43.352+0000] {processor.py:743} INFO - Processing file /opt/airflow/dags/09-dag-taskgroup.py for tasks to queue
[2024-01-19T19:24:43.353+0000] {logging_mixin.py:137} INFO - [2024-01-19T19:24:43.353+0000] {dagbag.py:538} INFO - Filling up the DagBag from /opt/airflow/dags/09-dag-taskgroup.py
[2024-01-19T19:24:43.366+0000] {processor.py:753} INFO - DAG(s) dict_keys(['dagtaskgroup']) retrieved from /opt/airflow/dags/09-dag-taskgroup.py
[2024-01-19T19:24:43.374+0000] {logging_mixin.py:137} INFO - [2024-01-19T19:24:43.374+0000] {dag.py:2690} INFO - Sync 1 DAGs
[2024-01-19T19:24:43.388+0000] {logging_mixin.py:137} INFO - [2024-01-19T19:24:43.388+0000] {dag.py:3441} INFO - Setting next_dagrun for dagtaskgroup to None, run_after=None
[2024-01-19T19:24:43.397+0000] {processor.py:175} INFO - Processing /opt/airflow/dags/09-dag-taskgroup.py took 0.048 seconds
[2024-01-19T19:24:49.061+0000] {processor.py:153} INFO - Started process (PID=49302) to work on /opt/airflow/dags/09-dag-taskgroup.py
[2024-01-19T19:24:49.062+0000] {processor.py:743} INFO - Processing file /opt/airflow/dags/09-dag-taskgroup.py for tasks to queue
[2024-01-19T19:24:49.062+0000] {logging_mixin.py:137} INFO - [2024-01-19T19:24:49.062+0000] {dagbag.py:538} INFO - Filling up the DagBag from /opt/airflow/dags/09-dag-taskgroup.py
[2024-01-19T19:24:49.073+0000] {processor.py:753} INFO - DAG(s) dict_keys(['dagtaskgroup']) retrieved from /opt/airflow/dags/09-dag-taskgroup.py
[2024-01-19T19:24:49.083+0000] {logging_mixin.py:137} INFO - [2024-01-19T19:24:49.083+0000] {dag.py:2690} INFO - Sync 1 DAGs
[2024-01-19T19:24:49.100+0000] {logging_mixin.py:137} INFO - [2024-01-19T19:24:49.100+0000] {dag.py:3441} INFO - Setting next_dagrun for dagtaskgroup to None, run_after=None
[2024-01-19T19:24:49.116+0000] {processor.py:175} INFO - Processing /opt/airflow/dags/09-dag-taskgroup.py took 0.056 seconds
[2024-01-19T19:24:54.559+0000] {processor.py:153} INFO - Started process (PID=49327) to work on /opt/airflow/dags/09-dag-taskgroup.py
[2024-01-19T19:24:54.560+0000] {processor.py:743} INFO - Processing file /opt/airflow/dags/09-dag-taskgroup.py for tasks to queue
[2024-01-19T19:24:54.560+0000] {logging_mixin.py:137} INFO - [2024-01-19T19:24:54.560+0000] {dagbag.py:538} INFO - Filling up the DagBag from /opt/airflow/dags/09-dag-taskgroup.py
[2024-01-19T19:24:54.571+0000] {processor.py:753} INFO - DAG(s) dict_keys(['dagtaskgroup']) retrieved from /opt/airflow/dags/09-dag-taskgroup.py
[2024-01-19T19:24:54.578+0000] {logging_mixin.py:137} INFO - [2024-01-19T19:24:54.578+0000] {dag.py:2690} INFO - Sync 1 DAGs
[2024-01-19T19:24:54.591+0000] {logging_mixin.py:137} INFO - [2024-01-19T19:24:54.591+0000] {dag.py:3441} INFO - Setting next_dagrun for dagtaskgroup to None, run_after=None
[2024-01-19T19:24:54.599+0000] {processor.py:175} INFO - Processing /opt/airflow/dags/09-dag-taskgroup.py took 0.042 seconds
[2024-01-19T19:25:01.709+0000] {processor.py:153} INFO - Started process (PID=49368) to work on /opt/airflow/dags/09-dag-taskgroup.py
[2024-01-19T19:25:01.710+0000] {processor.py:743} INFO - Processing file /opt/airflow/dags/09-dag-taskgroup.py for tasks to queue
[2024-01-19T19:25:01.710+0000] {logging_mixin.py:137} INFO - [2024-01-19T19:25:01.710+0000] {dagbag.py:538} INFO - Filling up the DagBag from /opt/airflow/dags/09-dag-taskgroup.py
[2024-01-19T19:25:01.720+0000] {processor.py:753} INFO - DAG(s) dict_keys(['dagtaskgroup']) retrieved from /opt/airflow/dags/09-dag-taskgroup.py
[2024-01-19T19:25:01.726+0000] {logging_mixin.py:137} INFO - [2024-01-19T19:25:01.726+0000] {dag.py:2690} INFO - Sync 1 DAGs
[2024-01-19T19:25:01.738+0000] {logging_mixin.py:137} INFO - [2024-01-19T19:25:01.738+0000] {dag.py:3441} INFO - Setting next_dagrun for dagtaskgroup to None, run_after=None
[2024-01-19T19:25:01.745+0000] {processor.py:175} INFO - Processing /opt/airflow/dags/09-dag-taskgroup.py took 0.037 seconds
[2024-01-19T19:25:07.411+0000] {processor.py:153} INFO - Started process (PID=49393) to work on /opt/airflow/dags/09-dag-taskgroup.py
[2024-01-19T19:25:07.412+0000] {processor.py:743} INFO - Processing file /opt/airflow/dags/09-dag-taskgroup.py for tasks to queue
[2024-01-19T19:25:07.413+0000] {logging_mixin.py:137} INFO - [2024-01-19T19:25:07.413+0000] {dagbag.py:538} INFO - Filling up the DagBag from /opt/airflow/dags/09-dag-taskgroup.py
[2024-01-19T19:25:07.425+0000] {processor.py:753} INFO - DAG(s) dict_keys(['dagtaskgroup']) retrieved from /opt/airflow/dags/09-dag-taskgroup.py
[2024-01-19T19:25:07.441+0000] {logging_mixin.py:137} INFO - [2024-01-19T19:25:07.441+0000] {dag.py:2690} INFO - Sync 1 DAGs
[2024-01-19T19:25:07.453+0000] {logging_mixin.py:137} INFO - [2024-01-19T19:25:07.453+0000] {dag.py:3441} INFO - Setting next_dagrun for dagtaskgroup to None, run_after=None
[2024-01-19T19:25:07.462+0000] {processor.py:175} INFO - Processing /opt/airflow/dags/09-dag-taskgroup.py took 0.053 seconds
[2024-01-19T19:25:13.501+0000] {processor.py:153} INFO - Started process (PID=49434) to work on /opt/airflow/dags/09-dag-taskgroup.py
[2024-01-19T19:25:13.502+0000] {processor.py:743} INFO - Processing file /opt/airflow/dags/09-dag-taskgroup.py for tasks to queue
[2024-01-19T19:25:13.503+0000] {logging_mixin.py:137} INFO - [2024-01-19T19:25:13.502+0000] {dagbag.py:538} INFO - Filling up the DagBag from /opt/airflow/dags/09-dag-taskgroup.py
[2024-01-19T19:25:13.517+0000] {processor.py:753} INFO - DAG(s) dict_keys(['dagtaskgroup']) retrieved from /opt/airflow/dags/09-dag-taskgroup.py
[2024-01-19T19:25:13.546+0000] {logging_mixin.py:137} INFO - [2024-01-19T19:25:13.545+0000] {dag.py:2690} INFO - Sync 1 DAGs
[2024-01-19T19:25:13.602+0000] {logging_mixin.py:137} INFO - [2024-01-19T19:25:13.601+0000] {dag.py:3441} INFO - Setting next_dagrun for dagtaskgroup to None, run_after=None
[2024-01-19T19:25:13.622+0000] {processor.py:175} INFO - Processing /opt/airflow/dags/09-dag-taskgroup.py took 0.124 seconds
[2024-01-19T19:25:19.009+0000] {processor.py:153} INFO - Started process (PID=49459) to work on /opt/airflow/dags/09-dag-taskgroup.py
[2024-01-19T19:25:19.010+0000] {processor.py:743} INFO - Processing file /opt/airflow/dags/09-dag-taskgroup.py for tasks to queue
[2024-01-19T19:25:19.010+0000] {logging_mixin.py:137} INFO - [2024-01-19T19:25:19.010+0000] {dagbag.py:538} INFO - Filling up the DagBag from /opt/airflow/dags/09-dag-taskgroup.py
[2024-01-19T19:25:19.019+0000] {processor.py:753} INFO - DAG(s) dict_keys(['dagtaskgroup']) retrieved from /opt/airflow/dags/09-dag-taskgroup.py
[2024-01-19T19:25:19.032+0000] {logging_mixin.py:137} INFO - [2024-01-19T19:25:19.032+0000] {dag.py:2690} INFO - Sync 1 DAGs
[2024-01-19T19:25:19.044+0000] {logging_mixin.py:137} INFO - [2024-01-19T19:25:19.044+0000] {dag.py:3441} INFO - Setting next_dagrun for dagtaskgroup to None, run_after=None
[2024-01-19T19:25:19.052+0000] {processor.py:175} INFO - Processing /opt/airflow/dags/09-dag-taskgroup.py took 0.045 seconds
[2024-01-19T19:25:25.838+0000] {processor.py:153} INFO - Started process (PID=49500) to work on /opt/airflow/dags/09-dag-taskgroup.py
[2024-01-19T19:25:25.839+0000] {processor.py:743} INFO - Processing file /opt/airflow/dags/09-dag-taskgroup.py for tasks to queue
[2024-01-19T19:25:25.839+0000] {logging_mixin.py:137} INFO - [2024-01-19T19:25:25.839+0000] {dagbag.py:538} INFO - Filling up the DagBag from /opt/airflow/dags/09-dag-taskgroup.py
[2024-01-19T19:25:25.848+0000] {processor.py:753} INFO - DAG(s) dict_keys(['dagtaskgroup']) retrieved from /opt/airflow/dags/09-dag-taskgroup.py
[2024-01-19T19:25:25.860+0000] {logging_mixin.py:137} INFO - [2024-01-19T19:25:25.860+0000] {dag.py:2690} INFO - Sync 1 DAGs
[2024-01-19T19:25:25.872+0000] {logging_mixin.py:137} INFO - [2024-01-19T19:25:25.872+0000] {dag.py:3441} INFO - Setting next_dagrun for dagtaskgroup to None, run_after=None
[2024-01-19T19:25:25.879+0000] {processor.py:175} INFO - Processing /opt/airflow/dags/09-dag-taskgroup.py took 0.043 seconds
[2024-01-19T19:25:31.291+0000] {processor.py:153} INFO - Started process (PID=49525) to work on /opt/airflow/dags/09-dag-taskgroup.py
[2024-01-19T19:25:31.292+0000] {processor.py:743} INFO - Processing file /opt/airflow/dags/09-dag-taskgroup.py for tasks to queue
[2024-01-19T19:25:31.292+0000] {logging_mixin.py:137} INFO - [2024-01-19T19:25:31.292+0000] {dagbag.py:538} INFO - Filling up the DagBag from /opt/airflow/dags/09-dag-taskgroup.py
[2024-01-19T19:25:31.306+0000] {processor.py:753} INFO - DAG(s) dict_keys(['dagtaskgroup']) retrieved from /opt/airflow/dags/09-dag-taskgroup.py
[2024-01-19T19:25:31.318+0000] {logging_mixin.py:137} INFO - [2024-01-19T19:25:31.318+0000] {dag.py:2690} INFO - Sync 1 DAGs
[2024-01-19T19:25:31.330+0000] {logging_mixin.py:137} INFO - [2024-01-19T19:25:31.330+0000] {dag.py:3441} INFO - Setting next_dagrun for dagtaskgroup to None, run_after=None
[2024-01-19T19:25:31.338+0000] {processor.py:175} INFO - Processing /opt/airflow/dags/09-dag-taskgroup.py took 0.048 seconds
[2024-01-19T19:25:37.145+0000] {processor.py:153} INFO - Started process (PID=49567) to work on /opt/airflow/dags/09-dag-taskgroup.py
[2024-01-19T19:25:37.146+0000] {processor.py:743} INFO - Processing file /opt/airflow/dags/09-dag-taskgroup.py for tasks to queue
[2024-01-19T19:25:37.147+0000] {logging_mixin.py:137} INFO - [2024-01-19T19:25:37.147+0000] {dagbag.py:538} INFO - Filling up the DagBag from /opt/airflow/dags/09-dag-taskgroup.py
[2024-01-19T19:25:37.159+0000] {processor.py:753} INFO - DAG(s) dict_keys(['dagtaskgroup']) retrieved from /opt/airflow/dags/09-dag-taskgroup.py
[2024-01-19T19:25:37.195+0000] {logging_mixin.py:137} INFO - [2024-01-19T19:25:37.195+0000] {dag.py:2690} INFO - Sync 1 DAGs
[2024-01-19T19:25:37.217+0000] {logging_mixin.py:137} INFO - [2024-01-19T19:25:37.217+0000] {dag.py:3441} INFO - Setting next_dagrun for dagtaskgroup to None, run_after=None
[2024-01-19T19:25:37.232+0000] {processor.py:175} INFO - Processing /opt/airflow/dags/09-dag-taskgroup.py took 0.090 seconds
[2024-01-19T19:25:42.777+0000] {processor.py:153} INFO - Started process (PID=49592) to work on /opt/airflow/dags/09-dag-taskgroup.py
[2024-01-19T19:25:42.778+0000] {processor.py:743} INFO - Processing file /opt/airflow/dags/09-dag-taskgroup.py for tasks to queue
[2024-01-19T19:25:42.778+0000] {logging_mixin.py:137} INFO - [2024-01-19T19:25:42.778+0000] {dagbag.py:538} INFO - Filling up the DagBag from /opt/airflow/dags/09-dag-taskgroup.py
[2024-01-19T19:25:42.791+0000] {processor.py:753} INFO - DAG(s) dict_keys(['dagtaskgroup']) retrieved from /opt/airflow/dags/09-dag-taskgroup.py
[2024-01-19T19:25:42.808+0000] {logging_mixin.py:137} INFO - [2024-01-19T19:25:42.808+0000] {dag.py:2690} INFO - Sync 1 DAGs
[2024-01-19T19:25:42.821+0000] {logging_mixin.py:137} INFO - [2024-01-19T19:25:42.821+0000] {dag.py:3441} INFO - Setting next_dagrun for dagtaskgroup to None, run_after=None
[2024-01-19T19:25:42.828+0000] {processor.py:175} INFO - Processing /opt/airflow/dags/09-dag-taskgroup.py took 0.053 seconds
[2024-01-19T19:25:48.736+0000] {processor.py:153} INFO - Started process (PID=49633) to work on /opt/airflow/dags/09-dag-taskgroup.py
[2024-01-19T19:25:48.737+0000] {processor.py:743} INFO - Processing file /opt/airflow/dags/09-dag-taskgroup.py for tasks to queue
[2024-01-19T19:25:48.737+0000] {logging_mixin.py:137} INFO - [2024-01-19T19:25:48.737+0000] {dagbag.py:538} INFO - Filling up the DagBag from /opt/airflow/dags/09-dag-taskgroup.py
[2024-01-19T19:25:48.749+0000] {processor.py:753} INFO - DAG(s) dict_keys(['dagtaskgroup']) retrieved from /opt/airflow/dags/09-dag-taskgroup.py
[2024-01-19T19:25:48.775+0000] {logging_mixin.py:137} INFO - [2024-01-19T19:25:48.775+0000] {dag.py:2690} INFO - Sync 1 DAGs
[2024-01-19T19:25:48.788+0000] {logging_mixin.py:137} INFO - [2024-01-19T19:25:48.788+0000] {dag.py:3441} INFO - Setting next_dagrun for dagtaskgroup to None, run_after=None
[2024-01-19T19:25:48.797+0000] {processor.py:175} INFO - Processing /opt/airflow/dags/09-dag-taskgroup.py took 0.063 seconds
[2024-01-19T19:25:54.451+0000] {processor.py:153} INFO - Started process (PID=49658) to work on /opt/airflow/dags/09-dag-taskgroup.py
[2024-01-19T19:25:54.452+0000] {processor.py:743} INFO - Processing file /opt/airflow/dags/09-dag-taskgroup.py for tasks to queue
[2024-01-19T19:25:54.452+0000] {logging_mixin.py:137} INFO - [2024-01-19T19:25:54.452+0000] {dagbag.py:538} INFO - Filling up the DagBag from /opt/airflow/dags/09-dag-taskgroup.py
[2024-01-19T19:25:54.464+0000] {processor.py:753} INFO - DAG(s) dict_keys(['dagtaskgroup']) retrieved from /opt/airflow/dags/09-dag-taskgroup.py
[2024-01-19T19:25:54.477+0000] {logging_mixin.py:137} INFO - [2024-01-19T19:25:54.477+0000] {dag.py:2690} INFO - Sync 1 DAGs
[2024-01-19T19:25:54.491+0000] {logging_mixin.py:137} INFO - [2024-01-19T19:25:54.491+0000] {dag.py:3441} INFO - Setting next_dagrun for dagtaskgroup to None, run_after=None
[2024-01-19T19:25:54.504+0000] {processor.py:175} INFO - Processing /opt/airflow/dags/09-dag-taskgroup.py took 0.054 seconds
[2024-01-19T19:26:00.301+0000] {processor.py:153} INFO - Started process (PID=49699) to work on /opt/airflow/dags/09-dag-taskgroup.py
[2024-01-19T19:26:00.305+0000] {processor.py:743} INFO - Processing file /opt/airflow/dags/09-dag-taskgroup.py for tasks to queue
[2024-01-19T19:26:00.307+0000] {logging_mixin.py:137} INFO - [2024-01-19T19:26:00.306+0000] {dagbag.py:538} INFO - Filling up the DagBag from /opt/airflow/dags/09-dag-taskgroup.py
[2024-01-19T19:26:00.329+0000] {processor.py:753} INFO - DAG(s) dict_keys(['dagtaskgroup']) retrieved from /opt/airflow/dags/09-dag-taskgroup.py
[2024-01-19T19:26:00.347+0000] {logging_mixin.py:137} INFO - [2024-01-19T19:26:00.347+0000] {dag.py:2690} INFO - Sync 1 DAGs
[2024-01-19T19:26:00.362+0000] {logging_mixin.py:137} INFO - [2024-01-19T19:26:00.362+0000] {dag.py:3441} INFO - Setting next_dagrun for dagtaskgroup to None, run_after=None
[2024-01-19T19:26:00.384+0000] {processor.py:175} INFO - Processing /opt/airflow/dags/09-dag-taskgroup.py took 0.089 seconds
[2024-01-19T19:26:05.913+0000] {processor.py:153} INFO - Started process (PID=49724) to work on /opt/airflow/dags/09-dag-taskgroup.py
[2024-01-19T19:26:05.914+0000] {processor.py:743} INFO - Processing file /opt/airflow/dags/09-dag-taskgroup.py for tasks to queue
[2024-01-19T19:26:05.915+0000] {logging_mixin.py:137} INFO - [2024-01-19T19:26:05.915+0000] {dagbag.py:538} INFO - Filling up the DagBag from /opt/airflow/dags/09-dag-taskgroup.py
[2024-01-19T19:26:05.923+0000] {processor.py:753} INFO - DAG(s) dict_keys(['dagtaskgroup']) retrieved from /opt/airflow/dags/09-dag-taskgroup.py
[2024-01-19T19:26:05.935+0000] {logging_mixin.py:137} INFO - [2024-01-19T19:26:05.935+0000] {dag.py:2690} INFO - Sync 1 DAGs
[2024-01-19T19:26:05.946+0000] {logging_mixin.py:137} INFO - [2024-01-19T19:26:05.946+0000] {dag.py:3441} INFO - Setting next_dagrun for dagtaskgroup to None, run_after=None
[2024-01-19T19:26:05.954+0000] {processor.py:175} INFO - Processing /opt/airflow/dags/09-dag-taskgroup.py took 0.042 seconds
[2024-01-19T19:26:11.807+0000] {processor.py:153} INFO - Started process (PID=49765) to work on /opt/airflow/dags/09-dag-taskgroup.py
[2024-01-19T19:26:11.807+0000] {processor.py:743} INFO - Processing file /opt/airflow/dags/09-dag-taskgroup.py for tasks to queue
[2024-01-19T19:26:11.808+0000] {logging_mixin.py:137} INFO - [2024-01-19T19:26:11.808+0000] {dagbag.py:538} INFO - Filling up the DagBag from /opt/airflow/dags/09-dag-taskgroup.py
[2024-01-19T19:26:11.823+0000] {processor.py:753} INFO - DAG(s) dict_keys(['dagtaskgroup']) retrieved from /opt/airflow/dags/09-dag-taskgroup.py
[2024-01-19T19:26:11.840+0000] {logging_mixin.py:137} INFO - [2024-01-19T19:26:11.840+0000] {dag.py:2690} INFO - Sync 1 DAGs
[2024-01-19T19:26:11.854+0000] {logging_mixin.py:137} INFO - [2024-01-19T19:26:11.854+0000] {dag.py:3441} INFO - Setting next_dagrun for dagtaskgroup to None, run_after=None
[2024-01-19T19:26:11.863+0000] {processor.py:175} INFO - Processing /opt/airflow/dags/09-dag-taskgroup.py took 0.060 seconds
[2024-01-19T19:26:17.425+0000] {processor.py:153} INFO - Started process (PID=49790) to work on /opt/airflow/dags/09-dag-taskgroup.py
[2024-01-19T19:26:17.426+0000] {processor.py:743} INFO - Processing file /opt/airflow/dags/09-dag-taskgroup.py for tasks to queue
[2024-01-19T19:26:17.426+0000] {logging_mixin.py:137} INFO - [2024-01-19T19:26:17.426+0000] {dagbag.py:538} INFO - Filling up the DagBag from /opt/airflow/dags/09-dag-taskgroup.py
[2024-01-19T19:26:17.435+0000] {processor.py:753} INFO - DAG(s) dict_keys(['dagtaskgroup']) retrieved from /opt/airflow/dags/09-dag-taskgroup.py
[2024-01-19T19:26:17.447+0000] {logging_mixin.py:137} INFO - [2024-01-19T19:26:17.447+0000] {dag.py:2690} INFO - Sync 1 DAGs
[2024-01-19T19:26:17.458+0000] {logging_mixin.py:137} INFO - [2024-01-19T19:26:17.458+0000] {dag.py:3441} INFO - Setting next_dagrun for dagtaskgroup to None, run_after=None
[2024-01-19T19:26:17.465+0000] {processor.py:175} INFO - Processing /opt/airflow/dags/09-dag-taskgroup.py took 0.042 seconds
[2024-01-19T19:26:23.147+0000] {processor.py:153} INFO - Started process (PID=49831) to work on /opt/airflow/dags/09-dag-taskgroup.py
[2024-01-19T19:26:23.148+0000] {processor.py:743} INFO - Processing file /opt/airflow/dags/09-dag-taskgroup.py for tasks to queue
[2024-01-19T19:26:23.149+0000] {logging_mixin.py:137} INFO - [2024-01-19T19:26:23.149+0000] {dagbag.py:538} INFO - Filling up the DagBag from /opt/airflow/dags/09-dag-taskgroup.py
[2024-01-19T19:26:23.158+0000] {processor.py:753} INFO - DAG(s) dict_keys(['dagtaskgroup']) retrieved from /opt/airflow/dags/09-dag-taskgroup.py
[2024-01-19T19:26:23.172+0000] {logging_mixin.py:137} INFO - [2024-01-19T19:26:23.172+0000] {dag.py:2690} INFO - Sync 1 DAGs
[2024-01-19T19:26:23.187+0000] {logging_mixin.py:137} INFO - [2024-01-19T19:26:23.187+0000] {dag.py:3441} INFO - Setting next_dagrun for dagtaskgroup to None, run_after=None
[2024-01-19T19:26:23.197+0000] {processor.py:175} INFO - Processing /opt/airflow/dags/09-dag-taskgroup.py took 0.052 seconds
[2024-01-19T19:26:28.954+0000] {processor.py:153} INFO - Started process (PID=49856) to work on /opt/airflow/dags/09-dag-taskgroup.py
[2024-01-19T19:26:28.955+0000] {processor.py:743} INFO - Processing file /opt/airflow/dags/09-dag-taskgroup.py for tasks to queue
[2024-01-19T19:26:28.956+0000] {logging_mixin.py:137} INFO - [2024-01-19T19:26:28.956+0000] {dagbag.py:538} INFO - Filling up the DagBag from /opt/airflow/dags/09-dag-taskgroup.py
[2024-01-19T19:26:28.966+0000] {processor.py:753} INFO - DAG(s) dict_keys(['dagtaskgroup']) retrieved from /opt/airflow/dags/09-dag-taskgroup.py
[2024-01-19T19:26:28.979+0000] {logging_mixin.py:137} INFO - [2024-01-19T19:26:28.979+0000] {dag.py:2690} INFO - Sync 1 DAGs
[2024-01-19T19:26:28.991+0000] {logging_mixin.py:137} INFO - [2024-01-19T19:26:28.990+0000] {dag.py:3441} INFO - Setting next_dagrun for dagtaskgroup to None, run_after=None
[2024-01-19T19:26:28.998+0000] {processor.py:175} INFO - Processing /opt/airflow/dags/09-dag-taskgroup.py took 0.046 seconds
[2024-01-19T19:26:34.860+0000] {processor.py:153} INFO - Started process (PID=49897) to work on /opt/airflow/dags/09-dag-taskgroup.py
[2024-01-19T19:26:34.860+0000] {processor.py:743} INFO - Processing file /opt/airflow/dags/09-dag-taskgroup.py for tasks to queue
[2024-01-19T19:26:34.861+0000] {logging_mixin.py:137} INFO - [2024-01-19T19:26:34.861+0000] {dagbag.py:538} INFO - Filling up the DagBag from /opt/airflow/dags/09-dag-taskgroup.py
[2024-01-19T19:26:34.873+0000] {processor.py:753} INFO - DAG(s) dict_keys(['dagtaskgroup']) retrieved from /opt/airflow/dags/09-dag-taskgroup.py
[2024-01-19T19:26:34.891+0000] {logging_mixin.py:137} INFO - [2024-01-19T19:26:34.891+0000] {dag.py:2690} INFO - Sync 1 DAGs
[2024-01-19T19:26:34.907+0000] {logging_mixin.py:137} INFO - [2024-01-19T19:26:34.907+0000] {dag.py:3441} INFO - Setting next_dagrun for dagtaskgroup to None, run_after=None
[2024-01-19T19:26:34.916+0000] {processor.py:175} INFO - Processing /opt/airflow/dags/09-dag-taskgroup.py took 0.059 seconds
[2024-01-19T19:26:40.683+0000] {processor.py:153} INFO - Started process (PID=49922) to work on /opt/airflow/dags/09-dag-taskgroup.py
[2024-01-19T19:26:40.684+0000] {processor.py:743} INFO - Processing file /opt/airflow/dags/09-dag-taskgroup.py for tasks to queue
[2024-01-19T19:26:40.684+0000] {logging_mixin.py:137} INFO - [2024-01-19T19:26:40.684+0000] {dagbag.py:538} INFO - Filling up the DagBag from /opt/airflow/dags/09-dag-taskgroup.py
[2024-01-19T19:26:40.694+0000] {processor.py:753} INFO - DAG(s) dict_keys(['dagtaskgroup']) retrieved from /opt/airflow/dags/09-dag-taskgroup.py
[2024-01-19T19:26:40.707+0000] {logging_mixin.py:137} INFO - [2024-01-19T19:26:40.707+0000] {dag.py:2690} INFO - Sync 1 DAGs
[2024-01-19T19:26:40.718+0000] {logging_mixin.py:137} INFO - [2024-01-19T19:26:40.718+0000] {dag.py:3441} INFO - Setting next_dagrun for dagtaskgroup to None, run_after=None
[2024-01-19T19:26:40.725+0000] {processor.py:175} INFO - Processing /opt/airflow/dags/09-dag-taskgroup.py took 0.044 seconds
[2024-01-19T19:26:46.383+0000] {processor.py:153} INFO - Started process (PID=49963) to work on /opt/airflow/dags/09-dag-taskgroup.py
[2024-01-19T19:26:46.384+0000] {processor.py:743} INFO - Processing file /opt/airflow/dags/09-dag-taskgroup.py for tasks to queue
[2024-01-19T19:26:46.385+0000] {logging_mixin.py:137} INFO - [2024-01-19T19:26:46.385+0000] {dagbag.py:538} INFO - Filling up the DagBag from /opt/airflow/dags/09-dag-taskgroup.py
[2024-01-19T19:26:46.405+0000] {processor.py:753} INFO - DAG(s) dict_keys(['dagtaskgroup']) retrieved from /opt/airflow/dags/09-dag-taskgroup.py
[2024-01-19T19:26:46.437+0000] {logging_mixin.py:137} INFO - [2024-01-19T19:26:46.437+0000] {dag.py:2690} INFO - Sync 1 DAGs
[2024-01-19T19:26:46.462+0000] {logging_mixin.py:137} INFO - [2024-01-19T19:26:46.462+0000] {dag.py:3441} INFO - Setting next_dagrun for dagtaskgroup to None, run_after=None
[2024-01-19T19:26:46.477+0000] {processor.py:175} INFO - Processing /opt/airflow/dags/09-dag-taskgroup.py took 0.096 seconds
[2024-01-19T19:26:52.079+0000] {processor.py:153} INFO - Started process (PID=49988) to work on /opt/airflow/dags/09-dag-taskgroup.py
[2024-01-19T19:26:52.079+0000] {processor.py:743} INFO - Processing file /opt/airflow/dags/09-dag-taskgroup.py for tasks to queue
[2024-01-19T19:26:52.080+0000] {logging_mixin.py:137} INFO - [2024-01-19T19:26:52.080+0000] {dagbag.py:538} INFO - Filling up the DagBag from /opt/airflow/dags/09-dag-taskgroup.py
[2024-01-19T19:26:52.093+0000] {processor.py:753} INFO - DAG(s) dict_keys(['dagtaskgroup']) retrieved from /opt/airflow/dags/09-dag-taskgroup.py
[2024-01-19T19:26:52.106+0000] {logging_mixin.py:137} INFO - [2024-01-19T19:26:52.106+0000] {dag.py:2690} INFO - Sync 1 DAGs
[2024-01-19T19:26:52.117+0000] {logging_mixin.py:137} INFO - [2024-01-19T19:26:52.117+0000] {dag.py:3441} INFO - Setting next_dagrun for dagtaskgroup to None, run_after=None
[2024-01-19T19:26:52.125+0000] {processor.py:175} INFO - Processing /opt/airflow/dags/09-dag-taskgroup.py took 0.048 seconds
[2024-01-19T19:26:59.470+0000] {processor.py:153} INFO - Started process (PID=50029) to work on /opt/airflow/dags/09-dag-taskgroup.py
[2024-01-19T19:26:59.471+0000] {processor.py:743} INFO - Processing file /opt/airflow/dags/09-dag-taskgroup.py for tasks to queue
[2024-01-19T19:26:59.472+0000] {logging_mixin.py:137} INFO - [2024-01-19T19:26:59.472+0000] {dagbag.py:538} INFO - Filling up the DagBag from /opt/airflow/dags/09-dag-taskgroup.py
[2024-01-19T19:26:59.490+0000] {processor.py:753} INFO - DAG(s) dict_keys(['dagtaskgroup']) retrieved from /opt/airflow/dags/09-dag-taskgroup.py
[2024-01-19T19:26:59.531+0000] {logging_mixin.py:137} INFO - [2024-01-19T19:26:59.531+0000] {dag.py:2690} INFO - Sync 1 DAGs
[2024-01-19T19:26:59.549+0000] {logging_mixin.py:137} INFO - [2024-01-19T19:26:59.549+0000] {dag.py:3441} INFO - Setting next_dagrun for dagtaskgroup to None, run_after=None
[2024-01-19T19:26:59.562+0000] {processor.py:175} INFO - Processing /opt/airflow/dags/09-dag-taskgroup.py took 0.095 seconds
[2024-01-19T19:27:05.134+0000] {processor.py:153} INFO - Started process (PID=50054) to work on /opt/airflow/dags/09-dag-taskgroup.py
[2024-01-19T19:27:05.135+0000] {processor.py:743} INFO - Processing file /opt/airflow/dags/09-dag-taskgroup.py for tasks to queue
[2024-01-19T19:27:05.135+0000] {logging_mixin.py:137} INFO - [2024-01-19T19:27:05.135+0000] {dagbag.py:538} INFO - Filling up the DagBag from /opt/airflow/dags/09-dag-taskgroup.py
[2024-01-19T19:27:05.144+0000] {processor.py:753} INFO - DAG(s) dict_keys(['dagtaskgroup']) retrieved from /opt/airflow/dags/09-dag-taskgroup.py
[2024-01-19T19:27:05.157+0000] {logging_mixin.py:137} INFO - [2024-01-19T19:27:05.157+0000] {dag.py:2690} INFO - Sync 1 DAGs
[2024-01-19T19:27:05.169+0000] {logging_mixin.py:137} INFO - [2024-01-19T19:27:05.168+0000] {dag.py:3441} INFO - Setting next_dagrun for dagtaskgroup to None, run_after=None
[2024-01-19T19:27:05.177+0000] {processor.py:175} INFO - Processing /opt/airflow/dags/09-dag-taskgroup.py took 0.044 seconds
[2024-01-19T19:27:12.241+0000] {processor.py:153} INFO - Started process (PID=50096) to work on /opt/airflow/dags/09-dag-taskgroup.py
[2024-01-19T19:27:12.241+0000] {processor.py:743} INFO - Processing file /opt/airflow/dags/09-dag-taskgroup.py for tasks to queue
[2024-01-19T19:27:12.242+0000] {logging_mixin.py:137} INFO - [2024-01-19T19:27:12.242+0000] {dagbag.py:538} INFO - Filling up the DagBag from /opt/airflow/dags/09-dag-taskgroup.py
[2024-01-19T19:27:12.257+0000] {processor.py:753} INFO - DAG(s) dict_keys(['dagtaskgroup']) retrieved from /opt/airflow/dags/09-dag-taskgroup.py
[2024-01-19T19:27:12.270+0000] {logging_mixin.py:137} INFO - [2024-01-19T19:27:12.270+0000] {dag.py:2690} INFO - Sync 1 DAGs
[2024-01-19T19:27:12.283+0000] {logging_mixin.py:137} INFO - [2024-01-19T19:27:12.283+0000] {dag.py:3441} INFO - Setting next_dagrun for dagtaskgroup to None, run_after=None
[2024-01-19T19:27:12.291+0000] {processor.py:175} INFO - Processing /opt/airflow/dags/09-dag-taskgroup.py took 0.053 seconds
[2024-01-19T19:27:17.829+0000] {processor.py:153} INFO - Started process (PID=50121) to work on /opt/airflow/dags/09-dag-taskgroup.py
[2024-01-19T19:27:17.830+0000] {processor.py:743} INFO - Processing file /opt/airflow/dags/09-dag-taskgroup.py for tasks to queue
[2024-01-19T19:27:17.830+0000] {logging_mixin.py:137} INFO - [2024-01-19T19:27:17.830+0000] {dagbag.py:538} INFO - Filling up the DagBag from /opt/airflow/dags/09-dag-taskgroup.py
[2024-01-19T19:27:17.839+0000] {processor.py:753} INFO - DAG(s) dict_keys(['dagtaskgroup']) retrieved from /opt/airflow/dags/09-dag-taskgroup.py
[2024-01-19T19:27:17.851+0000] {logging_mixin.py:137} INFO - [2024-01-19T19:27:17.851+0000] {dag.py:2690} INFO - Sync 1 DAGs
[2024-01-19T19:27:17.862+0000] {logging_mixin.py:137} INFO - [2024-01-19T19:27:17.862+0000] {dag.py:3441} INFO - Setting next_dagrun for dagtaskgroup to None, run_after=None
[2024-01-19T19:27:17.869+0000] {processor.py:175} INFO - Processing /opt/airflow/dags/09-dag-taskgroup.py took 0.042 seconds
[2024-01-19T19:27:24.104+0000] {processor.py:153} INFO - Started process (PID=50162) to work on /opt/airflow/dags/09-dag-taskgroup.py
[2024-01-19T19:27:24.105+0000] {processor.py:743} INFO - Processing file /opt/airflow/dags/09-dag-taskgroup.py for tasks to queue
[2024-01-19T19:27:24.105+0000] {logging_mixin.py:137} INFO - [2024-01-19T19:27:24.105+0000] {dagbag.py:538} INFO - Filling up the DagBag from /opt/airflow/dags/09-dag-taskgroup.py
[2024-01-19T19:27:24.116+0000] {processor.py:753} INFO - DAG(s) dict_keys(['dagtaskgroup']) retrieved from /opt/airflow/dags/09-dag-taskgroup.py
[2024-01-19T19:27:24.129+0000] {logging_mixin.py:137} INFO - [2024-01-19T19:27:24.129+0000] {dag.py:2690} INFO - Sync 1 DAGs
[2024-01-19T19:27:24.141+0000] {logging_mixin.py:137} INFO - [2024-01-19T19:27:24.140+0000] {dag.py:3441} INFO - Setting next_dagrun for dagtaskgroup to None, run_after=None
[2024-01-19T19:27:24.148+0000] {processor.py:175} INFO - Processing /opt/airflow/dags/09-dag-taskgroup.py took 0.046 seconds
[2024-01-19T19:27:29.658+0000] {processor.py:153} INFO - Started process (PID=50187) to work on /opt/airflow/dags/09-dag-taskgroup.py
[2024-01-19T19:27:29.659+0000] {processor.py:743} INFO - Processing file /opt/airflow/dags/09-dag-taskgroup.py for tasks to queue
[2024-01-19T19:27:29.659+0000] {logging_mixin.py:137} INFO - [2024-01-19T19:27:29.659+0000] {dagbag.py:538} INFO - Filling up the DagBag from /opt/airflow/dags/09-dag-taskgroup.py
[2024-01-19T19:27:29.669+0000] {processor.py:753} INFO - DAG(s) dict_keys(['dagtaskgroup']) retrieved from /opt/airflow/dags/09-dag-taskgroup.py
[2024-01-19T19:27:29.683+0000] {logging_mixin.py:137} INFO - [2024-01-19T19:27:29.683+0000] {dag.py:2690} INFO - Sync 1 DAGs
[2024-01-19T19:27:29.695+0000] {logging_mixin.py:137} INFO - [2024-01-19T19:27:29.695+0000] {dag.py:3441} INFO - Setting next_dagrun for dagtaskgroup to None, run_after=None
[2024-01-19T19:27:29.703+0000] {processor.py:175} INFO - Processing /opt/airflow/dags/09-dag-taskgroup.py took 0.046 seconds
[2024-01-19T19:27:36.013+0000] {processor.py:153} INFO - Started process (PID=50228) to work on /opt/airflow/dags/09-dag-taskgroup.py
[2024-01-19T19:27:36.016+0000] {processor.py:743} INFO - Processing file /opt/airflow/dags/09-dag-taskgroup.py for tasks to queue
[2024-01-19T19:27:36.016+0000] {logging_mixin.py:137} INFO - [2024-01-19T19:27:36.016+0000] {dagbag.py:538} INFO - Filling up the DagBag from /opt/airflow/dags/09-dag-taskgroup.py
[2024-01-19T19:27:36.037+0000] {processor.py:753} INFO - DAG(s) dict_keys(['dagtaskgroup']) retrieved from /opt/airflow/dags/09-dag-taskgroup.py
[2024-01-19T19:27:36.061+0000] {logging_mixin.py:137} INFO - [2024-01-19T19:27:36.061+0000] {dag.py:2690} INFO - Sync 1 DAGs
[2024-01-19T19:27:36.075+0000] {logging_mixin.py:137} INFO - [2024-01-19T19:27:36.075+0000] {dag.py:3441} INFO - Setting next_dagrun for dagtaskgroup to None, run_after=None
[2024-01-19T19:27:36.083+0000] {processor.py:175} INFO - Processing /opt/airflow/dags/09-dag-taskgroup.py took 0.074 seconds
[2024-01-19T19:27:41.641+0000] {processor.py:153} INFO - Started process (PID=50253) to work on /opt/airflow/dags/09-dag-taskgroup.py
[2024-01-19T19:27:41.641+0000] {processor.py:743} INFO - Processing file /opt/airflow/dags/09-dag-taskgroup.py for tasks to queue
[2024-01-19T19:27:41.642+0000] {logging_mixin.py:137} INFO - [2024-01-19T19:27:41.642+0000] {dagbag.py:538} INFO - Filling up the DagBag from /opt/airflow/dags/09-dag-taskgroup.py
[2024-01-19T19:27:41.651+0000] {processor.py:753} INFO - DAG(s) dict_keys(['dagtaskgroup']) retrieved from /opt/airflow/dags/09-dag-taskgroup.py
[2024-01-19T19:27:41.677+0000] {logging_mixin.py:137} INFO - [2024-01-19T19:27:41.676+0000] {dag.py:2690} INFO - Sync 1 DAGs
[2024-01-19T19:27:41.693+0000] {logging_mixin.py:137} INFO - [2024-01-19T19:27:41.693+0000] {dag.py:3441} INFO - Setting next_dagrun for dagtaskgroup to None, run_after=None
[2024-01-19T19:27:41.702+0000] {processor.py:175} INFO - Processing /opt/airflow/dags/09-dag-taskgroup.py took 0.063 seconds
[2024-01-19T19:27:47.772+0000] {processor.py:153} INFO - Started process (PID=50294) to work on /opt/airflow/dags/09-dag-taskgroup.py
[2024-01-19T19:27:47.774+0000] {processor.py:743} INFO - Processing file /opt/airflow/dags/09-dag-taskgroup.py for tasks to queue
[2024-01-19T19:27:47.775+0000] {logging_mixin.py:137} INFO - [2024-01-19T19:27:47.774+0000] {dagbag.py:538} INFO - Filling up the DagBag from /opt/airflow/dags/09-dag-taskgroup.py
[2024-01-19T19:27:47.790+0000] {processor.py:753} INFO - DAG(s) dict_keys(['dagtaskgroup']) retrieved from /opt/airflow/dags/09-dag-taskgroup.py
[2024-01-19T19:27:47.812+0000] {logging_mixin.py:137} INFO - [2024-01-19T19:27:47.811+0000] {dag.py:2690} INFO - Sync 1 DAGs
[2024-01-19T19:27:47.838+0000] {logging_mixin.py:137} INFO - [2024-01-19T19:27:47.838+0000] {dag.py:3441} INFO - Setting next_dagrun for dagtaskgroup to None, run_after=None
[2024-01-19T19:27:47.848+0000] {processor.py:175} INFO - Processing /opt/airflow/dags/09-dag-taskgroup.py took 0.080 seconds
[2024-01-19T19:27:53.439+0000] {processor.py:153} INFO - Started process (PID=50319) to work on /opt/airflow/dags/09-dag-taskgroup.py
[2024-01-19T19:27:53.440+0000] {processor.py:743} INFO - Processing file /opt/airflow/dags/09-dag-taskgroup.py for tasks to queue
[2024-01-19T19:27:53.440+0000] {logging_mixin.py:137} INFO - [2024-01-19T19:27:53.440+0000] {dagbag.py:538} INFO - Filling up the DagBag from /opt/airflow/dags/09-dag-taskgroup.py
[2024-01-19T19:27:53.449+0000] {processor.py:753} INFO - DAG(s) dict_keys(['dagtaskgroup']) retrieved from /opt/airflow/dags/09-dag-taskgroup.py
[2024-01-19T19:27:53.463+0000] {logging_mixin.py:137} INFO - [2024-01-19T19:27:53.463+0000] {dag.py:2690} INFO - Sync 1 DAGs
[2024-01-19T19:27:53.474+0000] {logging_mixin.py:137} INFO - [2024-01-19T19:27:53.474+0000] {dag.py:3441} INFO - Setting next_dagrun for dagtaskgroup to None, run_after=None
[2024-01-19T19:27:53.481+0000] {processor.py:175} INFO - Processing /opt/airflow/dags/09-dag-taskgroup.py took 0.043 seconds
[2024-01-19T19:27:59.214+0000] {processor.py:153} INFO - Started process (PID=50360) to work on /opt/airflow/dags/09-dag-taskgroup.py
[2024-01-19T19:27:59.215+0000] {processor.py:743} INFO - Processing file /opt/airflow/dags/09-dag-taskgroup.py for tasks to queue
[2024-01-19T19:27:59.215+0000] {logging_mixin.py:137} INFO - [2024-01-19T19:27:59.215+0000] {dagbag.py:538} INFO - Filling up the DagBag from /opt/airflow/dags/09-dag-taskgroup.py
[2024-01-19T19:27:59.226+0000] {processor.py:753} INFO - DAG(s) dict_keys(['dagtaskgroup']) retrieved from /opt/airflow/dags/09-dag-taskgroup.py
[2024-01-19T19:27:59.243+0000] {logging_mixin.py:137} INFO - [2024-01-19T19:27:59.243+0000] {dag.py:2690} INFO - Sync 1 DAGs
[2024-01-19T19:27:59.258+0000] {logging_mixin.py:137} INFO - [2024-01-19T19:27:59.258+0000] {dag.py:3441} INFO - Setting next_dagrun for dagtaskgroup to None, run_after=None
[2024-01-19T19:27:59.269+0000] {processor.py:175} INFO - Processing /opt/airflow/dags/09-dag-taskgroup.py took 0.057 seconds
[2024-01-19T19:28:04.929+0000] {processor.py:153} INFO - Started process (PID=50385) to work on /opt/airflow/dags/09-dag-taskgroup.py
[2024-01-19T19:28:04.929+0000] {processor.py:743} INFO - Processing file /opt/airflow/dags/09-dag-taskgroup.py for tasks to queue
[2024-01-19T19:28:04.930+0000] {logging_mixin.py:137} INFO - [2024-01-19T19:28:04.930+0000] {dagbag.py:538} INFO - Filling up the DagBag from /opt/airflow/dags/09-dag-taskgroup.py
[2024-01-19T19:28:04.939+0000] {processor.py:753} INFO - DAG(s) dict_keys(['dagtaskgroup']) retrieved from /opt/airflow/dags/09-dag-taskgroup.py
[2024-01-19T19:28:04.952+0000] {logging_mixin.py:137} INFO - [2024-01-19T19:28:04.952+0000] {dag.py:2690} INFO - Sync 1 DAGs
[2024-01-19T19:28:04.964+0000] {logging_mixin.py:137} INFO - [2024-01-19T19:28:04.964+0000] {dag.py:3441} INFO - Setting next_dagrun for dagtaskgroup to None, run_after=None
[2024-01-19T19:28:04.974+0000] {processor.py:175} INFO - Processing /opt/airflow/dags/09-dag-taskgroup.py took 0.047 seconds
[2024-01-19T19:28:10.827+0000] {processor.py:153} INFO - Started process (PID=50426) to work on /opt/airflow/dags/09-dag-taskgroup.py
[2024-01-19T19:28:10.829+0000] {processor.py:743} INFO - Processing file /opt/airflow/dags/09-dag-taskgroup.py for tasks to queue
[2024-01-19T19:28:10.829+0000] {logging_mixin.py:137} INFO - [2024-01-19T19:28:10.829+0000] {dagbag.py:538} INFO - Filling up the DagBag from /opt/airflow/dags/09-dag-taskgroup.py
[2024-01-19T19:28:10.843+0000] {processor.py:753} INFO - DAG(s) dict_keys(['dagtaskgroup']) retrieved from /opt/airflow/dags/09-dag-taskgroup.py
[2024-01-19T19:28:10.858+0000] {logging_mixin.py:137} INFO - [2024-01-19T19:28:10.858+0000] {dag.py:2690} INFO - Sync 1 DAGs
[2024-01-19T19:28:10.874+0000] {logging_mixin.py:137} INFO - [2024-01-19T19:28:10.874+0000] {dag.py:3441} INFO - Setting next_dagrun for dagtaskgroup to None, run_after=None
[2024-01-19T19:28:10.883+0000] {processor.py:175} INFO - Processing /opt/airflow/dags/09-dag-taskgroup.py took 0.059 seconds
[2024-01-19T19:28:16.521+0000] {processor.py:153} INFO - Started process (PID=50451) to work on /opt/airflow/dags/09-dag-taskgroup.py
[2024-01-19T19:28:16.521+0000] {processor.py:743} INFO - Processing file /opt/airflow/dags/09-dag-taskgroup.py for tasks to queue
[2024-01-19T19:28:16.521+0000] {logging_mixin.py:137} INFO - [2024-01-19T19:28:16.521+0000] {dagbag.py:538} INFO - Filling up the DagBag from /opt/airflow/dags/09-dag-taskgroup.py
[2024-01-19T19:28:16.530+0000] {processor.py:753} INFO - DAG(s) dict_keys(['dagtaskgroup']) retrieved from /opt/airflow/dags/09-dag-taskgroup.py
[2024-01-19T19:28:16.543+0000] {logging_mixin.py:137} INFO - [2024-01-19T19:28:16.543+0000] {dag.py:2690} INFO - Sync 1 DAGs
[2024-01-19T19:28:16.559+0000] {logging_mixin.py:137} INFO - [2024-01-19T19:28:16.559+0000] {dag.py:3441} INFO - Setting next_dagrun for dagtaskgroup to None, run_after=None
[2024-01-19T19:28:16.567+0000] {processor.py:175} INFO - Processing /opt/airflow/dags/09-dag-taskgroup.py took 0.049 seconds
[2024-01-19T19:28:22.280+0000] {processor.py:153} INFO - Started process (PID=50492) to work on /opt/airflow/dags/09-dag-taskgroup.py
[2024-01-19T19:28:22.282+0000] {processor.py:743} INFO - Processing file /opt/airflow/dags/09-dag-taskgroup.py for tasks to queue
[2024-01-19T19:28:22.283+0000] {logging_mixin.py:137} INFO - [2024-01-19T19:28:22.283+0000] {dagbag.py:538} INFO - Filling up the DagBag from /opt/airflow/dags/09-dag-taskgroup.py
[2024-01-19T19:28:22.301+0000] {processor.py:753} INFO - DAG(s) dict_keys(['dagtaskgroup']) retrieved from /opt/airflow/dags/09-dag-taskgroup.py
[2024-01-19T19:28:22.320+0000] {logging_mixin.py:137} INFO - [2024-01-19T19:28:22.320+0000] {dag.py:2690} INFO - Sync 1 DAGs
[2024-01-19T19:28:22.334+0000] {logging_mixin.py:137} INFO - [2024-01-19T19:28:22.334+0000] {dag.py:3441} INFO - Setting next_dagrun for dagtaskgroup to None, run_after=None
[2024-01-19T19:28:22.343+0000] {processor.py:175} INFO - Processing /opt/airflow/dags/09-dag-taskgroup.py took 0.067 seconds
