[2024-01-19T02:28:03.931+0000] {taskinstance.py:1083} INFO - Dependencies all met for <TaskInstance: httpsensor.check_api manual__2024-01-19T02:28:01.920316+00:00 [queued]>
[2024-01-19T02:28:03.945+0000] {taskinstance.py:1083} INFO - Dependencies all met for <TaskInstance: httpsensor.check_api manual__2024-01-19T02:28:01.920316+00:00 [queued]>
[2024-01-19T02:28:03.945+0000] {taskinstance.py:1279} INFO - 
--------------------------------------------------------------------------------
[2024-01-19T02:28:03.946+0000] {taskinstance.py:1280} INFO - Starting attempt 1 of 1
[2024-01-19T02:28:03.946+0000] {taskinstance.py:1281} INFO - 
--------------------------------------------------------------------------------
[2024-01-19T02:28:03.970+0000] {taskinstance.py:1300} INFO - Executing <Task(HttpSensor): check_api> on 2024-01-19 02:28:01.920316+00:00
[2024-01-19T02:28:03.984+0000] {standard_task_runner.py:55} INFO - Started process 28940 to run task
[2024-01-19T02:28:03.993+0000] {standard_task_runner.py:82} INFO - Running: ['***', 'tasks', 'run', 'httpsensor', 'check_api', 'manual__2024-01-19T02:28:01.920316+00:00', '--job-id', '120', '--raw', '--subdir', 'DAGS_FOLDER/22-sensors.py', '--cfg-path', '/tmp/tmpztk_se8h']
[2024-01-19T02:28:03.993+0000] {standard_task_runner.py:83} INFO - Job 120: Subtask check_api
[2024-01-19T02:28:04.074+0000] {task_command.py:388} INFO - Running <TaskInstance: httpsensor.check_api manual__2024-01-19T02:28:01.920316+00:00 [running]> on host cb9489d15b76
[2024-01-19T02:28:04.142+0000] {taskinstance.py:1509} INFO - Exporting the following env vars:
AIRFLOW_CTX_DAG_OWNER=***
AIRFLOW_CTX_DAG_ID=httpsensor
AIRFLOW_CTX_TASK_ID=check_api
AIRFLOW_CTX_EXECUTION_DATE=2024-01-19T02:28:01.920316+00:00
AIRFLOW_CTX_TRY_NUMBER=1
AIRFLOW_CTX_DAG_RUN_ID=manual__2024-01-19T02:28:01.920316+00:00
[2024-01-19T02:28:04.143+0000] {http.py:122} INFO - Poking: entries
[2024-01-19T02:28:04.162+0000] {base.py:73} INFO - Using connection ID 'connection' for task execution.
[2024-01-19T02:28:05.344+0000] {base.py:228} INFO - Success criteria met. Exiting.
[2024-01-19T02:28:05.431+0000] {taskinstance.py:1323} INFO - Marking task as SUCCESS. dag_id=httpsensor, task_id=check_api, execution_date=20240119T022801, start_date=20240119T022803, end_date=20240119T022805
[2024-01-19T02:28:05.536+0000] {local_task_job.py:208} INFO - Task exited with return code 0
[2024-01-19T02:28:05.610+0000] {taskinstance.py:2578} INFO - 0 downstream tasks scheduled from follow-on schedule check
