[2024-01-18T00:18:05.991+0000] {taskinstance.py:1083} INFO - Dependencies all met for <TaskInstance: pool.tsk_1 manual__2024-01-18T00:18:03.835285+00:00 [queued]>
[2024-01-18T00:18:06.001+0000] {taskinstance.py:1083} INFO - Dependencies all met for <TaskInstance: pool.tsk_1 manual__2024-01-18T00:18:03.835285+00:00 [queued]>
[2024-01-18T00:18:06.001+0000] {taskinstance.py:1279} INFO - 
--------------------------------------------------------------------------------
[2024-01-18T00:18:06.001+0000] {taskinstance.py:1280} INFO - Starting attempt 1 of 1
[2024-01-18T00:18:06.002+0000] {taskinstance.py:1281} INFO - 
--------------------------------------------------------------------------------
[2024-01-18T00:18:06.010+0000] {taskinstance.py:1300} INFO - Executing <Task(BashOperator): tsk_1> on 2024-01-18 00:18:03.835285+00:00
[2024-01-18T00:18:06.013+0000] {standard_task_runner.py:55} INFO - Started process 14061 to run task
[2024-01-18T00:18:06.016+0000] {standard_task_runner.py:82} INFO - Running: ['***', 'tasks', 'run', 'pool', 'tsk_1', 'manual__2024-01-18T00:18:03.835285+00:00', '--job-id', '70', '--raw', '--subdir', 'DAGS_FOLDER/17-pools.py', '--cfg-path', '/tmp/tmptx7hjz2i']
[2024-01-18T00:18:06.018+0000] {standard_task_runner.py:83} INFO - Job 70: Subtask tsk_1
[2024-01-18T00:18:06.067+0000] {task_command.py:388} INFO - Running <TaskInstance: pool.tsk_1 manual__2024-01-18T00:18:03.835285+00:00 [running]> on host 718831e78672
[2024-01-18T00:18:06.117+0000] {taskinstance.py:1509} INFO - Exporting the following env vars:
AIRFLOW_CTX_DAG_OWNER=***
AIRFLOW_CTX_DAG_ID=pool
AIRFLOW_CTX_TASK_ID=tsk_1
AIRFLOW_CTX_EXECUTION_DATE=2024-01-18T00:18:03.835285+00:00
AIRFLOW_CTX_TRY_NUMBER=1
AIRFLOW_CTX_DAG_RUN_ID=manual__2024-01-18T00:18:03.835285+00:00
[2024-01-18T00:18:06.119+0000] {subprocess.py:63} INFO - Tmp dir root location: 
 /tmp
[2024-01-18T00:18:06.120+0000] {subprocess.py:75} INFO - Running command: ['/bin/bash', '-c', 'sleep 5']
[2024-01-18T00:18:06.135+0000] {subprocess.py:86} INFO - Output:
[2024-01-18T00:18:11.150+0000] {subprocess.py:97} INFO - Command exited with return code 0
[2024-01-18T00:18:11.252+0000] {taskinstance.py:1323} INFO - Marking task as SUCCESS. dag_id=pool, task_id=tsk_1, execution_date=20240118T001803, start_date=20240118T001805, end_date=20240118T001811
[2024-01-18T00:18:11.346+0000] {local_task_job.py:208} INFO - Task exited with return code 0
[2024-01-18T00:18:11.383+0000] {taskinstance.py:2578} INFO - 0 downstream tasks scheduled from follow-on schedule check
