[2024-01-20T02:55:08.437+0000] {taskinstance.py:1083} INFO - Dependencies all met for <TaskInstance: hook.select_data_task manual__2024-01-20T02:55:05.601378+00:00 [queued]>
[2024-01-20T02:55:08.443+0000] {taskinstance.py:1083} INFO - Dependencies all met for <TaskInstance: hook.select_data_task manual__2024-01-20T02:55:05.601378+00:00 [queued]>
[2024-01-20T02:55:08.443+0000] {taskinstance.py:1279} INFO - 
--------------------------------------------------------------------------------
[2024-01-20T02:55:08.443+0000] {taskinstance.py:1280} INFO - Starting attempt 1 of 1
[2024-01-20T02:55:08.443+0000] {taskinstance.py:1281} INFO - 
--------------------------------------------------------------------------------
[2024-01-20T02:55:08.450+0000] {taskinstance.py:1300} INFO - Executing <Task(PythonOperator): select_data_task> on 2024-01-20 02:55:05.601378+00:00
[2024-01-20T02:55:08.456+0000] {standard_task_runner.py:55} INFO - Started process 52450 to run task
[2024-01-20T02:55:08.459+0000] {standard_task_runner.py:82} INFO - Running: ['***', 'tasks', 'run', 'hook', 'select_data_task', 'manual__2024-01-20T02:55:05.601378+00:00', '--job-id', '142', '--raw', '--subdir', 'DAGS_FOLDER/24-hooks.py', '--cfg-path', '/tmp/tmpuyc7cml6']
[2024-01-20T02:55:08.460+0000] {standard_task_runner.py:83} INFO - Job 142: Subtask select_data_task
[2024-01-20T02:55:08.502+0000] {task_command.py:388} INFO - Running <TaskInstance: hook.select_data_task manual__2024-01-20T02:55:05.601378+00:00 [running]> on host cb9489d15b76
[2024-01-20T02:55:08.537+0000] {taskinstance.py:1509} INFO - Exporting the following env vars:
AIRFLOW_CTX_DAG_OWNER=***
AIRFLOW_CTX_DAG_ID=hook
AIRFLOW_CTX_TASK_ID=select_data_task
AIRFLOW_CTX_EXECUTION_DATE=2024-01-20T02:55:05.601378+00:00
AIRFLOW_CTX_TRY_NUMBER=1
AIRFLOW_CTX_DAG_RUN_ID=manual__2024-01-20T02:55:05.601378+00:00
[2024-01-20T02:55:08.542+0000] {base.py:73} INFO - Using connection ID 'postgres' for task execution.
[2024-01-20T02:55:08.544+0000] {sql.py:375} INFO - Running statement: select * from teste2;, parameters: None
[2024-01-20T02:55:08.545+0000] {sql.py:384} INFO - Rows affected: 2
[2024-01-20T02:55:08.555+0000] {python.py:177} INFO - Done. Returned value was: None
[2024-01-20T02:55:08.561+0000] {taskinstance.py:1323} INFO - Marking task as SUCCESS. dag_id=hook, task_id=select_data_task, execution_date=20240120T025505, start_date=20240120T025508, end_date=20240120T025508
[2024-01-20T02:55:08.592+0000] {local_task_job.py:208} INFO - Task exited with return code 0
[2024-01-20T02:55:08.605+0000] {taskinstance.py:2578} INFO - 1 downstream tasks scheduled from follow-on schedule check
