[2024-01-11T01:47:43.217+0000] {taskinstance.py:1083} INFO - Dependencies all met for <TaskInstance: dagcomplexa.tsk3 manual__2024-01-11T01:47:40.650086+00:00 [queued]>
[2024-01-11T01:47:43.282+0000] {taskinstance.py:1083} INFO - Dependencies all met for <TaskInstance: dagcomplexa.tsk3 manual__2024-01-11T01:47:40.650086+00:00 [queued]>
[2024-01-11T01:47:43.286+0000] {taskinstance.py:1279} INFO - 
--------------------------------------------------------------------------------
[2024-01-11T01:47:43.289+0000] {taskinstance.py:1280} INFO - Starting attempt 1 of 1
[2024-01-11T01:47:43.290+0000] {taskinstance.py:1281} INFO - 
--------------------------------------------------------------------------------
[2024-01-11T01:47:43.321+0000] {taskinstance.py:1300} INFO - Executing <Task(BashOperator): tsk3> on 2024-01-11 01:47:40.650086+00:00
[2024-01-11T01:47:43.345+0000] {standard_task_runner.py:55} INFO - Started process 56297 to run task
[2024-01-11T01:47:43.360+0000] {standard_task_runner.py:82} INFO - Running: ['***', 'tasks', 'run', 'dagcomplexa', 'tsk3', 'manual__2024-01-11T01:47:40.650086+00:00', '--job-id', '31', '--raw', '--subdir', 'DAGS_FOLDER/8-dag-complexa.py', '--cfg-path', '/tmp/tmpbq4xhylf']
[2024-01-11T01:47:43.364+0000] {standard_task_runner.py:83} INFO - Job 31: Subtask tsk3
[2024-01-11T01:47:43.593+0000] {task_command.py:388} INFO - Running <TaskInstance: dagcomplexa.tsk3 manual__2024-01-11T01:47:40.650086+00:00 [running]> on host 8c81727a976c
[2024-01-11T01:47:43.725+0000] {taskinstance.py:1509} INFO - Exporting the following env vars:
AIRFLOW_CTX_DAG_OWNER=***
AIRFLOW_CTX_DAG_ID=dagcomplexa
AIRFLOW_CTX_TASK_ID=tsk3
AIRFLOW_CTX_EXECUTION_DATE=2024-01-11T01:47:40.650086+00:00
AIRFLOW_CTX_TRY_NUMBER=1
AIRFLOW_CTX_DAG_RUN_ID=manual__2024-01-11T01:47:40.650086+00:00
[2024-01-11T01:47:43.727+0000] {subprocess.py:63} INFO - Tmp dir root location: 
 /tmp
[2024-01-11T01:47:43.729+0000] {subprocess.py:75} INFO - Running command: ['/bin/bash', '-c', 'sleep 5']
[2024-01-11T01:47:43.740+0000] {subprocess.py:86} INFO - Output:
[2024-01-11T01:47:48.750+0000] {subprocess.py:97} INFO - Command exited with return code 0
[2024-01-11T01:47:48.797+0000] {taskinstance.py:1323} INFO - Marking task as SUCCESS. dag_id=dagcomplexa, task_id=tsk3, execution_date=20240111T014740, start_date=20240111T014743, end_date=20240111T014748
[2024-01-11T01:47:48.849+0000] {local_task_job.py:208} INFO - Task exited with return code 0
[2024-01-11T01:47:48.869+0000] {taskinstance.py:2578} INFO - 1 downstream tasks scheduled from follow-on schedule check
