[2024-01-19T01:49:03.224+0000] {taskinstance.py:1083} INFO - Dependencies all met for <TaskInstance: consumer.t1 dataset_triggered__2024-01-19T01:48:59.911433+00:00 [queued]>
[2024-01-19T01:49:03.265+0000] {taskinstance.py:1083} INFO - Dependencies all met for <TaskInstance: consumer.t1 dataset_triggered__2024-01-19T01:48:59.911433+00:00 [queued]>
[2024-01-19T01:49:03.267+0000] {taskinstance.py:1279} INFO - 
--------------------------------------------------------------------------------
[2024-01-19T01:49:03.268+0000] {taskinstance.py:1280} INFO - Starting attempt 1 of 1
[2024-01-19T01:49:03.269+0000] {taskinstance.py:1281} INFO - 
--------------------------------------------------------------------------------
[2024-01-19T01:49:03.335+0000] {taskinstance.py:1300} INFO - Executing <Task(PythonOperator): t1> on 2024-01-19 01:48:59.911433+00:00
[2024-01-19T01:49:03.357+0000] {standard_task_runner.py:55} INFO - Started process 25786 to run task
[2024-01-19T01:49:03.405+0000] {standard_task_runner.py:82} INFO - Running: ['***', 'tasks', 'run', 'consumer', 't1', 'dataset_triggered__2024-01-19T01:48:59.911433+00:00', '--job-id', '119', '--raw', '--subdir', 'DAGS_FOLDER/21-consumer.py', '--cfg-path', '/tmp/tmpn5t_5nnx']
[2024-01-19T01:49:03.412+0000] {standard_task_runner.py:83} INFO - Job 119: Subtask t1
[2024-01-19T01:49:03.788+0000] {task_command.py:388} INFO - Running <TaskInstance: consumer.t1 dataset_triggered__2024-01-19T01:48:59.911433+00:00 [running]> on host cb9489d15b76
[2024-01-19T01:49:04.009+0000] {taskinstance.py:1509} INFO - Exporting the following env vars:
AIRFLOW_CTX_DAG_OWNER=***
AIRFLOW_CTX_DAG_ID=consumer
AIRFLOW_CTX_TASK_ID=t1
AIRFLOW_CTX_EXECUTION_DATE=2024-01-19T01:48:59.911433+00:00
AIRFLOW_CTX_TRY_NUMBER=1
AIRFLOW_CTX_DAG_RUN_ID=dataset_triggered__2024-01-19T01:48:59.911433+00:00
[2024-01-19T01:49:04.106+0000] {python.py:177} INFO - Done. Returned value was: None
[2024-01-19T01:49:04.122+0000] {taskinstance.py:1323} INFO - Marking task as SUCCESS. dag_id=consumer, task_id=t1, execution_date=20240119T014859, start_date=20240119T014903, end_date=20240119T014904
[2024-01-19T01:49:04.194+0000] {local_task_job.py:208} INFO - Task exited with return code 0
[2024-01-19T01:49:04.256+0000] {taskinstance.py:2578} INFO - 0 downstream tasks scheduled from follow-on schedule check
