[2024-01-09T20:21:53.188+0000] {taskinstance.py:1083} INFO - Dependencies all met for <TaskInstance: triggerdag.tsk2 manual__2024-01-09T20:21:51.612338+00:00 [queued]>
[2024-01-09T20:21:53.204+0000] {taskinstance.py:1083} INFO - Dependencies all met for <TaskInstance: triggerdag.tsk2 manual__2024-01-09T20:21:51.612338+00:00 [queued]>
[2024-01-09T20:21:53.205+0000] {taskinstance.py:1279} INFO - 
--------------------------------------------------------------------------------
[2024-01-09T20:21:53.205+0000] {taskinstance.py:1280} INFO - Starting attempt 1 of 1
[2024-01-09T20:21:53.205+0000] {taskinstance.py:1281} INFO - 
--------------------------------------------------------------------------------
[2024-01-09T20:21:53.216+0000] {taskinstance.py:1300} INFO - Executing <Task(BashOperator): tsk2> on 2024-01-09 20:21:51.612338+00:00
[2024-01-09T20:21:53.221+0000] {standard_task_runner.py:55} INFO - Started process 47023 to run task
[2024-01-09T20:21:53.223+0000] {standard_task_runner.py:82} INFO - Running: ['***', 'tasks', 'run', 'triggerdag', 'tsk2', 'manual__2024-01-09T20:21:51.612338+00:00', '--job-id', '21', '--raw', '--subdir', 'DAGS_FOLDER/5-trigger-dag.py', '--cfg-path', '/tmp/tmpbgob_4m5']
[2024-01-09T20:21:53.224+0000] {standard_task_runner.py:83} INFO - Job 21: Subtask tsk2
[2024-01-09T20:21:53.296+0000] {task_command.py:388} INFO - Running <TaskInstance: triggerdag.tsk2 manual__2024-01-09T20:21:51.612338+00:00 [running]> on host 8c81727a976c
[2024-01-09T20:21:53.379+0000] {taskinstance.py:1509} INFO - Exporting the following env vars:
AIRFLOW_CTX_DAG_OWNER=***
AIRFLOW_CTX_DAG_ID=triggerdag
AIRFLOW_CTX_TASK_ID=tsk2
AIRFLOW_CTX_EXECUTION_DATE=2024-01-09T20:21:51.612338+00:00
AIRFLOW_CTX_TRY_NUMBER=1
AIRFLOW_CTX_DAG_RUN_ID=manual__2024-01-09T20:21:51.612338+00:00
[2024-01-09T20:21:53.386+0000] {subprocess.py:63} INFO - Tmp dir root location: 
 /tmp
[2024-01-09T20:21:53.387+0000] {subprocess.py:75} INFO - Running command: ['/bin/bash', '-c', 'sleep 5']
[2024-01-09T20:21:53.399+0000] {subprocess.py:86} INFO - Output:
[2024-01-09T20:21:58.419+0000] {subprocess.py:97} INFO - Command exited with return code 0
[2024-01-09T20:21:58.482+0000] {taskinstance.py:1323} INFO - Marking task as SUCCESS. dag_id=triggerdag, task_id=tsk2, execution_date=20240109T202151, start_date=20240109T202153, end_date=20240109T202158
[2024-01-09T20:21:58.531+0000] {local_task_job.py:208} INFO - Task exited with return code 0
[2024-01-09T20:21:58.562+0000] {taskinstance.py:2578} INFO - 0 downstream tasks scheduled from follow-on schedule check
