[2024-01-20T02:53:24.523+0000] {taskinstance.py:1083} INFO - Dependencies all met for <TaskInstance: hook.insert_data_task manual__2024-01-20T02:53:21.097503+00:00 [queued]>
[2024-01-20T02:53:24.534+0000] {taskinstance.py:1083} INFO - Dependencies all met for <TaskInstance: hook.insert_data_task manual__2024-01-20T02:53:21.097503+00:00 [queued]>
[2024-01-20T02:53:24.535+0000] {taskinstance.py:1279} INFO - 
--------------------------------------------------------------------------------
[2024-01-20T02:53:24.535+0000] {taskinstance.py:1280} INFO - Starting attempt 1 of 1
[2024-01-20T02:53:24.535+0000] {taskinstance.py:1281} INFO - 
--------------------------------------------------------------------------------
[2024-01-20T02:53:24.546+0000] {taskinstance.py:1300} INFO - Executing <Task(PythonOperator): insert_data_task> on 2024-01-20 02:53:21.097503+00:00
[2024-01-20T02:53:24.556+0000] {standard_task_runner.py:55} INFO - Started process 52314 to run task
[2024-01-20T02:53:24.564+0000] {standard_task_runner.py:82} INFO - Running: ['***', 'tasks', 'run', 'hook', 'insert_data_task', 'manual__2024-01-20T02:53:21.097503+00:00', '--job-id', '138', '--raw', '--subdir', 'DAGS_FOLDER/24-hooks.py', '--cfg-path', '/tmp/tmpckw89lly']
[2024-01-20T02:53:24.564+0000] {standard_task_runner.py:83} INFO - Job 138: Subtask insert_data_task
[2024-01-20T02:53:24.621+0000] {task_command.py:388} INFO - Running <TaskInstance: hook.insert_data_task manual__2024-01-20T02:53:21.097503+00:00 [running]> on host cb9489d15b76
[2024-01-20T02:53:24.680+0000] {taskinstance.py:1509} INFO - Exporting the following env vars:
AIRFLOW_CTX_DAG_OWNER=***
AIRFLOW_CTX_DAG_ID=hook
AIRFLOW_CTX_TASK_ID=insert_data_task
AIRFLOW_CTX_EXECUTION_DATE=2024-01-20T02:53:21.097503+00:00
AIRFLOW_CTX_TRY_NUMBER=1
AIRFLOW_CTX_DAG_RUN_ID=manual__2024-01-20T02:53:21.097503+00:00
[2024-01-20T02:53:24.687+0000] {base.py:73} INFO - Using connection ID 'postgres' for task execution.
[2024-01-20T02:53:24.690+0000] {sql.py:375} INFO - Running statement: insert into teste2 values(1);, parameters: None
[2024-01-20T02:53:24.691+0000] {sql.py:384} INFO - Rows affected: 1
[2024-01-20T02:53:24.691+0000] {python.py:177} INFO - Done. Returned value was: None
[2024-01-20T02:53:24.700+0000] {taskinstance.py:1323} INFO - Marking task as SUCCESS. dag_id=hook, task_id=insert_data_task, execution_date=20240120T025321, start_date=20240120T025324, end_date=20240120T025324
[2024-01-20T02:53:24.738+0000] {local_task_job.py:208} INFO - Task exited with return code 0
[2024-01-20T02:53:24.773+0000] {taskinstance.py:2578} INFO - 1 downstream tasks scheduled from follow-on schedule check
