[2024-01-20T02:23:49.835+0000] {taskinstance.py:1083} INFO - Dependencies all met for <TaskInstance: bancodedados.create_table manual__2024-01-20T02:23:48.546800+00:00 [queued]>
[2024-01-20T02:23:49.840+0000] {taskinstance.py:1083} INFO - Dependencies all met for <TaskInstance: bancodedados.create_table manual__2024-01-20T02:23:48.546800+00:00 [queued]>
[2024-01-20T02:23:49.840+0000] {taskinstance.py:1279} INFO - 
--------------------------------------------------------------------------------
[2024-01-20T02:23:49.840+0000] {taskinstance.py:1280} INFO - Starting attempt 1 of 1
[2024-01-20T02:23:49.841+0000] {taskinstance.py:1281} INFO - 
--------------------------------------------------------------------------------
[2024-01-20T02:23:49.847+0000] {taskinstance.py:1300} INFO - Executing <Task(PostgresOperator): create_table> on 2024-01-20 02:23:48.546800+00:00
[2024-01-20T02:23:49.851+0000] {standard_task_runner.py:55} INFO - Started process 49793 to run task
[2024-01-20T02:23:49.853+0000] {standard_task_runner.py:82} INFO - Running: ['***', 'tasks', 'run', 'bancodedados', 'create_table', 'manual__2024-01-20T02:23:48.546800+00:00', '--job-id', '133', '--raw', '--subdir', 'DAGS_FOLDER/23-bancodedados.py', '--cfg-path', '/tmp/tmpdjog8dmx']
[2024-01-20T02:23:49.854+0000] {standard_task_runner.py:83} INFO - Job 133: Subtask create_table
[2024-01-20T02:23:49.888+0000] {task_command.py:388} INFO - Running <TaskInstance: bancodedados.create_table manual__2024-01-20T02:23:48.546800+00:00 [running]> on host cb9489d15b76
[2024-01-20T02:23:49.930+0000] {taskinstance.py:1509} INFO - Exporting the following env vars:
AIRFLOW_CTX_DAG_OWNER=***
AIRFLOW_CTX_DAG_ID=bancodedados
AIRFLOW_CTX_TASK_ID=create_table
AIRFLOW_CTX_EXECUTION_DATE=2024-01-20T02:23:48.546800+00:00
AIRFLOW_CTX_TRY_NUMBER=1
AIRFLOW_CTX_DAG_RUN_ID=manual__2024-01-20T02:23:48.546800+00:00
[2024-01-20T02:23:49.931+0000] {sql.py:254} INFO - Executing: create table if not exists teste(id int);
[2024-01-20T02:23:49.935+0000] {base.py:73} INFO - Using connection ID 'postgres' for task execution.
[2024-01-20T02:23:50.044+0000] {base.py:73} INFO - Using connection ID 'postgres' for task execution.
[2024-01-20T02:23:50.047+0000] {sql.py:375} INFO - Running statement: create table if not exists teste(id int);, parameters: None
[2024-01-20T02:23:50.052+0000] {taskinstance.py:1323} INFO - Marking task as SUCCESS. dag_id=bancodedados, task_id=create_table, execution_date=20240120T022348, start_date=20240120T022349, end_date=20240120T022350
[2024-01-20T02:23:50.070+0000] {local_task_job.py:208} INFO - Task exited with return code 0
[2024-01-20T02:23:50.087+0000] {taskinstance.py:2578} INFO - 1 downstream tasks scheduled from follow-on schedule check
