[2024-01-19T01:48:59.650+0000] {taskinstance.py:1083} INFO - Dependencies all met for <TaskInstance: producer.t1 manual__2024-01-19T01:48:58.582190+00:00 [queued]>
[2024-01-19T01:48:59.666+0000] {taskinstance.py:1083} INFO - Dependencies all met for <TaskInstance: producer.t1 manual__2024-01-19T01:48:58.582190+00:00 [queued]>
[2024-01-19T01:48:59.666+0000] {taskinstance.py:1279} INFO - 
--------------------------------------------------------------------------------
[2024-01-19T01:48:59.666+0000] {taskinstance.py:1280} INFO - Starting attempt 1 of 1
[2024-01-19T01:48:59.667+0000] {taskinstance.py:1281} INFO - 
--------------------------------------------------------------------------------
[2024-01-19T01:48:59.681+0000] {taskinstance.py:1300} INFO - Executing <Task(PythonOperator): t1> on 2024-01-19 01:48:58.582190+00:00
[2024-01-19T01:48:59.691+0000] {standard_task_runner.py:55} INFO - Started process 25774 to run task
[2024-01-19T01:48:59.695+0000] {standard_task_runner.py:82} INFO - Running: ['***', 'tasks', 'run', 'producer', 't1', 'manual__2024-01-19T01:48:58.582190+00:00', '--job-id', '118', '--raw', '--subdir', 'DAGS_FOLDER/20-producer.py', '--cfg-path', '/tmp/tmpsramxc9q']
[2024-01-19T01:48:59.698+0000] {standard_task_runner.py:83} INFO - Job 118: Subtask t1
[2024-01-19T01:48:59.766+0000] {task_command.py:388} INFO - Running <TaskInstance: producer.t1 manual__2024-01-19T01:48:58.582190+00:00 [running]> on host cb9489d15b76
[2024-01-19T01:48:59.819+0000] {taskinstance.py:1509} INFO - Exporting the following env vars:
AIRFLOW_CTX_DAG_OWNER=***
AIRFLOW_CTX_DAG_ID=producer
AIRFLOW_CTX_TASK_ID=t1
AIRFLOW_CTX_EXECUTION_DATE=2024-01-19T01:48:58.582190+00:00
AIRFLOW_CTX_TRY_NUMBER=1
AIRFLOW_CTX_DAG_RUN_ID=manual__2024-01-19T01:48:58.582190+00:00
[2024-01-19T01:48:59.834+0000] {python.py:177} INFO - Done. Returned value was: None
[2024-01-19T01:48:59.838+0000] {warnings.py:110} WARNING - /home/***/.local/lib/python3.7/site-packages/***/models/baseoperator.py:1376: RemovedInAirflow3Warning: Passing 'execution_date' to 'TaskInstance.xcom_push()' is deprecated.
  context["ti"].xcom_push(key=key, value=value, execution_date=execution_date)

[2024-01-19T01:48:59.879+0000] {taskinstance.py:1323} INFO - Marking task as SUCCESS. dag_id=producer, task_id=t1, execution_date=20240119T014858, start_date=20240119T014859, end_date=20240119T014859
[2024-01-19T01:48:59.952+0000] {local_task_job.py:208} INFO - Task exited with return code 0
[2024-01-19T01:48:59.966+0000] {taskinstance.py:2578} INFO - 0 downstream tasks scheduled from follow-on schedule check
