[2024-01-20T02:55:53.063+0000] {taskinstance.py:1083} INFO - Dependencies all met for <TaskInstance: hook.create_table_task manual__2024-01-20T02:55:51.738434+00:00 [queued]>
[2024-01-20T02:55:53.073+0000] {taskinstance.py:1083} INFO - Dependencies all met for <TaskInstance: hook.create_table_task manual__2024-01-20T02:55:51.738434+00:00 [queued]>
[2024-01-20T02:55:53.073+0000] {taskinstance.py:1279} INFO - 
--------------------------------------------------------------------------------
[2024-01-20T02:55:53.074+0000] {taskinstance.py:1280} INFO - Starting attempt 1 of 1
[2024-01-20T02:55:53.074+0000] {taskinstance.py:1281} INFO - 
--------------------------------------------------------------------------------
[2024-01-20T02:55:53.081+0000] {taskinstance.py:1300} INFO - Executing <Task(PythonOperator): create_table_task> on 2024-01-20 02:55:51.738434+00:00
[2024-01-20T02:55:53.087+0000] {standard_task_runner.py:55} INFO - Started process 52519 to run task
[2024-01-20T02:55:53.093+0000] {standard_task_runner.py:82} INFO - Running: ['***', 'tasks', 'run', 'hook', 'create_table_task', 'manual__2024-01-20T02:55:51.738434+00:00', '--job-id', '148', '--raw', '--subdir', 'DAGS_FOLDER/24-hooks.py', '--cfg-path', '/tmp/tmp1freq17v']
[2024-01-20T02:55:53.094+0000] {standard_task_runner.py:83} INFO - Job 148: Subtask create_table_task
[2024-01-20T02:55:53.153+0000] {task_command.py:388} INFO - Running <TaskInstance: hook.create_table_task manual__2024-01-20T02:55:51.738434+00:00 [running]> on host cb9489d15b76
[2024-01-20T02:55:53.196+0000] {taskinstance.py:1509} INFO - Exporting the following env vars:
AIRFLOW_CTX_DAG_OWNER=***
AIRFLOW_CTX_DAG_ID=hook
AIRFLOW_CTX_TASK_ID=create_table_task
AIRFLOW_CTX_EXECUTION_DATE=2024-01-20T02:55:51.738434+00:00
AIRFLOW_CTX_TRY_NUMBER=1
AIRFLOW_CTX_DAG_RUN_ID=manual__2024-01-20T02:55:51.738434+00:00
[2024-01-20T02:55:53.201+0000] {base.py:73} INFO - Using connection ID 'postgres' for task execution.
[2024-01-20T02:55:53.203+0000] {sql.py:375} INFO - Running statement: create table if not exists teste2(id int), parameters: None
[2024-01-20T02:55:53.204+0000] {python.py:177} INFO - Done. Returned value was: None
[2024-01-20T02:55:53.210+0000] {taskinstance.py:1323} INFO - Marking task as SUCCESS. dag_id=hook, task_id=create_table_task, execution_date=20240120T025551, start_date=20240120T025553, end_date=20240120T025553
[2024-01-20T02:55:53.267+0000] {local_task_job.py:208} INFO - Task exited with return code 0
[2024-01-20T02:55:53.297+0000] {taskinstance.py:2578} INFO - 1 downstream tasks scheduled from follow-on schedule check
