[2024-01-11T01:48:08.966+0000] {taskinstance.py:1083} INFO - Dependencies all met for <TaskInstance: dagcomplexa.tsk8 manual__2024-01-11T01:47:40.650086+00:00 [queued]>
[2024-01-11T01:48:08.972+0000] {taskinstance.py:1083} INFO - Dependencies all met for <TaskInstance: dagcomplexa.tsk8 manual__2024-01-11T01:47:40.650086+00:00 [queued]>
[2024-01-11T01:48:08.972+0000] {taskinstance.py:1279} INFO - 
--------------------------------------------------------------------------------
[2024-01-11T01:48:08.972+0000] {taskinstance.py:1280} INFO - Starting attempt 1 of 1
[2024-01-11T01:48:08.973+0000] {taskinstance.py:1281} INFO - 
--------------------------------------------------------------------------------
[2024-01-11T01:48:08.980+0000] {taskinstance.py:1300} INFO - Executing <Task(BashOperator): tsk8> on 2024-01-11 01:47:40.650086+00:00
[2024-01-11T01:48:08.983+0000] {standard_task_runner.py:55} INFO - Started process 56348 to run task
[2024-01-11T01:48:08.988+0000] {standard_task_runner.py:82} INFO - Running: ['***', 'tasks', 'run', 'dagcomplexa', 'tsk8', 'manual__2024-01-11T01:47:40.650086+00:00', '--job-id', '37', '--raw', '--subdir', 'DAGS_FOLDER/8-dag-complexa.py', '--cfg-path', '/tmp/tmpbpcpn1s6']
[2024-01-11T01:48:08.988+0000] {standard_task_runner.py:83} INFO - Job 37: Subtask tsk8
[2024-01-11T01:48:09.047+0000] {task_command.py:388} INFO - Running <TaskInstance: dagcomplexa.tsk8 manual__2024-01-11T01:47:40.650086+00:00 [running]> on host 8c81727a976c
[2024-01-11T01:48:09.083+0000] {taskinstance.py:1509} INFO - Exporting the following env vars:
AIRFLOW_CTX_DAG_OWNER=***
AIRFLOW_CTX_DAG_ID=dagcomplexa
AIRFLOW_CTX_TASK_ID=tsk8
AIRFLOW_CTX_EXECUTION_DATE=2024-01-11T01:47:40.650086+00:00
AIRFLOW_CTX_TRY_NUMBER=1
AIRFLOW_CTX_DAG_RUN_ID=manual__2024-01-11T01:47:40.650086+00:00
[2024-01-11T01:48:09.084+0000] {subprocess.py:63} INFO - Tmp dir root location: 
 /tmp
[2024-01-11T01:48:09.085+0000] {subprocess.py:75} INFO - Running command: ['/bin/bash', '-c', 'sleep 5']
[2024-01-11T01:48:09.092+0000] {subprocess.py:86} INFO - Output:
[2024-01-11T01:48:14.104+0000] {subprocess.py:97} INFO - Command exited with return code 0
[2024-01-11T01:48:14.157+0000] {taskinstance.py:1323} INFO - Marking task as SUCCESS. dag_id=dagcomplexa, task_id=tsk8, execution_date=20240111T014740, start_date=20240111T014808, end_date=20240111T014814
[2024-01-11T01:48:14.205+0000] {local_task_job.py:208} INFO - Task exited with return code 0
[2024-01-11T01:48:14.216+0000] {taskinstance.py:2578} INFO - 0 downstream tasks scheduled from follow-on schedule check
