[2024-01-20T02:23:45.532+0000] {taskinstance.py:1083} INFO - Dependencies all met for <TaskInstance: bancodedados.print_result_task manual__2024-01-20T02:23:39.464380+00:00 [queued]>
[2024-01-20T02:23:45.537+0000] {taskinstance.py:1083} INFO - Dependencies all met for <TaskInstance: bancodedados.print_result_task manual__2024-01-20T02:23:39.464380+00:00 [queued]>
[2024-01-20T02:23:45.537+0000] {taskinstance.py:1279} INFO - 
--------------------------------------------------------------------------------
[2024-01-20T02:23:45.538+0000] {taskinstance.py:1280} INFO - Starting attempt 1 of 1
[2024-01-20T02:23:45.538+0000] {taskinstance.py:1281} INFO - 
--------------------------------------------------------------------------------
[2024-01-20T02:23:45.544+0000] {taskinstance.py:1300} INFO - Executing <Task(PythonOperator): print_result_task> on 2024-01-20 02:23:39.464380+00:00
[2024-01-20T02:23:45.550+0000] {standard_task_runner.py:55} INFO - Started process 49791 to run task
[2024-01-20T02:23:45.553+0000] {standard_task_runner.py:82} INFO - Running: ['***', 'tasks', 'run', 'bancodedados', 'print_result_task', 'manual__2024-01-20T02:23:39.464380+00:00', '--job-id', '132', '--raw', '--subdir', 'DAGS_FOLDER/23-bancodedados.py', '--cfg-path', '/tmp/tmphollx39t']
[2024-01-20T02:23:45.554+0000] {standard_task_runner.py:83} INFO - Job 132: Subtask print_result_task
[2024-01-20T02:23:45.593+0000] {task_command.py:388} INFO - Running <TaskInstance: bancodedados.print_result_task manual__2024-01-20T02:23:39.464380+00:00 [running]> on host cb9489d15b76
[2024-01-20T02:23:45.636+0000] {taskinstance.py:1509} INFO - Exporting the following env vars:
AIRFLOW_CTX_DAG_OWNER=***
AIRFLOW_CTX_DAG_ID=bancodedados
AIRFLOW_CTX_TASK_ID=print_result_task
AIRFLOW_CTX_EXECUTION_DATE=2024-01-20T02:23:39.464380+00:00
AIRFLOW_CTX_TRY_NUMBER=1
AIRFLOW_CTX_DAG_RUN_ID=manual__2024-01-20T02:23:39.464380+00:00
[2024-01-20T02:23:45.649+0000] {logging_mixin.py:137} INFO - Resultado da consulta
[2024-01-20T02:23:45.649+0000] {logging_mixin.py:137} INFO - [1]
[2024-01-20T02:23:45.649+0000] {logging_mixin.py:137} INFO - [1]
[2024-01-20T02:23:45.650+0000] {python.py:177} INFO - Done. Returned value was: None
[2024-01-20T02:23:45.656+0000] {taskinstance.py:1323} INFO - Marking task as SUCCESS. dag_id=bancodedados, task_id=print_result_task, execution_date=20240120T022339, start_date=20240120T022345, end_date=20240120T022345
[2024-01-20T02:23:45.692+0000] {local_task_job.py:208} INFO - Task exited with return code 0
[2024-01-20T02:23:45.702+0000] {taskinstance.py:2578} INFO - 0 downstream tasks scheduled from follow-on schedule check
