[2024-01-18T00:17:15.960+0000] {taskinstance.py:1083} INFO - Dependencies all met for <TaskInstance: pool.tsk_1 manual__2024-01-18T00:17:14.416641+00:00 [queued]>
[2024-01-18T00:17:15.974+0000] {taskinstance.py:1083} INFO - Dependencies all met for <TaskInstance: pool.tsk_1 manual__2024-01-18T00:17:14.416641+00:00 [queued]>
[2024-01-18T00:17:15.975+0000] {taskinstance.py:1279} INFO - 
--------------------------------------------------------------------------------
[2024-01-18T00:17:15.975+0000] {taskinstance.py:1280} INFO - Starting attempt 1 of 1
[2024-01-18T00:17:15.975+0000] {taskinstance.py:1281} INFO - 
--------------------------------------------------------------------------------
[2024-01-18T00:17:15.985+0000] {taskinstance.py:1300} INFO - Executing <Task(BashOperator): tsk_1> on 2024-01-18 00:17:14.416641+00:00
[2024-01-18T00:17:15.988+0000] {standard_task_runner.py:55} INFO - Started process 13980 to run task
[2024-01-18T00:17:15.991+0000] {standard_task_runner.py:82} INFO - Running: ['***', 'tasks', 'run', 'pool', 'tsk_1', 'manual__2024-01-18T00:17:14.416641+00:00', '--job-id', '65', '--raw', '--subdir', 'DAGS_FOLDER/17-pools.py', '--cfg-path', '/tmp/tmpkxt0cdg6']
[2024-01-18T00:17:15.991+0000] {standard_task_runner.py:83} INFO - Job 65: Subtask tsk_1
[2024-01-18T00:17:16.033+0000] {task_command.py:388} INFO - Running <TaskInstance: pool.tsk_1 manual__2024-01-18T00:17:14.416641+00:00 [running]> on host 718831e78672
[2024-01-18T00:17:16.079+0000] {taskinstance.py:1509} INFO - Exporting the following env vars:
AIRFLOW_CTX_DAG_OWNER=***
AIRFLOW_CTX_DAG_ID=pool
AIRFLOW_CTX_TASK_ID=tsk_1
AIRFLOW_CTX_EXECUTION_DATE=2024-01-18T00:17:14.416641+00:00
AIRFLOW_CTX_TRY_NUMBER=1
AIRFLOW_CTX_DAG_RUN_ID=manual__2024-01-18T00:17:14.416641+00:00
[2024-01-18T00:17:16.085+0000] {subprocess.py:63} INFO - Tmp dir root location: 
 /tmp
[2024-01-18T00:17:16.086+0000] {subprocess.py:75} INFO - Running command: ['/bin/bash', '-c', 'sleep 5']
[2024-01-18T00:17:16.094+0000] {subprocess.py:86} INFO - Output:
[2024-01-18T00:17:21.103+0000] {subprocess.py:97} INFO - Command exited with return code 0
[2024-01-18T00:17:21.131+0000] {taskinstance.py:1323} INFO - Marking task as SUCCESS. dag_id=pool, task_id=tsk_1, execution_date=20240118T001714, start_date=20240118T001715, end_date=20240118T001721
[2024-01-18T00:17:21.174+0000] {local_task_job.py:208} INFO - Task exited with return code 0
[2024-01-18T00:17:21.190+0000] {taskinstance.py:2578} INFO - 0 downstream tasks scheduled from follow-on schedule check
