[2024-01-12T12:31:20.956+0000] {taskinstance.py:1083} INFO - Dependencies all met for <TaskInstance: dagtaskgroup.tsk6 manual__2024-01-12T12:31:01.926087+00:00 [queued]>
[2024-01-12T12:31:20.961+0000] {taskinstance.py:1083} INFO - Dependencies all met for <TaskInstance: dagtaskgroup.tsk6 manual__2024-01-12T12:31:01.926087+00:00 [queued]>
[2024-01-12T12:31:20.961+0000] {taskinstance.py:1279} INFO - 
--------------------------------------------------------------------------------
[2024-01-12T12:31:20.961+0000] {taskinstance.py:1280} INFO - Starting attempt 1 of 1
[2024-01-12T12:31:20.961+0000] {taskinstance.py:1281} INFO - 
--------------------------------------------------------------------------------
[2024-01-12T12:31:20.968+0000] {taskinstance.py:1300} INFO - Executing <Task(BashOperator): tsk6> on 2024-01-12 12:31:01.926087+00:00
[2024-01-12T12:31:20.972+0000] {standard_task_runner.py:55} INFO - Started process 408 to run task
[2024-01-12T12:31:20.974+0000] {standard_task_runner.py:82} INFO - Running: ['***', 'tasks', 'run', 'dagtaskgroup', 'tsk6', 'manual__2024-01-12T12:31:01.926087+00:00', '--job-id', '46', '--raw', '--subdir', 'DAGS_FOLDER/9-dag-taskgroup.py', '--cfg-path', '/tmp/tmp94_d4xte']
[2024-01-12T12:31:20.975+0000] {standard_task_runner.py:83} INFO - Job 46: Subtask tsk6
[2024-01-12T12:31:21.005+0000] {task_command.py:388} INFO - Running <TaskInstance: dagtaskgroup.tsk6 manual__2024-01-12T12:31:01.926087+00:00 [running]> on host 8c81727a976c
[2024-01-12T12:31:21.044+0000] {taskinstance.py:1509} INFO - Exporting the following env vars:
AIRFLOW_CTX_DAG_OWNER=***
AIRFLOW_CTX_DAG_ID=dagtaskgroup
AIRFLOW_CTX_TASK_ID=tsk6
AIRFLOW_CTX_EXECUTION_DATE=2024-01-12T12:31:01.926087+00:00
AIRFLOW_CTX_TRY_NUMBER=1
AIRFLOW_CTX_DAG_RUN_ID=manual__2024-01-12T12:31:01.926087+00:00
[2024-01-12T12:31:21.045+0000] {subprocess.py:63} INFO - Tmp dir root location: 
 /tmp
[2024-01-12T12:31:21.046+0000] {subprocess.py:75} INFO - Running command: ['/bin/bash', '-c', 'sleep 5']
[2024-01-12T12:31:21.051+0000] {subprocess.py:86} INFO - Output:
[2024-01-12T12:31:26.058+0000] {subprocess.py:97} INFO - Command exited with return code 0
[2024-01-12T12:31:26.089+0000] {taskinstance.py:1323} INFO - Marking task as SUCCESS. dag_id=dagtaskgroup, task_id=tsk6, execution_date=20240112T123101, start_date=20240112T123120, end_date=20240112T123126
[2024-01-12T12:31:26.144+0000] {local_task_job.py:208} INFO - Task exited with return code 0
[2024-01-12T12:31:26.162+0000] {taskinstance.py:2578} INFO - 2 downstream tasks scheduled from follow-on schedule check
