[2023-12-20T00:50:02.598+0000] {taskinstance.py:1083} INFO - Dependencies all met for <TaskInstance: example_bash_operator.also_run_this scheduled__2023-12-19T00:00:00+00:00 [queued]>
[2023-12-20T00:50:02.611+0000] {taskinstance.py:1083} INFO - Dependencies all met for <TaskInstance: example_bash_operator.also_run_this scheduled__2023-12-19T00:00:00+00:00 [queued]>
[2023-12-20T00:50:02.611+0000] {taskinstance.py:1279} INFO - 
--------------------------------------------------------------------------------
[2023-12-20T00:50:02.611+0000] {taskinstance.py:1280} INFO - Starting attempt 1 of 1
[2023-12-20T00:50:02.611+0000] {taskinstance.py:1281} INFO - 
--------------------------------------------------------------------------------
[2023-12-20T00:50:02.623+0000] {taskinstance.py:1300} INFO - Executing <Task(BashOperator): also_run_this> on 2023-12-19 00:00:00+00:00
[2023-12-20T00:50:02.626+0000] {standard_task_runner.py:55} INFO - Started process 1747 to run task
[2023-12-20T00:50:02.629+0000] {standard_task_runner.py:82} INFO - Running: ['***', 'tasks', 'run', 'example_bash_operator', 'also_run_this', 'scheduled__2023-12-19T00:00:00+00:00', '--job-id', '7', '--raw', '--subdir', '/home/***/.local/lib/python3.7/site-packages/***/example_dags/example_bash_operator.py', '--cfg-path', '/tmp/tmpk75tj1_r']
[2023-12-20T00:50:02.629+0000] {standard_task_runner.py:83} INFO - Job 7: Subtask also_run_this
[2023-12-20T00:50:02.700+0000] {task_command.py:388} INFO - Running <TaskInstance: example_bash_operator.also_run_this scheduled__2023-12-19T00:00:00+00:00 [running]> on host dda05874a773
[2023-12-20T00:50:02.889+0000] {taskinstance.py:1509} INFO - Exporting the following env vars:
AIRFLOW_CTX_DAG_OWNER=***
AIRFLOW_CTX_DAG_ID=example_bash_operator
AIRFLOW_CTX_TASK_ID=also_run_this
AIRFLOW_CTX_EXECUTION_DATE=2023-12-19T00:00:00+00:00
AIRFLOW_CTX_TRY_NUMBER=1
AIRFLOW_CTX_DAG_RUN_ID=scheduled__2023-12-19T00:00:00+00:00
[2023-12-20T00:50:02.897+0000] {subprocess.py:63} INFO - Tmp dir root location: 
 /tmp
[2023-12-20T00:50:02.900+0000] {subprocess.py:75} INFO - Running command: ['/bin/bash', '-c', 'echo "ti_key=example_bash_operator__also_run_this__20231219"']
[2023-12-20T00:50:02.915+0000] {subprocess.py:86} INFO - Output:
[2023-12-20T00:50:02.916+0000] {subprocess.py:93} INFO - ti_key=example_bash_operator__also_run_this__20231219
[2023-12-20T00:50:02.917+0000] {subprocess.py:97} INFO - Command exited with return code 0
[2023-12-20T00:50:02.946+0000] {taskinstance.py:1323} INFO - Marking task as SUCCESS. dag_id=example_bash_operator, task_id=also_run_this, execution_date=20231219T000000, start_date=20231220T005002, end_date=20231220T005002
[2023-12-20T00:50:03.009+0000] {local_task_job.py:208} INFO - Task exited with return code 0
[2023-12-20T00:50:03.350+0000] {taskinstance.py:2578} INFO - 0 downstream tasks scheduled from follow-on schedule check
