[2024-01-11T01:47:43.228+0000] {taskinstance.py:1083} INFO - Dependencies all met for <TaskInstance: dagcomplexa.tsk1 manual__2024-01-11T01:47:40.650086+00:00 [queued]>
[2024-01-11T01:47:43.286+0000] {taskinstance.py:1083} INFO - Dependencies all met for <TaskInstance: dagcomplexa.tsk1 manual__2024-01-11T01:47:40.650086+00:00 [queued]>
[2024-01-11T01:47:43.288+0000] {taskinstance.py:1279} INFO - 
--------------------------------------------------------------------------------
[2024-01-11T01:47:43.296+0000] {taskinstance.py:1280} INFO - Starting attempt 1 of 1
[2024-01-11T01:47:43.297+0000] {taskinstance.py:1281} INFO - 
--------------------------------------------------------------------------------
[2024-01-11T01:47:43.323+0000] {taskinstance.py:1300} INFO - Executing <Task(BashOperator): tsk1> on 2024-01-11 01:47:40.650086+00:00
[2024-01-11T01:47:43.346+0000] {standard_task_runner.py:55} INFO - Started process 56298 to run task
[2024-01-11T01:47:43.365+0000] {standard_task_runner.py:82} INFO - Running: ['***', 'tasks', 'run', 'dagcomplexa', 'tsk1', 'manual__2024-01-11T01:47:40.650086+00:00', '--job-id', '32', '--raw', '--subdir', 'DAGS_FOLDER/8-dag-complexa.py', '--cfg-path', '/tmp/tmpvidualrj']
[2024-01-11T01:47:43.369+0000] {standard_task_runner.py:83} INFO - Job 32: Subtask tsk1
[2024-01-11T01:47:43.574+0000] {task_command.py:388} INFO - Running <TaskInstance: dagcomplexa.tsk1 manual__2024-01-11T01:47:40.650086+00:00 [running]> on host 8c81727a976c
[2024-01-11T01:47:43.711+0000] {taskinstance.py:1509} INFO - Exporting the following env vars:
AIRFLOW_CTX_DAG_OWNER=***
AIRFLOW_CTX_DAG_ID=dagcomplexa
AIRFLOW_CTX_TASK_ID=tsk1
AIRFLOW_CTX_EXECUTION_DATE=2024-01-11T01:47:40.650086+00:00
AIRFLOW_CTX_TRY_NUMBER=1
AIRFLOW_CTX_DAG_RUN_ID=manual__2024-01-11T01:47:40.650086+00:00
[2024-01-11T01:47:43.723+0000] {subprocess.py:63} INFO - Tmp dir root location: 
 /tmp
[2024-01-11T01:47:43.727+0000] {subprocess.py:75} INFO - Running command: ['/bin/bash', '-c', 'sleep 5']
[2024-01-11T01:47:43.740+0000] {subprocess.py:86} INFO - Output:
[2024-01-11T01:47:48.750+0000] {subprocess.py:97} INFO - Command exited with return code 0
[2024-01-11T01:47:48.797+0000] {taskinstance.py:1323} INFO - Marking task as SUCCESS. dag_id=dagcomplexa, task_id=tsk1, execution_date=20240111T014740, start_date=20240111T014743, end_date=20240111T014748
[2024-01-11T01:47:48.849+0000] {local_task_job.py:208} INFO - Task exited with return code 0
[2024-01-11T01:47:48.888+0000] {taskinstance.py:2578} INFO - 1 downstream tasks scheduled from follow-on schedule check
