[2024-01-20T02:23:40.304+0000] {taskinstance.py:1083} INFO - Dependencies all met for <TaskInstance: bancodedados.print_result_task manual__2024-01-20T02:23:35.381950+00:00 [queued]>
[2024-01-20T02:23:40.320+0000] {taskinstance.py:1083} INFO - Dependencies all met for <TaskInstance: bancodedados.print_result_task manual__2024-01-20T02:23:35.381950+00:00 [queued]>
[2024-01-20T02:23:40.322+0000] {taskinstance.py:1279} INFO - 
--------------------------------------------------------------------------------
[2024-01-20T02:23:40.323+0000] {taskinstance.py:1280} INFO - Starting attempt 1 of 1
[2024-01-20T02:23:40.323+0000] {taskinstance.py:1281} INFO - 
--------------------------------------------------------------------------------
[2024-01-20T02:23:40.350+0000] {taskinstance.py:1300} INFO - Executing <Task(PythonOperator): print_result_task> on 2024-01-20 02:23:35.381950+00:00
[2024-01-20T02:23:40.356+0000] {standard_task_runner.py:55} INFO - Started process 49777 to run task
[2024-01-20T02:23:40.361+0000] {standard_task_runner.py:82} INFO - Running: ['***', 'tasks', 'run', 'bancodedados', 'print_result_task', 'manual__2024-01-20T02:23:35.381950+00:00', '--job-id', '128', '--raw', '--subdir', 'DAGS_FOLDER/23-bancodedados.py', '--cfg-path', '/tmp/tmp32ng4rn4']
[2024-01-20T02:23:40.361+0000] {standard_task_runner.py:83} INFO - Job 128: Subtask print_result_task
[2024-01-20T02:23:40.456+0000] {task_command.py:388} INFO - Running <TaskInstance: bancodedados.print_result_task manual__2024-01-20T02:23:35.381950+00:00 [running]> on host cb9489d15b76
[2024-01-20T02:23:40.555+0000] {taskinstance.py:1509} INFO - Exporting the following env vars:
AIRFLOW_CTX_DAG_OWNER=***
AIRFLOW_CTX_DAG_ID=bancodedados
AIRFLOW_CTX_TASK_ID=print_result_task
AIRFLOW_CTX_EXECUTION_DATE=2024-01-20T02:23:35.381950+00:00
AIRFLOW_CTX_TRY_NUMBER=1
AIRFLOW_CTX_DAG_RUN_ID=manual__2024-01-20T02:23:35.381950+00:00
[2024-01-20T02:23:40.574+0000] {logging_mixin.py:137} INFO - Resultado da consulta
[2024-01-20T02:23:40.576+0000] {logging_mixin.py:137} INFO - [1]
[2024-01-20T02:23:40.577+0000] {python.py:177} INFO - Done. Returned value was: None
[2024-01-20T02:23:40.589+0000] {taskinstance.py:1323} INFO - Marking task as SUCCESS. dag_id=bancodedados, task_id=print_result_task, execution_date=20240120T022335, start_date=20240120T022340, end_date=20240120T022340
[2024-01-20T02:23:40.615+0000] {local_task_job.py:208} INFO - Task exited with return code 0
[2024-01-20T02:23:40.650+0000] {taskinstance.py:2578} INFO - 0 downstream tasks scheduled from follow-on schedule check
